#################################################################
# If you used AutoDock Vina in your work, please cite:          #
#                                                               #
# O. Trott, A. J. Olson,                                        #
# AutoDock Vina: improving the speed and accuracy of docking    #
# with a new scoring function, efficient optimization and       #
# multithreading, Journal of Computational Chemistry 31 (2010)  #
# 455-461                                                       #
#                                                               #
# DOI 10.1002/jcc.21334                                         #
#                                                               #
# Please see http://vina.scripps.edu for more information.      #
#################################################################

Reading input ... done.
Setting up the scoring function ... done.
Analyzing the binding site ... done.
Using random seed: 5801
Performing search ... done.
Refining results ... done.

mode |   affinity | dist from best mode
     | (kcal/mol) | rmsd l.b.| rmsd u.b.
-----+------------+----------+----------
   1         -6.4      0.000      0.000
   2         -6.3      1.084      1.943
   3         -6.2      1.975      3.456
   4         -6.2      1.878      4.287
   5         -6.2      1.881      4.483
   6         -6.2      1.819      4.436
   7         -6.1      3.475      5.071
   8         -6.1      2.005      3.815
   9         -6.0      1.632      4.687
Writing output ... done.
