[7044:8240:0403/135331.641:INFO:chrome_browser_cloud_management_controller.cc(202)] No machine level policy manager exists.
[11928:5260:0403/135332.072:ERROR:direct_composition_support.cc(1126)] QueryInterface to IDCompositionDevice4 failed: Não há suporte para esta interface (0x80004002)
[11928:1296:0403/135332.101:ERROR:direct_composition_support.cc(842)] CheckFormatSupport failed: Erro não especificado (0x80004005)
[7044:8240:0403/135333.140:INFO:CONSOLE(6)] "SpanText is : swissdock", source: http://www.swisstargetprediction.ch/shared/navigationbar/js/navigationbar.js (6)
[7044:8240:0403/135333.140:INFO:CONSOLE(6)] "SpanText is : swissparam", source: http://www.swisstargetprediction.ch/shared/navigationbar/js/navigationbar.js (6)
[7044:8240:0403/135333.140:INFO:CONSOLE(6)] "SpanText is : swisssidechain", source: http://www.swisstargetprediction.ch/shared/navigationbar/js/navigationbar.js (6)
[7044:8240:0403/135333.141:INFO:CONSOLE(6)] "SpanText is : swissbioisostere", source: http://www.swisstargetprediction.ch/shared/navigationbar/js/navigationbar.js (6)
[7044:8240:0403/135333.141:INFO:CONSOLE(6)] "SpanText is : swisstargetprediction", source: http://www.swisstargetprediction.ch/shared/navigationbar/js/navigationbar.js (6)
[7044:8240:0403/135333.141:INFO:CONSOLE(6)] "SpanText is : swissadme", source: http://www.swisstargetprediction.ch/shared/navigationbar/js/navigationbar.js (6)
[7044:8240:0403/135333.141:INFO:CONSOLE(6)] "SpanText is : swisssimilarity", source: http://www.swisstargetprediction.ch/shared/navigationbar/js/navigationbar.js (6)
[7044:8240:0403/135347.816:INFO:CONSOLE(6)] "SpanText is : swissdock", source: http://www.swisstargetprediction.ch/shared/navigationbar/js/navigationbar.js (6)
[7044:8240:0403/135347.816:INFO:CONSOLE(6)] "SpanText is : swissparam", source: http://www.swisstargetprediction.ch/shared/navigationbar/js/navigationbar.js (6)
[7044:8240:0403/135347.816:INFO:CONSOLE(6)] "SpanText is : swisssidechain", source: http://www.swisstargetprediction.ch/shared/navigationbar/js/navigationbar.js (6)
[7044:8240:0403/135347.816:INFO:CONSOLE(6)] "SpanText is : swissbioisostere", source: http://www.swisstargetprediction.ch/shared/navigationbar/js/navigationbar.js (6)
[7044:8240:0403/135347.816:INFO:CONSOLE(6)] "SpanText is : swisstargetprediction", source: http://www.swisstargetprediction.ch/shared/navigationbar/js/navigationbar.js (6)
[7044:8240:0403/135347.816:INFO:CONSOLE(6)] "SpanText is : swissadme", source: http://www.swisstargetprediction.ch/shared/navigationbar/js/navigationbar.js (6)
[7044:8240:0403/135347.816:INFO:CONSOLE(6)] "SpanText is : swisssimilarity", source: http://www.swisstargetprediction.ch/shared/navigationbar/js/navigationbar.js (6)
[7044:228:0403/135350.245:ERROR:cpu_probe_win.cc(112)] PdhAddEnglishCounter failed for '\Processor(_Total)\% Processor Time': Error (0x13D) while retrieving error. (0xC0000BB8)
[7044:420:0403/135350.245:ERROR:cpu_probe_win.cc(112)] PdhAddEnglishCounter failed for '\Processor(_Total)\% Processor Time': Error (0x13D) while retrieving error. (0xC0000BB8)
[7044:228:0403/135350.245:ERROR:cpu_probe_win.cc(112)] PdhAddEnglishCounter failed for '\Processor(_Total)\% Processor Time': Error (0x13D) while retrieving error. (0xC0000BB8)
[7044:3084:0403/135401.645:ERROR:cpu_probe_win.cc(112)] PdhAddEnglishCounter failed for '\Processor(_Total)\% Processor Time': Error (0x13D) while retrieving error. (0xC0000BB8)
[7044:8240:0403/135408.196:INFO:CONSOLE(0)] "The file at 'blob:http://www.swisstargetprediction.ch/7c9a9fd7-5a7b-4e88-90f4-2b7ee4a73f07' was loaded over an insecure connection. This file should be served over HTTPS.", source: http://www.swisstargetprediction.ch/result.php?job=1620442243&organism=Homo_sapiens (0)
[11928:1296:0403/135408.426:ERROR:direct_composition_support.cc(842)] CheckFormatSupport failed: Erro não especificado (0x80004005)
[11928:1296:0403/135408.503:ERROR:direct_composition_support.cc(842)] CheckFormatSupport failed: Erro não especificado (0x80004005)
[7044:3084:0403/135416.647:ERROR:cpu_probe_win.cc(112)] PdhAddEnglishCounter failed for '\Processor(_Total)\% Processor Time': Error (0x13D) while retrieving error. (0xC0000BB8)
