[13720:17348:0407/113110.592:INFO:chrome_browser_cloud_management_controller.cc(202)] No machine level policy manager exists.
[13720:2868:0407/113110.760:WARNING:leveldb_database.cc(137)] Unable to open C:\Users\jvsam\OneDrive\Documentos\masters\usp-masters\data\stp\server\Default\shared_proto_db\metadata: IO error: C:\Users\jvsam\OneDrive\Documentos\masters\usp-masters\data\stp\server\Default\shared_proto_db\metadata/MANIFEST-000001: Unable to create sequential file (ChromeMethodBFE: 7::NewSequentialFile::1)
[13720:2868:0407/113110.763:WARNING:leveldb_database.cc(137)] Unable to open C:\Users\jvsam\OneDrive\Documentos\masters\usp-masters\data\stp\server\Default\shared_proto_db\metadata: IO error: C:\Users\jvsam\OneDrive\Documentos\masters\usp-masters\data\stp\server\Default\shared_proto_db\metadata/MANIFEST-000001: Unable to create sequential file (ChromeMethodBFE: 7::NewSequentialFile::1)
[13720:2868:0407/113110.769:WARNING:leveldb_database.cc(137)] Unable to open C:\Users\jvsam\OneDrive\Documentos\masters\usp-masters\data\stp\server\Default\shared_proto_db\metadata: IO error: C:\Users\jvsam\OneDrive\Documentos\masters\usp-masters\data\stp\server\Default\shared_proto_db\metadata/MANIFEST-000001: Unable to create sequential file (ChromeMethodBFE: 7::NewSequentialFile::1)
[13720:2868:0407/113110.772:WARNING:leveldb_database.cc(137)] Unable to open C:\Users\jvsam\OneDrive\Documentos\masters\usp-masters\data\stp\server\Default\shared_proto_db\metadata: IO error: C:\Users\jvsam\OneDrive\Documentos\masters\usp-masters\data\stp\server\Default\shared_proto_db\metadata/MANIFEST-000001: Unable to create sequential file (ChromeMethodBFE: 7::NewSequentialFile::1)
[13720:11844:0407/113110.795:WARNING:value_store_frontend.cc(47)] Reading ahfgeienlihckogmohjhadlkjgocpleb.alarms from  failed: IO error: .../MANIFEST-000001: Unable to create sequential file (ChromeMethodBFE: 7::NewSequentialFile::1)
[13720:11844:0407/113110.799:WARNING:value_store_frontend.cc(47)] Reading mhjfbmdgcfjbbpaeojofohoefgiehjai.alarms from  failed: IO error: .../MANIFEST-000001: Unable to create sequential file (ChromeMethodBFE: 7::NewSequentialFile::1)
[576:11276:0407/113110.881:ERROR:direct_composition_support.cc(1126)] QueryInterface to IDCompositionDevice4 failed: Não há suporte para esta interface (0x80004002)
[13720:17348:0407/113113.147:INFO:CONSOLE(6)] "SpanText is : swissdock", source: http://www.swisstargetprediction.ch/shared/navigationbar/js/navigationbar.js (6)
[13720:17348:0407/113113.147:INFO:CONSOLE(6)] "SpanText is : swissparam", source: http://www.swisstargetprediction.ch/shared/navigationbar/js/navigationbar.js (6)
[13720:17348:0407/113113.147:INFO:CONSOLE(6)] "SpanText is : swisssidechain", source: http://www.swisstargetprediction.ch/shared/navigationbar/js/navigationbar.js (6)
[13720:17348:0407/113113.147:INFO:CONSOLE(6)] "SpanText is : swissbioisostere", source: http://www.swisstargetprediction.ch/shared/navigationbar/js/navigationbar.js (6)
[13720:17348:0407/113113.147:INFO:CONSOLE(6)] "SpanText is : swisstargetprediction", source: http://www.swisstargetprediction.ch/shared/navigationbar/js/navigationbar.js (6)
[13720:17348:0407/113113.148:INFO:CONSOLE(6)] "SpanText is : swissadme", source: http://www.swisstargetprediction.ch/shared/navigationbar/js/navigationbar.js (6)
[13720:17348:0407/113113.148:INFO:CONSOLE(6)] "SpanText is : swisssimilarity", source: http://www.swisstargetprediction.ch/shared/navigationbar/js/navigationbar.js (6)
[13720:17348:0407/113122.664:INFO:CONSOLE(6)] "SpanText is : swissdock", source: http://www.swisstargetprediction.ch/shared/navigationbar/js/navigationbar.js (6)
[13720:17348:0407/113122.664:INFO:CONSOLE(6)] "SpanText is : swissparam", source: http://www.swisstargetprediction.ch/shared/navigationbar/js/navigationbar.js (6)
[13720:17348:0407/113122.664:INFO:CONSOLE(6)] "SpanText is : swisssidechain", source: http://www.swisstargetprediction.ch/shared/navigationbar/js/navigationbar.js (6)
[13720:17348:0407/113122.664:INFO:CONSOLE(6)] "SpanText is : swissbioisostere", source: http://www.swisstargetprediction.ch/shared/navigationbar/js/navigationbar.js (6)
[13720:17348:0407/113122.664:INFO:CONSOLE(6)] "SpanText is : swisstargetprediction", source: http://www.swisstargetprediction.ch/shared/navigationbar/js/navigationbar.js (6)
[13720:17348:0407/113122.664:INFO:CONSOLE(6)] "SpanText is : swissadme", source: http://www.swisstargetprediction.ch/shared/navigationbar/js/navigationbar.js (6)
[13720:17348:0407/113122.664:INFO:CONSOLE(6)] "SpanText is : swisssimilarity", source: http://www.swisstargetprediction.ch/shared/navigationbar/js/navigationbar.js (6)
[13720:17348:0407/113125.326:INFO:CONSOLE(0)] "The file at 'blob:http://www.swisstargetprediction.ch/7db1b6f9-dfe0-4dec-bfa8-f0879cad5f1b' was loaded over an insecure connection. This file should be served over HTTPS.", source: http://www.swisstargetprediction.ch/result.php?job=310035879&organism=Homo_sapiens (0)
[13720:17348:0407/113144.618:INFO:CONSOLE(6)] "SpanText is : swissdock", source: http://www.swisstargetprediction.ch/shared/navigationbar/js/navigationbar.js (6)
[13720:17348:0407/113144.618:INFO:CONSOLE(6)] "SpanText is : swissparam", source: http://www.swisstargetprediction.ch/shared/navigationbar/js/navigationbar.js (6)
[13720:17348:0407/113144.618:INFO:CONSOLE(6)] "SpanText is : swisssidechain", source: http://www.swisstargetprediction.ch/shared/navigationbar/js/navigationbar.js (6)
[13720:17348:0407/113144.618:INFO:CONSOLE(6)] "SpanText is : swissbioisostere", source: http://www.swisstargetprediction.ch/shared/navigationbar/js/navigationbar.js (6)
[13720:17348:0407/113144.619:INFO:CONSOLE(6)] "SpanText is : swisstargetprediction", source: http://www.swisstargetprediction.ch/shared/navigationbar/js/navigationbar.js (6)
[13720:17348:0407/113144.619:INFO:CONSOLE(6)] "SpanText is : swissadme", source: http://www.swisstargetprediction.ch/shared/navigationbar/js/navigationbar.js (6)
[13720:17348:0407/113144.619:INFO:CONSOLE(6)] "SpanText is : swisssimilarity", source: http://www.swisstargetprediction.ch/shared/navigationbar/js/navigationbar.js (6)
[13720:17348:0407/113144.985:WARNING:content_autofill_driver.cc(217)] Skipped Autofill message for inactive frame
[13720:17348:0407/113144.985:WARNING:content_autofill_driver.cc(217)] Skipped Autofill message for inactive frame
[13720:17348:0407/113202.686:INFO:CONSOLE(6)] "SpanText is : swissdock", source: http://www.swisstargetprediction.ch/shared/navigationbar/js/navigationbar.js (6)
[13720:17348:0407/113202.686:INFO:CONSOLE(6)] "SpanText is : swissparam", source: http://www.swisstargetprediction.ch/shared/navigationbar/js/navigationbar.js (6)
[13720:17348:0407/113202.686:INFO:CONSOLE(6)] "SpanText is : swisssidechain", source: http://www.swisstargetprediction.ch/shared/navigationbar/js/navigationbar.js (6)
[13720:17348:0407/113202.686:INFO:CONSOLE(6)] "SpanText is : swissbioisostere", source: http://www.swisstargetprediction.ch/shared/navigationbar/js/navigationbar.js (6)
[13720:17348:0407/113202.686:INFO:CONSOLE(6)] "SpanText is : swisstargetprediction", source: http://www.swisstargetprediction.ch/shared/navigationbar/js/navigationbar.js (6)
[13720:17348:0407/113202.686:INFO:CONSOLE(6)] "SpanText is : swissadme", source: http://www.swisstargetprediction.ch/shared/navigationbar/js/navigationbar.js (6)
[13720:17348:0407/113202.686:INFO:CONSOLE(6)] "SpanText is : swisssimilarity", source: http://www.swisstargetprediction.ch/shared/navigationbar/js/navigationbar.js (6)
[13720:17348:0407/113203.274:INFO:CONSOLE(0)] "The file at 'blob:http://www.swisstargetprediction.ch/b055cc1e-32e3-4b85-ac80-f83f8048a472' was loaded over an insecure connection. This file should be served over HTTPS.", source: http://www.swisstargetprediction.ch/result.php?job=1860370404&organism=Homo_sapiens (0)
[13720:17348:0407/113228.881:INFO:CONSOLE(6)] "SpanText is : swissdock", source: http://www.swisstargetprediction.ch/shared/navigationbar/js/navigationbar.js (6)
[13720:17348:0407/113228.881:INFO:CONSOLE(6)] "SpanText is : swissparam", source: http://www.swisstargetprediction.ch/shared/navigationbar/js/navigationbar.js (6)
[13720:17348:0407/113228.881:INFO:CONSOLE(6)] "SpanText is : swisssidechain", source: http://www.swisstargetprediction.ch/shared/navigationbar/js/navigationbar.js (6)
[13720:17348:0407/113228.881:INFO:CONSOLE(6)] "SpanText is : swissbioisostere", source: http://www.swisstargetprediction.ch/shared/navigationbar/js/navigationbar.js (6)
[13720:17348:0407/113228.881:INFO:CONSOLE(6)] "SpanText is : swisstargetprediction", source: http://www.swisstargetprediction.ch/shared/navigationbar/js/navigationbar.js (6)
[13720:17348:0407/113228.881:INFO:CONSOLE(6)] "SpanText is : swissadme", source: http://www.swisstargetprediction.ch/shared/navigationbar/js/navigationbar.js (6)
[13720:17348:0407/113228.881:INFO:CONSOLE(6)] "SpanText is : swisssimilarity", source: http://www.swisstargetprediction.ch/shared/navigationbar/js/navigationbar.js (6)
[13720:17348:0407/113229.242:WARNING:content_autofill_driver.cc(217)] Skipped Autofill message for inactive frame
[13720:17348:0407/113229.242:WARNING:content_autofill_driver.cc(217)] Skipped Autofill message for inactive frame
[13720:17348:0407/113229.242:WARNING:content_autofill_driver.cc(217)] Skipped Autofill message for inactive frame
[13720:17348:0407/113229.242:WARNING:content_autofill_driver.cc(217)] Skipped Autofill message for inactive frame
[13720:17348:0407/113230.098:INFO:CONSOLE(6)] "SpanText is : swissdock", source: http://www.swisstargetprediction.ch/shared/navigationbar/js/navigationbar.js (6)
[13720:17348:0407/113230.098:INFO:CONSOLE(6)] "SpanText is : swissparam", source: http://www.swisstargetprediction.ch/shared/navigationbar/js/navigationbar.js (6)
[13720:17348:0407/113230.098:INFO:CONSOLE(6)] "SpanText is : swisssidechain", source: http://www.swisstargetprediction.ch/shared/navigationbar/js/navigationbar.js (6)
[13720:17348:0407/113230.098:INFO:CONSOLE(6)] "SpanText is : swissbioisostere", source: http://www.swisstargetprediction.ch/shared/navigationbar/js/navigationbar.js (6)
[13720:17348:0407/113230.098:INFO:CONSOLE(6)] "SpanText is : swisstargetprediction", source: http://www.swisstargetprediction.ch/shared/navigationbar/js/navigationbar.js (6)
[13720:17348:0407/113230.100:INFO:CONSOLE(6)] "SpanText is : swissadme", source: http://www.swisstargetprediction.ch/shared/navigationbar/js/navigationbar.js (6)
[13720:17348:0407/113230.100:INFO:CONSOLE(6)] "SpanText is : swisssimilarity", source: http://www.swisstargetprediction.ch/shared/navigationbar/js/navigationbar.js (6)
[576:4828:0407/113231.254:ERROR:latency_info.cc(92)] CompositorFrameSinkSupport::MaybeSubmitCompositorFrame, LatencyInfo vector size 138 is too big.
[576:11276:0407/113246.898:ERROR:shared_image_manager.cc(401)] SharedImageManager::ProduceSkia: Trying to Produce a Skia representation from a non-existent mailbox.
[6244:6912:0407/113246.949:WARNING:sqlite_persistent_store_backend_base.cc(176)] Failed to post task from FlushAndNotifyInBackground@net\extras\sqlite\sqlite_persistent_store_backend_base.cc:226 to client_task_runner_.
[6244:6912:0407/113246.949:WARNING:sqlite_persistent_store_backend_base.cc(176)] Failed to post task from FlushAndNotifyInBackground@net\extras\sqlite\sqlite_persistent_store_backend_base.cc:226 to client_task_runner_.
