********  (C) Copyright Rosetta Commons Member Institutions.  ***************
* Use of Rosetta for commercial purposes may require purchase of a license. *
********  See LICENSE.md or email license@uw.edu for more details. **********
core.init: Checking for fconfig files in pwd and ./rosetta/flags 
core.init: Rosetta version: rosetta.binary.ubuntu.release-408 r408 2025.37+release.df75a9c48e df75a9c48e763e52a7aa3f5dfba077f4da88dbf5 https://www.rosettacommons.org 2025-09-10T02:14:08.564791
core.init: Rosetta extras: []
core.init: command: /home/gbiuser/Downloads/rosetta.binary.ubuntu.release-408/main/source/bin/relax.default.linuxgccrelease -s ../1-loopmodel/PDE4B_modeller.pdb -relax:thorough -relax:constrain_relax_to_start_coords -constraints:cst_file cst.cst -nstruct 6 -out:suffix _9 -out:file:silent relax_9.silent -out:file:silent_struct_type binary
basic.random.init_random_generator: 'RNG device' seed mode, using '/dev/urandom', seed=-203961215 seed_offset=0 real_seed=-203961215
basic.random.init_random_generator: RandomGenerator:init: Normal mode, seed=-203961215 RG_type=mt19937
core.init: Resolved executable path: /home/gbiuser/Downloads/rosetta.binary.ubuntu.release-408/main/source/build/src/release/linux/6.8/64/x86/gcc/11/default/relax.default.linuxgccrelease
core.init: Looking for database based on location of executable: /home/gbiuser/Downloads/rosetta.binary.ubuntu.release-408/main/database/
core.scoring.ScoreFunctionFactory: SCOREFUNCTION: ref2015
core.scoring.etable: Starting energy table calculation
core.scoring.etable: smooth_etable: changing atr/rep split to bottom of energy well
core.scoring.etable: smooth_etable: spline smoothing lj etables (maxdis = 6)
core.scoring.etable: smooth_etable: spline smoothing solvation etables (max_dis = 6)
core.scoring.etable: Finished calculating energy tables.
basic.io.database: Database file opened: scoring/score_functions/hbonds/ref2015_params/HBPoly1D.csv
basic.io.database: Database file opened: scoring/score_functions/hbonds/ref2015_params/HBFadeIntervals.csv
basic.io.database: Database file opened: scoring/score_functions/hbonds/ref2015_params/HBEval.csv
basic.io.database: Database file opened: scoring/score_functions/hbonds/ref2015_params/DonStrength.csv
basic.io.database: Database file opened: scoring/score_functions/hbonds/ref2015_params/AccStrength.csv
core.chemical.GlobalResidueTypeSet: Finished initializing fa_standard residue type set.  Created 985 residue types
core.chemical.GlobalResidueTypeSet: Total time to initialize 1.25737 seconds.
basic.io.database: Database file opened: scoring/score_functions/rama/fd/all.ramaProb
basic.io.database: Database file opened: scoring/score_functions/rama/fd/prepro.ramaProb
basic.io.database: Database file opened: scoring/score_functions/omega/omega_ppdep.all.txt
basic.io.database: Database file opened: scoring/score_functions/omega/omega_ppdep.gly.txt
basic.io.database: Database file opened: scoring/score_functions/omega/omega_ppdep.pro.txt
basic.io.database: Database file opened: scoring/score_functions/omega/omega_ppdep.valile.txt
basic.io.database: Database file opened: scoring/score_functions/P_AA_pp/P_AA
basic.io.database: Database file opened: scoring/score_functions/P_AA_pp/P_AA_n
core.scoring.P_AA: shapovalov_lib::shap_p_aa_pp_smooth_level of 1( aka low_smooth ) got activated.
basic.io.database: Database file opened: scoring/score_functions/P_AA_pp/shapovalov/10deg/kappa131/a20.prop
protocols.relax.RelaxScriptManager: Reading relax scripts list from database.
protocols.relax.RelaxScriptManager: Looking for MonomerRelax2019.txt
protocols.relax.RelaxScriptManager: ================== Reading script file: /home/gbiuser/Downloads/rosetta.binary.ubuntu.release-408/main/database/sampling/relax_scripts/MonomerRelax2019.txt ==================
protocols.relax.RelaxScriptManager: repeat %%nrepeats%%
protocols.relax.RelaxScriptManager: coord_cst_weight 1.0
protocols.relax.RelaxScriptManager: scale:fa_rep 0.040
protocols.relax.RelaxScriptManager: repack
protocols.relax.RelaxScriptManager: scale:fa_rep 0.051
protocols.relax.RelaxScriptManager: min 0.01
protocols.relax.RelaxScriptManager: coord_cst_weight 0.5
protocols.relax.RelaxScriptManager: scale:fa_rep 0.265
protocols.relax.RelaxScriptManager: repack
protocols.relax.RelaxScriptManager: scale:fa_rep 0.280
protocols.relax.RelaxScriptManager: min 0.01
protocols.relax.RelaxScriptManager: coord_cst_weight 0.0
protocols.relax.RelaxScriptManager: scale:fa_rep 0.559
protocols.relax.RelaxScriptManager: repack
protocols.relax.RelaxScriptManager: scale:fa_rep 0.581
protocols.relax.RelaxScriptManager: min 0.01
protocols.relax.RelaxScriptManager: coord_cst_weight 0.0
protocols.relax.RelaxScriptManager: scale:fa_rep 1
protocols.relax.RelaxScriptManager: repack
protocols.relax.RelaxScriptManager: min 0.00001
protocols.relax.RelaxScriptManager: accept_to_best
protocols.relax.RelaxScriptManager: endrepeat
core.scoring.constraints.util: Constraint choice: cst.cst
protocols.jd2.PDBJobInputter: Instantiate PDBJobInputter
protocols.jd2.PDBJobInputter: PDBJobInputter::fill_jobs
protocols.jd2.PDBJobInputter: pushed ../1-loopmodel/PDE4B_modeller.pdb nstruct indices 1 - 6
protocols.evaluation.ChiWellRmsdEvaluatorCreator: Evaluation Creator active ... 
protocols.jd2.PDBJobInputter: PDBJobInputter::pose_from_job
protocols.jd2.PDBJobInputter: filling pose from PDB ../1-loopmodel/PDE4B_modeller.pdb
core.import_pose.import_pose: File '../1-loopmodel/PDE4B_modeller.pdb' automatically determined to be of type PDB from contents.
core.io.rcsb.ExperimentalTechnique: [ ERROR ] Unrecognized experimental technique string 'THEORETICAL MODEL, MODELLER 10.8 2026/07/02 21:08:38'
core.io.pose_from_sfr.PoseFromSFRBuilder: [ WARNING ] discarding 3 atoms at position 1 in file ../1-loopmodel/PDE4B_modeller.pdb. Best match rsd_type:  VAL:NtermProteinFull
core.io.pose_from_sfr.PoseFromSFRBuilder: [ WARNING ] discarding 1 atoms at position 245 in file ../1-loopmodel/PDE4B_modeller.pdb. Best match rsd_type:  HIS
core.scoring.constraints.ConstraintsIO: read constraints from cst.cst
core.scoring.constraints.ConstraintsIO: Read in 15 constraints
basic.io.database: Database file opened: scoring/score_functions/elec_cp_reps.dat
core.scoring.elec.util: Read 40 countpair representative atoms
core.pack.dunbrack.RotamerLibrary: shapovalov_lib_fixes_enable option is true.
core.pack.dunbrack.RotamerLibrary: shapovalov_lib::shap_dun10_smooth_level of 1( aka lowest_smooth ) got activated.
core.pack.dunbrack.RotamerLibrary: Binary rotamer library selected: /home/gbiuser/Downloads/rosetta.binary.ubuntu.release-408/main/database/rotamer/shapovalov/StpDwn_0-0-0/Dunbrack10.lib.bin
core.pack.dunbrack.RotamerLibrary: Using Dunbrack library binary file '/home/gbiuser/Downloads/rosetta.binary.ubuntu.release-408/main/database/rotamer/shapovalov/StpDwn_0-0-0/Dunbrack10.lib.bin'.
core.pack.dunbrack.RotamerLibrary: Dunbrack 2010 library took 0.204394 seconds to load from binary
protocols.relax.FastRelax: CMD: repeat  3311.98  0  0  0.55
protocols.relax.FastRelax: CMD: coord_cst_weight  3311.98  0  0  0.55
protocols.relax.FastRelax: CMD: scale:fa_rep  895.021  0  0  0.022
core.pack.task: Packer task: initialize from command line() 
core.pack.pack_rotamers: built 8348 rotamers at 493 positions.
core.pack.interaction_graph.interaction_graph_factory: Instantiating DensePDInteractionGraph
protocols.relax.FastRelax: CMD: repack  -839.852  0  0  0.022
protocols.relax.FastRelax: CMD: scale:fa_rep  -801.275  0  0  0.02805
core.optimization.Minimizer: [ WARNING ] LBFGS MAX CYCLES 2000 EXCEEDED, BUT FUNC NOT CONVERGED!
protocols.relax.FastRelax: CMD: min  -1266.7  0.157559  0.157559  0.02805
protocols.relax.FastRelax: CMD: coord_cst_weight  -1319.58  0.157559  0.157559  0.02805
protocols.relax.FastRelax: CMD: scale:fa_rep  -907.644  0.157559  0.157559  0.14575
core.pack.task: Packer task: initialize from command line() 
core.pack.pack_rotamers: built 7438 rotamers at 493 positions.
core.pack.interaction_graph.interaction_graph_factory: Instantiating DensePDInteractionGraph
protocols.relax.FastRelax: CMD: repack  -932.827  0.157559  0.157559  0.14575
protocols.relax.FastRelax: CMD: scale:fa_rep  -908.85  0.157559  0.157559  0.154
core.optimization.Minimizer: [ WARNING ] LBFGS MAX CYCLES 2000 EXCEEDED, BUT FUNC NOT CONVERGED!
protocols.relax.FastRelax: CMD: min  -1136.31  0.21991  0.21991  0.154
protocols.relax.FastRelax: CMD: coord_cst_weight  -1239.92  0.21991  0.21991  0.154
protocols.relax.FastRelax: CMD: scale:fa_rep  -1040  0.21991  0.21991  0.30745
core.pack.task: Packer task: initialize from command line() 
core.pack.pack_rotamers: built 7251 rotamers at 493 positions.
core.pack.interaction_graph.interaction_graph_factory: Instantiating DensePDInteractionGraph
protocols.relax.FastRelax: CMD: repack  -1045.26  0.21991  0.21991  0.30745
protocols.relax.FastRelax: CMD: scale:fa_rep  -1029.89  0.21991  0.21991  0.31955
protocols.relax.FastRelax: CMD: min  -1238.62  1.32595  1.32595  0.31955
protocols.relax.FastRelax: CMD: coord_cst_weight  -1238.62  1.32595  1.32595  0.31955
protocols.relax.FastRelax: CMD: scale:fa_rep  -1009.59  1.32595  1.32595  0.55
core.pack.task: Packer task: initialize from command line() 
core.pack.pack_rotamers: built 7064 rotamers at 493 positions.
core.pack.interaction_graph.interaction_graph_factory: Instantiating DensePDInteractionGraph
protocols.relax.FastRelax: CMD: repack  -1016.65  1.32595  1.32595  0.55
protocols.relax.FastRelax: CMD: min  -1081.91  1.73889  1.73889  0.55
protocols.relax.FastRelax: MRP: 0  -1081.91  -1081.91  1.73889  1.73889  
protocols.relax.FastRelax: CMD: accept_to_best  -1081.91  1.73889  1.73889  0.55
protocols.relax.FastRelax: CMD: endrepeat  -1081.91  1.73889  1.73889  0.55
protocols.relax.FastRelax: CMD: coord_cst_weight  52885.7  1.73889  1.73889  0.55
protocols.relax.FastRelax: CMD: scale:fa_rep  52526.8  1.73889  1.73889  0.022
core.pack.task: Packer task: initialize from command line() 
core.pack.pack_rotamers: built 7897 rotamers at 493 positions.
core.pack.interaction_graph.interaction_graph_factory: Instantiating DensePDInteractionGraph
protocols.relax.FastRelax: CMD: repack  52507.9  1.73889  1.73889  0.022
protocols.relax.FastRelax: CMD: scale:fa_rep  52520.2  1.73889  1.73889  0.02805
core.optimization.Minimizer: [ WARNING ] LBFGS MAX CYCLES 2000 EXCEEDED, BUT FUNC NOT CONVERGED!
protocols.relax.FastRelax: CMD: min  -1274.16  0.188839  0.188839  0.02805
protocols.relax.FastRelax: CMD: coord_cst_weight  -1349.97  0.188839  0.188839  0.02805
protocols.relax.FastRelax: CMD: scale:fa_rep  -970.957  0.188839  0.188839  0.14575
core.pack.task: Packer task: initialize from command line() 
core.pack.pack_rotamers: built 7347 rotamers at 493 positions.
core.pack.interaction_graph.interaction_graph_factory: Instantiating DensePDInteractionGraph
protocols.relax.FastRelax: CMD: repack  -1019.01  0.188839  0.188839  0.14575
protocols.relax.FastRelax: CMD: scale:fa_rep  -997.918  0.188839  0.188839  0.154
protocols.relax.FastRelax: CMD: min  -1160.65  0.236826  0.236826  0.154
protocols.relax.FastRelax: CMD: coord_cst_weight  -1279.59  0.236826  0.236826  0.154
protocols.relax.FastRelax: CMD: scale:fa_rep  -1086.24  0.236826  0.236826  0.30745
core.pack.task: Packer task: initialize from command line() 
core.pack.pack_rotamers: built 7217 rotamers at 493 positions.
core.pack.interaction_graph.interaction_graph_factory: Instantiating DensePDInteractionGraph
protocols.relax.FastRelax: CMD: repack  -1087.06  0.236826  0.236826  0.30745
protocols.relax.FastRelax: CMD: scale:fa_rep  -1071.95  0.236826  0.236826  0.31955
protocols.relax.FastRelax: CMD: min  -1221.33  2.69739  2.69739  0.31955
protocols.relax.FastRelax: CMD: coord_cst_weight  -1221.33  2.69739  2.69739  0.31955
protocols.relax.FastRelax: CMD: scale:fa_rep  -966.737  2.69739  2.69739  0.55
core.pack.task: Packer task: initialize from command line() 
core.pack.pack_rotamers: built 7054 rotamers at 493 positions.
core.pack.interaction_graph.interaction_graph_factory: Instantiating DensePDInteractionGraph
protocols.relax.FastRelax: CMD: repack  -1029.8  2.69739  2.69739  0.55
protocols.relax.FastRelax: CMD: min  -1105.13  3.63877  3.63877  0.55
protocols.relax.FastRelax: MRP: 1  -1105.13  -1105.13  3.63877  3.63877  
protocols.relax.FastRelax: CMD: accept_to_best  -1105.13  3.63877  3.63877  0.55
protocols.relax.FastRelax: CMD: endrepeat  -1105.13  3.63877  3.63877  0.55
protocols.relax.FastRelax: CMD: coord_c