********  (C) Copyright Rosetta Commons Member Institutions.  ***************
* Use of Rosetta for commercial purposes may require purchase of a license. *
********  See LICENSE.md or email license@uw.edu for more details. **********
core.init: Checking for fconfig files in pwd and ./rosetta/flags 
core.init: Rosetta version: rosetta.binary.ubuntu.release-408 r408 2025.37+release.df75a9c48e df75a9c48e763e52a7aa3f5dfba077f4da88dbf5 https://www.rosettacommons.org 2025-09-10T02:14:08.564791
core.init: Rosetta extras: []
core.init: command: /home/gbiuser/Downloads/rosetta.binary.ubuntu.release-408/main/source/bin/relax.default.linuxgccrelease -s ../PDE4B_dimer_prerelax.pdb -relax:thorough -relax:constrain_relax_to_start_coords -constraints:cst_file cst.cst -nstruct 1 -out:suffix _10 -out:file:silent relax_10.silent -out:file:silent_struct_type binary
basic.random.init_random_generator: 'RNG device' seed mode, using '/dev/urandom', seed=-1513085502 seed_offset=0 real_seed=-1513085502
basic.random.init_random_generator: RandomGenerator:init: Normal mode, seed=-1513085502 RG_type=mt19937
core.init: Resolved executable path: /home/gbiuser/Downloads/rosetta.binary.ubuntu.release-408/main/source/build/src/release/linux/6.8/64/x86/gcc/11/default/relax.default.linuxgccrelease
core.init: Looking for database based on location of executable: /home/gbiuser/Downloads/rosetta.binary.ubuntu.release-408/main/database/
core.scoring.ScoreFunctionFactory: SCOREFUNCTION: ref2015
core.scoring.etable: Starting energy table calculation
core.scoring.etable: smooth_etable: changing atr/rep split to bottom of energy well
core.scoring.etable: smooth_etable: spline smoothing lj etables (maxdis = 6)
core.scoring.etable: smooth_etable: spline smoothing solvation etables (max_dis = 6)
core.scoring.etable: Finished calculating energy tables.
basic.io.database: Database file opened: scoring/score_functions/hbonds/ref2015_params/HBPoly1D.csv
basic.io.database: Database file opened: scoring/score_functions/hbonds/ref2015_params/HBFadeIntervals.csv
basic.io.database: Database file opened: scoring/score_functions/hbonds/ref2015_params/HBEval.csv
basic.io.database: Database file opened: scoring/score_functions/hbonds/ref2015_params/DonStrength.csv
basic.io.database: Database file opened: scoring/score_functions/hbonds/ref2015_params/AccStrength.csv
core.chemical.GlobalResidueTypeSet: Finished initializing fa_standard residue type set.  Created 985 residue types
core.chemical.GlobalResidueTypeSet: Total time to initialize 1.22676 seconds.
basic.io.database: Database file opened: scoring/score_functions/rama/fd/all.ramaProb
basic.io.database: Database file opened: scoring/score_functions/rama/fd/prepro.ramaProb
basic.io.database: Database file opened: scoring/score_functions/omega/omega_ppdep.all.txt
basic.io.database: Database file opened: scoring/score_functions/omega/omega_ppdep.gly.txt
basic.io.database: Database file opened: scoring/score_functions/omega/omega_ppdep.pro.txt
basic.io.database: Database file opened: scoring/score_functions/omega/omega_ppdep.valile.txt
basic.io.database: Database file opened: scoring/score_functions/P_AA_pp/P_AA
basic.io.database: Database file opened: scoring/score_functions/P_AA_pp/P_AA_n
core.scoring.P_AA: shapovalov_lib::shap_p_aa_pp_smooth_level of 1( aka low_smooth ) got activated.
basic.io.database: Database file opened: scoring/score_functions/P_AA_pp/shapovalov/10deg/kappa131/a20.prop
protocols.relax.RelaxScriptManager: Reading relax scripts list from database.
protocols.relax.RelaxScriptManager: Looking for MonomerRelax2019.txt
protocols.relax.RelaxScriptManager: ================== Reading script file: /home/gbiuser/Downloads/rosetta.binary.ubuntu.release-408/main/database/sampling/relax_scripts/MonomerRelax2019.txt ==================
protocols.relax.RelaxScriptManager: repeat %%nrepeats%%
protocols.relax.RelaxScriptManager: coord_cst_weight 1.0
protocols.relax.RelaxScriptManager: scale:fa_rep 0.040
protocols.relax.RelaxScriptManager: repack
protocols.relax.RelaxScriptManager: scale:fa_rep 0.051
protocols.relax.RelaxScriptManager: min 0.01
protocols.relax.RelaxScriptManager: coord_cst_weight 0.5
protocols.relax.RelaxScriptManager: scale:fa_rep 0.265
protocols.relax.RelaxScriptManager: repack
protocols.relax.RelaxScriptManager: scale:fa_rep 0.280
protocols.relax.RelaxScriptManager: min 0.01
protocols.relax.RelaxScriptManager: coord_cst_weight 0.0
protocols.relax.RelaxScriptManager: scale:fa_rep 0.559
protocols.relax.RelaxScriptManager: repack
protocols.relax.RelaxScriptManager: scale:fa_rep 0.581
protocols.relax.RelaxScriptManager: min 0.01
protocols.relax.RelaxScriptManager: coord_cst_weight 0.0
protocols.relax.RelaxScriptManager: scale:fa_rep 1
protocols.relax.RelaxScriptManager: repack
protocols.relax.RelaxScriptManager: min 0.00001
protocols.relax.RelaxScriptManager: accept_to_best
protocols.relax.RelaxScriptManager: endrepeat
core.scoring.constraints.util: Constraint choice: cst.cst
protocols.jd2.PDBJobInputter: Instantiate PDBJobInputter
protocols.jd2.PDBJobInputter: PDBJobInputter::fill_jobs
protocols.jd2.PDBJobInputter: pushed ../PDE4B_dimer_prerelax.pdb nstruct index 1
protocols.evaluation.ChiWellRmsdEvaluatorCreator: Evaluation Creator active ... 
protocols.jd2.PDBJobInputter: PDBJobInputter::pose_from_job
protocols.jd2.PDBJobInputter: filling pose from PDB ../PDE4B_dimer_prerelax.pdb
core.import_pose.import_pose: File '../PDE4B_dimer_prerelax.pdb' automatically determined to be of type PDB from contents.
core.io.pose_from_sfr.PoseFromSFRBuilder: [ WARNING ] discarding 3 atoms at position 1 in file ../PDE4B_dimer_prerelax.pdb. Best match rsd_type:  VAL:NtermProteinFull
core.io.pose_from_sfr.PoseFromSFRBuilder: [ WARNING ] discarding 3 atoms at position 493 in file ../PDE4B_dimer_prerelax.pdb. Best match rsd_type:  VAL:NtermProteinFull
core.scoring.constraints.ConstraintsIO: read constraints from cst.cst
core.scoring.constraints.ConstraintsIO: Read in 30 constraints
basic.io.database: Database file opened: scoring/score_functions/elec_cp_reps.dat
core.scoring.elec.util: Read 40 countpair representative atoms
core.pack.dunbrack.RotamerLibrary: shapovalov_lib_fixes_enable option is true.
core.pack.dunbrack.RotamerLibrary: shapovalov_lib::shap_dun10_smooth_level of 1( aka lowest_smooth ) got activated.
core.pack.dunbrack.RotamerLibrary: Binary rotamer library selected: /home/gbiuser/Downloads/rosetta.binary.ubuntu.release-408/main/database/rotamer/shapovalov/StpDwn_0-0-0/Dunbrack10.lib.bin
core.pack.dunbrack.RotamerLibrary: Using Dunbrack library binary file '/home/gbiuser/Downloads/rosetta.binary.ubuntu.release-408/main/database/rotamer/shapovalov/StpDwn_0-0-0/Dunbrack10.lib.bin'.
core.pack.dunbrack.RotamerLibrary: Dunbrack 2010 library took 0.301547 seconds to load from binary
protocols.relax.FastRelax: CMD: repeat  78225  0  0  0.55
protocols.relax.FastRelax: CMD: coord_cst_weight  78225  0  0  0.55
protocols.relax.FastRelax: CMD: scale:fa_rep  629.391  0  0  0.022
core.pack.task: Packer task: initialize from command line() 
core.pack.pack_rotamers: built 15500 rotamers at 985 positions.
core.pack.interaction_graph.interaction_graph_factory: Instantiating DensePDInteractionGraph
protocols.relax.FastRelax: CMD: repack  -285.198  0  0  0.022
protocols.relax.FastRelax: CMD: scale:fa_rep  442.497  0  0  0.02805
core.optimization.Minimizer: [ WARNING ] LBFGS MAX CYCLES 2000 EXCEEDED, BUT FUNC NOT CONVERGED!
protocols.relax.FastRelax: CMD: min  -1669.49  0.294549  0.294549  0.02805
protocols.relax.FastRelax: CMD: coord_cst_weight  -1975.36  0.294549  0.294549  0.02805
protocols.relax.FastRelax: CMD: scale:fa_rep  1819.51  0.294549  0.294549  0.14575
core.pack.task: Packer task: initialize from command line() 
core.pack.pack_rotamers: built 14467 rotamers at 985 positions.
core.pack.interaction_graph.interaction_graph_factory: Instantiating DensePDInteractionGraph
protocols.relax.FastRelax: CMD: repack  1685.57  0.294549  0.294549  0.14575
protocols.relax.FastRelax: CMD: scale:fa_rep  1940.69  0.294549  0.294549  0.154
core.optimization.Minimizer: [ WARNING ] LBFGS MAX CYCLES 2000 EXCEEDED, BUT FUNC NOT CONVERGED!
protocols.relax.FastRelax: CMD: min  -801.541  0.501961  0.501961  0.154
protocols.relax.FastRelax: CMD: coord_cst_weight  -1721.13  0.501961  0.501961  0.154
protocols.relax.FastRelax: CMD: scale:fa_rep  -573.43  0.501961  0.501961  0.30745
core.pack.task: Packer task: initialize from command line() 
core.pack.pack_rotamers: built 14057 rotamers at 985 positions.
core.pack.interaction_graph.interaction_graph_factory: Instantiating DensePDInteractionGraph
protocols.relax.FastRelax: CMD: repack  -750.336  0.501961  0.501961  0.30745
protocols.relax.FastRelax: CMD: scale:fa_rep  -665.839  0.501961  0.501961  0.31955
core.optimization.Minimizer: [ WARNING ] LBFGS MAX CYCLES 2000 EXCEEDED, BUT FUNC NOT CONVERGED!
protocols.relax.FastRelax: CMD: min  -2393.66  6.19595  6.19595  0.31955
protocols.relax.FastRelax: CMD: coord_cst_weight  -2393.66  6.19595  6.19595  0.31955
protocols.relax.FastRelax: CMD: scale:fa_rep  -1933.02  6.19595  6.19595  0.55
core.pack.task: Packer task: initialize from command line() 
core.pack.pack_rotamers: built 14147 rotamers at 985 positions.
core.pack.interaction_graph.interaction_graph_factory: Instantiating DensePDInteractionGraph
protocols.relax.FastRelax: CMD: repack  -1955.87  6.19595  6.19595  0.55
protocols.relax.FastRelax: CMD: min  -2071.05  6.03241  6.03241  0.55
protocols.relax.FastRelax: MRP: 0  -2071.05  -2071.05  6.03241  6.03241  
protocols.relax.FastRelax: CMD: accept_to_best  -2071.05  6.03241  6.03241  0.55
protocols.relax.FastRelax: CMD: endrepeat  -2071.05  6.03241  6.03241  0.55
protocols.relax.FastRelax: CMD: coord_cst_weight  5.08393e+06  6.03241  6.03241  0.55
protocols.relax.FastRelax: CMD: scale:fa_rep  5.0832e+06  6.03241  6.03241  0.022
core.pack.task: Packer task: initialize from command line() 
core.pack.pack_rotamers: built 16024 rotamers at 985 positions.
core.pack.interaction_graph.interaction_graph_factory: Instantiating DensePDInteractionGraph
protocols.relax.FastRelax: CMD: repack  5.08315e+06  6.03241  6.03241  0.022
protocols.relax.FastRelax: CMD: scale:fa_rep  5.08318e+06  6.03241  6.03241  0.02805
core.optimization.Minimizer: [ WARNING ] LBFGS MAX CYCLES 2000 EXCEEDED, BUT FUNC NOT CONVERGED!
protocols.relax.FastRelax: CMD: min  7015.86  0.883245  0.883245  0.02805
protocols.relax.FastRelax: CMD: coord_cst_weight  4299.48  0.883245  0.883245  0.02805
protocols.relax.FastRelax: CMD: scale:fa_rep  21672.4  0.883245  0.883245  0.14575
core.pack.task: Packer task: initialize from command line() 
core.pack.pack_rotamers: built 14051 rotamers at 985 positions.
core.pack.interaction_graph.interaction_graph_factory: Instantiating DensePDInteractionGraph
protocols.relax.FastRelax: CMD: repack  14922.3  0.883245  0.883245  0.14575
protocols.relax.FastRelax: CMD: scale:fa_rep  15746.6  0.883245  0.883245  0.154
core.optimization.Minimizer: [ WARNING ] LBFGS MAX CYCLES 2000 EXCEEDED, BUT FUNC NOT CONVERGED!
protocols.relax.FastRelax: CMD: min  729.521  0.789438  0.789438  0.154
protocols.relax.FastRelax: CMD: coord_cst_weight  -1480.51  0.789438  0.789438  0.154
protocols.relax.FastRelax: CMD: scale:fa_rep  -604.302  0.789438  0.789438  0.30745
core.pack.task: Packer task: initialize from command line() 
core.pack.pack_rotamers: built 14084 rotamers at 985 positions.
core.pack.interaction_graph.interaction_graph_factory: Instantiating DensePDInteractionGraph
protocols.relax.FastRelax: CMD: repack  -729.303  0.789438  0.789438  0.30745
protocols.relax.FastRelax: CMD: scale:fa_rep  -662.237  0.789438  0.789438  0.31955
core.optimization.Minimizer: [ WARNING ] LBFGS MAX CYCLES 2000 EXCEEDED, BUT FUNC NOT CONVERGED!
protocols.relax.FastRelax: CMD: min  -2108.19  4.46537  4.46537  0.31955
protocols.relax.FastRelax: CMD: coord_cst_weight  -2108.19  4.46537  4.46537  0.31955
protocols.relax.FastRelax: CMD: scale:fa_rep  -1624.79  4.46537  4.46537  0.55
core.pack.task: Packer task: initialize from command line() 
core.pack.pack_rotamers: built 13896 rotamers at 985 positions.
core.pack.interaction_graph.interaction_graph_factory: Instantiating DensePDInteractionGraph
protocols.relax.FastRelax: CMD: repack  -1675.47  4.46537  4.46537  0.55
protocols.relax.FastRelax: CMD: min  -1849.27  4.3753  4.3753  0.55
protocols.relax.FastRelax: MRP: 1  -1849.27  -2071.05  6.03241  6.03241  
protocols.relax.FastRelax: CMD: accept_to_best  -1849.27  4.3753  4.3753  0.55
protocols.relax.FastRelax: CMD: endrepeat  -1849.27  4.3753  4.3753  0.55
protocols.relax.FastRelax: CMD: coord_cst_weight  1.96798e+06  4.3753  4.3753  0.55
protocols.relax.FastRelax: CMD: scale:fa_rep  1.96723e+06  4.3753  4.3753  0.022
core.pack.task: Packer task: initialize from command line() 
core.pack.pack_rotamers: built 15971 rotamers at 985 positions.
core.pack.interaction_graph.interaction_graph_factory: Instantiating DensePDInteractionGraph
protocols.relax.FastRelax: CMD: repack  1.96713e+06  4.3753  4.3753  0.022
protocols.relax.FastRelax: CMD: scale:fa_rep  1.96716e+06  4.3753  4.3753  0.02805
core.optimization.Minimizer: [ WARNING ] LBFGS MAX CYCLES 2000 EXCEEDED, BUT FUNC NOT CONVERGED!
protocols.relax.FastRelax: CMD: min  5945.69  0.909765  0.909765  0.02805
protocols.relax.FastRelax: CMD: coord_cst_weight  3197.22  0.909765  0.909765  0.02805
protocols.relax.FastRelax: CMD: scale:fa_rep  14979.5  0.909765  0.909765  0.14575
core.pack.task: Packer task: initialize from command line() 
core.pack.pack_rotamers: built 14175 rotamers at 985 positions.
core.pack.interaction_graph.interaction_graph_factory: Instantiating DensePDInteractionGraph
protocols.relax.FastRelax: CMD: repack  10866.2  0.909765  0.909765  0.14575
protocols.relax.FastRelax: CMD: scale:fa_rep  11457.7  0.909765  0.909765  0.154
core.optimization.Minimizer: [ WARNING ] LBFGS MAX CYCLES 2000 EXCEEDED, BUT FUNC NOT CONVERGED!
protocols.relax.FastRelax: CMD: min  1128.66  0.810065  0.810065  0.154
protocols.relax.FastRelax: CMD: coord_cst_weight  -1121.1  0.810065  0.810065  0.154
protocols.relax.FastRelax: CMD: scale:fa_rep  -39.5456  0.810065  0.810065  0.30745
core.pack.task: Packer task: initialize from command line() 
core.pack.pack_rotamers: built 13933 rotamers at 985 positions.
core.pack.interaction_graph.interaction_graph_factory: Instantiating DensePDInteractionGraph
protocols.relax.FastRelax: CMD: repack  -161.49  0.810065  0.810065  0.30745
protocols.relax.FastRelax: CMD: scale:fa_rep  -79.4552  0.810065  0.810065  0.31955
core.optimization.Minimizer: [ WARNING ] LBFGS MAX CYCLES 2000 EXCEEDED, BUT FUNC NOT CONVERGED!
protocols.relax.FastRelax: CMD: min  -2031.5  7.07953  7.07953  0.31955
protocols.relax.FastRelax: CMD: coord_cst_weight  -2031.5  7.07953  7.07953  0.31955
protocols.relax.FastRelax: CMD: scale:fa_rep  -1558.49  7.07953  7.07953  0.55
core.pack.task: Packer task: initialize from command line() 
core.pack.pack_rotamers: built 14115 rotamers at 985 positions.
core.pack.interaction_graph.interaction_graph_factory: Instantiating DensePDInteractionGraph
protocols.relax.FastRelax: CMD: repack  -1625.83  7.07953  7.07953  0.55
protocols.relax.FastRelax: CMD: min  -1814.11  6.88925  6.88925  0.55
protocols.relax.FastRelax: MRP: 2  -1814.11  -2071.05  6.03241  6.03241  
protocols.relax.FastRelax: CMD: accept_to_best  -1814.11  6.88925  6.88925  0.55
protocols.relax.FastRelax: CMD: endrepeat  -1814.11  6.88925  6.88925  0.55
protocols.relax.FastRelax: CMD: coord_cst_weight  1.11257e+06  6.88925  6.88925  0.55
protocols.relax.FastRelax: CMD: scale:fa_rep  1.11183e+06  6.88925  6.88925  0.022
core.pack.task: Packer task: initialize from command line() 
core.pack.pack_rotamers: built 15942 rotamers at 985 positions.
core.pack.interaction_graph.interaction_graph_factory: Instantiating DensePDInteractionGraph
protocols.relax.FastRelax: CMD: repack  1.11176e+06  6.88925  6.88925  0.022
protocols.relax.FastRelax: CMD: scale:fa_rep  1.1118e+06  6.88925  6.88925  0.02805
core.optimization.Minimizer: [ WARNING ] LBFGS MAX CYCLES 2000 EXCEEDED, BUT FUNC NOT CONVERGED!
protocols.relax.FastRelax: CMD: min  4027.5  0.737129  0.737129  0.02805
protocols.relax.FastRelax: CMD: coord_cst_weight  2181.16  0.737129  0.737129  0.02805
protocols.relax.FastRelax: CMD: scale:fa_rep  14634.7  0.737129  0.737129  0.14575
core.pack.task: Packer task: initialize from command line() 
core.pack.pack_rotamers: built 14056 rotamers at 985 positions.
core.pack.interaction_graph.interaction_graph_factory: Instantiating DensePDInteractionGraph
protocols.relax.FastRelax: CMD: repack  11737.8  0.737129  0.737129  0.14575
protocols.relax.FastRelax: CMD: scale:fa_rep  12442.5  0.737129  0.737129  0.154
core.optimization.Minimizer: [ WARNING ] LBFGS MAX CYCLES 2000 EXCEEDED, BUT FUNC NOT CONVERGED!
protocols.relax.FastRelax: CMD: min  845.129  0.784973  0.784973  0.154
protocols.relax.FastRelax: CMD: coord_cst_weight  -1272.84  0.784973  0.784973  0.154
protocols.relax.FastRelax: CMD: scale:fa_rep  -167.968  0.784973  0.784973  0.30745
core.pack.task: Packer task: initialize from command line() 
core.pack.pack_rotamers: built 14034 rotamers at 985 positions.
core.pack.interaction_graph.interaction_graph_factory: Instantiating DensePDInteractionGraph
protocols.relax.FastRelax: CMD: repack  -650.316  0.784973  0.784973  0.30745
protocols.relax.FastRelax: CMD: scale:fa_rep  -578.939  0.784973  0.784973  0.31955
core.optimization.Minimizer: [ WARNING ] LBFGS MAX CYCLES 2000 EXCEEDED, BUT FUNC NOT CONVERGED!
protocols.relax.FastRelax: CMD: min  -2153.26  5.33819  5.33819  0.31955
protocols.relax.FastRelax: CMD: coord_cst_weight  -2153.26  5.33819  5.33819  0.31955
protocols.relax.FastRelax: CMD: scale:fa_rep  -1676.29  5.33819  5.33819  0.55
core.pack.task: Packer task: initialize from command line() 
core.pack.pack_rotamers: built 13961 rotamers at 985 positions.
core.pack.interaction_graph.interaction_graph_factory: Instantiating DensePDInteractionGraph
protocols.relax.FastRelax: CMD: repack  -1715.65  5.33819  5.33819  0.55
protocols.relax.FastRelax: CMD: min  -1861.13  5.61636  5.61636  0.55
protocols.relax.FastRelax: MRP: 3  -1861.13  -2071.05  6.03241  6.03241  
protocols.relax.FastRelax: CMD: accept_to_best  -1861.13  5.61636  5.61636  0.55
protocols.relax.FastRelax: CMD: endrepeat  -1861.13  5.61636  5.61636  0.55
protocols.relax.FastRelax: CMD: coord_cst_weight  2.63017e+06  5.61636  5.61636  0.55
protocols.relax.FastRelax: CMD: scale:fa_rep  2.62941e+06  5.61636  5.61636  0.022
core.pack.task: Packer task: initialize from command line() 
core.pack.pack_rotamers: built 15788 rotamers at 985 positions.
core.pack.interaction_graph.interaction_graph_factory: Instantiating DensePDInteractionGraph
protocols.relax.FastRelax: CMD: repack  2.62934e+06  5.61636  5.61636  0.022
protocols.relax.FastRelax: CMD: scale:fa_rep  2.62937e+06  5.61636  5.61636  0.02805
core.optimization.Minimizer: [ WARNING ] LBFGS MAX CYCLES 2000 EXCEEDED, BUT FUNC NOT CONVERGED!
protocols.relax.FastRelax: CMD: min  8004.71  1.0362  1.0362  0.02805
protocols.relax.FastRelax: CMD: coord_cst_weight  4334.87  1.0362  1.0362  0.02805
protocols.relax.FastRelax: CMD: scale:fa_rep  15797.8  1.0362  1.0362  0.14575
core.pack.task: Packer task: initialize from command line() 
core.pack.pack_rotamers: built 14184 rotamers at 985 positions.
core.pack.interaction_graph.interaction_graph_factory: Instantiating DensePDInteractionGraph
protocols.relax.FastRelax: CMD: repack  9793.65  1.0362  1.0362  0.14575
protocols.relax.FastRelax: CMD: scale:fa_rep  10252  1.0362  1.0362  0.154
core.optimization.Minimizer: [ WARNING ] LBFGS MAX CYCLES 2000 EXCEEDED, BUT FUNC NOT CONVERGED!
protocols.relax.FastRelax: CMD: min  1258.37  0.854979  0.854979  0.154
protocols.relax.FastRelax: CMD: coord_cst_weight  -1208.37  0.854979  0.854979  0.154
protocols.relax.FastRelax: CMD: scale:fa_rep  -355.055  0.854979  0.854979  0.30745
core.pack.task: Packer task: initialize from command line() 
core.pack.pack_rotamers: built 14148 rotamers at 985 positions.
core.pack.interaction_graph.interaction_graph_factory: Instantiating DensePDInteractionGraph
protocols.relax.FastRelax: CMD: repack  -456.037  0.854979  0.854979  0.30745
protocols.relax.FastRelax: CMD: scale:fa_rep  -390.49  0.854979  0.854979  0.31955
core.optimization.Minimizer: [ WARNING ] LBFGS MAX CYCLES 2000 EXCEEDED, BUT FUNC NOT CONVERGED!
protocols.relax.FastRelax: CMD: min  -2016.09  5.63998  5.63998  0.31955
protocols.relax.FastRelax: CMD: coord_cst_weight  -2016.09  5.63998  5.63998  0.31955
protocols.relax.FastRelax: CMD: scale:fa_rep  -1548.12  5.63998  5.63998  0.55
core.pack.task: Packer task: initialize from command line() 
core.pack.pack_rotamers: built 13895 rotamers at 985 positions.
core.pack.interaction_graph.interaction_graph_factory: Instantiating DensePDInteractionGraph
protocols.relax.FastRelax: CMD: repack  -1592.63  5.63998  5.63998  0.55
core.optimization.Minimizer: [ WARNING ] LBFGS MAX CYCLES 2000 EXCEEDED, BUT FUNC NOT CONVERGED!
protocols.relax.FastRelax: CMD: min  -1768.41  5.69593  5.69593  0.55
protocols.relax.FastRelax: MRP: 4  -1768.41  -2071.05  6.03241  6.03241  
protocols.relax.FastRelax: CMD: accept_to_best  -1768.41  5.69593  5.69593  0.55
protocols.relax.FastRelax: CMD: endrepeat  -1768.41  5.69593  5.69593  0.55
protocols.relax.FastRelax: CMD: coord_cst_weight  3.65267e+06  5.69593  5.69593  0.55
protocols.relax.FastRelax: CMD: scale:fa_rep  3.65192e+06  5.69593  5.69593  0.022
core.pack.task: Packer task: initialize from command line() 
core.pack.pack_rotamers: built 15792 rotamers at 985 positions.
core.pack.interaction_graph.interaction_graph_factory: Instantiating DensePDInteractionGraph
protocols.relax.FastRelax: CMD: repack  3.65185e+06  5.69593  5.69593  0.022
protocols.relax.FastRelax: CMD: scale:fa_rep  3.65189e+06  5.69593  5.69593  0.02805
core.optimization.Minimizer: [ WARNING ] LBFGS MAX CYCLES 2000 EXCEEDED, BUT FUNC NOT CONVERGED!
protocols.relax.FastRelax: CMD: min  4236.9  0.741626  0.741626  0.02805
protocols.relax.FastRelax: CMD: coord_cst_weight  2334.68  0.741626  0.741626  0.02805
protocols.relax.FastRelax: CMD: scale:fa_rep  14203  0.741626  0.741626  0.14575
core.pack.task: Packer task: initialize from command line() 
core.pack.pack_rotamers: built 14245 rotamers at 985 positions.
core.pack.interaction_graph.interaction_graph_factory: Instantiating DensePDInteractionGraph
protocols.relax.FastRelax: CMD: repack  8941.66  0.741626  0.741626  0.14575
protocols.relax.FastRelax: CMD: scale:fa_rep  9474.06  0.741626  0.741626  0.154
core.optimization.Minimizer: [ WARNING ] LBFGS MAX CYCLES 2000 EXCEEDED, BUT FUNC NOT CONVERGED!
protocols.relax.FastRelax: CMD: min  1140.86  0.770089  0.770089  0.154
protocols.relax.FastRelax: CMD: coord_cst_weight  -954.45  0.770089  0.770089  0.154
protocols.relax.FastRelax: CMD: scale:fa_rep  275.073  0.770089  0.770089  0.30745
core.pack.task: Packer task: initialize from command line() 
core.pack.pack_rotamers: built 14101 rotamers at 985 positions.
core.pack.interaction_graph.interaction_graph_factory: Instantiating DensePDInteractionGraph
protocols.relax.FastRelax: CMD: repack  113.248  0.770089  0.770089  0.30745
protocols.relax.FastRelax: CMD: scale:fa_rep  205.505  0.770089  0.770089  0.31955
core.optimization.Minimizer: [ WARNING ] LBFGS MAX CYCLES 2000 EXCEEDED, BUT FUNC NOT CONVERGED!
protocols.relax.FastRelax: CMD: min  -1337.65  9.21092  9.21092  0.31955
protocols.relax.FastRelax: CMD: coord_cst_weight  -1337.65  9.21092  9.21092  0.31955
protocols.relax.FastRelax: CMD: scale:fa_rep  -414.594  9.21092  9.21092  0.55
core.pack.task: Packer task: initialize from command line() 
core.pack.pack_rotamers: built 13936 rotamers at 985 positions.
core.pack.interaction_graph.interaction_graph_factory: Instantiating DensePDInteractionGraph
protocols.relax.FastRelax: CMD: repack  -1136.63  9.21092  9.21092  0.55
core.optimization.Minimizer: [ WARNING ] LBFGS MAX CYCLES 2000 EXCEEDED, BUT FUNC NOT CONVERGED!
protocols.relax.FastRelax: CMD: min  -1749.82  10.1835  10.1835  0.55
protocols.relax.FastRelax: MRP: 5  -1749.82  -2071.05  6.03241  6.03241  
protocols.relax.FastRelax: CMD: accept_to_best  -1749.82  10.1835  10.1835  0.55
protocols.relax.FastRelax: CMD: endrepeat  -1749.82  10.1835  10.1835  0.55
protocols.relax.FastRelax: CMD: coord_cst_weight  6.34328e+06  10.1835  10.1835  0.55
protocols.relax.FastRelax: CMD: scale:fa_rep  6.34253e+06  10.1835  10.1835  0.022
core.pack.task: Packer task: initialize from command line() 
core.pack.pack_rotamers: built 15802 rotamers at 985 positions.
core.pack.interaction_graph.interaction_graph_factory: Instantiating DensePDInteractionGraph
protocols.relax.FastRelax: CMD: repack  6.34249e+06  10.1835  10.1835  0.022
protocols.relax.FastRelax: CMD: scale:fa_rep  6.34253e+06  10.1835  10.1835  0.02805
core.optimization.Minimizer: [ WARNING ] LBFGS MAX CYCLES 2000 EXCEEDED, BUT FUNC NOT CONVERGED!
protocols.relax.FastRelax: CMD: min  15092.2  1.32317  1.32317  0.02805
protocols.relax.FastRelax: CMD: coord_cst_weight  9329.32  1.32317  1.32317  0.02805
protocols.relax.FastRelax: CMD: scale:fa_rep  29284.1  1.32317  1.32317  0.14575
core.pack.task: Packer task: initialize from command line() 
core.pack.pack_rotamers: built 14139 rotamers at 985 positions.
core.pack.interaction_graph.interaction_graph_factory: Instantiating DensePDInteractionGraph
protocols.relax.FastRelax: CMD: repack  17123.2  1.32317  1.32317  0.14575
protocols.relax.FastRelax: CMD: scale:fa_rep  17832.8  1.32317  1.32317  0.154
core.optimization.Minimizer: [ WARNING ] LBFGS MAX CYCLES 2000 EXCEEDED, BUT FUNC NOT CONVERGED!
protocols.relax.FastRelax: CMD: min  3204.28  1.01385  1.01385  0.154
protocols.relax.FastRelax: CMD: coord_cst_weight  -196.529  1.01385  1.01385  0.154
protocols.relax.FastRelax: CMD: scale:fa_rep  984.816  1.01385  1.01385  0.30745
core.pack.task: Packer task: initialize from command line() 
core.pack.pack_rotamers: built 13847 rotamers at 985 positions.
core.pack.interaction_graph.interaction_graph_factory: Instantiating DensePDInteractionGraph
protocols.relax.FastRelax: CMD: repack  800.643  1.01385  1.01385  0.30745
protocols.relax.FastRelax: CMD: scale:fa_rep  891.199  1.01385  1.01385  0.31955
core.optimization.Minimizer: [ WARNING ] LBFGS MAX CYCLES 2000 EXCEEDED, BUT FUNC NOT CONVERGED!
protocols.relax.FastRelax: CMD: min  642.316  5.50378  5.50378  0.31955
protocols.relax.FastRelax: CMD: coord_cst_weight  642.316  5.50378  5.50378  0.31955
protocols.relax.FastRelax: CMD: scale:fa_rep  2794.3  5.50378  5.50378  0.55
core.pack.task: Packer task: initialize from command line() 
core.pack.pack_rotamers: built 14016 rotamers at 985 positions.
core.pack.interaction_graph.interaction_graph_factory: Instantiating DensePDInteractionGraph
protocols.relax.FastRelax: CMD: repack  1132.84  5.50378  5.50378  0.55
core.optimization.Minimizer: [ WARNING ] LBFGS MAX CYCLES 2000 EXCEEDED, BUT FUNC NOT CONVERGED!
protocols.relax.FastRelax: CMD: min  -1538.37  6.2384  6.2384  0.55
protocols.relax.FastRelax: MRP: 6  -1538.37  -2071.05  6.03241  6.03241  
protocols.relax.FastRelax: CMD: accept_to_best  -1538.37  6.2384  6.2384  0.55
protocols.relax.FastRelax: CMD: endrepeat  -1538.37  6.2384  6.2384  0.55
protocols.relax.FastRelax: CMD: coord_cst_weight  2.80981e+06  6.2384  6.2384  0.55
protocols.relax.FastRelax: CMD: scale:fa_rep  2.80905e+06  6.2384  6.2384  0.022
core.pack.task: Packer task: initialize from command line() 
core.pack.pack_rotamers: built 15863 rotamers at 985 positions.
core.pack.interaction_graph.interaction_graph_factory: Instantiating DensePDInteractionGraph
protocols.relax.FastRelax: CMD: repack  2.80893e+06  6.2384  6.2384  0.022
protocols.relax.FastRelax: CMD: scale:fa_rep  2.80896e+06  6.2384  6.2384  0.02805
core.optimization.Minimizer: [ WARNING ] LBFGS MAX CYCLES 2000 EXCEEDED, BUT FUNC NOT CONVERGED!
protocols.relax.FastRelax: CMD: min  10385.4  1.16163  1.16163  0.02805
protocols.relax.FastRelax: CMD: coord_cst_weight  5727.21  1.16163  1.16163  0.02805
protocols.relax.FastRelax: CMD: scale:fa_rep  17343.9  1.16163  1.16163  0.14575
core.pack.task: Packer task: initialize from command line() 
core.pack.pack_rotamers: built 14271 rotamers at 985 positions.
core.pack.interaction_graph.interaction_graph_factory: Instantiating DensePDInteractionGraph
protocols.relax.FastRelax: CMD: repack  11325.4  1.16163  1.16163  0.14575
protocols.relax.FastRelax: CMD: scale:fa_rep  11795  1.16163  1.16163  0.154
core.optimization.Minimizer: [ WARNING ] LBFGS MAX CYCLES 2000 EXCEEDED, BUT FUNC NOT CONVERGED!
protocols.relax.FastRelax: CMD: min  2763.01  1.00277  1.00277  0.154
protocols.relax.FastRelax: CMD: coord_cst_weight  -642.746  1.00277  1.00277  0.154
protocols.relax.FastRelax: CMD: scale:fa_rep  354.964  1.00277  1.00277  0.30745
core.pack.task: Packer task: initialize from command line() 
core.pack.pack_rotamers: built 14063 rotamers at 985 positions.
core.pack.interaction_graph.interaction_graph_factory: Instantiating DensePDInteractionGraph
protocols.relax.FastRelax: CMD: repack  208.671  1.00277  1.00277  0.30745
protocols.relax.FastRelax: CMD: scale:fa_rep  286.538  1.00277  1.00277  0.31955
core.optimization.Minimizer: [ WARNING ] LBFGS MAX CYCLES 2000 EXCEEDED, BUT FUNC NOT CONVERGED!
protocols.relax.FastRelax: CMD: min  4740.9  8.69696  8.69696  0.31955
protocols.relax.FastRelax: CMD: coord_cst_weight  4740.9  8.69696  8.69696  0.31955
protocols.relax.FastRelax: CMD: scale:fa_rep  9907.58  8.69696  8.69696  0.55
core.pack.task: Packer task: initialize from command line() 
core.pack.pack_rotamers: built 13953 rotamers at 985 positions.
core.pack.interaction_graph.interaction_graph_factory: Instantiating DensePDInteractionGraph
protocols.relax.FastRelax: CMD: repack  4559.36  8.69696  8.69696  0.55
core.optimization.Minimizer: [ WARNING ] LBFGS MAX CYCLES 2000 EXCEEDED, BUT FUNC NOT CONVERGED!
protocols.relax.FastRelax: CMD: min  -879.741  9.49354  9.49354  0.55
protocols.relax.FastRelax: MRP: 7  -879.741  -2071.05  6.03241  6.03241  
protocols.relax.FastRelax: CMD: accept_to_best  -879.741  9.49354  9.49354  0.55
protocols.relax.FastRelax: CMD: endrepeat  -879.741  9.49354  9.49354  0.55
protocols.relax.FastRelax: CMD: coord_cst_weight  1.22081e+06  9.49354  9.49354  0.55
protocols.relax.FastRelax: CMD: scale:fa_rep  1.21943e+06  9.49354  9.49354  0.022
core.pack.task: Packer task: initialize from command line() 
core.pack.pack_rotamers: built 15587 rotamers at 985 positions.
core.pack.interaction_graph.interaction_graph_factory: Instantiating DensePDInteractionGraph
protocols.relax.FastRelax: CMD: repack  1.21926e+06  9.49354  9.49354  0.022
protocols.relax.FastRelax: CMD: scale:fa_rep  1.21929e+06  9.49354  9.49354  0.02805
core.optimization.Minimizer: [ WARNING ] LBFGS MAX CYCLES 2000 EXCEEDED, BUT FUNC NOT CONVERGED!
protocols.relax.FastRelax: CMD: min  6668.7  0.969124  0.969124  0.02805
protocols.relax.FastRelax: CMD: coord_cst_weight  3376.73  0.969124  0.969124  0.02805
protocols.relax.FastRelax: CMD: scale:fa_rep  12985.4  0.969124  0.969124  0.14575
core.pack.task: Packer task: initialize from command line() 
core.pack.pack_rotamers: built 14171 rotamers at 985 positions.
core.pack.interaction_graph.interaction_graph_factory: Instantiating DensePDInteractionGraph
protocols.relax.FastRelax: CMD: repack  8555.07  0.969124  0.969124  0.14575
protocols.relax.FastRelax: CMD: scale:fa_rep  8975.35  0.969124  0.969124  0.154
core.optimization.Minimizer: [ WARNING ] LBFGS MAX CYCLES 2000 EXCEEDED, BUT FUNC NOT CONVERGED!
protocols.relax.FastRelax: CMD: min  1706.54  0.896704  0.896704  0.154
protocols.relax.FastRelax: CMD: coord_cst_weight  -1077.92  0.896704  0.896704  0.154
protocols.relax.FastRelax: CMD: scale:fa_rep  -170.856  0.896704  0.896704  0.30745
core.pack.task: Packer task: initialize from command line() 
core.pack.pack_rotamers: built 13978 rotamers at 985 positions.
core.pack.interaction_graph.interaction_graph_factory: Instantiating DensePDInteractionGraph
protocols.relax.FastRelax: CMD: repack  -294.989  0.896704  0.896704  0.30745
protocols.relax.FastRelax: CMD: scale:fa_rep  -226.168  0.896704  0.896704  0.31955
core.optimization.Minimizer: [ WARNING ] LBFGS MAX CYCLES 2000 EXCEEDED, BUT FUNC NOT CONVERGED!
protocols.relax.FastRelax: CMD: min  -371.005  6.68425  6.68425  0.31955
protocols.relax.FastRelax: CMD: coord_cst_weight  -371.005  6.68425  6.68425  0.31955
protocols.relax.FastRelax: CMD: scale:fa_rep  1211.64  6.68425  6.68425  0.55
core.pack.task: Packer task: initialize from command line() 
core.pack.pack_rotamers: built 13726 rotamers at 985 positions.
core.pack.interaction_graph.interaction_graph_factory: Instantiating DensePDInteractionGraph
protocols.relax.FastRelax: CMD: repack  -174.209  6.68425  6.68425  0.55
core.optimization.Minimizer: [ WARNING ] LBFGS MAX CYCLES 2000 EXCEEDED, BUT FUNC NOT CONVERGED!
protocols.relax.FastRelax: CMD: min  -1697.34  7.20518  7.20518  0.55
protocols.relax.FastRelax: MRP: 8  -1697.34  -2071.05  6.03241  6.03241  
protocols.relax.FastRelax: CMD: accept_to_best  -1697.34  7.20518  7.20518  0.55
protocols.relax.FastRelax: CMD: endrepeat  -1697.34  7.20518  7.20518  0.55
protocols.relax.FastRelax: CMD: coord_cst_weight  1.72152e+06  7.20518  7.20518  0.55
protocols.relax.FastRelax: CMD: scale:fa_rep  1.72077e+06  7.20518  7.20518  0.022
core.pack.task: Packer task: initialize from command line() 
core.pack.pack_rotamers: built 15691 rotamers at 985 positions.
core.pack.interaction_graph.interaction_graph_factory: Instantiating DensePDInteractionGraph
protocols.relax.FastRelax: CMD: repack  1.72066e+06  7.20518  7.20518  0.022
protocols.relax.FastRelax: CMD: scale:fa_rep  1.7207e+06  7.20518  7.20518  0.02805
core.optimization.Minimizer: [ WARNING ] LBFGS MAX CYCLES 2000 EXCEEDED, BUT FUNC NOT CONVERGED!
protocols.relax.FastRelax: CMD: min  5449.63  0.865078  0.865078  0.02805
protocols.relax.FastRelax: CMD: coord_cst_weight  2802.5  0.865078  0.865078  0.02805
protocols.relax.FastRelax: CMD: scale:fa_rep  13113.8  0.865078  0.865078  0.14575
core.pack.task: Packer task: initialize from command line() 
core.pack.pack_rotamers: built 14218 rotamers at 985 positions.
core.pack.interaction_graph.interaction_graph_factory: Instantiating DensePDInteractionGraph
protocols.relax.FastRelax: CMD: repack  8620.82  0.865078  0.865078  0.14575
protocols.relax.FastRelax: CMD: scale:fa_rep  9084.27  0.865078  0.865078  0.154
core.optimization.Minimizer: [ WARNING ] LBFGS MAX CYCLES 2000 EXCEEDED, BUT FUNC NOT CONVERGED!
protocols.relax.FastRelax: CMD: min  1089.18  0.811512  0.811512  0.154
protocols.relax.FastRelax: CMD: coord_cst_weight  -1235.37  0.811512  0.811512  0.154
protocols.relax.FastRelax: CMD: scale:fa_rep  -325.149  0.811512  0.811512  0.30745
core.pack.task: Packer task: initialize from command line() 
core.pack.pack_rotamers: built 13640 rotamers at 985 positions.
core.pack.interaction_graph.interaction_graph_factory: Instantiating DensePDInteractionGraph
protocols.relax.FastRelax: CMD: repack  -387.933  0.811512  0.811512  0.30745
protocols.relax.FastRelax: CMD: scale:fa_rep  -317.683  0.811512  0.811512  0.31955
core.optimization.Minimizer: [ WARNING ] LBFGS MAX CYCLES 2000 EXCEEDED, BUT FUNC NOT CONVERGED!
protocols.relax.FastRelax: CMD: min  280.133  10.5775  10.5775  0.31955
protocols.relax.FastRelax: CMD: coord_cst_weight  280.133  10.5775  10.5775  0.31955
protocols.relax.FastRelax: CMD: scale:fa_rep  2364.06  10.5775  10.5775  0.55
core.pack.task: Packer task: initialize from command line() 
core.pack.pack_rotamers: built 13798 rotamers at 985 positions.
core.pack.interaction_graph.interaction_graph_factory: Instantiating DensePDInteractionGraph
protocols.relax.FastRelax: CMD: repack  -387.886  10.5775  10.5775  0.55
core.optimization.Minimizer: [ WARNING ] LBFGS MAX CYCLES 2000 EXCEEDED, BUT FUNC NOT CONVERGED!
protocols.relax.FastRelax: CMD: min  684.996  11.4049  11.4049  0.55
protocols.relax.FastRelax: MRP: 9  684.996  -2071.05  6.03241  6.03241  
protocols.relax.FastRelax: CMD: accept_to_best  684.996  11.4049  11.4049  0.55
protocols.relax.FastRelax: CMD: endrepeat  684.996  11.4049  11.4049  0.55
protocols.relax.FastRelax: CMD: coord_cst_weight  3.54496e+06  11.4049  11.4049  0.55
protocols.relax.FastRelax: CMD: scale:fa_rep  3.54191e+06  11.4049  11.4049  0.022
core.pack.task: Packer task: initialize from command line() 
core.pack.pack_rotamers: built 15642 rotamers at 985 positions.
core.pack.interaction_graph.interaction_graph_factory: Instantiating DensePDInteractionGraph
protocols.relax.FastRelax: CMD: repack  3.54174e+06  11.4049  11.4049  0.022
protocols.relax.FastRelax: CMD: scale:fa_rep  3.54177e+06  11.4049  11.4049  0.02805
core.optimization.Minimizer: [ WARNING ] LBFGS MAX CYCLES 2000 EXCEEDED, BUT FUNC NOT CONVERGED!
protocols.relax.FastRelax: CMD: min  7920.07  1.02626  1.02626  0.02805
protocols.relax.FastRelax: CMD: coord_cst_weight  4258.57  1.02626  1.02626  0.02805
protocols.relax.FastRelax: CMD: scale:fa_rep  16259  1.02626  1.02626  0.14575
core.pack.task: Packer task: initialize from command line() 
core.pack.pack_rotamers: built 14061 rotamers at 985 positions.
core.pack.interaction_graph.interaction_graph_factory: Instantiating DensePDInteractionGraph
protocols.relax.FastRelax: CMD: repack  10911.6  1.02626  1.02626  0.14575
protocols.relax.FastRelax: CMD: scale:fa_rep  11445.4  1.02626  1.02626  0.154
core.optimization.Minimizer: [ WARNING ] LBFGS MAX CYCLES 2000 EXCEEDED, BUT FUNC NOT CONVERGED!
protocols.relax.FastRelax: CMD: min  2051.33  0.896422  0.896422  0.154
protocols.relax.FastRelax: CMD: coord_cst_weight  -778.502  0.896422  0.896422  0.154
protocols.relax.FastRelax: CMD: scale:fa_rep  428.645  0.896422  0.896422  0.30745
core.pack.task: Packer task: initialize from command line() 
core.pack.pack_rotamers: built 13923 rotamers at 985 positions.
core.pack.interaction_graph.interaction_graph_factory: Instantiating DensePDInteractionGraph
protocols.relax.FastRelax: CMD: repack  343.807  0.896422  0.896422  0.30745
protocols.relax.FastRelax: CMD: scale:fa_rep  437.602  0.896422  0.896422  0.31955
core.optimization.Minimizer: [ WARNING ] LBFGS MAX CYCLES 2000 EXCEEDED, BUT FUNC NOT CONVERGED!
protocols.relax.FastRelax: CMD: min  -1630.49  6.50988  6.50988  0.31955
protocols.relax.FastRelax: CMD: coord_cst_weight  -1630.49  6.50988  6.50988  0.31955
protocols.relax.FastRelax: CMD: scale:fa_rep  -961.954  6.50988  6.50988  0.55
core.pack.task: Packer task: initialize from command line() 
core.pack.pack_rotamers: built 13851 rotamers at 985 positions.
core.pack.interaction_graph.interaction_graph_factory: Instantiating DensePDInteractionGraph
protocols.relax.FastRelax: CMD: repack  -1496.11  6.50988  6.50988  0.55
core.optimization.Minimizer: [ WARNING ] LBFGS MAX CYCLES 2000 EXCEEDED, BUT FUNC NOT CONVERGED!
protocols.relax.FastRelax: CMD: min  -1693.31  7.30864  7.30864  0.55
protocols.relax.FastRelax: MRP: 10  -1693.31  -2071.05  6.03241  6.03241  
protocols.relax.FastRelax: CMD: accept_to_best  -1693.31  7.30864  7.30864  0.55
protocols.relax.FastRelax: CMD: endrepeat  -1693.31  7.30864  7.30864  0.55
protocols.relax.FastRelax: CMD: coord_cst_weight  904601  7.30864  7.30864  0.55
protocols.relax.FastRelax: CMD: scale:fa_rep  903870  7.30864  7.30864  0.022
core.pack.task: Packer task: initialize from command line() 
core.pack.pack_rotamers: built 15683 rotamers at 985 positions.
core.pack.interaction_graph.interaction_graph_factory: Instantiating DensePDInteractionGraph
protocols.relax.FastRelax: CMD: repack  903767  7.30864  7.30864  0.022
protocols.relax.FastRelax: CMD: scale:fa_rep  903797  7.30864  7.30864  0.02805
core.optimization.Minimizer: [ WARNING ] LBFGS MAX CYCLES 2000 EXCEEDED, BUT FUNC NOT CONVERGED!
protocols.relax.FastRelax: CMD: min  4449.58  0.830555  0.830555  0.02805
protocols.relax.FastRelax: CMD: coord_cst_weight  1996.62  0.830555  0.830555  0.02805
protocols.relax.FastRelax: CMD: scale:fa_rep  10418  0.830555  0.830555  0.14575
core.pack.task: Packer task: initialize from command line() 
core.pack.pack_rotamers: built 14205 rotamers at 985 positions.
core.pack.interaction_graph.interaction_graph_factory: Instantiating DensePDInteractionGraph
protocols.relax.FastRelax: CMD: repack  7915.93  0.830555  0.830555  0.14575
protocols.relax.FastRelax: CMD: scale:fa_rep  8359.69  0.830555  0.830555  0.154
core.optimization.Minimizer: [ WARNING ] LBFGS MAX CYCLES 2000 EXCEEDED, BUT FUNC NOT CONVERGED!
protocols.relax.FastRelax: CMD: min  1245.14  0.799429  0.799429  0.154
protocols.relax.FastRelax: CMD: coord_cst_weight  -1091.86  0.799429  0.799429  0.154
protocols.relax.FastRelax: CMD: scale:fa_rep  -33.3446  0.799429  0.799429  0.30745
core.pack.task: Packer task: initialize from command line() 
core.pack.pack_rotamers: built 13983 rotamers at 985 positions.
core.pack.interaction_graph.interaction_graph_factory: Instantiating DensePDInteractionGraph
protocols.relax.FastRelax: CMD: repack  -106.857  0.799429  0.799429  0.30745
protocols.relax.FastRelax: CMD: scale:fa_rep  -24.9358  0.799429  0.799429  0.31955
core.optimization.Minimizer: [ WARNING ] LBFGS MAX CYCLES 2000 EXCEEDED, BUT FUNC NOT CONVERGED!
protocols.relax.FastRelax: CMD: min  -1935.25  6.74862  6.74862  0.31955
protocols.relax.FastRelax: CMD: coord_cst_weight  -1935.25  6.74862  6.74862  0.31955
protocols.relax.FastRelax: CMD: scale:fa_rep  -1451.41  6.74862  6.74862  0.55
core.pack.task: Packer task: initialize from command line() 
core.pack.pack_rotamers: built 13870 rotamers at 985 positions.
core.pack.interaction_graph.interaction_graph_factory: Instantiating DensePDInteractionGraph
protocols.relax.FastRelax: CMD: repack  -1495.15  6.74862  6.74862  0.55
core.optimization.Minimizer: [ WARNING ] LBFGS MAX CYCLES 2000 EXCEEDED, BUT FUNC NOT CONVERGED!
protocols.relax.FastRelax: CMD: min  -1682.84  6.84152  6.84152  0.55
protocols.relax.FastRelax: MRP: 11  -1682.84  -2071.05  6.03241  6.03241  
protocols.relax.FastRelax: CMD: accept_to_best  -1682.84  6.84152  6.84152  0.55
protocols.relax.FastRelax: CMD: endrepeat  -1682.84  6.84152  6.84152  0.55
protocols.relax.FastRelax: CMD: coord_cst_weight  576390  6.84152  6.84152  0.55
protocols.relax.FastRelax: CMD: scale:fa_rep  575637  6.84152  6.84152  0.022
core.pack.task: Packer task: initialize from command line() 
core.pack.pack_rotamers: built 15744 rotamers at 985 positions.
core.pack.interaction_graph.interaction_graph_factory: Instantiating DensePDInteractionGraph
protocols.relax.FastRelax: CMD: repack  575559  6.84152  6.84152  0.022
protocols.relax.FastRelax: CMD: scale:fa_rep  575591  6.84152  6.84152  0.02805
core.optimization.Minimizer: [ WARNING ] LBFGS MAX CYCLES 2000 EXCEEDED, BUT FUNC NOT CONVERGED!
protocols.relax.FastRelax: CMD: min  4139.71  0.82286  0.82286  0.02805
protocols.relax.FastRelax: CMD: coord_cst_weight  1647.25  0.82286  0.82286  0.02805
protocols.relax.FastRelax: CMD: scale:fa_rep  8129.05  0.82286  0.82286  0.14575
core.pack.task: Packer task: initialize from command line() 
core.pack.pack_rotamers: built 14270 rotamers at 985 positions.
core.pack.interaction_graph.interaction_graph_factory: Instantiating DensePDInteractionGraph
protocols.relax.FastRelax: CMD: repack  5505.17  0.82286  0.82286  0.14575
protocols.relax.FastRelax: CMD: scale:fa_rep  5810.2  0.82286  0.82286  0.154
core.optimization.Minimizer: [ WARNING ] LBFGS MAX CYCLES 2000 EXCEEDED, BUT FUNC NOT CONVERGED!
protocols.relax.FastRelax: CMD: min  982.916  0.79141  0.79141  0.154
protocols.relax.FastRelax: CMD: coord_cst_weight  -1360.04  0.79141  0.79141  0.154
protocols.relax.FastRelax: CMD: scale:fa_rep  -412.181  0.79141  0.79141  0.30745
core.pack.task: Packer task: initialize from command line() 
core.pack.pack_rotamers: built 14117 rotamers at 985 positions.
core.pack.interaction_graph.interaction_graph_factory: Instantiating DensePDInteractionGraph
protocols.relax.FastRelax: CMD: repack  -440.252  0.79141  0.79141  0.30745
protocols.relax.FastRelax: CMD: scale:fa_rep  -366.011  0.79141  0.79141  0.31955
core.optimization.Minimizer: [ WARNING ] LBFGS MAX CYCLES 2000 EXCEEDED, BUT FUNC NOT CONVERGED!
protocols.relax.FastRelax: CMD: min  -1893.29  7.8947  7.8947  0.31955
protocols.relax.FastRelax: CMD: coord_cst_weight  -1893.29  7.8947  7.8947  0.31955
protocols.relax.FastRelax: CMD: scale:fa_rep  -1315.26  7.8947  7.8947  0.55
core.pack.task: Packer task: initialize from command line() 
core.pack.pack_rotamers: built 13718 rotamers at 985 positions.
core.pack.interaction_graph.interaction_graph_factory: Instantiating DensePDInteractionGraph
protocols.relax.FastRelax: CMD: repack  -1589.72  7.8947  7.8947  0.55
protocols.relax.FastRelax: CMD: min  -1765.64  7.98188  7.98188  0.55
protocols.relax.FastRelax: MRP: 12  -1765.64  -2071.05  6.03241  6.03241  
protocols.relax.FastRelax: CMD: accept_to_best  -1765.64  7.98188  7.98188  0.55
protocols.relax.FastRelax: CMD: endrepeat  -1765.64  7.98188  7.98188  0.55
protocols.relax.FastRelax: CMD: coord_cst_weight  2.55849e+06  7.98188  7.98188  0.55
protocols.relax.FastRelax: CMD: scale:fa_rep  2.55775e+06  7.98188  7.98188  0.022
core.pack.task: Packer task: initialize from command line() 
core.pack.pack_rotamers: built 15640 rotamers at 985 positions.
core.pack.interaction_graph.interaction_graph_factory: Instantiating DensePDInteractionGraph
protocols.relax.FastRelax: CMD: repack  2.55767e+06  7.98188  7.98188  0.022
protocols.relax.FastRelax: CMD: scale:fa_rep  2.5577e+06  7.98188  7.98188  0.02805
core.optimization.Minimizer: [ WARNING ] LBFGS MAX CYCLES 2000 EXCEEDED, BUT FUNC NOT CONVERGED!
protocols.relax.FastRelax: CMD: min  11628.3  1.24963  1.24963  0.02805
protocols.relax.FastRelax: CMD: coord_cst_weight  6457.31  1.24963  1.24963  0.02805
protocols.relax.FastRelax: CMD: scale:fa_rep  19959.8  1.24963  1.24963  0.14575
core.pack.task: Packer task: initialize from command line() 
core.pack.pack_rotamers: built 14121 rotamers at 985 positions.
core.pack.interaction_graph.interaction_graph_factory: Instantiating DensePDInteractionGraph
protocols.relax.FastRelax: CMD: repack  12090.6  1.24963  1.24963  0.14575
protocols.relax.FastRelax: CMD: scale:fa_rep  12584.4  1.24963  1.24963  0.154
core.optimization.Minimizer: [ WARNING ] LBFGS MAX CYCLES 2000 EXCEEDED, BUT FUNC NOT CONVERGED!
protocols.relax.FastRelax: CMD: min  3210.43  1.10201  1.10201  0.154
protocols.relax.FastRelax: CMD: coord_cst_weight  -765.62  1.10201  1.10201  0.154
protocols.relax.FastRelax: CMD: scale:fa_rep  323.928  1.10201  1.10201  0.30745
core.pack.task: Packer task: initialize from command line() 
core.pack.pack_rotamers: built 14052 rotamers at 985 positions.
core.pack.interaction_graph.interaction_graph_factory: Instantiating DensePDInteractionGraph
protocols.relax.FastRelax: CMD: repack  146.085  1.10201  1.10201  0.30745
protocols.relax.FastRelax: CMD: scale:fa_rep  228.12  1.10201  1.10201  0.31955
core.optimization.Minimizer: [ WARNING ] LBFGS MAX CYCLES 2000 EXCEEDED, BUT FUNC NOT CONVERGED!
protocols.relax.FastRelax: CMD: min  -1757.57  6.79334  6.79334  0.31955
protocols.relax.FastRelax: CMD: coord_cst_weight  -1757.57  6.79334  6.79334  0.31955
protocols.relax.FastRelax: CMD: scale:fa_rep  -1188.98  6.79334  6.79334  0.55
core.pack.task: Packer task: initialize from command line() 
core.pack.pack_rotamers: built 14043 rotamers at 985 positions.
core.pack.interaction_graph.interaction_graph_factory: Instantiating DensePDInteractionGraph
protocols.relax.FastRelax: CMD: repack  -1408.59  6.79334  6.79334  0.55
core.optimization.Minimizer: [ WARNING ] LBFGS MAX CYCLES 2000 EXCEEDED, BUT FUNC NOT CONVERGED!
protocols.relax.FastRelax: CMD: min  -1736.35  6.96812  6.96812  0.55
protocols.relax.FastRelax: MRP: 13  -1736.35  -2071.05  6.03241  6.03241  
protocols.relax.FastRelax: CMD: accept_to_best  -1736.35  6.96812  6.96812  0.55
protocols.relax.FastRelax: CMD: endrepeat  -1736.35  6.96812  6.96812  0.55
protocols.relax.FastRelax: CMD: coord_cst_weight  2.52413e+06  6.96812  6.96812  0.55
protocols.relax.FastRelax: CMD: scale:fa_rep  2.5234e+06  6.96812  6.96812  0.022
core.pack.task: Packer task: initialize from command line() 
core.pack.pack_rotamers: built 15939 rotamers at 985 positions.
core.pack.interaction_graph.interaction_graph_factory: Instantiating DensePDInteractionGraph
protocols.relax.FastRelax: CMD: repack  2.52331e+06  6.96812  6.96812  0.022
protocols.relax.FastRelax: CMD: scale:fa_rep  2.52334e+06  6.96812  6.96812  0.02805
core.optimization.Minimizer: [ WARNING ] LBFGS MAX CYCLES 2000 EXCEEDED, BUT FUNC NOT CONVERGED!
protocols.relax.FastRelax: CMD: min  14127.2  1.26425  1.26425  0.02805
protocols.relax.FastRelax: CMD: coord_cst_weight  8442.36  1.26425  1.26425  0.02805
protocols.relax.FastRelax: CMD: scale:fa_rep  26833.3  1.26425  1.26425  0.14575
core.pack.task: Packer task: initialize from command line() 
core.pack.pack_rotamers: built 14119 rotamers at 985 positions.
core.pack.interaction_graph.interaction_graph_factory: Instantiating DensePDInteractionGraph
protocols.relax.FastRelax: CMD: repack  16585.9  1.26425  1.26425  0.14575
protocols.relax.FastRelax: CMD: scale:fa_rep  17292.1  1.26425  1.26425  0.154
core.optimization.Minimizer: [ WARNING ] LBFGS MAX CYCLES 2000 EXCEEDED, BUT FUNC NOT CONVERGED!
protocols.relax.FastRelax: CMD: min  3718.1  1.10734  1.10734  0.154
protocols.relax.FastRelax: CMD: coord_cst_weight  -601.295  1.10734  1.10734  0.154
protocols.relax.FastRelax: CMD: scale:fa_rep  406.834  1.10734  1.10734  0.30745
core.pack.task: Packer task: initialize from command line() 
core.pack.pack_rotamers: built 13994 rotamers at 985 positions.
core.pack.interaction_graph.interaction_graph_factory: Instantiating DensePDInteractionGraph
protocols.relax.FastRelax: CMD: repack  240.325  1.10734  1.10734  0.30745
protocols.relax.FastRelax: CMD: scale:fa_rep  315.435  1.10734  1.10734  0.31955
core.optimization.Minimizer: [ WARNING ] LBFGS MAX CYCLES 2000 EXCEEDED, BUT FUNC NOT CONVERGED!
protocols.relax.FastRelax: CMD: min  -1733.16  6.01192  6.01192  0.31955
protocols.relax.FastRelax: CMD: coord_cst_weight  -1733.16  6.01192  6.01192  0.31955
protocols.relax.FastRelax: CMD: scale:fa_rep  -1242.14  6.01192  6.01192  0.55
core.pack.task: Packer task: initialize from command line() 
core.pack.pack_rotamers: built 14056 rotamers at 985 positions.
core.pack.interaction_graph.interaction_graph_factory: Instantiating DensePDInteractionGraph
protocols.relax.FastRelax: CMD: repack  -1350.25  6.01192  6.01192  0.55
core.optimization.Minimizer: [ WARNING ] LBFGS MAX CYCLES 2000 EXCEEDED, BUT FUNC NOT CONVERGED!
protocols.relax.FastRelax: CMD: min  -1583.36  6.69896  6.69896  0.55
protocols.relax.FastRelax: MRP: 14  -1583.36  -2071.05  6.03241  6.03241  
protocols.relax.FastRelax: CMD: accept_to_best  -1583.36  6.69896  6.69896  0.55
protocols.relax.FastRelax: CMD: endrepeat  -1583.36  6.69896  6.69896  0.55
protocols::checkpoint: Deleting checkpoints of FastRelax
protocols.jd2.JobDistributor: PDE4B_dimer_prerelax_10_0001 reported success in 63008 seconds
protocols.jd2.JobDistributor: no more batches to process... 
protocols.jd2.JobDistributor: 1 jobs considered, 1 jobs attempted in 63008 seconds
basic.citation_manager.CitationManager: 
The following Rosetta modules were used during this run of Rosetta, and should be cited:

FastRelax Mover's citation(s):
*Tyka MD, *Keedy DA, André I, Dimaio F, Song Y, Richardson DC, Richardson JS, and Baker D.  (2011).  Alternate states of proteins revealed by detailed energy landscape mapping.  J Mol Biol 405(2):607-18.  doi: 10.1016/j.jmb.2010.11.008.  (*Co-primary authors.)

Khatib F, Cooper S, Tyka MD, Xu K, Makedon I, Popovic Z, Baker D, and Players F.  (2011).  Algorithm discovery by protein folding game players.  Proc Natl Acad Sci USA 108(47):18949-53.  doi: 10.1073/pnas.1115898108.

Maguire JB, Haddox HK, Strickland D, Halabiya SF, Coventry B, Griffin JR, Pulavarti SVSRK, Cummins M, Thieker DF, Klavins E, Szyperski T, DiMaio F, Baker D, and Kuhlman B.  (2021).  Perturbing the energy landscape for improved packing during computational protein design.  Proteins 89(4):436-449.  doi: 10.1002/prot.26030.


