********  (C) Copyright Rosetta Commons Member Institutions.  ***************
* Use of Rosetta for commercial purposes may require purchase of a license. *
********  See LICENSE.md or email license@uw.edu for more details. **********
core.init: Checking for fconfig files in pwd and ./rosetta/flags 
core.init: Rosetta version: rosetta.binary.ubuntu.release-408 r408 2025.37+release.df75a9c48e df75a9c48e763e52a7aa3f5dfba077f4da88dbf5 https://www.rosettacommons.org 2025-09-10T02:14:08.564791
core.init: Rosetta extras: []
core.init: command: /home/gbiuser/Downloads/rosetta.binary.ubuntu.release-408/main/source/bin/relax.default.linuxgccrelease -s ../PDE4B_dimer_prerelax.pdb -relax:thorough -relax:constrain_relax_to_start_coords -constraints:cst_file cst.cst -nstruct 1 -out:suffix _4 -out:file:silent relax_4.silent -out:file:silent_struct_type binary
basic.random.init_random_generator: 'RNG device' seed mode, using '/dev/urandom', seed=225281731 seed_offset=0 real_seed=225281731
basic.random.init_random_generator: RandomGenerator:init: Normal mode, seed=225281731 RG_type=mt19937
core.init: Resolved executable path: /home/gbiuser/Downloads/rosetta.binary.ubuntu.release-408/main/source/build/src/release/linux/6.8/64/x86/gcc/11/default/relax.default.linuxgccrelease
core.init: Looking for database based on location of executable: /home/gbiuser/Downloads/rosetta.binary.ubuntu.release-408/main/database/
core.scoring.ScoreFunctionFactory: SCOREFUNCTION: ref2015
core.scoring.etable: Starting energy table calculation
core.scoring.etable: smooth_etable: changing atr/rep split to bottom of energy well
core.scoring.etable: smooth_etable: spline smoothing lj etables (maxdis = 6)
core.scoring.etable: smooth_etable: spline smoothing solvation etables (max_dis = 6)
core.scoring.etable: Finished calculating energy tables.
basic.io.database: Database file opened: scoring/score_functions/hbonds/ref2015_params/HBPoly1D.csv
basic.io.database: Database file opened: scoring/score_functions/hbonds/ref2015_params/HBFadeIntervals.csv
basic.io.database: Database file opened: scoring/score_functions/hbonds/ref2015_params/HBEval.csv
basic.io.database: Database file opened: scoring/score_functions/hbonds/ref2015_params/DonStrength.csv
basic.io.database: Database file opened: scoring/score_functions/hbonds/ref2015_params/AccStrength.csv
core.chemical.GlobalResidueTypeSet: Finished initializing fa_standard residue type set.  Created 985 residue types
core.chemical.GlobalResidueTypeSet: Total time to initialize 1.29599 seconds.
basic.io.database: Database file opened: scoring/score_functions/rama/fd/all.ramaProb
basic.io.database: Database file opened: scoring/score_functions/rama/fd/prepro.ramaProb
basic.io.database: Database file opened: scoring/score_functions/omega/omega_ppdep.all.txt
basic.io.database: Database file opened: scoring/score_functions/omega/omega_ppdep.gly.txt
basic.io.database: Database file opened: scoring/score_functions/omega/omega_ppdep.pro.txt
basic.io.database: Database file opened: scoring/score_functions/omega/omega_ppdep.valile.txt
basic.io.database: Database file opened: scoring/score_functions/P_AA_pp/P_AA
basic.io.database: Database file opened: scoring/score_functions/P_AA_pp/P_AA_n
core.scoring.P_AA: shapovalov_lib::shap_p_aa_pp_smooth_level of 1( aka low_smooth ) got activated.
basic.io.database: Database file opened: scoring/score_functions/P_AA_pp/shapovalov/10deg/kappa131/a20.prop
protocols.relax.RelaxScriptManager: Reading relax scripts list from database.
protocols.relax.RelaxScriptManager: Looking for MonomerRelax2019.txt
protocols.relax.RelaxScriptManager: ================== Reading script file: /home/gbiuser/Downloads/rosetta.binary.ubuntu.release-408/main/database/sampling/relax_scripts/MonomerRelax2019.txt ==================
protocols.relax.RelaxScriptManager: repeat %%nrepeats%%
protocols.relax.RelaxScriptManager: coord_cst_weight 1.0
protocols.relax.RelaxScriptManager: scale:fa_rep 0.040
protocols.relax.RelaxScriptManager: repack
protocols.relax.RelaxScriptManager: scale:fa_rep 0.051
protocols.relax.RelaxScriptManager: min 0.01
protocols.relax.RelaxScriptManager: coord_cst_weight 0.5
protocols.relax.RelaxScriptManager: scale:fa_rep 0.265
protocols.relax.RelaxScriptManager: repack
protocols.relax.RelaxScriptManager: scale:fa_rep 0.280
protocols.relax.RelaxScriptManager: min 0.01
protocols.relax.RelaxScriptManager: coord_cst_weight 0.0
protocols.relax.RelaxScriptManager: scale:fa_rep 0.559
protocols.relax.RelaxScriptManager: repack
protocols.relax.RelaxScriptManager: scale:fa_rep 0.581
protocols.relax.RelaxScriptManager: min 0.01
protocols.relax.RelaxScriptManager: coord_cst_weight 0.0
protocols.relax.RelaxScriptManager: scale:fa_rep 1
protocols.relax.RelaxScriptManager: repack
protocols.relax.RelaxScriptManager: min 0.00001
protocols.relax.RelaxScriptManager: accept_to_best
protocols.relax.RelaxScriptManager: endrepeat
core.scoring.constraints.util: Constraint choice: cst.cst
protocols.jd2.PDBJobInputter: Instantiate PDBJobInputter
protocols.jd2.PDBJobInputter: PDBJobInputter::fill_jobs
protocols.jd2.PDBJobInputter: pushed ../PDE4B_dimer_prerelax.pdb nstruct index 1
protocols.evaluation.ChiWellRmsdEvaluatorCreator: Evaluation Creator active ... 
protocols.jd2.PDBJobInputter: PDBJobInputter::pose_from_job
protocols.jd2.PDBJobInputter: filling pose from PDB ../PDE4B_dimer_prerelax.pdb
core.import_pose.import_pose: File '../PDE4B_dimer_prerelax.pdb' automatically determined to be of type PDB from contents.
core.io.pose_from_sfr.PoseFromSFRBuilder: [ WARNING ] discarding 3 atoms at position 1 in file ../PDE4B_dimer_prerelax.pdb. Best match rsd_type:  VAL:NtermProteinFull
core.io.pose_from_sfr.PoseFromSFRBuilder: [ WARNING ] discarding 3 atoms at position 493 in file ../PDE4B_dimer_prerelax.pdb. Best match rsd_type:  VAL:NtermProteinFull
core.scoring.constraints.ConstraintsIO: read constraints from cst.cst
core.scoring.constraints.ConstraintsIO: Read in 30 constraints
basic.io.database: Database file opened: scoring/score_functions/elec_cp_reps.dat
core.scoring.elec.util: Read 40 countpair representative atoms
core.pack.dunbrack.RotamerLibrary: shapovalov_lib_fixes_enable option is true.
core.pack.dunbrack.RotamerLibrary: shapovalov_lib::shap_dun10_smooth_level of 1( aka lowest_smooth ) got activated.
core.pack.dunbrack.RotamerLibrary: Binary rotamer library selected: /home/gbiuser/Downloads/rosetta.binary.ubuntu.release-408/main/database/rotamer/shapovalov/StpDwn_0-0-0/Dunbrack10.lib.bin
core.pack.dunbrack.RotamerLibrary: Using Dunbrack library binary file '/home/gbiuser/Downloads/rosetta.binary.ubuntu.release-408/main/database/rotamer/shapovalov/StpDwn_0-0-0/Dunbrack10.lib.bin'.
core.pack.dunbrack.RotamerLibrary: Dunbrack 2010 library took 0.368587 seconds to load from binary
protocols.relax.FastRelax: CMD: repeat  78225  0  0  0.55
protocols.relax.FastRelax: CMD: coord_cst_weight  78225  0  0  0.55
protocols.relax.FastRelax: CMD: scale:fa_rep  629.391  0  0  0.022
core.pack.task: Packer task: initialize from command line() 
core.pack.pack_rotamers: built 15500 rotamers at 985 positions.
core.pack.interaction_graph.interaction_graph_factory: Instantiating DensePDInteractionGraph
protocols.relax.FastRelax: CMD: repack  -285.802  0  0  0.022
protocols.relax.FastRelax: CMD: scale:fa_rep  439.858  0  0  0.02805
core.optimization.Minimizer: [ WARNING ] LBFGS MAX CYCLES 2000 EXCEEDED, BUT FUNC NOT CONVERGED!
protocols.relax.FastRelax: CMD: min  -1612.55  0.278488  0.278488  0.02805
protocols.relax.FastRelax: CMD: coord_cst_weight  -1874.09  0.278488  0.278488  0.02805
protocols.relax.FastRelax: CMD: scale:fa_rep  2362.85  0.278488  0.278488  0.14575
core.pack.task: Packer task: initialize from command line() 
core.pack.pack_rotamers: built 14366 rotamers at 985 positions.
core.pack.interaction_graph.interaction_graph_factory: Instantiating DensePDInteractionGraph
protocols.relax.FastRelax: CMD: repack  2196.25  0.278488  0.278488  0.14575
protocols.relax.FastRelax: CMD: scale:fa_rep  2479.69  0.278488  0.278488  0.154
core.optimization.Minimizer: [ WARNING ] LBFGS MAX CYCLES 2000 EXCEEDED, BUT FUNC NOT CONVERGED!
protocols.relax.FastRelax: CMD: min  -785.165  0.519542  0.519542  0.154
protocols.relax.FastRelax: CMD: coord_cst_weight  -1753.67  0.519542  0.519542  0.154
protocols.relax.FastRelax: CMD: scale:fa_rep  -711.555  0.519542  0.519542  0.30745
core.pack.task: Packer task: initialize from command line() 
core.pack.pack_rotamers: built 14023 rotamers at 985 positions.
core.pack.interaction_graph.interaction_graph_factory: Instantiating DensePDInteractionGraph
protocols.relax.FastRelax: CMD: repack  -790.4  0.519542  0.519542  0.30745
protocols.relax.FastRelax: CMD: scale:fa_rep  -710.584  0.519542  0.519542  0.31955
core.optimization.Minimizer: [ WARNING ] LBFGS MAX CYCLES 2000 EXCEEDED, BUT FUNC NOT CONVERGED!
protocols.relax.FastRelax: CMD: min  -1975.43  5.07773  5.07773  0.31955
protocols.relax.FastRelax: CMD: coord_cst_weight  -1975.43  5.07773  5.07773  0.31955
protocols.relax.FastRelax: CMD: scale:fa_rep  -1253.26  5.07773  5.07773  0.55
core.pack.task: Packer task: initialize from command line() 
core.pack.pack_rotamers: built 14219 rotamers at 985 positions.
core.pack.interaction_graph.interaction_graph_factory: Instantiating DensePDInteractionGraph
protocols.relax.FastRelax: CMD: repack  -1865.89  5.07773  5.07773  0.55
protocols.relax.FastRelax: CMD: min  -2020.27  5.04383  5.04383  0.55
protocols.relax.FastRelax: MRP: 0  -2020.27  -2020.27  5.04383  5.04383  
protocols.relax.FastRelax: CMD: accept_to_best  -2020.27  5.04383  5.04383  0.55
protocols.relax.FastRelax: CMD: endrepeat  -2020.27  5.04383  5.04383  0.55
protocols.relax.FastRelax: CMD: coord_cst_weight  1.76817e+06  5.04383  5.04383  0.55
protocols.relax.FastRelax: CMD: scale:fa_rep  1.76742e+06  5.04383  5.04383  0.022
core.pack.task: Packer task: initialize from command line() 
core.pack.pack_rotamers: built 16230 rotamers at 985 positions.
core.pack.interaction_graph.interaction_graph_factory: Instantiating DensePDInteractionGraph
protocols.relax.FastRelax: CMD: repack  1.76737e+06  5.04383  5.04383  0.022
protocols.relax.FastRelax: CMD: scale:fa_rep  1.76741e+06  5.04383  5.04383  0.02805
core.optimization.Minimizer: [ WARNING ] LBFGS MAX CYCLES 2000 EXCEEDED, BUT FUNC NOT CONVERGED!
protocols.relax.FastRelax: CMD: min  11955.9  1.2919  1.2919  0.02805
protocols.relax.FastRelax: CMD: coord_cst_weight  6798.05  1.2919  1.2919  0.02805
protocols.relax.FastRelax: CMD: scale:fa_rep  21962.4  1.2919  1.2919  0.14575
core.pack.task: Packer task: initialize from command line() 
core.pack.pack_rotamers: built 14548 rotamers at 985 positions.
core.pack.interaction_graph.interaction_graph_factory: Instantiating DensePDInteractionGraph
protocols.relax.FastRelax: CMD: repack  15235.5  1.2919  1.2919  0.14575
protocols.relax.FastRelax: CMD: scale:fa_rep  15916.5  1.2919  1.2919  0.154
core.optimization.LineMinimizer: Inaccurate G in step= 9.53674e-09 Deriv= -22119.1 Finite Diff= 6.67662e+09
core.optimization.LineMinimizer: Inaccurate G in step= 4.6859e-09 Deriv= -5730.96 Finite Diff= 1.38537e+10
core.optimization.LineMinimizer: Inaccurate G in step= 4.69518e-09 Deriv= -1.54678e+06 Finite Diff= 1.35002e+10
core.optimization.LineMinimizer: Inaccurate G in step= 5.10471e-09 Deriv= -215573 Finite Diff= 1.27149e+10
core.optimization.LineMinimizer: Inaccurate G in step= 5.13208e-09 Deriv= -1.47106e+06 Finite Diff= 1.26414e+10
core.optimization.LineMinimizer: Inaccurate G in step= 2.56948e-09 Deriv= -8.81636e+06 Finite Diff= 2.52431e+10
core.optimization.Minimizer: Line search failed even after resetting Hessian; aborting at iter#900
protocols.relax.FastRelax: CMD: min  4027.65  1.24096  1.24096  0.154
protocols.relax.FastRelax: CMD: coord_cst_weight  -740.762  1.24096  1.24096  0.154
protocols.relax.FastRelax: CMD: scale:fa_rep  477.82  1.24096  1.24096  0.30745
core.pack.task: Packer task: initialize from command line() 
core.pack.pack_rotamers: built 14200 rotamers at 985 positions.
core.pack.interaction_graph.interaction_graph_factory: Instantiating DensePDInteractionGraph
protocols.relax.FastRelax: CMD: repack  226.721  1.24096  1.24096  0.30745
protocols.relax.FastRelax: CMD: scale:fa_rep  316.466  1.24096  1.24096  0.31955
core.optimization.LineMinimizer: Inaccurate G in step= 3.8147e-08 Deriv= -2.35338e+07 Finite Diff= 1.67833e+09
core.optimization.LineMinimizer: Inaccurate G in step= 6.29078e-09 Deriv= -2.35338e+07 Finite Diff= 1.02959e+10
core.optimization.Minimizer: Line search failed even after resetting Hessian; aborting at iter#1
protocols.relax.FastRelax: CMD: min  316.466  1.24096  1.24096  0.31955
protocols.relax.FastRelax: CMD: coord_cst_weight  316.466  1.24096  1.24096  0.31955
protocols.relax.FastRelax: CMD: scale:fa_rep  2025.71  1.24096  1.24096  0.55
core.pack.task: Packer task: initialize from command line() 
core.pack.pack_rotamers: built 13688 rotamers at 985 positions.
core.pack.interaction_graph.interaction_graph_factory: Instantiating DensePDInteractionGraph
protocols.relax.FastRelax: CMD: repack  2007.87  1.24096  1.24096  0.55
core.optimization.Minimizer: [ WARNING ] LBFGS MAX CYCLES 2000 EXCEEDED, BUT FUNC NOT CONVERGED!
protocols.relax.FastRelax: CMD: min  -1002.03  9.30888  9.30888  0.55
protocols.relax.FastRelax: MRP: 1  -1002.03  -2020.27  5.04383  5.04383  
protocols.relax.FastRelax: CMD: accept_to_best  -1002.03  9.30888  9.30888  0.55
protocols.relax.FastRelax: CMD: endrepeat  -1002.03  9.30888  9.30888  0.55
protocols.relax.FastRelax: CMD: coord_cst_weight  2.38491e+06  9.30888  9.30888  0.55
protocols.relax.FastRelax: CMD: scale:fa_rep  2.38352e+06  9.30888  9.30888  0.022
core.pack.task: Packer task: initialize from command line() 
core.pack.pack_rotamers: built 15957 rotamers at 985 positions.
core.pack.interaction_graph.interaction_graph_factory: Instantiating DensePDInteractionGraph
protocols.relax.FastRelax: CMD: repack  2.38335e+06  9.30888  9.30888  0.022
protocols.relax.FastRelax: CMD: scale:fa_rep  2.38338e+06  9.30888  9.30888  0.02805
core.optimization.Minimizer: [ WARNING ] LBFGS MAX CYCLES 2000 EXCEEDED, BUT FUNC NOT CONVERGED!
protocols.relax.FastRelax: CMD: min  9341.28  1.07914  1.07914  0.02805
protocols.relax.FastRelax: CMD: coord_cst_weight  5499.65  1.07914  1.07914  0.02805
protocols.relax.FastRelax: CMD: scale:fa_rep  21439.9  1.07914  1.07914  0.14575
core.pack.task: Packer task: initialize from command line() 
core.pack.pack_rotamers: built 14391 rotamers at 985 positions.
core.pack.interaction_graph.interaction_graph_factory: Instantiating DensePDInteractionGraph
protocols.relax.FastRelax: CMD: repack  13923.7  1.07914  1.07914  0.14575
protocols.relax.FastRelax: CMD: scale:fa_rep  14611.8  1.07914  1.07914  0.154
core.optimization.LineMinimizer: Inaccurate G in step= 4.76837e-09 Deriv= -24673.4 Finite Diff= 1.8039e+10
core.optimization.LineMinimizer: Inaccurate G in step= 2.50144e-09 Deriv= -250874 Finite Diff= 3.43845e+10
core.optimization.LineMinimizer: Inaccurate G in step= 8.78096e-09 Deriv= -754911 Finite Diff= 9.79448e+09
core.optimization.Minimizer: Line search failed even after resetting Hessian; aborting at iter#742
protocols.relax.FastRelax: CMD: min  2922.54  1.03714  1.03714  0.154
protocols.relax.FastRelax: CMD: coord_cst_weight  -678.086  1.03714  1.03714  0.154
protocols.relax.FastRelax: CMD: scale:fa_rep  711.739  1.03714  1.03714  0.30745
core.pack.task: Packer task: initialize from command line() 
core.pack.pack_rotamers: built 14098 rotamers at 985 positions.
core.pack.interaction_graph.interaction_graph_factory: Instantiating DensePDInteractionGraph
protocols.relax.FastRelax: CMD: repack  101.27  1.03714  1.03714  0.30745
protocols.relax.FastRelax: CMD: scale:fa_rep  187.594  1.03714  1.03714  0.31955
core.optimization.LineMinimizer: Inaccurate G in step= 3.8147e-08 Deriv= -3.1786e+07 Finite Diff= 2.22327e+09
core.optimization.LineMinimizer: Inaccurate G in step= 5.41293e-09 Deriv= -3.1786e+07 Finite Diff= 1.58593e+10
core.optimization.Minimizer: Line search failed even after resetting Hessian; aborting at iter#1
protocols.relax.FastRelax: CMD: min  187.594  1.03714  1.03714  0.31955
protocols.relax.FastRelax: CMD: coord_cst_weight  187.594  1.03714  1.03714  0.31955
protocols.relax.FastRelax: CMD: scale:fa_rep  1831.67  1.03714  1.03714  0.55
core.pack.task: Packer task: initialize from command line() 
core.pack.pack_rotamers: built 13707 rotamers at 985 positions.
core.pack.interaction_graph.interaction_graph_factory: Instantiating DensePDInteractionGraph
protocols.relax.FastRelax: CMD: repack  1814.06  1.03714  1.03714  0.55
core.optimization.Minimizer: [ WARNING ] LBFGS MAX CYCLES 2000 EXCEEDED, BUT FUNC NOT CONVERGED!
protocols.relax.FastRelax: CMD: min  -1569.14  7.0773  7.0773  0.55
protocols.relax.FastRelax: MRP: 2  -1569.14  -2020.27  5.04383  5.04383  
protocols.relax.FastRelax: CMD: accept_to_best  -1569.14  7.0773  7.0773  0.55
protocols.relax.FastRelax: CMD: endrepeat  -1569.14  7.0773  7.0773  0.55
protocols.relax.FastRelax: CMD: coord_cst_weight  1.19837e+06  7.0773  7.0773  0.55
protocols.relax.FastRelax: CMD: scale:fa_rep  1.1976e+06  7.0773  7.0773  0.022
core.pack.task: Packer task: initialize from command line() 
core.pack.pack_rotamers: built 15895 rotamers at 985 positions.
core.pack.interaction_graph.interaction_graph_factory: Instantiating DensePDInteractionGraph
protocols.relax.FastRelax: CMD: repack  1.19741e+06  7.0773  7.0773  0.022
protocols.relax.FastRelax: CMD: scale:fa_rep  1.19745e+06  7.0773  7.0773  0.02805
core.optimization.Minimizer: [ WARNING ] LBFGS MAX CYCLES 2000 EXCEEDED, BUT FUNC NOT CONVERGED!
protocols.relax.FastRelax: CMD: min  4523.22  0.818781  0.818781  0.02805
protocols.relax.FastRelax: CMD: coord_cst_weight  2345.15  0.818781  0.818781  0.02805
protocols.relax.FastRelax: CMD: scale:fa_rep  13249.6  0.818781  0.818781  0.14575
core.pack.task: Packer task: initialize from command line() 
core.pack.pack_rotamers: built 14307 rotamers at 985 positions.
core.pack.interaction_graph.interaction_graph_factory: Instantiating DensePDInteractionGraph
protocols.relax.FastRelax: CMD: repack  8781.74  0.818781  0.818781  0.14575
protocols.relax.FastRelax: CMD: scale:fa_rep  9290.72  0.818781  0.818781  0.154
core.optimization.Minimizer: [ WARNING ] LBFGS MAX CYCLES 2000 EXCEEDED, BUT FUNC NOT CONVERGED!
protocols.relax.FastRelax: CMD: min  698.898  0.784735  0.784735  0.154
protocols.relax.FastRelax: CMD: coord_cst_weight  -1399.76  0.784735  0.784735  0.154
protocols.relax.FastRelax: CMD: scale:fa_rep  -465.8  0.784735  0.784735  0.30745
core.pack.task: Packer task: initialize from command line() 
core.pack.pack_rotamers: built 14135 rotamers at 985 positions.
core.pack.interaction_graph.interaction_graph_factory: Instantiating DensePDInteractionGraph
protocols.relax.FastRelax: CMD: repack  -548.744  0.784735  0.784735  0.30745
protocols.relax.FastRelax: CMD: scale:fa_rep  -477.194  0.784735  0.784735  0.31955
core.optimization.Minimizer: [ WARNING ] LBFGS MAX CYCLES 2000 EXCEEDED, BUT FUNC NOT CONVERGED!
protocols.relax.FastRelax: CMD: min  -2092.18  6.0067  6.0067  0.31955
protocols.relax.FastRelax: CMD: coord_cst_weight  -2092.18  6.0067  6.0067  0.31955
protocols.relax.FastRelax: CMD: scale:fa_rep  -1622.15  6.0067  6.0067  0.55
core.pack.task: Packer task: initialize from command line() 
core.pack.pack_rotamers: built 14018 rotamers at 985 positions.
core.pack.interaction_graph.interaction_graph_factory: Instantiating DensePDInteractionGraph
protocols.relax.FastRelax: CMD: repack  -1657.33  6.0067  6.0067  0.55
protocols.relax.FastRelax: CMD: min  -1849.86  6.02142  6.02142  0.55
protocols.relax.FastRelax: MRP: 3  -1849.86  -2020.27  5.04383  5.04383  
protocols.relax.FastRelax: CMD: accept_to_best  -1849.86  6.02142  6.02142  0.55
protocols.relax.FastRelax: CMD: endrepeat  -1849.86  6.02142  6.02142  0.55
protocols.relax.FastRelax: CMD: coord_cst_weight  877767  6.02142  6.02142  0.55
protocols.relax.FastRelax: CMD: scale:fa_rep  877031  6.02142  6.02142  0.022
core.pack.task: Packer task: initialize from command line() 
core.pack.pack_rotamers: built 15989 rotamers at 985 positions.
core.pack.interaction_graph.interaction_graph_factory: Instantiating DensePDInteractionGraph
protocols.relax.FastRelax: CMD: repack  876956  6.02142  6.02142  0.022
protocols.relax.FastRelax: CMD: scale:fa_rep  876989  6.02142  6.02142  0.02805
core.optimization.Minimizer: [ WARNING ] LBFGS MAX CYCLES 2000 EXCEEDED, BUT FUNC NOT CONVERGED!
protocols.relax.FastRelax: CMD: min  2172.96  0.690467  0.690467  0.02805
protocols.relax.FastRelax: CMD: coord_cst_weight  563.019  0.690467  0.690467  0.02805
protocols.relax.FastRelax: CMD: scale:fa_rep  7526.88  0.690467  0.690467  0.14575
core.pack.task: Packer task: initialize from command line() 
core.pack.pack_rotamers: built 14487 rotamers at 985 positions.
core.pack.interaction_graph.interaction_graph_factory: Instantiating DensePDInteractionGraph
protocols.relax.FastRelax: CMD: repack  5157.37  0.690467  0.690467  0.14575
protocols.relax.FastRelax: CMD: scale:fa_rep  5505.36  0.690467  0.690467  0.154
core.optimization.Minimizer: [ WARNING ] LBFGS MAX CYCLES 2000 EXCEEDED, BUT FUNC NOT CONVERGED!
protocols.relax.FastRelax: CMD: min  56.3021  0.722623  0.722623  0.154
protocols.relax.FastRelax: CMD: coord_cst_weight  -1753.25  0.722623  0.722623  0.154
protocols.relax.FastRelax: CMD: scale:fa_rep  -980.078  0.722623  0.722623  0.30745
core.pack.task: Packer task: initialize from command line() 
core.pack.pack_rotamers: built 14093 rotamers at 985 positions.
core.pack.interaction_graph.interaction_graph_factory: Instantiating DensePDInteractionGraph
protocols.relax.FastRelax: CMD: repack  -1021.34  0.722623  0.722623  0.30745
protocols.relax.FastRelax: CMD: scale:fa_rep  -962.252  0.722623  0.722623  0.31955
core.optimization.Minimizer: [ WARNING ] LBFGS MAX CYCLES 2000 EXCEEDED, BUT FUNC NOT CONVERGED!
protocols.relax.FastRelax: CMD: min  -2129.03  5.30126  5.30126  0.31955
protocols.relax.FastRelax: CMD: coord_cst_weight  -2129.03  5.30126  5.30126  0.31955
protocols.relax.FastRelax: CMD: scale:fa_rep  -1658.1  5.30126  5.30126  0.55
core.pack.task: Packer task: initialize from command line() 
core.pack.pack_rotamers: built 13986 rotamers at 985 positions.
core.pack.interaction_graph.interaction_graph_factory: Instantiating DensePDInteractionGraph
protocols.relax.FastRelax: CMD: repack  -1694.63  5.30126  5.30126  0.55
protocols.relax.FastRelax: CMD: min  -1849.79  5.76753  5.76753  0.55
protocols.relax.FastRelax: MRP: 4  -1849.79  -2020.27  5.04383  5.04383  
protocols.relax.FastRelax: CMD: accept_to_best  -1849.79  5.76753  5.76753  0.55
protocols.relax.FastRelax: CMD: endrepeat  -1849.79  5.76753  5.76753  0.55
protocols.relax.FastRelax: CMD: coord_cst_weight  1.74191e+06  5.76753  5.76753  0.55
protocols.relax.FastRelax: CMD: scale:fa_rep  1.74117e+06  5.76753  5.76753  0.022
core.pack.task: Packer task: initialize from command line() 
core.pack.pack_rotamers: built 16033 rotamers at 985 positions.
core.pack.interaction_graph.interaction_graph_factory: Instantiating DensePDInteractionGraph
protocols.relax.FastRelax: CMD: repack  1.74109e+06  5.76753  5.76753  0.022
protocols.relax.FastRelax: CMD: scale:fa_rep  1.74111e+06  5.76753  5.76753  0.02805
core.optimization.LineMinimizer: Inaccurate G in step= 9.53674e-09 Deriv= -277433 Finite Diff= 1.57936e+10
core.optimization.LineMinimizer: Inaccurate G in step= 6.11729e-09 Deriv= -7.52801e+06 Finite Diff= 2.42859e+10
core.optimization.LineMinimizer: Inaccurate G in step= 9.56205e-09 Deriv= -1.01859e+07 Finite Diff= 1.55315e+10
core.optimization.Minimizer: Line search failed even after resetting Hessian; aborting at iter#1531
protocols.relax.FastRelax: CMD: min  10660.7  1.12359  1.12359  0.02805
protocols.relax.FastRelax: CMD: coord_cst_weight  6327.84  1.12359  1.12359  0.02805
protocols.relax.FastRelax: CMD: scale:fa_rep  22193.3  1.12359  1.12359  0.14575
core.pack.task: Packer task: initialize from command line() 
core.pack.pack_rotamers: built 14207 rotamers at 985 positions.
core.pack.interaction_graph.interaction_graph_factory: Instantiating DensePDInteractionGraph
protocols.relax.FastRelax: CMD: repack  14423.6  1.12359  1.12359  0.14575
protocols.relax.FastRelax: CMD: scale:fa_rep  15091.8  1.12359  1.12359  0.154
core.optimization.LineMinimizer: Inaccurate G in step= 3.8147e-08 Deriv= -1.23388e+08 Finite Diff= 3.82671e+09
core.optimization.LineMinimizer: Inaccurate G in step= 2.74734e-09 Deriv= -1.23388e+08 Finite Diff= 5.47122e+10
core.optimization.Minimizer: Line search failed even after resetting Hessian; aborting at iter#1
protocols.relax.FastRelax: CMD: min  15091.8  1.12359  1.12359  0.154
protocols.relax.FastRelax: CMD: coord_cst_weight  10758.9  1.12359  1.12359  0.154
protocols.relax.FastRelax: CMD: scale:fa_rep  23188.8  1.12359  1.12359  0.30745
core.pack.task: Packer task: initialize from command line() 
core.pack.pack_rotamers: built 13694 rotamers at 985 positions.
core.pack.interaction_graph.interaction_graph_factory: Instantiating DensePDInteractionGraph
protocols.relax.FastRelax: CMD: repack  23105.5  1.12359  1.12359  0.30745
protocols.relax.FastRelax: CMD: scale:fa_rep  24079.6  1.12359  1.12359  0.31955
protocols.relax.FastRelax: CMD: min  235535  54.2546  54.2546  0.31955
protocols.relax.FastRelax: CMD: coord_cst_weight  235535  54.2546  54.2546  0.31955
protocols.relax.FastRelax: CMD: scale:fa_rep  407752  54.2546  54.2546  0.55
core.pack.task: Packer task: initialize from command line() 
core.pack.pack_rotamers: built 12005 rotamers at 985 positions.
core.pack.interaction_graph.interaction_graph_factory: Instantiating DensePDInteractionGraph
protocols.relax.FastRelax: CMD: repack  308530  54.2546  54.2546  0.55
protocols.relax.FastRelax: CMD: min  105128  85.6922  85.6922  0.55
protocols.relax.FastRelax: MRP: 5  105128  -2020.27  5.04383  5.04383  
protocols.relax.FastRelax: CMD: accept_to_best  105128  85.6922  85.6922  0.55
protocols.relax.FastRelax: CMD: endrepeat  105128  85.6922  85.6922  0.55
protocols.relax.FastRelax: CMD: coord_cst_weight  2.06179e+08  85.6922  85.6922  0.55
protocols.relax.FastRelax: CMD: scale:fa_rep  2.06077e+08  85.6922  85.6922  0.022
core.pack.task: Packer task: initialize from command line() 
core.pack.pack_rotamers: built 14756 rotamers at 985 positions.
core.pack.interaction_graph.interaction_graph_factory: Instantiating DensePDInteractionGraph
protocols.relax.FastRelax: CMD: repack  2.06075e+08  85.6922  85.6922  0.022
protocols.relax.FastRelax: CMD: scale:fa_rep  2.06075e+08  85.6922  85.6922  0.02805
core.optimization.Minimizer: [ WARNING ] LBFGS MAX CYCLES 2000 EXCEEDED, BUT FUNC NOT CONVERGED!
protocols.relax.FastRelax: CMD: min  32110  1.78424  1.78424  0.02805
protocols.relax.FastRelax: CMD: coord_cst_weight  21767.3  1.78424  1.78424  0.02805
protocols.relax.FastRelax: CMD: scale:fa_rep  69558  1.78424  1.78424  0.14575
core.pack.task: Packer task: initialize from command line() 
core.pack.pack_rotamers: built 13512 rotamers at 985 positions.
core.pack.interaction_graph.interaction_graph_factory: Instantiating DensePDInteractionGraph
protocols.relax.FastRelax: CMD: repack  38514.6  1.78424  1.78424  0.14575
protocols.relax.FastRelax: CMD: scale:fa_rep  40109.3  1.78424  1.78424  0.154
core.optimization.Minimizer: [ WARNING ] LBFGS MAX CYCLES 2000 EXCEEDED, BUT FUNC NOT CONVERGED!
protocols.relax.FastRelax: CMD: min  9180.66  1.5152  1.5152  0.154
protocols.relax.FastRelax: CMD: coord_cst_weight  1681.09  1.5152  1.5152  0.154
protocols.relax.FastRelax: CMD: scale:fa_rep  3466.19  1.5152  1.5152  0.30745
core.pack.task: Packer task: initialize from command line() 
core.pack.pack_rotamers: built 13769 rotamers at 985 positions.
core.pack.interaction_graph.interaction_graph_factory: Instantiating DensePDInteractionGraph
protocols.relax.FastRelax: CMD: repack  2751.74  1.5152  1.5152  0.30745
protocols.relax.FastRelax: CMD: scale:fa_rep  2871.76  1.5152  1.5152  0.31955
core.optimization.Minimizer: [ WARNING ] LBFGS MAX CYCLES 2000 EXCEEDED, BUT FUNC NOT CONVERGED!
protocols.relax.FastRelax: CMD: min  860.66  7.2922  7.2922  0.31955
protocols.relax.FastRelax: CMD: coord_cst_weight  860.66  7.2922  7.2922  0.31955
protocols.relax.FastRelax: CMD: scale:fa_rep  2824.46  7.2922  7.2922  0.55
core.pack.task: Packer task: initialize from command line() 
core.pack.pack_rotamers: built 13840 rotamers at 985 positions.
core.pack.interaction_graph.interaction_graph_factory: Instantiating DensePDInteractionGraph
protocols.relax.FastRelax: CMD: repack  -882.209  7.2922  7.2922  0.55
core.optimization.Minimizer: [ WARNING ] LBFGS MAX CYCLES 2000 EXCEEDED, BUT FUNC NOT CONVERGED!
protocols.relax.FastRelax: CMD: min  -1241.42  8.6982  8.6982  0.55
protocols.relax.FastRelax: MRP: 6  -1241.42  -2020.27  5.04383  5.04383  
protocols.relax.FastRelax: CMD: accept_to_best  -1241.42  8.6982  8.6982  0.55
protocols.relax.FastRelax: CMD: endrepeat  -1241.42  8.6982  8.6982  0.55
protocols.relax.FastRelax: CMD: coord_cst_weight  1.31894e+06  8.6982  8.6982  0.55
protocols.relax.FastRelax: CMD: scale:fa_rep  1.31824e+06  8.6982  8.6982  0.022
core.pack.task: Packer task: initialize from command line() 
core.pack.pack_rotamers: built 15797 rotamers at 985 positions.
core.pack.interaction_graph.interaction_graph_factory: Instantiating DensePDInteractionGraph
protocols.relax.FastRelax: CMD: repack  1.3181e+06  8.6982  8.6982  0.022
protocols.relax.FastRelax: CMD: scale:fa_rep  1.31813e+06  8.6982  8.6982  0.02805
core.optimization.Minimizer: [ WARNING ] LBFGS MAX CYCLES 2000 EXCEEDED, BUT FUNC NOT CONVERGED!
protocols.relax.FastRelax: CMD: min  13773.8  1.30574  1.30574  0.02805
protocols.relax.FastRelax: CMD: coord_cst_weight  8008.8  1.30574  1.30574  0.02805
protocols.relax.FastRelax: CMD: scale:fa_rep  23401.1  1.30574  1.30574  0.14575
core.pack.task: Packer task: initialize from command line() 
core.pack.pack_rotamers: built 13978 rotamers at 985 positions.
core.pack.interaction_graph.interaction_graph_factory: Instantiating DensePDInteractionGraph
protocols.relax.FastRelax: CMD: repack  16005.6  1.30574  1.30574  0.14575
protocols.relax.FastRelax: CMD: scale:fa_rep  16665.5  1.30574  1.30574  0.154
core.optimization.Minimizer: [ WARNING ] LBFGS MAX CYCLES 2000 EXCEEDED, BUT FUNC NOT CONVERGED!
protocols.relax.FastRelax: CMD: min  4197.14  1.13845  1.13845  0.154
protocols.relax.FastRelax: CMD: coord_cst_weight  -225.797  1.13845  1.13845  0.154
protocols.relax.FastRelax: CMD: scale:fa_rep  783.212  1.13845  1.13845  0.30745
core.pack.task: Packer task: initialize from command line() 
core.pack.pack_rotamers: built 13909 rotamers at 985 positions.
core.pack.interaction_graph.interaction_graph_factory: Instantiating DensePDInteractionGraph
protocols.relax.FastRelax: CMD: repack  580.33  1.13845  1.13845  0.30745
protocols.relax.FastRelax: CMD: scale:fa_rep  655.982  1.13845  1.13845  0.31955
core.optimization.Minimizer: [ WARNING ] LBFGS MAX CYCLES 2000 EXCEEDED, BUT FUNC NOT CONVERGED!
protocols.relax.FastRelax: CMD: min  -1539.02  5.6652  5.6652  0.31955
protocols.relax.FastRelax: CMD: coord_cst_weight  -1539.02  5.6652  5.6652  0.31955
protocols.relax.FastRelax: CMD: scale:fa_rep  -1091.97  5.6652  5.6652  0.55
core.pack.task: Packer task: initialize from command line() 
core.pack.pack_rotamers: built 14018 rotamers at 985 positions.
core.pack.interaction_graph.interaction_graph_factory: Instantiating DensePDInteractionGraph
protocols.relax.FastRelax: CMD: repack  -1158.09  5.6652  5.6652  0.55
core.optimization.Minimizer: [ WARNING ] LBFGS MAX CYCLES 2000 EXCEEDED, BUT FUNC NOT CONVERGED!
protocols.relax.FastRelax: CMD: min  -1426.32  6.39531  6.39531  0.55
protocols.relax.FastRelax: MRP: 7  -1426.32  -2020.27  5.04383  5.04383  
protocols.relax.FastRelax: CMD: accept_to_best  -1426.32  6.39531  6.39531  0.55
protocols.relax.FastRelax: CMD: endrepeat  -1426.32  6.39531  6.39531  0.55
protocols.relax.FastRelax: CMD: coord_cst_weight  2.42172e+06  6.39531  6.39531  0.55
protocols.relax.FastRelax: CMD: scale:fa_rep  2.42103e+06  6.39531  6.39531  0.022
core.pack.task: Packer task: initialize from command line() 
core.pack.pack_rotamers: built 15884 rotamers at 985 positions.
core.pack.interaction_graph.interaction_graph_factory: Instantiating DensePDInteractionGraph
protocols.relax.FastRelax: CMD: repack  2.4209e+06  6.39531  6.39531  0.022
protocols.relax.FastRelax: CMD: scale:fa_rep  2.42094e+06  6.39531  6.39531  0.02805
core.optimization.Minimizer: [ WARNING ] LBFGS MAX CYCLES 2000 EXCEEDED, BUT FUNC NOT CONVERGED!
protocols.relax.FastRelax: CMD: min  9623.44  1.12487  1.12487  0.02805
protocols.relax.FastRelax: CMD: coord_cst_weight  5249.27  1.12487  1.12487  0.02805
protocols.relax.FastRelax: CMD: scale:fa_rep  16736.8  1.12487  1.12487  0.14575
core.pack.task: Packer task: initialize from command line() 
core.pack.pack_rotamers: built 14171 rotamers at 985 positions.
core.pack.interaction_graph.interaction_graph_factory: Instantiating DensePDInteractionGraph
protocols.relax.FastRelax: CMD: repack  11938.2  1.12487  1.12487  0.14575
protocols.relax.FastRelax: CMD: scale:fa_rep  12464.9  1.12487  1.12487  0.154
core.optimization.Minimizer: [ WARNING ] LBFGS MAX CYCLES 2000 EXCEEDED, BUT FUNC NOT CONVERGED!
protocols.relax.FastRelax: CMD: min  3207.06  1.03826  1.03826  0.154
protocols.relax.FastRelax: CMD: coord_cst_weight  -479.041  1.03826  1.03826  0.154
protocols.relax.FastRelax: CMD: scale:fa_rep  520.966  1.03826  1.03826  0.30745
core.pack.task: Packer task: initialize from command line() 
core.pack.pack_rotamers: built 13946 rotamers at 985 positions.
core.pack.interaction_graph.interaction_graph_factory: Instantiating DensePDInteractionGraph
protocols.relax.FastRelax: CMD: repack  303.68  1.03826  1.03826  0.30745
protocols.relax.FastRelax: CMD: scale:fa_rep  376.838  1.03826  1.03826  0.31955
core.optimization.Minimizer: [ WARNING ] LBFGS MAX CYCLES 2000 EXCEEDED, BUT FUNC NOT CONVERGED!
protocols.relax.FastRelax: CMD: min  -1617.99  3.43331  3.43331  0.31955
protocols.relax.FastRelax: CMD: coord_cst_weight  -1617.99  3.43331  3.43331  0.31955
protocols.relax.FastRelax: CMD: scale:fa_rep  -1168.66  3.43331  3.43331  0.55
core.pack.task: Packer task: initialize from command line() 
core.pack.pack_rotamers: built 13948 rotamers at 985 positions.
core.pack.interaction_graph.interaction_graph_factory: Instantiating DensePDInteractionGraph
protocols.relax.FastRelax: CMD: repack  -1241.66  3.43331  3.43331  0.55
core.optimization.Minimizer: [ WARNING ] LBFGS MAX CYCLES 2000 EXCEEDED, BUT FUNC NOT CONVERGED!
protocols.relax.FastRelax: CMD: min  -1463.23  5.02025  5.02025  0.55
protocols.relax.FastRelax: MRP: 8  -1463.23  -2020.27  5.04383  5.04383  
protocols.relax.FastRelax: CMD: accept_to_best  -1463.23  5.02025  5.02025  0.55
protocols.relax.FastRelax: CMD: endrepeat  -1463.23  5.02025  5.02025  0.55
protocols.relax.FastRelax: CMD: coord_cst_weight  3.39386e+06  5.02025  5.02025  0.55
protocols.relax.FastRelax: CMD: scale:fa_rep  3.39313e+06  5.02025  5.02025  0.022
core.pack.task: Packer task: initialize from command line() 
core.pack.pack_rotamers: built 15930 rotamers at 985 positions.
core.pack.interaction_graph.interaction_graph_factory: Instantiating DensePDInteractionGraph
protocols.relax.FastRelax: CMD: repack  3.39304e+06  5.02025  5.02025  0.022
protocols.relax.FastRelax: CMD: scale:fa_rep  3.39307e+06  5.02025  5.02025  0.02805
core.optimization.Minimizer: [ WARNING ] LBFGS MAX CYCLES 2000 EXCEEDED, BUT FUNC NOT CONVERGED!
protocols.relax.FastRelax: CMD: min  18561.5  1.4645  1.4645  0.02805
protocols.relax.FastRelax: CMD: coord_cst_weight  11295.9  1.4645  1.4645  0.02805
protocols.relax.FastRelax: CMD: scale:fa_rep  33268.8  1.4645  1.4645  0.14575
core.pack.task: Packer task: initialize from command line() 
core.pack.pack_rotamers: built 13907 rotamers at 985 positions.
core.pack.interaction_graph.interaction_graph_factory: Instantiating DensePDInteractionGraph
protocols.relax.FastRelax: CMD: repack  21724.3  1.4645  1.4645  0.14575
protocols.relax.FastRelax: CMD: scale:fa_rep  22610.6  1.4645  1.4645  0.154
core.optimization.Minimizer: [ WARNING ] LBFGS MAX CYCLES 2000 EXCEEDED, BUT FUNC NOT CONVERGED!
protocols.relax.FastRelax: CMD: min  5392.37  1.2832  1.2832  0.154
protocols.relax.FastRelax: CMD: coord_cst_weight  -45.5097  1.2832  1.2832  0.154
protocols.relax.FastRelax: CMD: scale:fa_rep  969.553  1.2832  1.2832  0.30745
core.pack.task: Packer task: initialize from command line() 
core.pack.pack_rotamers: built 13943 rotamers at 985 positions.
core.pack.interaction_graph.interaction_graph_factory: Instantiating DensePDInteractionGraph
protocols.relax.FastRelax: CMD: repack  641.405  1.2832  1.2832  0.30745
protocols.relax.FastRelax: CMD: scale:fa_rep  715.695  1.2832  1.2832  0.31955
core.optimization.Minimizer: [ WARNING ] LBFGS MAX CYCLES 2000 EXCEEDED, BUT FUNC NOT CONVERGED!
protocols.relax.FastRelax: CMD: min  -1534.25  7.07298  7.07298  0.31955
protocols.relax.FastRelax: CMD: coord_cst_weight  -1534.25  7.07298  7.07298  0.31955
protocols.relax.FastRelax: CMD: scale:fa_rep  -1089.28  7.07298  7.07298  0.55
core.pack.task: Packer task: initialize from command line() 
core.pack.pack_rotamers: built 14091 rotamers at 985 positions.
core.pack.interaction_graph.interaction_graph_factory: Instantiating DensePDInteractionGraph
protocols.relax.FastRelax: CMD: repack  -1140.4  7.07298  7.07298  0.55
core.optimization.Minimizer: [ WARNING ] LBFGS MAX CYCLES 2000 EXCEEDED, BUT FUNC NOT CONVERGED!
protocols.relax.FastRelax: CMD: min  -1361.01  8.32349  8.32349  0.55
protocols.relax.FastRelax: MRP: 9  -1361.01  -2020.27  5.04383  5.04383  
protocols.relax.FastRelax: CMD: accept_to_best  -1361.01  8.32349  8.32349  0.55
protocols.relax.FastRelax: CMD: endrepeat  -1361.01  8.32349  8.32349  0.55
protocols.relax.FastRelax: CMD: coord_cst_weight  2.26468e+06  8.32349  8.32349  0.55
protocols.relax.FastRelax: CMD: scale:fa_rep  2.26397e+06  8.32349  8.32349  0.022
core.pack.task: Packer task: initialize from command line() 
core.pack.pack_rotamers: built 15954 rotamers at 985 positions.
core.pack.interaction_graph.interaction_graph_factory: Instantiating DensePDInteractionGraph
protocols.relax.FastRelax: CMD: repack  2.26385e+06  8.32349  8.32349  0.022
protocols.relax.FastRelax: CMD: scale:fa_rep  2.26389e+06  8.32349  8.32349  0.02805
core.optimization.Minimizer: [ WARNING ] LBFGS MAX CYCLES 2000 EXCEEDED, BUT FUNC NOT CONVERGED!
protocols.relax.FastRelax: CMD: min  16881.2  1.40177  1.40177  0.02805
protocols.relax.FastRelax: CMD: coord_cst_weight  10155.4  1.40177  1.40177  0.02805
protocols.relax.FastRelax: CMD: scale:fa_rep  30183.5  1.40177  1.40177  0.14575
core.pack.task: Packer task: initialize from command line() 
core.pack.pack_rotamers: built 14253 rotamers at 985 positions.
core.pack.interaction_graph.interaction_graph_factory: Instantiating DensePDInteractionGraph
protocols.relax.FastRelax: CMD: repack  19368.9  1.40177  1.40177  0.14575
protocols.relax.FastRelax: CMD: scale:fa_rep  20156.7  1.40177  1.40177  0.154
core.optimization.Minimizer: [ WARNING ] LBFGS MAX CYCLES 2000 EXCEEDED, BUT FUNC NOT CONVERGED!
protocols.relax.FastRelax: CMD: min  5137.53  1.24646  1.24646  0.154
protocols.relax.FastRelax: CMD: coord_cst_weight  -218.973  1.24646  1.24646  0.154
protocols.relax.FastRelax: CMD: scale:fa_rep  727.379  1.24646  1.24646  0.30745
core.pack.task: Packer task: initialize from command line() 
core.pack.pack_rotamers: built 13926 rotamers at 985 positions.
core.pack.interaction_graph.interaction_graph_factory: Instantiating DensePDInteractionGraph
protocols.relax.FastRelax: CMD: repack  528.011  1.24646  1.24646  0.30745
protocols.relax.FastRelax: CMD: scale:fa_rep  599.353  1.24646  1.24646  0.31955
core.optimization.Minimizer: [ WARNING ] LBFGS MAX CYCLES 2000 EXCEEDED, BUT FUNC NOT CONVERGED!
protocols.relax.FastRelax: CMD: min  -1501.05  5.34223  5.34223  0.31955
protocols.relax.FastRelax: CMD: coord_cst_weight  -1501.05  5.34223  5.34223  0.31955
protocols.relax.FastRelax: CMD: scale:fa_rep  -1052.75  5.34223  5.34223  0.55
core.pack.task: Packer task: initialize from command line() 
core.pack.pack_rotamers: built 14120 rotamers at 985 positions.
core.pack.interaction_graph.interaction_graph_factory: Instantiating DensePDInteractionGraph
protocols.relax.FastRelax: CMD: repack  -1119.73  5.34223  5.34223  0.55
core.optimization.Minimizer: [ WARNING ] LBFGS MAX CYCLES 2000 EXCEEDED, BUT FUNC NOT CONVERGED!
protocols.relax.FastRelax: CMD: min  -1345.75  5.87578  5.87578  0.55
protocols.relax.FastRelax: MRP: 10  -1345.75  -2020.27  5.04383  5.04383  
protocols.relax.FastRelax: CMD: accept_to_best  -1345.75  5.87578  5.87578  0.55
protocols.relax.FastRelax: CMD: endrepeat  -1345.75  5.87578  5.87578  0.55
protocols.relax.FastRelax: CMD: coord_cst_weight  858372  5.87578  5.87578  0.55
protocols.relax.FastRelax: CMD: scale:fa_rep  857683  5.87578  5.87578  0.022
core.pack.task: Packer task: initialize from command line() 
core.pack.pack_rotamers: built 16162 rotamers at 985 positions.
core.pack.interaction_graph.interaction_graph_factory: Instantiating DensePDInteractionGraph
protocols.relax.FastRelax: CMD: repack  857549  5.87578  5.87578  0.022
protocols.relax.FastRelax: CMD: scale:fa_rep  857581  5.87578  5.87578  0.02805
core.optimization.Minimizer: [ WARNING ] LBFGS MAX CYCLES 2000 EXCEEDED, BUT FUNC NOT CONVERGED!
protocols.relax.FastRelax: CMD: min  10572.3  1.15204  1.15204  0.02805
protocols.relax.FastRelax: CMD: coord_cst_weight  5922.58  1.15204  1.15204  0.02805
protocols.relax.FastRelax: CMD: scale:fa_rep  18680.9  1.15204  1.15204  0.14575
core.pack.task: Packer task: initialize from command line() 
core.pack.pack_rotamers: built 14228 rotamers at 985 positions.
core.pack.interaction_graph.interaction_graph_factory: Instantiating DensePDInteractionGraph
protocols.relax.FastRelax: CMD: repack  12718.3  1.15204  1.15204  0.14575
protocols.relax.FastRelax: CMD: scale:fa_rep  13270.5  1.15204  1.15204  0.154
core.optimization.Minimizer: [ WARNING ] LBFGS MAX CYCLES 2000 EXCEEDED, BUT FUNC NOT CONVERGED!
protocols.relax.FastRelax: CMD: min  3729.63  1.10071  1.10071  0.154
protocols.relax.FastRelax: CMD: coord_cst_weight  -588.232  1.10071  1.10071  0.154
protocols.relax.FastRelax: CMD: scale:fa_rep  376.871  1.10071  1.10071  0.30745
core.pack.task: Packer task: initialize from command line() 
core.pack.pack_rotamers: built 14043 rotamers at 985 positions.
core.pack.interaction_graph.interaction_graph_factory: Instantiating DensePDInteractionGraph
protocols.relax.FastRelax: CMD: repack  226.706  1.10071  1.10071  0.30745
protocols.relax.FastRelax: CMD: scale:fa_rep  298.373  1.10071  1.10071  0.31955
core.optimization.Minimizer: [ WARNING ] LBFGS MAX CYCLES 2000 EXCEEDED, BUT FUNC NOT CONVERGED!
protocols.relax.FastRelax: CMD: min  -1629.83  5.25933  5.25933  0.31955
protocols.relax.FastRelax: CMD: coord_cst_weight  -1629.83  5.25933  5.25933  0.31955
protocols.relax.FastRelax: CMD: scale:fa_rep  -1186  5.25933  5.25933  0.55
core.pack.task: Packer task: initialize from command line() 
core.pack.pack_rotamers: built 14023 rotamers at 985 positions.
core.pack.interaction_graph.interaction_graph_factory: Instantiating DensePDInteractionGraph
protocols.relax.FastRelax: CMD: repack  -1222.28  5.25933  5.25933  0.55
core.optimization.Minimizer: [ WARNING ] LBFGS MAX CYCLES 2000 EXCEEDED, BUT FUNC NOT CONVERGED!
protocols.relax.FastRelax: CMD: min  -1435.34  5.43385  5.43385  0.55
protocols.relax.FastRelax: MRP: 11  -1435.34  -2020.27  5.04383  5.04383  
protocols.relax.FastRelax: CMD: accept_to_best  -1435.34  5.43385  5.43385  0.55
protocols.relax.FastRelax: CMD: endrepeat  -1435.34  5.43385  5.43385  0.55
protocols.relax.FastRelax: CMD: coord_cst_weight  3.38793e+06  5.43385  5.43385  0.55
protocols.relax.FastRelax: CMD: scale:fa_rep  3.38723e+06  5.43385  5.43385  0.022
core.pack.task: Packer task: initialize from command line() 
core.pack.pack_rotamers: built 15962 rotamers at 985 positions.
core.pack.interaction_graph.interaction_graph_factory: Instantiating DensePDInteractionGraph
protocols.relax.FastRelax: CMD: repack  3.38712e+06  5.43385  5.43385  0.022
protocols.relax.FastRelax: CMD: scale:fa_rep  3.38715e+06  5.43385  5.43385  0.02805
core.optimization.Minimizer: [ WARNING ] LBFGS MAX CYCLES 2000 EXCEEDED, BUT FUNC NOT CONVERGED!
protocols.relax.FastRelax: CMD: min  17283.5  1.38194  1.38194  0.02805
protocols.relax.FastRelax: CMD: coord_cst_weight  10617  1.38194  1.38194  0.02805
protocols.relax.FastRelax: CMD: scale:fa_rep  32329.2  1.38194  1.38194  0.14575
core.pack.task: Packer task: initialize from command line() 
core.pack.pack_rotamers: built 13969 rotamers at 985 positions.
core.pack.interaction_graph.interaction_graph_factory: Instantiating DensePDInteractionGraph
protocols.relax.FastRelax: CMD: repack  20001.4  1.38194  1.38194  0.14575
protocols.relax.FastRelax: CMD: scale:fa_rep  20821.7  1.38194  1.38194  0.154
core.optimization.Minimizer: [ WARNING ] LBFGS MAX CYCLES 2000 EXCEEDED, BUT FUNC NOT CONVERGED!
protocols.relax.FastRelax: CMD: min  5677.98  1.25676  1.25676  0.154
protocols.relax.FastRelax: CMD: coord_cst_weight  216.5  1.25676  1.25676  0.154
protocols.relax.FastRelax: CMD: scale:fa_rep  1424.41  1.25676  1.25676  0.30745
core.pack.task: Packer task: initialize from command line() 
core.pack.pack_rotamers: built 13763 rotamers at 985 positions.
core.pack.interaction_graph.interaction_graph_factory: Instantiating DensePDInteractionGraph
protocols.relax.FastRelax: CMD: repack  1217.15  1.25676  1.25676  0.30745
protocols.relax.FastRelax: CMD: scale:fa_rep  1308.8  1.25676  1.25676  0.31955
core.optimization.Minimizer: [ WARNING ] LBFGS MAX CYCLES 2000 EXCEEDED, BUT FUNC NOT CONVERGED!
protocols.relax.FastRelax: CMD: min  -1237.92  5.59374  5.59374  0.31955
protocols.relax.FastRelax: CMD: coord_cst_weight  -1237.92  5.59374  5.59374  0.31955
protocols.relax.FastRelax: CMD: scale:fa_rep  -760.257  5.59374  5.59374  0.55
core.pack.task: Packer task: initialize from command line() 
core.pack.pack_rotamers: built 13961 rotamers at 985 positions.
core.pack.interaction_graph.interaction_graph_factory: Instantiating DensePDInteractionGraph
protocols.relax.FastRelax: CMD: repack  -848.475  5.59374  5.59374  0.55
core.optimization.Minimizer: [ WARNING ] LBFGS MAX CYCLES 2000 EXCEEDED, BUT FUNC NOT CONVERGED!
protocols.relax.FastRelax: CMD: min  -1172.81  6.13756  6.13756  0.55
protocols.relax.FastRelax: MRP: 12  -1172.81  -2020.27  5.04383  5.04383  
protocols.relax.FastRelax: CMD: accept_to_best  -1172.81  6.13756  6.13756  0.55
protocols.relax.FastRelax: CMD: endrepeat  -1172.81  6.13756  6.13756  0.55
protocols.relax.FastRelax: CMD: coord_cst_weight  1.51355e+06  6.13756  6.13756  0.55
protocols.relax.FastRelax: CMD: scale:fa_rep  1.51284e+06  6.13756  6.13756  0.022
core.pack.task: Packer task: initialize from command line() 
core.pack.pack_rotamers: built 15901 rotamers at 985 positions.
core.pack.interaction_graph.interaction_graph_factory: Instantiating DensePDInteractionGraph
protocols.relax.FastRelax: CMD: repack  1.51273e+06  6.13756  6.13756  0.022
protocols.relax.FastRelax: CMD: scale:fa_rep  1.51277e+06  6.13756  6.13756  0.02805
core.optimization.Minimizer: [ WARNING ] LBFGS MAX CYCLES 2000 EXCEEDED, BUT FUNC NOT CONVERGED!
protocols.relax.FastRelax: CMD: min  12205.7  1.2257  1.2257  0.02805
protocols.relax.FastRelax: CMD: coord_cst_weight  6911.95  1.2257  1.2257  0.02805
protocols.relax.FastRelax: CMD: scale:fa_rep  20515  1.2257  1.2257  0.14575
core.pack.task: Packer task: initialize from command line() 
core.pack.pack_rotamers: built 14246 rotamers at 985 positions.
core.pack.interaction_graph.interaction_graph_factory: Instantiating DensePDInteractionGraph
protocols.relax.FastRelax: CMD: repack  13060.2  1.2257  1.2257  0.14575
protocols.relax.FastRelax: CMD: scale:fa_rep  13583.1  1.2257  1.2257  0.154
core.optimization.Minimizer: [ WARNING ] LBFGS MAX CYCLES 2000 EXCEEDED, BUT FUNC NOT CONVERGED!
protocols.relax.FastRelax: CMD: min  4174.7  1.16153  1.16153  0.154
protocols.relax.FastRelax: CMD: coord_cst_weight  -483.953  1.16153  1.16153  0.154
protocols.relax.FastRelax: CMD: scale:fa_rep  414.477  1.16153  1.16153  0.30745
core.pack.task: Packer task: initialize from command line() 
core.pack.pack_rotamers: built 13852 rotamers at 985 positions.
core.pack.interaction_graph.interaction_graph_factory: Instantiating DensePDInteractionGraph
protocols.relax.FastRelax: CMD: repack  296.014  1.16153  1.16153  0.30745
protocols.relax.FastRelax: CMD: scale:fa_rep  365.293  1.16153  1.16153  0.31955
core.optimization.Minimizer: [ WARNING ] LBFGS MAX CYCLES 2000 EXCEEDED, BUT FUNC NOT CONVERGED!
protocols.relax.FastRelax: CMD: min  -1507.83  5.31136  5.31136  0.31955
protocols.relax.FastRelax: CMD: coord_cst_weight  -1507.83  5.31136  5.31136  0.31955
protocols.relax.FastRelax: CMD: scale:fa_rep  -1056.7  5.31136  5.31136  0.55
core.pack.task: Packer task: initialize from command line() 
core.pack.pack_rotamers: built 13980 rotamers at 985 positions.
core.pack.interaction_graph.interaction_graph_factory: Instantiating DensePDInteractionGraph
protocols.relax.FastRelax: CMD: repack  -1112.1  5.31136  5.31136  0.55
core.optimization.Minimizer: [ WARNING ] LBFGS MAX CYCLES 2000 EXCEEDED, BUT FUNC NOT CONVERGED!
protocols.relax.FastRelax: CMD: min  -1341.2  5.34892  5.34892  0.55
protocols.relax.FastRelax: MRP: 13  -1341.2  -2020.27  5.04383  5.04383  
protocols.relax.FastRelax: CMD: accept_to_best  -1341.2  5.34892  5.34892  0.55
protocols.relax.FastRelax: CMD: endrepeat  -1341.2  5.34892  5.34892  0.55
protocols.relax.FastRelax: CMD: coord_cst_weight  448634  5.34892  5.34892  0.55
protocols.relax.FastRelax: CMD: scale:fa_rep  447928  5.34892  5.34892  0.022
core.pack.task: Packer task: initialize from command line() 
core.pack.pack_rotamers: built 16060 rotamers at 985 positions.
core.pack.interaction_graph.interaction_graph_factory: Instantiating DensePDInteractionGraph
protocols.relax.FastRelax: CMD: repack  447817  5.34892  5.34892  0.022
protocols.relax.FastRelax: CMD: scale:fa_rep  447849  5.34892  5.34892  0.02805
core.optimization.Minimizer: [ WARNING ] LBFGS MAX CYCLES 2000 EXCEEDED, BUT FUNC NOT CONVERGED!
protocols.relax.FastRelax: CMD: min  8499.47  1.09987  1.09987  0.02805
protocols.relax.FastRelax: CMD: coord_cst_weight  4260.28  1.09987  1.09987  0.02805
protocols.relax.FastRelax: CMD: scale:fa_rep  12555.4  1.09987  1.09987  0.14575
core.pack.task: Packer task: initialize from command line() 
core.pack.pack_rotamers: built 13775 rotamers at 985 positions.
core.pack.interaction_graph.interaction_graph_factory: Instantiating DensePDInteractionGraph
protocols.relax.FastRelax: CMD: repack  9844.98  1.09987  1.09987  0.14575
protocols.relax.FastRelax: CMD: scale:fa_rep  10267  1.09987  1.09987  0.154
core.optimization.Minimizer: [ WARNING ] LBFGS MAX CYCLES 2000 EXCEEDED, BUT FUNC NOT CONVERGED!
protocols.relax.FastRelax: CMD: min  3439.26  1.09744  1.09744  0.154
protocols.relax.FastRelax: CMD: coord_cst_weight  -797.015  1.09744  1.09744  0.154
protocols.relax.FastRelax: CMD: scale:fa_rep  161.903  1.09744  1.09744  0.30745
core.pack.task: Packer task: initialize from command line() 
core.pack.pack_rotamers: built 13732 rotamers at 985 positions.
core.pack.interaction_graph.interaction_graph_factory: Instantiating DensePDInteractionGraph
protocols.relax.FastRelax: CMD: repack  94.3963  1.09744  1.09744  0.30745
protocols.relax.FastRelax: CMD: scale:fa_rep  168.078  1.09744  1.09744  0.31955
core.optimization.Minimizer: [ WARNING ] LBFGS MAX CYCLES 2000 EXCEEDED, BUT FUNC NOT CONVERGED!
protocols.relax.FastRelax: CMD: min  -1526.81  6.62652  6.62652  0.31955
protocols.relax.FastRelax: CMD: coord_cst_weight  -1526.81  6.62652  6.62652  0.31955
protocols.relax.FastRelax: CMD: scale:fa_rep  -1003.9  6.62652  6.62652  0.55
core.pack.task: Packer task: initialize from command line() 
core.pack.pack_rotamers: built 13954 rotamers at 985 positions.
core.pack.interaction_graph.interaction_graph_factory: Instantiating DensePDInteractionGraph
protocols.relax.FastRelax: CMD: repack  -1065.44  6.62652  6.62652  0.55
core.optimization.Minimizer: [ WARNING ] LBFGS MAX CYCLES 2000 EXCEEDED, BUT FUNC NOT CONVERGED!
protocols.relax.FastRelax: CMD: min  -1431.46  7.49369  7.49369  0.55
protocols.relax.FastRelax: MRP: 14  -1431.46  -2020.27  5.04383  5.04383  
protocols.relax.FastRelax: CMD: accept_to_best  -1431.46  7.49369  7.49369  0.55
protocols.relax.FastRelax: CMD: endrepeat  -1431.46  7.49369  7.49369  0.55
protocols::checkpoint: Deleting checkpoints of FastRelax
protocols.jd2.JobDistributor: PDE4B_dimer_prerelax_4_0001 reported success in 57475 seconds
protocols.jd2.JobDistributor: no more batches to process... 
protocols.jd2.JobDistributor: 1 jobs considered, 1 jobs attempted in 57475 seconds
basic.citation_manager.CitationManager: 
The following Rosetta modules were used during this run of Rosetta, and should be cited:

FastRelax Mover's citation(s):
*Tyka MD, *Keedy DA, André I, Dimaio F, Song Y, Richardson DC, Richardson JS, and Baker D.  (2011).  Alternate states of proteins revealed by detailed energy landscape mapping.  J Mol Biol 405(2):607-18.  doi: 10.1016/j.jmb.2010.11.008.  (*Co-primary authors.)

Khatib F, Cooper S, Tyka MD, Xu K, Makedon I, Popovic Z, Baker D, and Players F.  (2011).  Algorithm discovery by protein folding game players.  Proc Natl Acad Sci USA 108(47):18949-53.  doi: 10.1073/pnas.1115898108.

Maguire JB, Haddox HK, Strickland D, Halabiya SF, Coventry B, Griffin JR, Pulavarti SVSRK, Cummins M, Thieker DF, Klavins E, Szyperski T, DiMaio F, Baker D, and Kuhlman B.  (2021).  Perturbing the energy landscape for improved packing during computational protein design.  Proteins 89(4):436-449.  doi: 10.1002/prot.26030.


