********  (C) Copyright Rosetta Commons Member Institutions.  ***************
* Use of Rosetta for commercial purposes may require purchase of a license. *
********  See LICENSE.md or email license@uw.edu for more details. **********
core.init: Checking for fconfig files in pwd and ./rosetta/flags 
core.init: Rosetta version: rosetta.binary.ubuntu.release-408 r408 2025.37+release.df75a9c48e df75a9c48e763e52a7aa3f5dfba077f4da88dbf5 https://www.rosettacommons.org 2025-09-10T02:14:08.564791
core.init: Rosetta extras: []
core.init: command: /home/gbiuser/Downloads/rosetta.binary.ubuntu.release-408/main/source/bin/relax.default.linuxgccrelease -s ../PDE4B_dimer_prerelax.pdb -relax:thorough -relax:constrain_relax_to_start_coords -constraints:cst_file cst.cst -nstruct 1 -out:suffix _10 -out:file:silent relax_10.silent -out:file:silent_struct_type binary
basic.random.init_random_generator: 'RNG device' seed mode, using '/dev/urandom', seed=-96682432 seed_offset=0 real_seed=-96682432
basic.random.init_random_generator: RandomGenerator:init: Normal mode, seed=-96682432 RG_type=mt19937
core.init: Resolved executable path: /home/gbiuser/Downloads/rosetta.binary.ubuntu.release-408/main/source/build/src/release/linux/6.8/64/x86/gcc/11/default/relax.default.linuxgccrelease
core.init: Looking for database based on location of executable: /home/gbiuser/Downloads/rosetta.binary.ubuntu.release-408/main/database/
core.scoring.ScoreFunctionFactory: SCOREFUNCTION: ref2015
core.scoring.etable: Starting energy table calculation
core.scoring.etable: smooth_etable: changing atr/rep split to bottom of energy well
core.scoring.etable: smooth_etable: spline smoothing lj etables (maxdis = 6)
core.scoring.etable: smooth_etable: spline smoothing solvation etables (max_dis = 6)
core.scoring.etable: Finished calculating energy tables.
basic.io.database: Database file opened: scoring/score_functions/hbonds/ref2015_params/HBPoly1D.csv
basic.io.database: Database file opened: scoring/score_functions/hbonds/ref2015_params/HBFadeIntervals.csv
basic.io.database: Database file opened: scoring/score_functions/hbonds/ref2015_params/HBEval.csv
basic.io.database: Database file opened: scoring/score_functions/hbonds/ref2015_params/DonStrength.csv
basic.io.database: Database file opened: scoring/score_functions/hbonds/ref2015_params/AccStrength.csv
core.chemical.GlobalResidueTypeSet: Finished initializing fa_standard residue type set.  Created 985 residue types
core.chemical.GlobalResidueTypeSet: Total time to initialize 1.28563 seconds.
basic.io.database: Database file opened: scoring/score_functions/rama/fd/all.ramaProb
basic.io.database: Database file opened: scoring/score_functions/rama/fd/prepro.ramaProb
basic.io.database: Database file opened: scoring/score_functions/omega/omega_ppdep.all.txt
basic.io.database: Database file opened: scoring/score_functions/omega/omega_ppdep.gly.txt
basic.io.database: Database file opened: scoring/score_functions/omega/omega_ppdep.pro.txt
basic.io.database: Database file opened: scoring/score_functions/omega/omega_ppdep.valile.txt
basic.io.database: Database file opened: scoring/score_functions/P_AA_pp/P_AA
basic.io.database: Database file opened: scoring/score_functions/P_AA_pp/P_AA_n
core.scoring.P_AA: shapovalov_lib::shap_p_aa_pp_smooth_level of 1( aka low_smooth ) got activated.
basic.io.database: Database file opened: scoring/score_functions/P_AA_pp/shapovalov/10deg/kappa131/a20.prop
protocols.relax.RelaxScriptManager: Reading relax scripts list from database.
protocols.relax.RelaxScriptManager: Looking for MonomerRelax2019.txt
protocols.relax.RelaxScriptManager: ================== Reading script file: /home/gbiuser/Downloads/rosetta.binary.ubuntu.release-408/main/database/sampling/relax_scripts/MonomerRelax2019.txt ==================
protocols.relax.RelaxScriptManager: repeat %%nrepeats%%
protocols.relax.RelaxScriptManager: coord_cst_weight 1.0
protocols.relax.RelaxScriptManager: scale:fa_rep 0.040
protocols.relax.RelaxScriptManager: repack
protocols.relax.RelaxScriptManager: scale:fa_rep 0.051
protocols.relax.RelaxScriptManager: min 0.01
protocols.relax.RelaxScriptManager: coord_cst_weight 0.5
protocols.relax.RelaxScriptManager: scale:fa_rep 0.265
protocols.relax.RelaxScriptManager: repack
protocols.relax.RelaxScriptManager: scale:fa_rep 0.280
protocols.relax.RelaxScriptManager: min 0.01
protocols.relax.RelaxScriptManager: coord_cst_weight 0.0
protocols.relax.RelaxScriptManager: scale:fa_rep 0.559
protocols.relax.RelaxScriptManager: repack
protocols.relax.RelaxScriptManager: scale:fa_rep 0.581
protocols.relax.RelaxScriptManager: min 0.01
protocols.relax.RelaxScriptManager: coord_cst_weight 0.0
protocols.relax.RelaxScriptManager: scale:fa_rep 1
protocols.relax.RelaxScriptManager: repack
protocols.relax.RelaxScriptManager: min 0.00001
protocols.relax.RelaxScriptManager: accept_to_best
protocols.relax.RelaxScriptManager: endrepeat
core.scoring.constraints.util: Constraint choice: cst.cst
protocols.jd2.PDBJobInputter: Instantiate PDBJobInputter
protocols.jd2.PDBJobInputter: PDBJobInputter::fill_jobs
protocols.jd2.PDBJobInputter: pushed ../PDE4B_dimer_prerelax.pdb nstruct index 1
protocols.evaluation.ChiWellRmsdEvaluatorCreator: Evaluation Creator active ... 
protocols.jd2.PDBJobInputter: PDBJobInputter::pose_from_job
protocols.jd2.PDBJobInputter: filling pose from PDB ../PDE4B_dimer_prerelax.pdb
core.import_pose.import_pose: File '../PDE4B_dimer_prerelax.pdb' automatically determined to be of type PDB from contents.
core.io.pose_from_sfr.PoseFromSFRBuilder: [ WARNING ] discarding 3 atoms at position 1 in file ../PDE4B_dimer_prerelax.pdb. Best match rsd_type:  VAL:NtermProteinFull
core.io.pose_from_sfr.PoseFromSFRBuilder: [ WARNING ] discarding 3 atoms at position 493 in file ../PDE4B_dimer_prerelax.pdb. Best match rsd_type:  VAL:NtermProteinFull
core.scoring.constraints.ConstraintsIO: read constraints from cst.cst
core.scoring.constraints.ConstraintsIO: Read in 30 constraints
basic.io.database: Database file opened: scoring/score_functions/elec_cp_reps.dat
core.scoring.elec.util: Read 40 countpair representative atoms
core.pack.dunbrack.RotamerLibrary: shapovalov_lib_fixes_enable option is true.
core.pack.dunbrack.RotamerLibrary: shapovalov_lib::shap_dun10_smooth_level of 1( aka lowest_smooth ) got activated.
core.pack.dunbrack.RotamerLibrary: Binary rotamer library selected: /home/gbiuser/Downloads/rosetta.binary.ubuntu.release-408/main/database/rotamer/shapovalov/StpDwn_0-0-0/Dunbrack10.lib.bin
core.pack.dunbrack.RotamerLibrary: Using Dunbrack library binary file '/home/gbiuser/Downloads/rosetta.binary.ubuntu.release-408/main/database/rotamer/shapovalov/StpDwn_0-0-0/Dunbrack10.lib.bin'.
core.pack.dunbrack.RotamerLibrary: Dunbrack 2010 library took 0.370221 seconds to load from binary
protocols.relax.FastRelax: CMD: repeat  78225  0  0  0.55
protocols.relax.FastRelax: CMD: coord_cst_weight  78225  0  0  0.55
protocols.relax.FastRelax: CMD: scale:fa_rep  629.391  0  0  0.022
core.pack.task: Packer task: initialize from command line() 
core.pack.pack_rotamers: built 15500 rotamers at 985 positions.
core.pack.interaction_graph.interaction_graph_factory: Instantiating DensePDInteractionGraph
protocols.relax.FastRelax: CMD: repack  -273.74  0  0  0.022
protocols.relax.FastRelax: CMD: scale:fa_rep  458.253  0  0  0.02805
core.optimization.Minimizer: [ WARNING ] LBFGS MAX CYCLES 2000 EXCEEDED, BUT FUNC NOT CONVERGED!
protocols.relax.FastRelax: CMD: min  -1643.87  0.297173  0.297173  0.02805
protocols.relax.FastRelax: CMD: coord_cst_weight  -1956.23  0.297173  0.297173  0.02805
protocols.relax.FastRelax: CMD: scale:fa_rep  1890.07  0.297173  0.297173  0.14575
core.pack.task: Packer task: initialize from command line() 
core.pack.pack_rotamers: built 14432 rotamers at 985 positions.
core.pack.interaction_graph.interaction_graph_factory: Instantiating DensePDInteractionGraph
protocols.relax.FastRelax: CMD: repack  1791.31  0.297173  0.297173  0.14575
protocols.relax.FastRelax: CMD: scale:fa_rep  2052.27  0.297173  0.297173  0.154
core.optimization.Minimizer: [ WARNING ] LBFGS MAX CYCLES 2000 EXCEEDED, BUT FUNC NOT CONVERGED!
protocols.relax.FastRelax: CMD: min  -983.133  0.476307  0.476307  0.154
protocols.relax.FastRelax: CMD: coord_cst_weight  -1816.71  0.476307  0.476307  0.154
protocols.relax.FastRelax: CMD: scale:fa_rep  -753.45  0.476307  0.476307  0.30745
core.pack.task: Packer task: initialize from command line() 
core.pack.pack_rotamers: built 14261 rotamers at 985 positions.
core.pack.interaction_graph.interaction_graph_factory: Instantiating DensePDInteractionGraph
protocols.relax.FastRelax: CMD: repack  -768.996  0.476307  0.476307  0.30745
protocols.relax.FastRelax: CMD: scale:fa_rep  -685.277  0.476307  0.476307  0.31955
core.optimization.LineMinimizer: Inaccurate G in step= 9.53674e-09 Deriv= -60.0115 Finite Diff= 2.32213e+08
core.optimization.LineMinimizer: Inaccurate G in step= 3.68053e-09 Deriv= -503.831 Finite Diff= 6.01694e+08
core.optimization.Minimizer: [ WARNING ] LBFGS MAX CYCLES 2000 EXCEEDED, BUT FUNC NOT CONVERGED!
protocols.relax.FastRelax: CMD: min  383.802  11.3366  11.3366  0.31955
protocols.relax.FastRelax: CMD: coord_cst_weight  383.802  11.3366  11.3366  0.31955
protocols.relax.FastRelax: CMD: scale:fa_rep  2773.95  11.3366  11.3366  0.55
core.pack.task: Packer task: initialize from command line() 
core.pack.pack_rotamers: built 14025 rotamers at 985 positions.
core.pack.interaction_graph.interaction_graph_factory: Instantiating DensePDInteractionGraph
protocols.relax.FastRelax: CMD: repack  1183.96  11.3366  11.3366  0.55
core.optimization.Minimizer: [ WARNING ] LBFGS MAX CYCLES 2000 EXCEEDED, BUT FUNC NOT CONVERGED!
protocols.relax.FastRelax: CMD: min  -1987.16  12.5145  12.5145  0.55
protocols.relax.FastRelax: MRP: 0  -1987.16  -1987.16  12.5145  12.5145  
protocols.relax.FastRelax: CMD: accept_to_best  -1987.16  12.5145  12.5145  0.55
protocols.relax.FastRelax: CMD: endrepeat  -1987.16  12.5145  12.5145  0.55
protocols.relax.FastRelax: CMD: coord_cst_weight  5.10805e+06  12.5145  12.5145  0.55
protocols.relax.FastRelax: CMD: scale:fa_rep  5.10729e+06  12.5145  12.5145  0.022
core.pack.task: Packer task: initialize from command line() 
core.pack.pack_rotamers: built 16111 rotamers at 985 positions.
core.pack.interaction_graph.interaction_graph_factory: Instantiating DensePDInteractionGraph
protocols.relax.FastRelax: CMD: repack  5.10721e+06  12.5145  12.5145  0.022
protocols.relax.FastRelax: CMD: scale:fa_rep  5.10724e+06  12.5145  12.5145  0.02805
core.optimization.Minimizer: [ WARNING ] LBFGS MAX CYCLES 2000 EXCEEDED, BUT FUNC NOT CONVERGED!
protocols.relax.FastRelax: CMD: min  18118.6  1.45008  1.45008  0.02805
protocols.relax.FastRelax: CMD: coord_cst_weight  11304.8  1.45008  1.45008  0.02805
protocols.relax.FastRelax: CMD: scale:fa_rep  36027  1.45008  1.45008  0.14575
core.pack.task: Packer task: initialize from command line() 
core.pack.pack_rotamers: built 14026 rotamers at 985 positions.
core.pack.interaction_graph.interaction_graph_factory: Instantiating DensePDInteractionGraph
protocols.relax.FastRelax: CMD: repack  23077.5  1.45008  1.45008  0.14575
protocols.relax.FastRelax: CMD: scale:fa_rep  24072  1.45008  1.45008  0.154
core.optimization.Minimizer: [ WARNING ] LBFGS MAX CYCLES 2000 EXCEEDED, BUT FUNC NOT CONVERGED!
protocols.relax.FastRelax: CMD: min  4908.27  1.18209  1.18209  0.154
protocols.relax.FastRelax: CMD: coord_cst_weight  383.853  1.18209  1.18209  0.154
protocols.relax.FastRelax: CMD: scale:fa_rep  2224.05  1.18209  1.18209  0.30745
core.pack.task: Packer task: initialize from command line() 
core.pack.pack_rotamers: built 14137 rotamers at 985 positions.
core.pack.interaction_graph.interaction_graph_factory: Instantiating DensePDInteractionGraph
protocols.relax.FastRelax: CMD: repack  1743.85  1.18209  1.18209  0.30745
protocols.relax.FastRelax: CMD: scale:fa_rep  1874.06  1.18209  1.18209  0.31955
core.optimization.Minimizer: [ WARNING ] LBFGS MAX CYCLES 2000 EXCEEDED, BUT FUNC NOT CONVERGED!
protocols.relax.FastRelax: CMD: min  23284.6  9.97865  9.97865  0.31955
protocols.relax.FastRelax: CMD: coord_cst_weight  23284.6  9.97865  9.97865  0.31955
protocols.relax.FastRelax: CMD: scale:fa_rep  41887.6  9.97865  9.97865  0.55
core.pack.task: Packer task: initialize from command line() 
core.pack.pack_rotamers: built 13816 rotamers at 985 positions.
core.pack.interaction_graph.interaction_graph_factory: Instantiating DensePDInteractionGraph
protocols.relax.FastRelax: CMD: repack  31960.1  9.97865  9.97865  0.55
core.optimization.Minimizer: [ WARNING ] LBFGS MAX CYCLES 2000 EXCEEDED, BUT FUNC NOT CONVERGED!
protocols.relax.FastRelax: CMD: min  9703.91  9.65663  9.65663  0.55
protocols.relax.FastRelax: MRP: 1  9703.91  -1987.16  12.5145  12.5145  
protocols.relax.FastRelax: CMD: accept_to_best  9703.91  9.65663  9.65663  0.55
protocols.relax.FastRelax: CMD: endrepeat  9703.91  9.65663  9.65663  0.55
protocols.relax.FastRelax: CMD: coord_cst_weight  2.5665e+06  9.65663  9.65663  0.55
protocols.relax.FastRelax: CMD: scale:fa_rep  2.55488e+06  9.65663  9.65663  0.022
core.pack.task: Packer task: initialize from command line() 
core.pack.pack_rotamers: built 15775 rotamers at 985 positions.
core.pack.interaction_graph.interaction_graph_factory: Instantiating DensePDInteractionGraph
protocols.relax.FastRelax: CMD: repack  2.55443e+06  9.65663  9.65663  0.022
protocols.relax.FastRelax: CMD: scale:fa_rep  2.55451e+06  9.65663  9.65663  0.02805
core.optimization.Minimizer: [ WARNING ] LBFGS MAX CYCLES 2000 EXCEEDED, BUT FUNC NOT CONVERGED!
protocols.relax.FastRelax: CMD: min  9327.47  0.975629  0.975629  0.02805
protocols.relax.FastRelax: CMD: coord_cst_weight  6060.15  0.975629  0.975629  0.02805
protocols.relax.FastRelax: CMD: scale:fa_rep  26456.2  0.975629  0.975629  0.14575
core.pack.task: Packer task: initialize from command line() 
core.pack.pack_rotamers: built 14073 rotamers at 985 positions.
core.pack.interaction_graph.interaction_graph_factory: Instantiating DensePDInteractionGraph
protocols.relax.FastRelax: CMD: repack  17153.1  0.975629  0.975629  0.14575
protocols.relax.FastRelax: CMD: scale:fa_rep  18055.4  0.975629  0.975629  0.154
core.optimization.LineMinimizer: Inaccurate G in step= 4.76837e-09 Deriv= -18941 Finite Diff= 1.27209e+09
core.optimization.LineMinimizer: Inaccurate G in step= 9.69662e-09 Deriv= -413272 Finite Diff= 6.24309e+08
core.optimization.Minimizer: [ WARNING ] LBFGS MAX CYCLES 2000 EXCEEDED, BUT FUNC NOT CONVERGED!
protocols.relax.FastRelax: CMD: min  2194.42  0.94636  0.94636  0.154
protocols.relax.FastRelax: CMD: coord_cst_weight  -848.31  0.94636  0.94636  0.154
protocols.relax.FastRelax: CMD: scale:fa_rep  297.087  0.94636  0.94636  0.30745
core.pack.task: Packer task: initialize from command line() 
core.pack.pack_rotamers: built 13817 rotamers at 985 positions.
core.pack.interaction_graph.interaction_graph_factory: Instantiating DensePDInteractionGraph
protocols.relax.FastRelax: CMD: repack  67.5596  0.94636  0.94636  0.30745
protocols.relax.FastRelax: CMD: scale:fa_rep  151.413  0.94636  0.94636  0.31955
core.optimization.Minimizer: [ WARNING ] LBFGS MAX CYCLES 2000 EXCEEDED, BUT FUNC NOT CONVERGED!
protocols.relax.FastRelax: CMD: min  -1557.14  8.07356  8.07356  0.31955
protocols.relax.FastRelax: CMD: coord_cst_weight  -1557.14  8.07356  8.07356  0.31955
protocols.relax.FastRelax: CMD: scale:fa_rep  -766.717  8.07356  8.07356  0.55
core.pack.task: Packer task: initialize from command line() 
core.pack.pack_rotamers: built 13904 rotamers at 985 positions.
core.pack.interaction_graph.interaction_graph_factory: Instantiating DensePDInteractionGraph
protocols.relax.FastRelax: CMD: repack  -1561.75  8.07356  8.07356  0.55
core.optimization.Minimizer: [ WARNING ] LBFGS MAX CYCLES 2000 EXCEEDED, BUT FUNC NOT CONVERGED!
protocols.relax.FastRelax: CMD: min  -1814.09  8.78168  8.78168  0.55
protocols.relax.FastRelax: MRP: 2  -1814.09  -1987.16  12.5145  12.5145  
protocols.relax.FastRelax: CMD: accept_to_best  -1814.09  8.78168  8.78168  0.55
protocols.relax.FastRelax: CMD: endrepeat  -1814.09  8.78168  8.78168  0.55
protocols.relax.FastRelax: CMD: coord_cst_weight  6.4132e+06  8.78168  8.78168  0.55
protocols.relax.FastRelax: CMD: scale:fa_rep  6.41246e+06  8.78168  8.78168  0.022
core.pack.task: Packer task: initialize from command line() 
core.pack.pack_rotamers: built 15792 rotamers at 985 positions.
core.pack.interaction_graph.interaction_graph_factory: Instantiating DensePDInteractionGraph
protocols.relax.FastRelax: CMD: repack  6.41238e+06  8.78168  8.78168  0.022
protocols.relax.FastRelax: CMD: scale:fa_rep  6.41241e+06  8.78168  8.78168  0.02805
core.optimization.LineMinimizer: Inaccurate G in step= 9.53674e-09 Deriv= -563915 Finite Diff= 3.12333e+09
core.optimization.LineMinimizer: Inaccurate G in step= 2.70401e-09 Deriv= -1.13876e+07 Finite Diff= 1.0979e+10
core.optimization.LineMinimizer: Inaccurate G in step= 5.91709e-09 Deriv= -5.74648e+06 Finite Diff= 5.01335e+09
core.optimization.LineMinimizer: Inaccurate G in step= 5.92513e-09 Deriv= -5.75109e+06 Finite Diff= 5.00322e+09
core.optimization.LineMinimizer: Inaccurate G in step= 2.96658e-09 Deriv= -6.61404e+06 Finite Diff= 9.99775e+09
core.optimization.Minimizer: Line search failed even after resetting Hessian; aborting at iter#1914
protocols.relax.FastRelax: CMD: min  13192.3  1.24871  1.24871  0.02805
protocols.relax.FastRelax: CMD: coord_cst_weight  7915.94  1.24871  1.24871  0.02805
protocols.relax.FastRelax: CMD: scale:fa_rep  27061.1  1.24871  1.24871  0.14575
core.pack.task: Packer task: initialize from command line() 
core.pack.pack_rotamers: built 13752 rotamers at 985 positions.
core.pack.interaction_graph.interaction_graph_factory: Instantiating DensePDInteractionGraph
protocols.relax.FastRelax: CMD: repack  17407.2  1.24871  1.24871  0.14575
protocols.relax.FastRelax: CMD: scale:fa_rep  18197.1  1.24871  1.24871  0.154
core.optimization.Minimizer: [ WARNING ] LBFGS MAX CYCLES 2000 EXCEEDED, BUT FUNC NOT CONVERGED!
protocols.relax.FastRelax: CMD: min  3840.3  1.14157  1.14157  0.154
protocols.relax.FastRelax: CMD: coord_cst_weight  -543.937  1.14157  1.14157  0.154
protocols.relax.FastRelax: CMD: scale:fa_rep  648.632  1.14157  1.14157  0.30745
core.pack.task: Packer task: initialize from command line() 
core.pack.pack_rotamers: built 13706 rotamers at 985 positions.
core.pack.interaction_graph.interaction_graph_factory: Instantiating DensePDInteractionGraph
protocols.relax.FastRelax: CMD: repack  475.64  1.14157  1.14157  0.30745
protocols.relax.FastRelax: CMD: scale:fa_rep  566.648  1.14157  1.14157  0.31955
core.optimization.Minimizer: [ WARNING ] LBFGS MAX CYCLES 2000 EXCEEDED, BUT FUNC NOT CONVERGED!
protocols.relax.FastRelax: CMD: min  -1847.96  7.42679  7.42679  0.31955
protocols.relax.FastRelax: CMD: coord_cst_weight  -1847.96  7.42679  7.42679  0.31955
protocols.relax.FastRelax: CMD: scale:fa_rep  -1315.61  7.42679  7.42679  0.55
core.pack.task: Packer task: initialize from command line() 
core.pack.pack_rotamers: built 13807 rotamers at 985 positions.
core.pack.interaction_graph.interaction_graph_factory: Instantiating DensePDInteractionGraph
protocols.relax.FastRelax: CMD: repack  -1548.53  7.42679  7.42679  0.55
core.optimization.Minimizer: [ WARNING ] LBFGS MAX CYCLES 2000 EXCEEDED, BUT FUNC NOT CONVERGED!
protocols.relax.FastRelax: CMD: min  -1775.13  9.28629  9.28629  0.55
protocols.relax.FastRelax: MRP: 3  -1775.13  -1987.16  12.5145  12.5145  
protocols.relax.FastRelax: CMD: accept_to_best  -1775.13  9.28629  9.28629  0.55
protocols.relax.FastRelax: CMD: endrepeat  -1775.13  9.28629  9.28629  0.55
protocols.relax.FastRelax: CMD: coord_cst_weight  6.65121e+06  9.28629  9.28629  0.55
protocols.relax.FastRelax: CMD: scale:fa_rep  6.65048e+06  9.28629  9.28629  0.022
core.pack.task: Packer task: initialize from command line() 
core.pack.pack_rotamers: built 15583 rotamers at 985 positions.
core.pack.interaction_graph.interaction_graph_factory: Instantiating DensePDInteractionGraph
protocols.relax.FastRelax: CMD: repack  6.65036e+06  9.28629  9.28629  0.022
protocols.relax.FastRelax: CMD: scale:fa_rep  6.6504e+06  9.28629  9.28629  0.02805
core.optimization.Minimizer: [ WARNING ] LBFGS MAX CYCLES 2000 EXCEEDED, BUT FUNC NOT CONVERGED!
protocols.relax.FastRelax: CMD: min  12380.6  1.15632  1.15632  0.02805
protocols.relax.FastRelax: CMD: coord_cst_weight  7694.91  1.15632  1.15632  0.02805
protocols.relax.FastRelax: CMD: scale:fa_rep  27192.4  1.15632  1.15632  0.14575
core.pack.task: Packer task: initialize from command line() 
core.pack.pack_rotamers: built 13957 rotamers at 985 positions.
core.pack.interaction_graph.interaction_graph_factory: Instantiating DensePDInteractionGraph
protocols.relax.FastRelax: CMD: repack  19049.8  1.15632  1.15632  0.14575
protocols.relax.FastRelax: CMD: scale:fa_rep  19952.9  1.15632  1.15632  0.154
core.optimization.Minimizer: [ WARNING ] LBFGS MAX CYCLES 2000 EXCEEDED, BUT FUNC NOT CONVERGED!
protocols.relax.FastRelax: CMD: min  2992.71  1.03447  1.03447  0.154
protocols.relax.FastRelax: CMD: coord_cst_weight  -664.069  1.03447  1.03447  0.154
protocols.relax.FastRelax: CMD: scale:fa_rep  447.35  1.03447  1.03447  0.30745
core.pack.task: Packer task: initialize from command line() 
core.pack.pack_rotamers: built 13728 rotamers at 985 positions.
core.pack.interaction_graph.interaction_graph_factory: Instantiating DensePDInteractionGraph
protocols.relax.FastRelax: CMD: repack  225.336  1.03447  1.03447  0.30745
protocols.relax.FastRelax: CMD: scale:fa_rep  307.623  1.03447  1.03447  0.31955
core.optimization.Minimizer: [ WARNING ] LBFGS MAX CYCLES 2000 EXCEEDED, BUT FUNC NOT CONVERGED!
protocols.relax.FastRelax: CMD: min  -1356.37  7.87121  7.87121  0.31955
protocols.relax.FastRelax: CMD: coord_cst_weight  -1356.37  7.87121  7.87121  0.31955
protocols.relax.FastRelax: CMD: scale:fa_rep  -403.748  7.87121  7.87121  0.55
core.pack.task: Packer task: initialize from command line() 
core.pack.pack_rotamers: built 13907 rotamers at 985 positions.
core.pack.interaction_graph.interaction_graph_factory: Instantiating DensePDInteractionGraph
protocols.relax.FastRelax: CMD: repack  -1593.49  7.87121  7.87121  0.55
protocols.relax.FastRelax: CMD: min  -1821.72  8.51823  8.51823  0.55
protocols.relax.FastRelax: MRP: 4  -1821.72  -1987.16  12.5145  12.5145  
protocols.relax.FastRelax: CMD: accept_to_best  -1821.72  8.51823  8.51823  0.55
protocols.relax.FastRelax: CMD: endrepeat  -1821.72  8.51823  8.51823  0.55
protocols.relax.FastRelax: CMD: coord_cst_weight  4.05801e+06  8.51823  8.51823  0.55
protocols.relax.FastRelax: CMD: scale:fa_rep  4.05727e+06  8.51823  8.51823  0.022
core.pack.task: Packer task: initialize from command line() 
core.pack.pack_rotamers: built 15750 rotamers at 985 positions.
core.pack.interaction_graph.interaction_graph_factory: Instantiating DensePDInteractionGraph
protocols.relax.FastRelax: CMD: repack  4.05718e+06  8.51823  8.51823  0.022
protocols.relax.FastRelax: CMD: scale:fa_rep  4.05721e+06  8.51823  8.51823  0.02805
core.optimization.Minimizer: [ WARNING ] LBFGS MAX CYCLES 2000 EXCEEDED, BUT FUNC NOT CONVERGED!
protocols.relax.FastRelax: CMD: min  15015.8  1.33225  1.33225  0.02805
protocols.relax.FastRelax: CMD: coord_cst_weight  8926.09  1.33225  1.33225  0.02805
protocols.relax.FastRelax: CMD: scale:fa_rep  27625.4  1.33225  1.33225  0.14575
core.pack.task: Packer task: initialize from command line() 
core.pack.pack_rotamers: built 14095 rotamers at 985 positions.
core.pack.interaction_graph.interaction_graph_factory: Instantiating DensePDInteractionGraph
protocols.relax.FastRelax: CMD: repack  19034.8  1.33225  1.33225  0.14575
protocols.relax.FastRelax: CMD: scale:fa_rep  19855.4  1.33225  1.33225  0.154
core.optimization.LineMinimizer: Inaccurate G in step= 9.53674e-09 Deriv= -21181.3 Finite Diff= 1.479e+10
core.optimization.LineMinimizer: Inaccurate G in step= 9.61737e-09 Deriv= -240021 Finite Diff= 1.46646e+10
core.optimization.LineMinimizer: Inaccurate G in step= 4.11845e-09 Deriv= -694300 Finite Diff= 3.42428e+10
core.optimization.LineMinimizer: Inaccurate G in step= 1.64854e-08 Deriv= -214182 Finite Diff= 8.55467e+09
core.optimization.Minimizer: Line search failed even after resetting Hessian; aborting at iter#1614
protocols.relax.FastRelax: CMD: min  4936.66  1.22497  1.22497  0.154
protocols.relax.FastRelax: CMD: coord_cst_weight  -208.624  1.22497  1.22497  0.154
protocols.relax.FastRelax: CMD: scale:fa_rep  943.254  1.22497  1.22497  0.30745
core.pack.task: Packer task: initialize from command line() 
core.pack.pack_rotamers: built 13910 rotamers at 985 positions.
core.pack.interaction_graph.interaction_graph_factory: Instantiating DensePDInteractionGraph
protocols.relax.FastRelax: CMD: repack  751.142  1.22497  1.22497  0.30745
protocols.relax.FastRelax: CMD: scale:fa_rep  837.283  1.22497  1.22497  0.31955
core.optimization.LineMinimizer: Inaccurate G in step= 3.8147e-08 Deriv= -2.47273e+07 Finite Diff= 3.67413e+09
core.optimization.LineMinimizer: Inaccurate G in step= 6.13708e-09 Deriv= -2.47273e+07 Finite Diff= 2.29658e+10
core.optimization.Minimizer: Line search failed even after resetting Hessian; aborting at iter#1
protocols.relax.FastRelax: CMD: min  837.283  1.22497  1.22497  0.31955
protocols.relax.FastRelax: CMD: coord_cst_weight  837.283  1.22497  1.22497  0.31955
protocols.relax.FastRelax: CMD: scale:fa_rep  2477.88  1.22497  1.22497  0.55
core.pack.task: Packer task: initialize from command line() 
core.pack.pack_rotamers: built 13494 rotamers at 985 positions.
core.pack.interaction_graph.interaction_graph_factory: Instantiating DensePDInteractionGraph
protocols.relax.FastRelax: CMD: repack  2463.75  1.22497  1.22497  0.55
core.optimization.LineMinimizer: Inaccurate G in step= 3.8147e-08 Deriv= -7.33253e+07 Finite Diff= 3.62607e+09
core.optimization.LineMinimizer: Inaccurate G in step= 3.56388e-09 Deriv= -7.33253e+07 Finite Diff= 3.9517e+10
core.optimization.Minimizer: Line search failed even after resetting Hessian; aborting at iter#1
protocols.relax.FastRelax: CMD: min  2463.75  1.22497  1.22497  0.55
protocols.relax.FastRelax: MRP: 5  2463.75  -1987.16  12.5145  12.5145  
protocols.relax.FastRelax: CMD: accept_to_best  2463.75  1.22497  1.22497  0.55
protocols.relax.FastRelax: CMD: endrepeat  2463.75  1.22497  1.22497  0.55
protocols.relax.FastRelax: CMD: coord_cst_weight  12754.3  1.22497  1.22497  0.55
protocols.relax.FastRelax: CMD: scale:fa_rep  9065.25  1.22497  1.22497  0.022
core.pack.task: Packer task: initialize from command line() 
core.pack.pack_rotamers: built 15858 rotamers at 985 positions.
core.pack.interaction_graph.interaction_graph_factory: Instantiating DensePDInteractionGraph
protocols.relax.FastRelax: CMD: repack  8879.4  1.22497  1.22497  0.022
protocols.relax.FastRelax: CMD: scale:fa_rep  8953.93  1.22497  1.22497  0.02805
core.optimization.Minimizer: [ WARNING ] LBFGS MAX CYCLES 2000 EXCEEDED, BUT FUNC NOT CONVERGED!
protocols.relax.FastRelax: CMD: min  4398.4  0.836683  0.836683  0.02805
protocols.relax.FastRelax: CMD: coord_cst_weight  2014.18  0.836683  0.836683  0.02805
protocols.relax.FastRelax: CMD: scale:fa_rep  7443.49  0.836683  0.836683  0.14575
core.pack.task: Packer task: initialize from command line() 
core.pack.pack_rotamers: built 13963 rotamers at 985 positions.
core.pack.interaction_graph.interaction_graph_factory: Instantiating DensePDInteractionGraph
protocols.relax.FastRelax: CMD: repack  5609.87  0.836683  0.836683  0.14575
protocols.relax.FastRelax: CMD: scale:fa_rep  5887.88  0.836683  0.836683  0.154
core.optimization.LineMinimizer: Inaccurate G in step= 9.53674e-09 Deriv= -5442.61 Finite Diff= 5.66157e+09
core.optimization.LineMinimizer: Inaccurate G in step= 8.76646e-09 Deriv= -225515 Finite Diff= 6.15838e+09
core.optimization.LineMinimizer: Inaccurate G in step= 5.0738e-09 Deriv= -120528 Finite Diff= 1.06414e+10
core.optimization.LineMinimizer: Inaccurate G in step= 2.04349e-08 Deriv= -139392 Finite Diff= 2.64206e+09
core.optimization.Minimizer: Line search failed even after resetting Hessian; aborting at iter#1533
protocols.relax.FastRelax: CMD: min  2047.2  0.914744  0.914744  0.154
protocols.relax.FastRelax: CMD: coord_cst_weight  -841.184  0.914744  0.914744  0.154
protocols.relax.FastRelax: CMD: scale:fa_rep  121.418  0.914744  0.914744  0.30745
core.pack.task: Packer task: initialize from command line() 
core.pack.pack_rotamers: built 13920 rotamers at 985 positions.
core.pack.interaction_graph.interaction_graph_factory: Instantiating DensePDInteractionGraph
protocols.relax.FastRelax: CMD: repack  73.5163  0.914744  0.914744  0.30745
protocols.relax.FastRelax: CMD: scale:fa_rep  148.44  0.914744  0.914744  0.31955
core.optimization.LineMinimizer: Inaccurate G in step= 3.8147e-08 Deriv= -2.14447e+07 Finite Diff= 1.39409e+09
core.optimization.LineMinimizer: Inaccurate G in step= 6.59006e-09 Deriv= -2.14447e+07 Finite Diff= 8.1718e+09
core.optimization.Minimizer: Line search failed even after resetting Hessian; aborting at iter#1
protocols.relax.FastRelax: CMD: min  148.44  0.914744  0.914744  0.31955
protocols.relax.FastRelax: CMD: coord_cst_weight  148.44  0.914744  0.914744  0.31955
protocols.relax.FastRelax: CMD: scale:fa_rep  1575.39  0.914744  0.914744  0.55
core.pack.task: Packer task: initialize from command line() 
core.pack.pack_rotamers: built 13454 rotamers at 985 positions.
core.pack.interaction_graph.interaction_graph_factory: Instantiating DensePDInteractionGraph
protocols.relax.FastRelax: CMD: repack  1550.83  0.914744  0.914744  0.55
core.optimization.Minimizer: [ WARNING ] LBFGS MAX CYCLES 2000 EXCEEDED, BUT FUNC NOT CONVERGED!
protocols.relax.FastRelax: CMD: min  -1240.48  6.81733  6.81733  0.55
protocols.relax.FastRelax: MRP: 6  -1240.48  -1987.16  12.5145  12.5145  
protocols.relax.FastRelax: CMD: accept_to_best  -1240.48  6.81733  6.81733  0.55
protocols.relax.FastRelax: CMD: endrepeat  -1240.48  6.81733  6.81733  0.55
protocols.relax.FastRelax: CMD: coord_cst_weight  2.54847e+06  6.81733  6.81733  0.55
protocols.relax.FastRelax: CMD: scale:fa_rep  2.54757e+06  6.81733  6.81733  0.022
core.pack.task: Packer task: initialize from command line() 
core.pack.pack_rotamers: built 15824 rotamers at 985 positions.
core.pack.interaction_graph.interaction_graph_factory: Instantiating DensePDInteractionGraph
protocols.relax.FastRelax: CMD: repack  2.54739e+06  6.81733  6.81733  0.022
protocols.relax.FastRelax: CMD: scale:fa_rep  2.54743e+06  6.81733  6.81733  0.02805
core.optimization.Minimizer: [ WARNING ] LBFGS MAX CYCLES 2000 EXCEEDED, BUT FUNC NOT CONVERGED!
protocols.relax.FastRelax: CMD: min  8984.46  1.01544  1.01544  0.02805
protocols.relax.FastRelax: CMD: coord_cst_weight  5217.42  1.01544  1.01544  0.02805
protocols.relax.FastRelax: CMD: scale:fa_rep  20003.2  1.01544  1.01544  0.14575
core.pack.task: Packer task: initialize from command line() 
core.pack.pack_rotamers: built 14166 rotamers at 985 positions.
core.pack.interaction_graph.interaction_graph_factory: Instantiating DensePDInteractionGraph
protocols.relax.FastRelax: CMD: repack  13650.2  1.01544  1.01544  0.14575
protocols.relax.FastRelax: CMD: scale:fa_rep  14318.9  1.01544  1.01544  0.154
core.optimization.LineMinimizer: Inaccurate G in step= 4.76837e-09 Deriv= -181760 Finite Diff= 8.88345e+09
core.optimization.LineMinimizer: Inaccurate G in step= 5.33352e-09 Deriv= -537368 Finite Diff= 7.94014e+09
core.optimization.LineMinimizer: Inaccurate G in step= 5.89145e-09 Deriv= -6.68303e+06 Finite Diff= 7.1686e+09
core.optimization.LineMinimizer: Inaccurate G in step= 2.94973e-09 Deriv= -6.68983e+06 Finite Diff= 1.43244e+10
core.optimization.Minimizer: Line search failed even after resetting Hessian; aborting at iter#178
protocols.relax.FastRelax: CMD: min  5067.4  1.17659  1.17659  0.154
protocols.relax.FastRelax: CMD: coord_cst_weight  -9.94572  1.17659  1.17659  0.154
protocols.relax.FastRelax: CMD: scale:fa_rep  1795.88  1.17659  1.17659  0.30745
core.pack.task: Packer task: initialize from command line() 
core.pack.pack_rotamers: built 13737 rotamers at 985 positions.
core.pack.interaction_graph.interaction_graph_factory: Instantiating DensePDInteractionGraph
protocols.relax.FastRelax: CMD: repack  1442.26  1.17659  1.17659  0.30745
protocols.relax.FastRelax: CMD: scale:fa_rep  1570.54  1.17659  1.17659  0.31955
core.optimization.Minimizer: [ WARNING ] LBFGS MAX CYCLES 2000 EXCEEDED, BUT FUNC NOT CONVERGED!
protocols.relax.FastRelax: CMD: min  -509.772  6.6772  6.6772  0.31955
protocols.relax.FastRelax: CMD: coord_cst_weight  -509.772  6.6772  6.6772  0.31955
protocols.relax.FastRelax: CMD: scale:fa_rep  935.793  6.6772  6.6772  0.55
core.pack.task: Packer task: initialize from command line() 
core.pack.pack_rotamers: built 13824 rotamers at 985 positions.
core.pack.interaction_graph.interaction_graph_factory: Instantiating DensePDInteractionGraph
protocols.relax.FastRelax: CMD: repack  140.949  6.6772  6.6772  0.55
core.optimization.Minimizer: [ WARNING ] LBFGS MAX CYCLES 2000 EXCEEDED, BUT FUNC NOT CONVERGED!
protocols.relax.FastRelax: CMD: min  -1674.28  7.23093  7.23093  0.55
protocols.relax.FastRelax: MRP: 7  -1674.28  -1987.16  12.5145  12.5145  
protocols.relax.FastRelax: CMD: accept_to_best  -1674.28  7.23093  7.23093  0.55
protocols.relax.FastRelax: CMD: endrepeat  -1674.28  7.23093  7.23093  0.55
protocols.relax.FastRelax: CMD: coord_cst_weight  2.86421e+06  7.23093  7.23093  0.55
protocols.relax.FastRelax: CMD: scale:fa_rep  2.86349e+06  7.23093  7.23093  0.022
core.pack.task: Packer task: initialize from command line() 
core.pack.pack_rotamers: built 15703 rotamers at 985 positions.
core.pack.interaction_graph.interaction_graph_factory: Instantiating DensePDInteractionGraph
protocols.relax.FastRelax: CMD: repack  2.86338e+06  7.23093  7.23093  0.022
protocols.relax.FastRelax: CMD: scale:fa_rep  2.86341e+06  7.23093  7.23093  0.02805
core.optimization.Minimizer: [ WARNING ] LBFGS MAX CYCLES 2000 EXCEEDED, BUT FUNC NOT CONVERGED!
protocols.relax.FastRelax: CMD: min  9142.47  1.05036  1.05036  0.02805
protocols.relax.FastRelax: CMD: coord_cst_weight  5222.88  1.05036  1.05036  0.02805
protocols.relax.FastRelax: CMD: scale:fa_rep  19683.2  1.05036  1.05036  0.14575
core.pack.task: Packer task: initialize from command line() 
core.pack.pack_rotamers: built 14189 rotamers at 985 positions.
core.pack.interaction_graph.interaction_graph_factory: Instantiating DensePDInteractionGraph
protocols.relax.FastRelax: CMD: repack  14128  1.05036  1.05036  0.14575
protocols.relax.FastRelax: CMD: scale:fa_rep  14819.7  1.05036  1.05036  0.154
core.optimization.Minimizer: [ WARNING ] LBFGS MAX CYCLES 2000 EXCEEDED, BUT FUNC NOT CONVERGED!
protocols.relax.FastRelax: CMD: min  2873.7  1.00203  1.00203  0.154
protocols.relax.FastRelax: CMD: coord_cst_weight  -697.371  1.00203  1.00203  0.154
protocols.relax.FastRelax: CMD: scale:fa_rep  479.476  1.00203  1.00203  0.30745
core.pack.task: Packer task: initialize from command line() 
core.pack.pack_rotamers: built 13751 rotamers at 985 positions.
core.pack.interaction_graph.interaction_graph_factory: Instantiating DensePDInteractionGraph
protocols.relax.FastRelax: CMD: repack  347.778  1.00203  1.00203  0.30745
protocols.relax.FastRelax: CMD: scale:fa_rep  437.589  1.00203  1.00203  0.31955
core.optimization.Minimizer: [ WARNING ] LBFGS MAX CYCLES 2000 EXCEEDED, BUT FUNC NOT CONVERGED!
protocols.relax.FastRelax: CMD: min  -1922.48  5.7287  5.7287  0.31955
protocols.relax.FastRelax: CMD: coord_cst_weight  -1922.48  5.7287  5.7287  0.31955
protocols.relax.FastRelax: CMD: scale:fa_rep  -1466.98  5.7287  5.7287  0.55
core.pack.task: Packer task: initialize from command line() 
core.pack.pack_rotamers: built 13887 rotamers at 985 positions.
core.pack.interaction_graph.interaction_graph_factory: Instantiating DensePDInteractionGraph
protocols.relax.FastRelax: CMD: repack  -1526.47  5.7287  5.7287  0.55
core.optimization.Minimizer: [ WARNING ] LBFGS MAX CYCLES 2000 EXCEEDED, BUT FUNC NOT CONVERGED!
protocols.relax.FastRelax: CMD: min  -1739.62  6.06604  6.06604  0.55
protocols.relax.FastRelax: MRP: 8  -1739.62  -1987.16  12.5145  12.5145  
protocols.relax.FastRelax: CMD: accept_to_best  -1739.62  6.06604  6.06604  0.55
protocols.relax.FastRelax: CMD: endrepeat  -1739.62  6.06604  6.06604  0.55
protocols.relax.FastRelax: CMD: coord_cst_weight  1.48553e+06  6.06604  6.06604  0.55
protocols.relax.FastRelax: CMD: scale:fa_rep  1.4848e+06  6.06604  6.06604  0.022
core.pack.task: Packer task: initialize from command line() 
core.pack.pack_rotamers: built 15685 rotamers at 985 positions.
core.pack.interaction_graph.interaction_graph_factory: Instantiating DensePDInteractionGraph
protocols.relax.FastRelax: CMD: repack  1.48472e+06  6.06604  6.06604  0.022
protocols.relax.FastRelax: CMD: scale:fa_rep  1.48474e+06  6.06604  6.06604  0.02805
core.optimization.Minimizer: [ WARNING ] LBFGS MAX CYCLES 2000 EXCEEDED, BUT FUNC NOT CONVERGED!
protocols.relax.FastRelax: CMD: min  9862.26  1.02923  1.02923  0.02805
protocols.relax.FastRelax: CMD: coord_cst_weight  6068.14  1.02923  1.02923  0.02805
protocols.relax.FastRelax: CMD: scale:fa_rep  24135.3  1.02923  1.02923  0.14575
core.pack.task: Packer task: initialize from command line() 
core.pack.pack_rotamers: built 13928 rotamers at 985 positions.
core.pack.interaction_graph.interaction_graph_factory: Instantiating DensePDInteractionGraph
protocols.relax.FastRelax: CMD: repack  16376.5  1.02923  1.02923  0.14575
protocols.relax.FastRelax: CMD: scale:fa_rep  17197.3  1.02923  1.02923  0.154
core.optimization.Minimizer: [ WARNING ] LBFGS MAX CYCLES 2000 EXCEEDED, BUT FUNC NOT CONVERGED!
protocols.relax.FastRelax: CMD: min  2523.01  0.976353  0.976353  0.154
protocols.relax.FastRelax: CMD: coord_cst_weight  -864.171  0.976353  0.976353  0.154
protocols.relax.FastRelax: CMD: scale:fa_rep  71.1279  0.976353  0.976353  0.30745
core.pack.task: Packer task: initialize from command line() 
core.pack.pack_rotamers: built 13832 rotamers at 985 positions.
core.pack.interaction_graph.interaction_graph_factory: Instantiating DensePDInteractionGraph
protocols.relax.FastRelax: CMD: repack  -88.5498  0.976353  0.976353  0.30745
protocols.relax.FastRelax: CMD: scale:fa_rep  -17.6377  0.976353  0.976353  0.31955
core.optimization.Minimizer: [ WARNING ] LBFGS MAX CYCLES 2000 EXCEEDED, BUT FUNC NOT CONVERGED!
protocols.relax.FastRelax: CMD: min  -1202.27  6.41861  6.41861  0.31955
protocols.relax.FastRelax: CMD: coord_cst_weight  -1202.27  6.41861  6.41861  0.31955
protocols.relax.FastRelax: CMD: scale:fa_rep  -209.075  6.41861  6.41861  0.55
core.pack.task: Packer task: initialize from command line() 
core.pack.pack_rotamers: built 13849 rotamers at 985 positions.
core.pack.interaction_graph.interaction_graph_factory: Instantiating DensePDInteractionGraph
protocols.relax.FastRelax: CMD: repack  -856.121  6.41861  6.41861  0.55
protocols.relax.FastRelax: CMD: min  -1714.82  5.68944  5.68944  0.55
protocols.relax.FastRelax: MRP: 9  -1714.82  -1987.16  12.5145  12.5145  
protocols.relax.FastRelax: CMD: accept_to_best  -1714.82  5.68944  5.68944  0.55
protocols.relax.FastRelax: CMD: endrepeat  -1714.82  5.68944  5.68944  0.55
protocols.relax.FastRelax: CMD: coord_cst_weight  4.14926e+06  5.68944  5.68944  0.55
protocols.relax.FastRelax: CMD: scale:fa_rep  4.14854e+06  5.68944  5.68944  0.022
core.pack.task: Packer task: initialize from command line() 
core.pack.pack_rotamers: built 15744 rotamers at 985 positions.
core.pack.interaction_graph.interaction_graph_factory: Instantiating DensePDInteractionGraph
protocols.relax.FastRelax: CMD: repack  4.14847e+06  5.68944  5.68944  0.022
protocols.relax.FastRelax: CMD: scale:fa_rep  4.14851e+06  5.68944  5.68944  0.02805
core.optimization.Minimizer: [ WARNING ] LBFGS MAX CYCLES 2000 EXCEEDED, BUT FUNC NOT CONVERGED!
protocols.relax.FastRelax: CMD: min  6985.88  0.924095  0.924095  0.02805
protocols.relax.FastRelax: CMD: coord_cst_weight  3880.59  0.924095  0.924095  0.02805
protocols.relax.FastRelax: CMD: scale:fa_rep  17025.5  0.924095  0.924095  0.14575
core.pack.task: Packer task: initialize from command line() 
core.pack.pack_rotamers: built 13788 rotamers at 985 positions.
core.pack.interaction_graph.interaction_graph_factory: Instantiating DensePDInteractionGraph
protocols.relax.FastRelax: CMD: repack  12435  0.924095  0.924095  0.14575
protocols.relax.FastRelax: CMD: scale:fa_rep  13089.6  0.924095  0.924095  0.154
core.optimization.LineMinimizer: Inaccurate G in step= 9.53674e-09 Deriv= -67086.4 Finite Diff= 1.35553e+10
core.optimization.LineMinimizer: Inaccurate G in step= 9.10801e-09 Deriv= -179035 Finite Diff= 1.41934e+10
core.optimization.LineMinimizer: Inaccurate G in step= 6.73491e-09 Deriv= -133588 Finite Diff= 1.91956e+10
core.optimization.LineMinimizer: Inaccurate G in step= 3.39779e-09 Deriv= -5.04181e+06 Finite Diff= 3.80437e+10
core.optimization.Minimizer: Line search failed even after resetting Hessian; aborting at iter#535
protocols.relax.FastRelax: CMD: min  3898.63  1.06903  1.06903  0.154
protocols.relax.FastRelax: CMD: coord_cst_weight  -276.36  1.06903  1.06903  0.154
protocols.relax.FastRelax: CMD: scale:fa_rep  1582.44  1.06903  1.06903  0.30745
core.pack.task: Packer task: initialize from command line() 
core.pack.pack_rotamers: built 13766 rotamers at 985 positions.
core.pack.interaction_graph.interaction_graph_factory: Instantiating DensePDInteractionGraph
protocols.relax.FastRelax: CMD: repack  1433.29  1.06903  1.06903  0.30745
protocols.relax.FastRelax: CMD: scale:fa_rep  1574.47  1.06903  1.06903  0.31955
core.optimization.LineMinimizer: Inaccurate G in step= 9.53674e-09 Deriv= -270653 Finite Diff= 1.35632e+10
core.optimization.LineMinimizer: Inaccurate G in step= 6.58839e-09 Deriv= -1.86458e+06 Finite Diff= 1.9609e+10
core.optimization.LineMinimizer: Inaccurate G in step= 3.29767e-09 Deriv= -2.03869e+06 Finite Diff= 3.91356e+10
core.optimization.LineMinimizer: Inaccurate G in step= 6.6023e-09 Deriv= -2.13653e+07 Finite Diff= 1.95268e+10
core.optimization.Minimizer: Line search failed even after resetting Hessian; aborting at iter#17
protocols.relax.FastRelax: CMD: min  1325.92  1.1395  1.1395  0.31955
protocols.relax.FastRelax: CMD: coord_cst_weight  1325.92  1.1395  1.1395  0.31955
protocols.relax.FastRelax: CMD: scale:fa_rep  3794.77  1.1395  1.1395  0.55
core.pack.task: Packer task: initialize from command line() 
core.pack.pack_rotamers: built 13489 rotamers at 985 positions.
core.pack.interaction_graph.interaction_graph_factory: Instantiating DensePDInteractionGraph
protocols.relax.FastRelax: CMD: repack  3712.22  1.1395  1.1395  0.55
core.optimization.LineMinimizer: Inaccurate G in step= 3.8147e-08 Deriv= -5.94885e+07 Finite Diff= 3.3321e+09
core.optimization.LineMinimizer: Inaccurate G in step= 3.9567e-09 Deriv= -5.94885e+07 Finite Diff= 3.2636e+10
core.optimization.Minimizer: Line search failed even after resetting Hessian; aborting at iter#1
protocols.relax.FastRelax: CMD: min  3712.22  1.1395  1.1395  0.55
protocols.relax.FastRelax: MRP: 10  3712.22  -1987.16  12.5145  12.5145  
protocols.relax.FastRelax: CMD: accept_to_best  3712.22  1.1395  1.1395  0.55
protocols.relax.FastRelax: CMD: endrepeat  3712.22  1.1395  1.1395  0.55
protocols.relax.FastRelax: CMD: coord_cst_weight  13961.5  1.1395  1.1395  0.55
protocols.relax.FastRelax: CMD: scale:fa_rep  8421.57  1.1395  1.1395  0.022
core.pack.task: Packer task: initialize from command line() 
core.pack.pack_rotamers: built 15589 rotamers at 985 positions.
core.pack.interaction_graph.interaction_graph_factory: Instantiating DensePDInteractionGraph
protocols.relax.FastRelax: CMD: repack  8260.48  1.1395  1.1395  0.022
protocols.relax.FastRelax: CMD: scale:fa_rep  8353.29  1.1395  1.1395  0.02805
core.optimization.Minimizer: [ WARNING ] LBFGS MAX CYCLES 2000 EXCEEDED, BUT FUNC NOT CONVERGED!
protocols.relax.FastRelax: CMD: min  3036.49  0.755569  0.755569  0.02805
protocols.relax.FastRelax: CMD: coord_cst_weight  1037.18  0.755569  0.755569  0.02805
protocols.relax.FastRelax: CMD: scale:fa_rep  5783.3  0.755569  0.755569  0.14575
core.pack.task: Packer task: initialize from command line() 
core.pack.pack_rotamers: built 14012 rotamers at 985 positions.
core.pack.interaction_graph.interaction_graph_factory: Instantiating DensePDInteractionGraph
protocols.relax.FastRelax: CMD: repack  5070.68  0.755569  0.755569  0.14575
protocols.relax.FastRelax: CMD: scale:fa_rep  5358.31  0.755569  0.755569  0.154
core.optimization.Minimizer: [ WARNING ] LBFGS MAX CYCLES 2000 EXCEEDED, BUT FUNC NOT CONVERGED!
protocols.relax.FastRelax: CMD: min  1443.26  0.832148  0.832148  0.154
protocols.relax.FastRelax: CMD: coord_cst_weight  -1017.57  0.832148  0.832148  0.154
protocols.relax.FastRelax: CMD: scale:fa_rep  -29.4469  0.832148  0.832148  0.30745
core.pack.task: Packer task: initialize from command line() 
core.pack.pack_rotamers: built 13689 rotamers at 985 positions.
core.pack.interaction_graph.interaction_graph_factory: Instantiating DensePDInteractionGraph
protocols.relax.FastRelax: CMD: repack  -73.6799  0.832148  0.832148  0.30745
protocols.relax.FastRelax: CMD: scale:fa_rep  2.79626  0.832148  0.832148  0.31955
core.optimization.Minimizer: [ WARNING ] LBFGS MAX CYCLES 2000 EXCEEDED, BUT FUNC NOT CONVERGED!
protocols.relax.FastRelax: CMD: min  -1518.96  8.41249  8.41249  0.31955
protocols.relax.FastRelax: CMD: coord_cst_weight  -1518.96  8.41249  8.41249  0.31955
protocols.relax.FastRelax: CMD: scale:fa_rep  -797.245  8.41249  8.41249  0.55
core.pack.task: Packer task: initialize from command line() 
core.pack.pack_rotamers: built 13738 rotamers at 985 positions.
core.pack.interaction_graph.interaction_graph_factory: Instantiating DensePDInteractionGraph
protocols.relax.FastRelax: CMD: repack  -1439.95  8.41249  8.41249  0.55
protocols.relax.FastRelax: CMD: min  -1674.24  8.24239  8.24239  0.55
protocols.relax.FastRelax: MRP: 11  -1674.24  -1987.16  12.5145  12.5145  
protocols.relax.FastRelax: CMD: accept_to_best  -1674.24  8.24239  8.24239  0.55
protocols.relax.FastRelax: CMD: endrepeat  -1674.24  8.24239  8.24239  0.55
protocols.relax.FastRelax: CMD: coord_cst_weight  2.06081e+06  8.24239  8.24239  0.55
protocols.relax.FastRelax: CMD: scale:fa_rep  2.06008e+06  8.24239  8.24239  0.022
core.pack.task: Packer task: initialize from command line() 
core.pack.pack_rotamers: built 15766 rotamers at 985 positions.
core.pack.interaction_graph.interaction_graph_factory: Instantiating DensePDInteractionGraph
protocols.relax.FastRelax: CMD: repack  2.06001e+06  8.24239  8.24239  0.022
protocols.relax.FastRelax: CMD: scale:fa_rep  2.06004e+06  8.24239  8.24239  0.02805
core.optimization.Minimizer: [ WARNING ] LBFGS MAX CYCLES 2000 EXCEEDED, BUT FUNC NOT CONVERGED!
protocols.relax.FastRelax: CMD: min  7515.75  0.976088  0.976088  0.02805
protocols.relax.FastRelax: CMD: coord_cst_weight  4061.22  0.976088  0.976088  0.02805
protocols.relax.FastRelax: CMD: scale:fa_rep  15726  0.976088  0.976088  0.14575
core.pack.task: Packer task: initialize from command line() 
core.pack.pack_rotamers: built 13983 rotamers at 985 positions.
core.pack.interaction_graph.interaction_graph_factory: Instantiating DensePDInteractionGraph
protocols.relax.FastRelax: CMD: repack  10975.3  0.976088  0.976088  0.14575
protocols.relax.FastRelax: CMD: scale:fa_rep  11518.6  0.976088  0.976088  0.154
core.optimization.Minimizer: [ WARNING ] LBFGS MAX CYCLES 2000 EXCEEDED, BUT FUNC NOT CONVERGED!
protocols.relax.FastRelax: CMD: min  2330.18  0.959315  0.959315  0.154
protocols.relax.FastRelax: CMD: coord_cst_weight  -1004.64  0.959315  0.959315  0.154
protocols.relax.FastRelax: CMD: scale:fa_rep  -11.8345  0.959315  0.959315  0.30745
core.pack.task: Packer task: initialize from command line() 
core.pack.pack_rotamers: built 13554 rotamers at 985 positions.
core.pack.interaction_graph.interaction_graph_factory: Instantiating DensePDInteractionGraph
protocols.relax.FastRelax: CMD: repack  -125.426  0.959315  0.959315  0.30745
protocols.relax.FastRelax: CMD: scale:fa_rep  -48.4964  0.959315  0.959315  0.31955
core.optimization.Minimizer: [ WARNING ] LBFGS MAX CYCLES 2000 EXCEEDED, BUT FUNC NOT CONVERGED!
protocols.relax.FastRelax: CMD: min  -1316.88  7.31416  7.31416  0.31955
protocols.relax.FastRelax: CMD: coord_cst_weight  -1316.88  7.31416  7.31416  0.31955
protocols.relax.FastRelax: CMD: scale:fa_rep  -434.094  7.31416  7.31416  0.55
core.pack.task: Packer task: initialize from command line() 
core.pack.pack_rotamers: built 13861 rotamers at 985 positions.
core.pack.interaction_graph.interaction_graph_factory: Instantiating DensePDInteractionGraph
protocols.relax.FastRelax: CMD: repack  -1471.94  7.31416  7.31416  0.55
core.optimization.Minimizer: [ WARNING ] LBFGS MAX CYCLES 2000 EXCEEDED, BUT FUNC NOT CONVERGED!
protocols.relax.FastRelax: CMD: min  -1696.7  10.1095  10.1095  0.55
protocols.relax.FastRelax: MRP: 12  -1696.7  -1987.16  12.5145  12.5145  
protocols.relax.FastRelax: CMD: accept_to_best  -1696.7  10.1095  10.1095  0.55
protocols.relax.FastRelax: CMD: endrepeat  -1696.7  10.1095  10.1095  0.55
protocols.relax.FastRelax: CMD: coord_cst_weight  2.79828e+06  10.1095  10.1095  0.55
protocols.relax.FastRelax: CMD: scale:fa_rep  2.79754e+06  10.1095  10.1095  0.022
core.pack.task: Packer task: initialize from command line() 
core.pack.pack_rotamers: built 15766 rotamers at 985 positions.
core.pack.interaction_graph.interaction_graph_factory: Instantiating DensePDInteractionGraph
protocols.relax.FastRelax: CMD: repack  2.79744e+06  10.1095  10.1095  0.022
protocols.relax.FastRelax: CMD: scale:fa_rep  2.79748e+06  10.1095  10.1095  0.02805
core.optimization.Minimizer: [ WARNING ] LBFGS MAX CYCLES 2000 EXCEEDED, BUT FUNC NOT CONVERGED!
protocols.relax.FastRelax: CMD: min  12120.5  1.18194  1.18194  0.02805
protocols.relax.FastRelax: CMD: coord_cst_weight  7326.65  1.18194  1.18194  0.02805
protocols.relax.FastRelax: CMD: scale:fa_rep  25948.3  1.18194  1.18194  0.14575
core.pack.task: Packer task: initialize from command line() 
core.pack.pack_rotamers: built 14112 rotamers at 985 positions.
core.pack.interaction_graph.interaction_graph_factory: Instantiating DensePDInteractionGraph
protocols.relax.FastRelax: CMD: repack  17682.7  1.18194  1.18194  0.14575
protocols.relax.FastRelax: CMD: scale:fa_rep  18514.7  1.18194  1.18194  0.154
core.optimization.Minimizer: [ WARNING ] LBFGS MAX CYCLES 2000 EXCEEDED, BUT FUNC NOT CONVERGED!
protocols.relax.FastRelax: CMD: min  3285.44  1.07364  1.07364  0.154
protocols.relax.FastRelax: CMD: coord_cst_weight  -717.696  1.07364  1.07364  0.154
protocols.relax.FastRelax: CMD: scale:fa_rep  399.945  1.07364  1.07364  0.30745
core.pack.task: Packer task: initialize from command line() 
core.pack.pack_rotamers: built 13830 rotamers at 985 positions.
core.pack.interaction_graph.interaction_graph_factory: Instantiating DensePDInteractionGraph
protocols.relax.FastRelax: CMD: repack  84.8859  1.07364  1.07364  0.30745
protocols.relax.FastRelax: CMD: scale:fa_rep  164.006  1.07364  1.07364  0.31955
core.optimization.Minimizer: [ WARNING ] LBFGS MAX CYCLES 2000 EXCEEDED, BUT FUNC NOT CONVERGED!
protocols.relax.FastRelax: CMD: min  -1297.72  6.76218  6.76218  0.31955
protocols.relax.FastRelax: CMD: coord_cst_weight  -1297.72  6.76218  6.76218  0.31955
protocols.relax.FastRelax: CMD: scale:fa_rep  -395.274  6.76218  6.76218  0.55
core.pack.task: Packer task: initialize from command line() 
core.pack.pack_rotamers: built 13965 rotamers at 985 positions.
core.pack.interaction_graph.interaction_graph_factory: Instantiating DensePDInteractionGraph
protocols.relax.FastRelax: CMD: repack  -1494.47  6.76218  6.76218  0.55
core.optimization.Minimizer: [ WARNING ] LBFGS MAX CYCLES 2000 EXCEEDED, BUT FUNC NOT CONVERGED!
protocols.relax.FastRelax: CMD: min  -1698.51  8.0152  8.0152  0.55
protocols.relax.FastRelax: MRP: 13  -1698.51  -1987.16  12.5145  12.5145  
protocols.relax.FastRelax: CMD: accept_to_best  -1698.51  8.0152  8.0152  0.55
protocols.relax.FastRelax: CMD: endrepeat  -1698.51  8.0152  8.0152  0.55
protocols.relax.FastRelax: CMD: coord_cst_weight  4.71618e+06  8.0152  8.0152  0.55
protocols.relax.FastRelax: CMD: scale:fa_rep  4.71544e+06  8.0152  8.0152  0.022
core.pack.task: Packer task: initialize from command line() 
core.pack.pack_rotamers: built 15969 rotamers at 985 positions.
core.pack.interaction_graph.interaction_graph_factory: Instantiating DensePDInteractionGraph
protocols.relax.FastRelax: CMD: repack  4.71531e+06  8.0152  8.0152  0.022
protocols.relax.FastRelax: CMD: scale:fa_rep  4.71534e+06  8.0152  8.0152  0.02805
core.optimization.Minimizer: [ WARNING ] LBFGS MAX CYCLES 2000 EXCEEDED, BUT FUNC NOT CONVERGED!
protocols.relax.FastRelax: CMD: min  8648.44  1.03064  1.03064  0.02805
protocols.relax.FastRelax: CMD: coord_cst_weight  4923.36  1.03064  1.03064  0.02805
protocols.relax.FastRelax: CMD: scale:fa_rep  19504.4  1.03064  1.03064  0.14575
core.pack.task: Packer task: initialize from command line() 
core.pack.pack_rotamers: built 14250 rotamers at 985 positions.
core.pack.interaction_graph.interaction_graph_factory: Instantiating DensePDInteractionGraph
protocols.relax.FastRelax: CMD: repack  12394.8  1.03064  1.03064  0.14575
protocols.relax.FastRelax: CMD: scale:fa_rep  13010.4  1.03064  1.03064  0.154
core.optimization.Minimizer: [ WARNING ] LBFGS MAX CYCLES 2000 EXCEEDED, BUT FUNC NOT CONVERGED!
protocols.relax.FastRelax: CMD: min  2164.39  0.970589  0.970589  0.154
protocols.relax.FastRelax: CMD: coord_cst_weight  -1125.64  0.970589  0.970589  0.154
protocols.relax.FastRelax: CMD: scale:fa_rep  -169.08  0.970589  0.970589  0.30745
core.pack.task: Packer task: initialize from command line() 
core.pack.pack_rotamers: built 13985 rotamers at 985 positions.
core.pack.interaction_graph.interaction_graph_factory: Instantiating DensePDInteractionGraph
protocols.relax.FastRelax: CMD: repack  -325.277  0.970589  0.970589  0.30745
protocols.relax.FastRelax: CMD: scale:fa_rep  -253.898  0.970589  0.970589  0.31955
core.optimization.Minimizer: [ WARNING ] LBFGS MAX CYCLES 2000 EXCEEDED, BUT FUNC NOT CONVERGED!
protocols.relax.FastRelax: CMD: min  -1945.35  5.46119  5.46119  0.31955
protocols.relax.FastRelax: CMD: coord_cst_weight  -1945.35  5.46119  5.46119  0.31955
protocols.relax.FastRelax: CMD: scale:fa_rep  -1486.13  5.46119  5.46119  0.55
core.pack.task: Packer task: initialize from command line() 
core.pack.pack_rotamers: built 14138 rotamers at 985 positions.
core.pack.interaction_graph.interaction_graph_factory: Instantiating DensePDInteractionGraph
protocols.relax.FastRelax: CMD: repack  -1520.55  5.46119  5.46119  0.55
protocols.relax.FastRelax: CMD: min  -1701.48  6.52492  6.52492  0.55
protocols.relax.FastRelax: MRP: 14  -1701.48  -1987.16  12.5145  12.5145  
protocols.relax.FastRelax: CMD: accept_to_best  -1701.48  6.52492  6.52492  0.55
protocols.relax.FastRelax: CMD: endrepeat  -1701.48  6.52492  6.52492  0.55
protocols::checkpoint: Deleting checkpoints of FastRelax
protocols.jd2.JobDistributor: PDE4B_dimer_prerelax_10_0001 reported success in 56508 seconds
protocols.jd2.JobDistributor: no more batches to process... 
protocols.jd2.JobDistributor: 1 jobs considered, 1 jobs attempted in 56509 seconds
basic.citation_manager.CitationManager: 
The following Rosetta modules were used during this run of Rosetta, and should be cited:

FastRelax Mover's citation(s):
*Tyka MD, *Keedy DA, André I, Dimaio F, Song Y, Richardson DC, Richardson JS, and Baker D.  (2011).  Alternate states of proteins revealed by detailed energy landscape mapping.  J Mol Biol 405(2):607-18.  doi: 10.1016/j.jmb.2010.11.008.  (*Co-primary authors.)

Khatib F, Cooper S, Tyka MD, Xu K, Makedon I, Popovic Z, Baker D, and Players F.  (2011).  Algorithm discovery by protein folding game players.  Proc Natl Acad Sci USA 108(47):18949-53.  doi: 10.1073/pnas.1115898108.

Maguire JB, Haddox HK, Strickland D, Halabiya SF, Coventry B, Griffin JR, Pulavarti SVSRK, Cummins M, Thieker DF, Klavins E, Szyperski T, DiMaio F, Baker D, and Kuhlman B.  (2021).  Perturbing the energy landscape for improved packing during computational protein design.  Proteins 89(4):436-449.  doi: 10.1002/prot.26030.


