-------------------------------------------------------------------------------
Initialization, inputs
**********************
  silent = False
  write_geo_file = True
  file_name = None
  show_states = False
  restraints = None
  restraints_directory = None
  output_file_name_prefix = None
  directory = None
  job_title = None
  fix_rotamer_outliers = True
  allow_allowed_rotamers = True
  stop_for_unknowns = True
  pdb_interpretation {
    restraints_library {
      cdl = True
      include_modified_amino_acid_in_cdl = False
      mcl = True
      cis_pro_eh99 = True
      omega_cdl = False
      cdl_nucleotides {
        enable = False
        esd = *phenix csd
        factor = 2.0
      }
      cdl_svl = False
      rdl = False
      rdl_selection = *all TRP
      hpdl = False
      ddw {
        enable = False
        bond_weighting = True
        angle_weighting = False
      }
      user_supplied {
        path = None
        action = *pre post
      }
    }
    sort_atoms = True
    use_ncs_to_build_restraints = True
    show_restraints_histograms = True
    flip_symmetric_amino_acids = True
    superpose_ideal_ligand = *None all SF4 F3S DVT
    disable_uc_volume_vs_n_atoms_check = False
    allow_polymer_cross_special_position = False
    correct_hydrogens = True
    secondary_structure {
      protein {
        enabled = True
        search_method = *ksdssp from_ca cablam
        distance_ideal_n_o = 2.9
        distance_cut_n_o = 3.5
        remove_outliers = True
        restrain_hbond_angles = True
        helix {
          serial_number = None
          helix_identifier = None
          enabled = True
          selection = None
          helix_type = *alpha pi 3_10 unknown
          sigma = 0.05
          slack = 0
          top_out = False
          angle_sigma_scale = 1
          angle_sigma_set = None
          hbond {
            donor = None
            acceptor = None
          }
        }
        sheet {
          enabled = True
          first_strand = None
          sheet_id = None
          strand {
            selection = None
            sense = parallel antiparallel *unknown
            bond_start_current = None
            bond_start_previous = None
          }
          sigma = 0.05
          slack = 0
          top_out = False
          angle_sigma_scale = 1
          angle_sigma_set = None
          hbond {
            donor = None
            acceptor = None
          }
        }
      }
      nucleic_acid {
        enabled = True
        hbond_distance_cutoff = 3.4
        scale_bonds_sigma = 1.
        base_pair {
          enabled = True
          base1 = None
          base2 = None
          saenger_class = 0
          restrain_planarity = False
          planarity_sigma = 0.176
          restrain_hbonds = True
          restrain_hb_angles = True
          restrain_parallelity = True
          parallelity_target = 0
          parallelity_sigma = 0.0335
        }
        stacking_pair {
          enabled = True
          base1 = None
          base2 = None
          angle = 0
          sigma = 0.027
        }
      }
      ss_by_chain = True
      from_ca_conservative = False
      max_rmsd = 1
      use_representative_chains = True
      max_representative_chains = 100
      enabled = False
    }
    c_beta_restraints = True
    reference_coordinate_restraints {
      enabled = False
      exclude_outliers = True
      selection = all
      sigma = 0.2
      limit = 1.0
      top_out = False
      reference_is_average_alt_confs = False
    }
    automatic_restraints {
      side_chain_parallelity = False
    }
    automatic_linking {
      link_all = False
      link_none = False
      link_metals = Auto
      link_residues = True
      link_amino_acid_rna_dna = False
      link_carbohydrates = True
      link_ligands = True
      link_small_molecules = False
      metal_coordination_cutoff = 3.0
      amino_acid_bond_cutoff = 1.9
      inter_residue_bond_cutoff = 2.2
      buffer_for_second_row_elements = 0.5
      carbohydrate_bond_cutoff = 1.99
      ligand_bond_cutoff = 1.99
      small_molecule_bond_cutoff = 1.98
      exclude_hydrogens_from_bonding_decisions = False
    }
    include_in_automatic_linking {
      selection_1 = None
      selection_2 = None
      bond_cutoff = 4.5
    }
    exclude_from_automatic_linking {
      selection_1 = None
      selection_2 = None
    }
    use_neutron_distances = False
    apply_cis_trans_specification {
      cis_trans_mod = cis *trans
      residue_selection = None
    }
    apply_cif_restraints {
      restraints_file_name = None
      residue_selection = None
    }
    apply_cif_modification {
      data_mod = None
      residue_selection = None
    }
    apply_cif_link {
      data_link = None
      residue_selection_1 = None
      residue_selection_2 = None
    }
    disulfide_bond_exclusions_selection_string = None
    exclusion_distance_cutoff = 3
    link_distance_cutoff = 3
    disulfide_distance_cutoff = 3
    add_angle_and_dihedral_restraints_for_disulfides = True
    dihedral_function_type = *determined_by_sign_of_periodicity \
                             all_sinusoidal all_harmonic
    chir_volume_esd = 0.2
    peptide_link {
      ramachandran_restraints = False
      cis_threshold = 45
      apply_all_trans = False
      discard_omega = False
      discard_psi_phi = True
      apply_peptide_plane = False
      omega_esd_override_value = 1
      rama_weight = 1.0
      scale_allowed = 1.0
      rama_potential = *oldfield emsley
      oldfield {
        esd = 10.0
        weight_scale = 1.0
        dist_weight_max = 10.0
        weight = None
        plot_cutoff = 0.027
      }
      rama_selection = None
      restrain_rama_outliers = True
      restrain_rama_allowed = True
      restrain_allowed_outliers_with_emsley = False
    }
    ramachandran_plot_restraints {
      enabled = False
      favored = *oldfield emsley emsley8k phi_psi_2
      allowed = *oldfield emsley emsley8k phi_psi_2
      outlier = *oldfield emsley emsley8k phi_psi_2
      selection = None
      inject_emsley8k_into_oldfield_favored = True
      oldfield {
        weight = 0.
        weight_scale = 0.01
        distance_weight_min = 2.0
        distance_weight_max = 10.0
        plot_cutoff = 0.027
      }
      emsley {
        weight = 1.0
        scale_allowed = 1.0
      }
      emsley8k {
        weight_favored = 5.0
        weight_allowed = 10.0
        weight_outlier = 10.0
      }
      phi_psi_2 {
        favored_strategy = *closest highest_probability random \
                           weighted_random
        allowed_strategy = *closest highest_probability random \
                           weighted_random
        outlier_strategy = *closest highest_probability random \
                           weighted_random
      }
    }
    max_reasonable_bond_distance = 50.0
    nonbonded_distance_cutoff = None
    default_vdw_distance = 1
    min_vdw_distance = 1
    nonbonded_buffer = 1
    nonbonded_weight = None
    const_shrink_donor_acceptor = 0
    vdw_1_4_factor = 0.8
    min_distance_sym_equiv = 0.5
    custom_nonbonded_symmetry_exclusions = None
    translate_cns_dna_rna_residue_names = None
    proceed_with_excessive_length_bonds = False
    rna_sugar_pucker_analysis {
      bond_min_distance = 1.2
      bond_max_distance = 1.8
      epsilon_range_min = 155.0
      epsilon_range_max = 310.0
      delta_range_2p_min = 129.0
      delta_range_2p_max = 162.0
      delta_range_3p_min = 65.0
      delta_range_3p_max = 104.0
      p_distance_c1p_outbound_line_2p_max = 2.9
      o3p_distance_c1p_outbound_line_2p_max = 2.4
      bond_detection_distance_tolerance = 0.5
      enable = True
    }
    show_histogram_slots {
      bond_lengths = 5
      nonbonded_interaction_distances = 5
      bond_angle_deviations_from_ideal = 5
      dihedral_angle_deviations_from_ideal = 5
      chiral_volume_deviations_from_ideal = 5
    }
    show_max_items {
      not_linked = 5
      bond_restraints_sorted_by_residual = 5
      nonbonded_interactions_sorted_by_model_distance = 5
      bond_angle_restraints_sorted_by_residual = 5
      dihedral_angle_restraints_sorted_by_residual = 3
      chirality_restraints_sorted_by_residual = 3
      planarity_restraints_sorted_by_residual = 3
      residues_with_excluded_nonbonded_symmetry_interactions = 12
      fatal_problem_max_lines = 10
    }
    ncs_group {
      reference = None
      selection = None
    }
    ncs_search {
      enabled = False
      exclude_selection = "element H or element D or water"
      chain_similarity_threshold = 0.85
      chain_max_rmsd = 2.
      residue_match_radius = 4.0
      try_shortcuts = False
      minimum_number_of_atoms_in_copy = 3
      validate_user_supplied_groups = True
    }
    clash_guard {
      nonbonded_distance_threshold = 0.5
      max_number_of_distances_below_threshold = 100
      max_fraction_of_distances_below_threshold = 0.1
    }
  }
  geometry_restraints {
    edits {
      excessive_bond_distance_limit = 10
      bond {
        action = *add delete change
        atom_selection_1 = None
        atom_selection_2 = None
        symmetry_operation = None
        distance_ideal = None
        sigma = None
        slack = None
        limit = -1.0
        top_out = False
      }
      angle {
        action = *add delete change
        atom_selection_1 = None
        atom_selection_2 = None
        atom_selection_3 = None
        angle_ideal = None
        sigma = None
      }
      dihedral {
        action = *add delete change
        atom_selection_1 = None
        atom_selection_2 = None
        atom_selection_3 = None
        atom_selection_4 = None
        angle_ideal = None
        alt_angle_ideals = None
        sigma = None
        periodicity = 1
      }
      planarity {
        action = *add delete change
        atom_selection = None
        sigma = None
      }
      parallelity {
        action = *add delete change
        atom_selection_1 = None
        atom_selection_2 = None
        sigma = 0.027
        target_angle_deg = 0
      }
    }
    remove {
      angles = None
      dihedrals = None
      chiralities = None
      planarities = None
      parallelities = None
    }
  }
  reference_model {
    enabled = False
    file = None
    use_starting_model_as_reference = False
    sigma = 1.0
    limit = 15.0
    hydrogens = False
    main_chain = True
    side_chain = True
    fix_outliers = True
    strict_rotamer_matching = False
    auto_shutoff_for_ncs = False
    secondary_structure_only = False
    reference_group {
      reference = None
      selection = None
      file_name = None
    }
    search_options {
      exclude_selection = "element H or element D or water"
      chain_similarity_threshold = 0.85
      chain_max_rmsd = 100.
      residue_match_radius = 1000
      try_shortcuts = False
      minimum_number_of_atoms_in_copy = 3
      validate_user_supplied_groups = True
    }
  }
  selection = not (resseq 274 or resseq 278 or resseq 278 or resseq 405 or \
              resseq 406 or resseq 519 or resseq 565 or resseq 567 or resseq \
              575 or resseq 578 or resseq 579 or resseq 582 or resseq 583 or \
              resseq 586 or resseq 614 or resseq 615 or resseq 618)
  minimization {
    max_iterations = 500
    macro_cycles = 5
    alternate_nonbonded_off_on = False
    rmsd_bonds_termination_cutoff = 0
    rmsd_angles_termination_cutoff = 0
    grms_termination_cutoff = 0
    correct_special_position_tolerance = 1.0
    riding_h = True
    move {
      bond = True
      nonbonded = True
      angle = True
      dihedral = True
      chirality = True
      planarity = True
      parallelity = True
    }
  }
  amber {
    use_amber = False
    topology_file_name = None
    coordinate_file_name = None
    order_file_name = None
    wxc_factor = 1.
    restraint_wt = 0.
    restraintmask = ''
    reference_file_name = ''
    bellymask = ''
    qmmask = ''
    qmcharge = 0
    netcdf_trajectory_file_name = ''
    print_amber_energies = False
  }
  qi {
    working_directory = None
    qm_restraints {
      selection = None
      run_in_macro_cycles = *first_only first_and_last all last_only test
      buffer = 3.5
      specific_atom_charges {
        atom_selection = None
        charge = None
      }
      specific_atom_multiplicities {
        atom_selection = None
        multiplicity = None
      }
      ignore_lack_of_h_on_ligand = False
      capping_groups = True
      cleanup = all *most None
      calculate = *in_situ_opt starting_energy final_energy starting_strain \
                  final_strain starting_bound final_bound starting_binding \
                  final_binding gradients
      write_files = *restraints pdb_core pdb_buffer pdb_final_core \
                    pdb_final_buffer
      protein_optimisation_freeze = *all None main_chain main_chain_to_beta \
                                    main_chain_to_delta torsions
      remove_water = False
      restraints_filename = Auto
      ignore_x_h_distance_protein = False
      freeze_specific_atoms {
        atom_selection = None
      }
      include_nearest_neighbours_in_optimisation = False
      include_inter_residue_restraints = False
      do_not_update_restraints = False
      buffer_selection = None
      package {
        program = *mopac test
        charge = Auto
        multiplicity = Auto
        method = Auto
        basis_set = Auto
        solvent_model = None
        nproc = 1
        read_output_to_skip_opt_if_available = False
        ignore_input_differences = False
        view_output = None
      }
    }
    qm_gradients {
      selection = None
      run_in_macro_cycles = first_only first_and_last *all last_only test
      buffer = 3.5
      specific_atom_charges {
        atom_selection = None
        charge = None
      }
      specific_atom_multiplicities {
        atom_selection = None
        multiplicity = None
      }
      ignore_lack_of_h_on_ligand = False
      capping_groups = True
      cleanup = all *most None
      package {
        program = *mopac test
        charge = Auto
        multiplicity = Auto
        method = Auto
        basis_set = Auto
        solvent_model = None
        nproc = 1
        read_output_to_skip_opt_if_available = False
        ignore_input_differences = False
        view_output = None
      }
    }
  }
-------------------------------------------------------------------------------
Processing inputs
*****************

  Symmetric amino acids flipped. Time to flip 12 residue(s): 0.01s

  Monomer Library directory:
    "/home/gbiuser/Downloads/phenix/lib/python3.9/site-packages/chem_data/mon_lib"
  Total number of atoms: 7859
  Number of models: 1
  Model: ""
    Number of chains: 1
    Chain: "A"
      Number of atoms: 7859
      Number of conformers: 1
      Conformer: ""
        Number of residues, atoms: 492, 7859
          Classifications: {'peptide': 492}
          Modifications used: {'COO': 1, 'NH3': 1}
          Link IDs: {'PCIS': 1, 'PTRANS': 14, 'TRANS': 476}
  Time building chain proxies: 1.75, per 1000 atoms: 0.22
  Number of scatterers: 7859
  At special positions: 0
  Unit cell: (88.939, 77.728, 108.69, 90, 90, 90)
  Space group: P 1 (No. 1)
  Number of sites at special positions: 0
  Number of scattering types: 5
    Type Number    sf(0)
     S      26     16.00
     O     772      8.00
     N     685      7.00
     C    2479      6.00
     H    3897      1.00
    sf(0) = scattering factor at diffraction angle 0.

  Number of disulfides: simple=0, symmetry=0

  Automatic linking
    Parameters for automatic linking
      Linking & cutoffs
        Metal                : Auto  - 3.00
        Amino acid           : True  - 1.90
        Carbohydrate         : True  - 1.99
        Ligands              : True  - 1.99
        Small molecules      : False - 1.98
        Amino acid - RNA/DNA : False
      
  Number of custom bonds: simple=0, symmetry=0
  Time building additional restraints: 0.79
  Conformation dependent library (CDL) restraints added in 239.0 milliseconds
  
  Adding C-beta torsion restraints...
    Skipped
      Input residue is complicated and confusing
        pdb=" CB  LEU A 280 "
  Number of C-beta restraints generated:  958

  Time building geometry restraints manager: 0.96 seconds

  NOTE: a complete listing of the restraints can be obtained by requesting
        output of .geo file.

  Histogram of bond lengths:
        0.84 -     1.11: 3892
        1.11 -     1.37: 1376
        1.37 -     1.64: 2616
        1.64 -     1.91: 48
        1.91 -     2.17: 2
  Bond restraints: 7934
  Sorted by residual:
  bond pdb=" CA  LEU A 280 "
       pdb=" C   LEU A 280 "
    ideal  model  delta    sigma   weight residual
    1.521  2.172 -0.651 1.20e-02 6.94e+03 2.94e+03
  bond pdb=" N   LEU A 280 "
       pdb=" CA  LEU A 280 "
    ideal  model  delta    sigma   weight residual
    1.455  1.973 -0.518 1.26e-02 6.30e+03 1.69e+03
  bond pdb=" C   PHE A 279 "
       pdb=" N   LEU A 280 "
    ideal  model  delta    sigma   weight residual
    1.331  1.834 -0.502 1.37e-02 5.33e+03 1.34e+03
  bond pdb=" CA  ASP A 518 "
       pdb=" C   ASP A 518 "
    ideal  model  delta    sigma   weight residual
    1.524  1.390  0.134 1.35e-02 5.49e+03 9.84e+01
  bond pdb=" CD1 PHE A 388 "
       pdb=" HD1 PHE A 388 "
    ideal  model  delta    sigma   weight residual
    0.930  1.091 -0.161 2.00e-02 2.50e+03 6.51e+01
  ... (remaining 7929 not shown)

  Histogram of bond angle deviations from ideal:
        0.00 -     8.75: 14245
        8.75 -    17.50: 70
       17.50 -    26.25: 3
       26.25 -    35.01: 2
       35.01 -    43.76: 4
  Bond angle restraints: 14324
  Sorted by residual:
  angle pdb=" N   LEU A 280 "
        pdb=" CA  LEU A 280 "
        pdb=" C   LEU A 280 "
      ideal   model   delta    sigma   weight residual
     109.23  146.31  -37.08 1.55e+00 4.16e-01 5.72e+02
  angle pdb=" C   PHE A 279 "
        pdb=" N   LEU A 280 "
        pdb=" CA  LEU A 280 "
      ideal   model   delta    sigma   weight residual
     122.29  160.64  -38.35 1.65e+00 3.67e-01 5.40e+02
  angle pdb=" C   ASP A 518 "
        pdb=" N   MET A 519 "
        pdb=" CA  MET A 519 "
      ideal   model   delta    sigma   weight residual
     120.60   89.49   31.11 1.60e+00 3.91e-01 3.78e+02
  angle pdb=" C   PHE A 279 "
        pdb=" N   LEU A 280 "
        pdb=" H   LEU A 280 "
      ideal   model   delta    sigma   weight residual
     124.00   80.25   43.76 3.00e+00 1.11e-01 2.13e+02
  angle pdb=" N   ASP A 518 "
        pdb=" CA  ASP A 518 "
        pdb=" C   ASP A 518 "
      ideal   model   delta    sigma   weight residual
     109.59   90.02   19.57 1.47e+00 4.63e-01 1.77e+02
  ... (remaining 14319 not shown)

  Histogram of dihedral angle deviations from ideal:
        0.00 -    16.67: 3525
       16.67 -    33.33: 123
       33.33 -    50.00: 53
       50.00 -    66.66: 29
       66.66 -    83.33: 3
  Dihedral angle restraints: 3733
    sinusoidal: 2041
      harmonic: 1692
  Sorted by residual:
  dihedral pdb=" CA  ALA A 200 "
           pdb=" C   ALA A 200 "
           pdb=" N   SER A 201 "
           pdb=" CA  SER A 201 "
      ideal   model   delta  harmonic     sigma   weight residual
     180.00  163.60   16.40     0      1.00e+00 1.00e+00 2.69e+02
  dihedral pdb=" CA  TYR A 399 "
           pdb=" C   TYR A 399 "
           pdb=" N   HIS A 400 "
           pdb=" CA  HIS A 400 "
      ideal   model   delta  harmonic     sigma   weight residual
    -180.00 -163.99  -16.01     0      1.00e+00 1.00e+00 2.56e+02
  dihedral pdb=" CA  ILE A 622 "
           pdb=" C   ILE A 622 "
           pdb=" N   VAL A 623 "
           pdb=" CA  VAL A 623 "
      ideal   model   delta  harmonic     sigma   weight residual
    -180.00 -163.99  -16.01     0      1.00e+00 1.00e+00 2.56e+02
  ... (remaining 3730 not shown)

  Histogram of chiral volume deviations from ideal:
       0.000 -    0.079: 439
       0.079 -    0.157: 168
       0.157 -    0.236: 12
       0.236 -    0.314: 2
       0.314 -    0.393: 1
  Chirality restraints: 622
  Sorted by residual:
  chirality pdb=" CA  LEU A 280 "
            pdb=" N   LEU A 280 "
            pdb=" C   LEU A 280 "
            pdb=" CB  LEU A 280 "
    both_signs  ideal   model   delta    sigma   weight residual
      False      2.51    2.90   -0.39 2.00e-01 2.50e+01 3.86e+00
  chirality pdb=" CA  THR A 569 "
            pdb=" N   THR A 569 "
            pdb=" C   THR A 569 "
            pdb=" CB  THR A 569 "
    both_signs  ideal   model   delta    sigma   weight residual
      False      2.53    2.24    0.28 2.00e-01 2.50e+01 1.98e+00
  chirality pdb=" CA  PHE A 372 "
            pdb=" N   PHE A 372 "
            pdb=" C   PHE A 372 "
            pdb=" CB  PHE A 372 "
    both_signs  ideal   model   delta    sigma   weight residual
      False      2.51    2.27    0.24 2.00e-01 2.50e+01 1.47e+00
  ... (remaining 619 not shown)

  Planarity restraints: 1183
  Sorted by residual:
                                 delta    sigma   weight rms_deltas residual
  plane pdb=" CA  HIS A 406 "   -0.081 2.00e-02 2.50e+03   1.63e-01 2.66e+02
        pdb=" C   HIS A 406 "    0.281 2.00e-02 2.50e+03
        pdb=" O   HIS A 406 "   -0.116 2.00e-02 2.50e+03
        pdb=" N   ASN A 407 "   -0.085 2.00e-02 2.50e+03
                                 delta    sigma   weight rms_deltas residual
  plane pdb=" CA  PHE A 279 "    0.081 2.00e-02 2.50e+03   1.57e-01 2.48e+02
        pdb=" C   PHE A 279 "   -0.270 2.00e-02 2.50e+03
        pdb=" O   PHE A 279 "    0.125 2.00e-02 2.50e+03
        pdb=" N   LEU A 280 "    0.065 2.00e-02 2.50e+03
                                 delta    sigma   weight rms_deltas residual
  plane pdb=" CA  TYR A 274 "    0.055 2.00e-02 2.50e+03   1.03e-01 1.06e+02
        pdb=" C   TYR A 274 "   -0.178 2.00e-02 2.50e+03
        pdb=" O   TYR A 274 "    0.064 2.00e-02 2.50e+03
        pdb=" N   ILE A 275 "    0.059 2.00e-02 2.50e+03
  ... (remaining 1180 not shown)

  Histogram of nonbonded interaction distances:
        1.20 -     1.88: 136
        1.88 -     2.56: 7789
        2.56 -     3.24: 25778
        3.24 -     3.92: 30741
        3.92 -     4.60: 49068
  Nonbonded interactions: 113512
  Sorted by model distance:
  nonbonded pdb=" HG  SER A 265 "
            pdb=" HG  SER A 267 "
     model   vdw
     1.198 2.100
  nonbonded pdb=" HG  SER A 384 "
            pdb=" HG1 THR A 387 "
     model   vdw
     1.271 2.100
  nonbonded pdb=" O   VAL A 420 "
            pdb=" HG  SER A 423 "
     model   vdw
     1.533 2.450
  nonbonded pdb=" O   TYR A 391 "
            pdb=" HG1 THR A 394 "
     model   vdw
     1.629 2.450
  nonbonded pdb=" OE2 GLU A 213 "
            pdb=" HH  TYR A 215 "
     model   vdw
     1.635 2.450
  ... (remaining 113507 not shown)

  NOTE: a complete listing of the restraints can be obtained by requesting
        output of .geo file.
-------------------------------------------------------------------------------
Atom selection
**************
  selected 7573 atoms out of total 7859
-------------------------------------------------------------------------------
Geometry Restraints
*******************
-------------------------------------------------------------------------------
Setup riding H
**************
-------------------------------------------------------------------------------
Minimization
************
    target: 41257.9
      bond_residual_sum (n=7934): 12016.1
      nonbonded_residual_sum (n=113387): 3596.25
      angle_residual_sum (n=14324): 13448.7
      dihedral_residual_sum (n=3733): 11065.5
      chirality_residual_sum (n=622): 81.4057
      planarity_residual_sum (n=1183): 1049.98
      parallelity_residual_sum (n=0): 0
  macro-cycle: 0
    target: 2040.31
      bond_residual_sum (n=7934): 106.1
      nonbonded_residual_sum (n=104909): 487.52
      angle_residual_sum (n=14324): 852.589
      dihedral_residual_sum (n=3733): 502.781
      chirality_residual_sum (n=622): 17.1475
      planarity_residual_sum (n=1183): 74.1739
      parallelity_residual_sum (n=0): 0
  macro-cycle: 1
    target: 1656.88
      bond_residual_sum (n=7934): 95.5834
      nonbonded_residual_sum (n=100732): 365.693
      angle_residual_sum (n=14324): 750.461
      dihedral_residual_sum (n=3733): 363.525
      chirality_residual_sum (n=622): 16.8564
      planarity_residual_sum (n=1183): 64.76
      parallelity_residual_sum (n=0): 0
  macro-cycle: 2
    target: 1549.21
      bond_residual_sum (n=7934): 93.2292
      nonbonded_residual_sum (n=99969): 323.053
      angle_residual_sum (n=14324): 719.07
      dihedral_residual_sum (n=3733): 334.896
      chirality_residual_sum (n=622): 16.6418
      planarity_residual_sum (n=1183): 62.3171
      parallelity_residual_sum (n=0): 0
  macro-cycle: 3
    target: 1509.98
      bond_residual_sum (n=7934): 93.0687
      nonbonded_residual_sum (n=99070): 303.499
      angle_residual_sum (n=14324): 712.329
      dihedral_residual_sum (n=3733): 322.395
      chirality_residual_sum (n=622): 16.6021
      planarity_residual_sum (n=1183): 62.0898
      parallelity_residual_sum (n=0): 0
  macro-cycle: 4
    target: 1484.74
      bond_residual_sum (n=7934): 92.348
      nonbonded_residual_sum (n=102898): 293.689
      angle_residual_sum (n=14324): 705.47
      dihedral_residual_sum (n=3733): 315.463
      chirality_residual_sum (n=622): 16.52
      planarity_residual_sum (n=1183): 61.2472
      parallelity_residual_sum (n=0): 0
-------------------------------------------------------------------------------
Write PDB file
**************
min,max,mean shift from start:  0.000  4.536  0.813
  output file name: PDE4B_modeller_3_0001_minimized.pdb
  output file name: PDE4B_modeller_3_0001_minimized.cif
-------------------------------------------------------------------------------
Write GEO file
**************
-------------------------------------------------------------------------------
Model statistics
****************

Geometry Restraints Library: GeoStd + Monomer Library + CDL v1.2
Deviations from Ideal Values - rmsd, rmsZ for bonds and angles.
  Bond      :  0.002   0.055   4037  Z= 0.150
  Angle     :  0.415   7.803   5466  Z= 0.251
  Chirality :  0.033   0.118    622
  Planarity :  0.002   0.033    707
  Dihedral  :  4.141  52.943    559
  Min Nonbonded Distance : 2.506

Molprobity Statistics.
  All-atom Clashscore : 0.38
  Ramachandran Plot:
    Outliers :  0.61 %
    Allowed  :  8.16 %
    Favored  : 91.22 %
  Rotamer:
    Outliers :  0.00 %
    Allowed  :  1.99 %
    Favored  : 98.01 %
  Cbeta Deviations :  0.00 %
  Peptide Plane:
    Cis-proline     : 6.67 %
    Cis-general     : 0.00 %
    Twisted Proline : 0.00 %
    Twisted General : 0.00 %

Rama-Z values with (uncertainties):
Interpretation: poor |Rama-Z| > 3; suspicious 2 < |Rama-Z| < 3; good |Rama-Z| < 2.
Scores below are scaled independently, so they are not related in a simple way.
  whole: -4.42 (0.27), residues: 490
  helix: -2.84 (0.20), residues: 267
  sheet:  None (None), residues: 0
  loop : -2.97 (0.34), residues: 223

Max deviation from planes:
   Type  MaxDev  MeanDev LineInFile
 ARG   0.000   0.000   ARG A 252 
 TYR   0.028   0.001   TYR A 575 
 PHE   0.001   0.000   PHE A 587 
 TRP   0.001   0.000   TRP A 578 
 HIS   0.000   0.000   HIS A 406 

Details of bonding type rmsd
  covalent geometry    : bond        0.00223 ( 4037)
  covalent geometry    : angle       0.41491 ( 5466)
-------------------------------------------------------------------------------
Detailed timing
***************
  Initialization, inputs:   0.510
  Processing inputs:        5.920
  Atom selection:           0.020
  Geometry Restraints:      0.000
  Setup riding H:           0.620
  Minimization:             38.970
  Write PDB file:           9.700
  Write GEO file:           6.730
  Model statistics:         9.710
  Sum of individual times: 72.180
Overall runtime: 72.190  
