********  (C) Copyright Rosetta Commons Member Institutions.  ***************
* Use of Rosetta for commercial purposes may require purchase of a license. *
********  See LICENSE.md or email license@uw.edu for more details. **********
core.init: Checking for fconfig files in pwd and ./rosetta/flags 
core.init: Rosetta version: rosetta.binary.ubuntu.release-408 r408 2025.37+release.df75a9c48e df75a9c48e763e52a7aa3f5dfba077f4da88dbf5 https://www.rosettacommons.org 2025-09-10T02:14:08.564791
core.init: Rosetta extras: []
core.init: command: /home/gbiuser/Downloads/rosetta.binary.ubuntu.release-408/main/source/bin/relax.default.linuxgccrelease -s ../1-loopmodel/PDE4B_modeller.pdb -relax:thorough -relax:constrain_relax_to_start_coords -constraints:cst_file cst.cst -nstruct 5 -out:suffix _4 -out:file:silent relax_4.silent -out:file:silent_struct_type binary
basic.random.init_random_generator: 'RNG device' seed mode, using '/dev/urandom', seed=-631938292 seed_offset=0 real_seed=-631938292
basic.random.init_random_generator: RandomGenerator:init: Normal mode, seed=-631938292 RG_type=mt19937
core.init: Resolved executable path: /home/gbiuser/Downloads/rosetta.binary.ubuntu.release-408/main/source/build/src/release/linux/6.8/64/x86/gcc/11/default/relax.default.linuxgccrelease
core.init: Looking for database based on location of executable: /home/gbiuser/Downloads/rosetta.binary.ubuntu.release-408/main/database/
core.scoring.ScoreFunctionFactory: SCOREFUNCTION: ref2015
core.scoring.etable: Starting energy table calculation
core.scoring.etable: smooth_etable: changing atr/rep split to bottom of energy well
core.scoring.etable: smooth_etable: spline smoothing lj etables (maxdis = 6)
core.scoring.etable: smooth_etable: spline smoothing solvation etables (max_dis = 6)
core.scoring.etable: Finished calculating energy tables.
basic.io.database: Database file opened: scoring/score_functions/hbonds/ref2015_params/HBPoly1D.csv
basic.io.database: Database file opened: scoring/score_functions/hbonds/ref2015_params/HBFadeIntervals.csv
basic.io.database: Database file opened: scoring/score_functions/hbonds/ref2015_params/HBEval.csv
basic.io.database: Database file opened: scoring/score_functions/hbonds/ref2015_params/DonStrength.csv
basic.io.database: Database file opened: scoring/score_functions/hbonds/ref2015_params/AccStrength.csv
core.chemical.GlobalResidueTypeSet: Finished initializing fa_standard residue type set.  Created 985 residue types
core.chemical.GlobalResidueTypeSet: Total time to initialize 1.21625 seconds.
basic.io.database: Database file opened: scoring/score_functions/rama/fd/all.ramaProb
basic.io.database: Database file opened: scoring/score_functions/rama/fd/prepro.ramaProb
basic.io.database: Database file opened: scoring/score_functions/omega/omega_ppdep.all.txt
basic.io.database: Database file opened: scoring/score_functions/omega/omega_ppdep.gly.txt
basic.io.database: Database file opened: scoring/score_functions/omega/omega_ppdep.pro.txt
basic.io.database: Database file opened: scoring/score_functions/omega/omega_ppdep.valile.txt
basic.io.database: Database file opened: scoring/score_functions/P_AA_pp/P_AA
basic.io.database: Database file opened: scoring/score_functions/P_AA_pp/P_AA_n
core.scoring.P_AA: shapovalov_lib::shap_p_aa_pp_smooth_level of 1( aka low_smooth ) got activated.
basic.io.database: Database file opened: scoring/score_functions/P_AA_pp/shapovalov/10deg/kappa131/a20.prop
protocols.relax.RelaxScriptManager: Reading relax scripts list from database.
protocols.relax.RelaxScriptManager: Looking for MonomerRelax2019.txt
protocols.relax.RelaxScriptManager: ================== Reading script file: /home/gbiuser/Downloads/rosetta.binary.ubuntu.release-408/main/database/sampling/relax_scripts/MonomerRelax2019.txt ==================
protocols.relax.RelaxScriptManager: repeat %%nrepeats%%
protocols.relax.RelaxScriptManager: coord_cst_weight 1.0
protocols.relax.RelaxScriptManager: scale:fa_rep 0.040
protocols.relax.RelaxScriptManager: repack
protocols.relax.RelaxScriptManager: scale:fa_rep 0.051
protocols.relax.RelaxScriptManager: min 0.01
protocols.relax.RelaxScriptManager: coord_cst_weight 0.5
protocols.relax.RelaxScriptManager: scale:fa_rep 0.265
protocols.relax.RelaxScriptManager: repack
protocols.relax.RelaxScriptManager: scale:fa_rep 0.280
protocols.relax.RelaxScriptManager: min 0.01
protocols.relax.RelaxScriptManager: coord_cst_weight 0.0
protocols.relax.RelaxScriptManager: scale:fa_rep 0.559
protocols.relax.RelaxScriptManager: repack
protocols.relax.RelaxScriptManager: scale:fa_rep 0.581
protocols.relax.RelaxScriptManager: min 0.01
protocols.relax.RelaxScriptManager: coord_cst_weight 0.0
protocols.relax.RelaxScriptManager: scale:fa_rep 1
protocols.relax.RelaxScriptManager: repack
protocols.relax.RelaxScriptManager: min 0.00001
protocols.relax.RelaxScriptManager: accept_to_best
protocols.relax.RelaxScriptManager: endrepeat
core.scoring.constraints.util: Constraint choice: cst.cst
protocols.jd2.PDBJobInputter: Instantiate PDBJobInputter
protocols.jd2.PDBJobInputter: PDBJobInputter::fill_jobs
protocols.jd2.PDBJobInputter: pushed ../1-loopmodel/PDE4B_modeller.pdb nstruct indices 1 - 5
protocols.evaluation.ChiWellRmsdEvaluatorCreator: Evaluation Creator active ... 
protocols.jd2.PDBJobInputter: PDBJobInputter::pose_from_job
protocols.jd2.PDBJobInputter: filling pose from PDB ../1-loopmodel/PDE4B_modeller.pdb
core.import_pose.import_pose: File '../1-loopmodel/PDE4B_modeller.pdb' automatically determined to be of type PDB from contents.
core.io.rcsb.ExperimentalTechnique: [ ERROR ] Unrecognized experimental technique string 'THEORETICAL MODEL, MODELLER 10.8 2026/07/02 21:08:38'
core.io.pose_from_sfr.PoseFromSFRBuilder: [ WARNING ] discarding 3 atoms at position 1 in file ../1-loopmodel/PDE4B_modeller.pdb. Best match rsd_type:  VAL:NtermProteinFull
core.io.pose_from_sfr.PoseFromSFRBuilder: [ WARNING ] discarding 1 atoms at position 245 in file ../1-loopmodel/PDE4B_modeller.pdb. Best match rsd_type:  HIS
core.scoring.constraints.ConstraintsIO: read constraints from cst.cst
core.scoring.constraints.ConstraintsIO: Read in 15 constraints
basic.io.database: Database file opened: scoring/score_functions/elec_cp_reps.dat
core.scoring.elec.util: Read 40 countpair representative atoms
core.pack.dunbrack.RotamerLibrary: shapovalov_lib_fixes_enable option is true.
core.pack.dunbrack.RotamerLibrary: shapovalov_lib::shap_dun10_smooth_level of 1( aka lowest_smooth ) got activated.
core.pack.dunbrack.RotamerLibrary: Binary rotamer library selected: /home/gbiuser/Downloads/rosetta.binary.ubuntu.release-408/main/database/rotamer/shapovalov/StpDwn_0-0-0/Dunbrack10.lib.bin
core.pack.dunbrack.RotamerLibrary: Using Dunbrack library binary file '/home/gbiuser/Downloads/rosetta.binary.ubuntu.release-408/main/database/rotamer/shapovalov/StpDwn_0-0-0/Dunbrack10.lib.bin'.
core.pack.dunbrack.RotamerLibrary: Dunbrack 2010 library took 0.271799 seconds to load from binary
protocols.relax.FastRelax: CMD: repeat  3311.98  0  0  0.55
protocols.relax.FastRelax: CMD: coord_cst_weight  3311.98  0  0  0.55
protocols.relax.FastRelax: CMD: scale:fa_rep  895.021  0  0  0.022
core.pack.task: Packer task: initialize from command line() 
core.pack.pack_rotamers: built 8348 rotamers at 493 positions.
core.pack.interaction_graph.interaction_graph_factory: Instantiating DensePDInteractionGraph
protocols.relax.FastRelax: CMD: repack  -841.169  0  0  0.022
protocols.relax.FastRelax: CMD: scale:fa_rep  -801.815  0  0  0.02805
core.optimization.Minimizer: [ WARNING ] LBFGS MAX CYCLES 2000 EXCEEDED, BUT FUNC NOT CONVERGED!
protocols.relax.FastRelax: CMD: min  -1258.35  0.154907  0.154907  0.02805
protocols.relax.FastRelax: CMD: coord_cst_weight  -1309.88  0.154907  0.154907  0.02805
protocols.relax.FastRelax: CMD: scale:fa_rep  -893.34  0.154907  0.154907  0.14575
core.pack.task: Packer task: initialize from command line() 
core.pack.pack_rotamers: built 7487 rotamers at 493 positions.
core.pack.interaction_graph.interaction_graph_factory: Instantiating DensePDInteractionGraph
protocols.relax.FastRelax: CMD: repack  -926.007  0.154907  0.154907  0.14575
protocols.relax.FastRelax: CMD: scale:fa_rep  -901.36  0.154907  0.154907  0.154
core.optimization.Minimizer: [ WARNING ] LBFGS MAX CYCLES 2000 EXCEEDED, BUT FUNC NOT CONVERGED!
protocols.relax.FastRelax: CMD: min  -1120.74  0.216024  0.216024  0.154
protocols.relax.FastRelax: CMD: coord_cst_weight  -1220.38  0.216024  0.216024  0.154
protocols.relax.FastRelax: CMD: scale:fa_rep  -1019.68  0.216024  0.216024  0.30745
core.pack.task: Packer task: initialize from command line() 
core.pack.pack_rotamers: built 7296 rotamers at 493 positions.
core.pack.interaction_graph.interaction_graph_factory: Instantiating DensePDInteractionGraph
protocols.relax.FastRelax: CMD: repack  -1008.2  0.216024  0.216024  0.30745
protocols.relax.FastRelax: CMD: scale:fa_rep  -992.172  0.216024  0.216024  0.31955
protocols.relax.FastRelax: CMD: min  -1218.48  2.84012  2.84012  0.31955
protocols.relax.FastRelax: CMD: coord_cst_weight  -1218.48  2.84012  2.84012  0.31955
protocols.relax.FastRelax: CMD: scale:fa_rep  -992.733  2.84012  2.84012  0.55
core.pack.task: Packer task: initialize from command line() 
core.pack.pack_rotamers: built 7106 rotamers at 493 positions.
core.pack.interaction_graph.interaction_graph_factory: Instantiating DensePDInteractionGraph
protocols.relax.FastRelax: CMD: repack  -1003.82  2.84012  2.84012  0.55
protocols.relax.FastRelax: CMD: min  -1071.36  3.7023  3.7023  0.55
protocols.relax.FastRelax: MRP: 0  -1071.36  -1071.36  3.7023  3.7023  
protocols.relax.FastRelax: CMD: accept_to_best  -1071.36  3.7023  3.7023  0.55
protocols.relax.FastRelax: CMD: endrepeat  -1071.36  3.7023  3.7023  0.55
protocols.relax.FastRelax: CMD: coord_cst_weight  105150  3.7023  3.7023  0.55
protocols.relax.FastRelax: CMD: scale:fa_rep  104792  3.7023  3.7023  0.022
core.pack.task: Packer task: initialize from command line() 
core.pack.pack_rotamers: built 7875 rotamers at 493 positions.
core.pack.interaction_graph.interaction_graph_factory: Instantiating DensePDInteractionGraph
protocols.relax.FastRelax: CMD: repack  104759  3.7023  3.7023  0.022
protocols.relax.FastRelax: CMD: scale:fa_rep  104767  3.7023  3.7023  0.02805
core.optimization.Minimizer: [ WARNING ] LBFGS MAX CYCLES 2000 EXCEEDED, BUT FUNC NOT CONVERGED!
protocols.relax.FastRelax: CMD: min  -1243.24  0.187859  0.187859  0.02805
protocols.relax.FastRelax: CMD: coord_cst_weight  -1323.7  0.187859  0.187859  0.02805
protocols.relax.FastRelax: CMD: scale:fa_rep  -955.285  0.187859  0.187859  0.14575
core.pack.task: Packer task: initialize from command line() 
core.pack.pack_rotamers: built 7504 rotamers at 493 positions.
core.pack.interaction_graph.interaction_graph_factory: Instantiating DensePDInteractionGraph
protocols.relax.FastRelax: CMD: repack  -987.92  0.187859  0.187859  0.14575
protocols.relax.FastRelax: CMD: scale:fa_rep  -966.502  0.187859  0.187859  0.154
protocols.relax.FastRelax: CMD: min  -1140.41  0.232002  0.232002  0.154
protocols.relax.FastRelax: CMD: coord_cst_weight  -1256.78  0.232002  0.232002  0.154
protocols.relax.FastRelax: CMD: scale:fa_rep  -1059.24  0.232002  0.232002  0.30745
core.pack.task: Packer task: initialize from command line() 
core.pack.pack_rotamers: built 7268 rotamers at 493 positions.
core.pack.interaction_graph.interaction_graph_factory: Instantiating DensePDInteractionGraph
protocols.relax.FastRelax: CMD: repack  -1060.7  0.232002  0.232002  0.30745
protocols.relax.FastRelax: CMD: scale:fa_rep  -1045.31  0.232002  0.232002  0.31955
protocols.relax.FastRelax: CMD: min  -1253.56  2.53453  2.53453  0.31955
protocols.relax.FastRelax: CMD: coord_cst_weight  -1253.56  2.53453  2.53453  0.31955
protocols.relax.FastRelax: CMD: scale:fa_rep  -1031.28  2.53453  2.53453  0.55
core.pack.task: Packer task: initialize from command line() 
core.pack.pack_rotamers: built 7079 rotamers at 493 positions.
core.pack.interaction_graph.interaction_graph_factory: Instantiating DensePDInteractionGraph
protocols.relax.FastRelax: CMD: repack  -1034.71  2.53453  2.53453  0.55
protocols.relax.FastRelax: CMD: min  -1096.76  3.45329  3.45329  0.55
protocols.relax.FastRelax: MRP: 1  -1096.76  -1096.76  3.45329  3.45329  
protocols.relax.FastRelax: CMD: accept_to_best  -1096.76  3.45329  3.45329  0.55
protocols.relax.FastRelax: CMD: endrepeat  -1096.76  3.45329  3.45329  0.55
protocols.relax.FastRelax: CMD: coord_cst_weight  84489.5  3.45329  3.45329  0.55
protocols.relax.FastRelax: CMD: scale:fa_rep  84129  3.45329  3.45329  0.022
core.pack.task: Packer task: initialize from command line() 
core.pack.pack_rotamers: built 7893 rotamers at 493 positions.
core.pack.interaction_graph.interaction_graph_factory: Instantiating DensePDInteractionGraph
protocols.relax.FastRelax: CMD: repack  84100.8  3.45329  3.45329  0.022
protocols.relax.FastRelax: CMD: scale:fa_rep  84111.5  3.45329  3.45329  0.02805
core.optimization.Minimizer: [ WARNING ] LBFGS MAX CYCLES 2000 EXCEEDED, BUT FUNC NOT CONVERGED!
protocols.relax.FastRelax: CMD: min  -1259.67  0.193935  0.193935  0.02805
protocols.relax.FastRelax: CMD: coord_cst_weight  -1342.47  0.193935  0.193935  0.02805
protocols.relax.FastRelax: CMD: scale:fa_rep  -983.453  0.193935  0.193935  0.14575
core.pack.task: Packer task: initialize from command line() 
core.pack.pack_rotamers: built 7499 rotamers at 493 positions.
core.pack.interaction_graph.interaction_graph_factory: Instantiating DensePDInteractionGraph
protocols.relax.FastRelax: CMD: repack  -1010.48  0.193935  0.193935  0.14575
protocols.relax.FastRelax: CMD: scale:fa_rep  -988.506  0.193935  0.193935  0.154
protocols.relax.FastRelax: CMD: min  -1153.05  0.241544  0.241544  0.154
protocols.relax.FastRelax: CMD: coord_cst_weight  -1278.49  0.241544  0.241544  0.154
protocols.relax.FastRelax: CMD: scale:fa_rep  -1081.05  0.241544  0.241544  0.30745
core.pack.task: Packer task: initialize from command line() 
core.pack.pack_rotamers: built 7275 rotamers at 493 positions.
core.pack.interaction_graph.interaction_graph_factory: Instantiating DensePDInteractionGraph
protocols.relax.FastRelax: CMD: repack  -1081.86  0.241544  0.241544  0.30745
protocols.relax.FastRelax: CMD: scale:fa_rep  -1066.49  0.241544  0.241544  0.31955
protocols.relax.FastRelax: CMD: min  -1282.42  3.00433  3.00433  0.31955
protocols.relax.FastRelax: CMD: coord_cst_weight  -1282.42  3.00433  3.00433  0.31955
protocols.relax.FastRelax: CMD: scale:fa_rep  -1055.27  3.00433  3.00433  0.55
core.pack.task: Packer task: initialize from command line() 
core.pack.pack_rotamers: built 7122 rotamers at 493 positions.
core.pack.interaction_graph.interaction_graph_factory: Instantiating DensePDInteractionGraph
protocols.relax.FastRelax: CMD: repack  -1059.53  3.00433  3.00433  0.55
protocols.relax.FastRelax: CMD: min  -1126.28  4.27299  4.27299  0.55
protocols.relax.FastRelax: MRP: 2  -1126.28  -1126.28  4.27299  4.27299  
protocols.relax.FastRelax: CMD: accept_to_best  -1126.28  4.27299  4.27299  0.55
protocols.relax.FastRelax: CMD: endrepeat  -1126.28  4.27299  4.27299  0.55
protocols.relax.FastRelax: CMD: coord_cst_weight  161518  4.27299  4.27299  0.55
protocols.relax.FastRelax: CMD: scale:fa_rep  161158  4.27299  4.27299  0.022
core.pack.task: Packer task: initialize from command line() 
core.pack.pack_rotamers: built 8017 rotamers at 493 positions.
core.pack.interaction_graph.interaction_graph_factory: Instantiating DensePDInteractionGraph
protocols.relax.FastRelax: CMD: repack  161131  4.27299  4.27299  0.022
protocols.relax.FastRelax: CMD: scale:fa_rep  161141  4.27299  4.27299  0.02805
core.optimization.Minimizer: [ WARNING ] LBFGS MAX CYCLES 2000 EXCEEDED, BUT FUNC NOT CONVERGED!
protocols.relax.FastRelax: CMD: min  -1245.88  0.196424  0.196424  0.02805
protocols.relax.FastRelax: CMD: coord_cst_weight  -1333.68  0.196424  0.196424  0.02805
protocols.relax.FastRelax: CMD: scale:fa_rep  -981.825  0.196424  0.196424  0.14575
core.pack.task: Packer task: initialize from command line() 
core.pack.pack_rotamers: built 7513 rotamers at 493 positions.
core.pack.interaction_graph.interaction_graph_factory: Instantiating DensePDInteractionGraph
protocols.relax.FastRelax: CMD: repack  -1009.99  0.196424  0.196424  0.14575
protocols.relax.FastRelax: CMD: scale:fa_rep  -988.636  0.196424  0.196424  0.154
protocols.relax.FastRelax: CMD: min  -1154.38  0.246357  0.246357  0.154
protocols.relax.FastRelax: CMD: coord_cst_weight  -1285.17  0.246357  0.246357  0.154
protocols.relax.FastRelax: CMD: scale:fa_rep  -1087.83  0.246357  0.246357  0.30745
core.pack.task: Packer task: initialize from command line() 
core.pack.pack_rotamers: built 7241 rotamers at 493 positions.
core.pack.interaction_graph.interaction_graph_factory: Instantiating DensePDInteractionGraph
protocols.relax.FastRelax: CMD: repack  -1088.01  0.246357  0.246357  0.30745
protocols.relax.FastRelax: CMD: scale:fa_rep  -1072.73  0.246357  0.246357  0.31955
protocols.relax.FastRelax: CMD: min  -1284.09  3.18255  3.18255  0.31955
protocols.relax.FastRelax: CMD: coord_cst_weight  -1284.09  3.18255  3.18255  0.31955
protocols.relax.FastRelax: CMD: scale:fa_rep  -1055.46  3.18255  3.18255  0.55
core.pack.task: Packer task: initialize from command line() 
core.pack.pack_rotamers: built 7071 rotamers at 493 positions.
core.pack.interaction_graph.interaction_graph_factory: Instantiating DensePDInteractionGraph
protocols.relax.FastRelax: CMD: repack  -1058.71  3.18255  3.18255  0.55
protocols.relax.FastRelax: CMD: min  -1122.3  4.40578  4.40578  0.55
protocols.relax.FastRelax: MRP: 3  -1122.3  -1126.28  4.27299  4.27299  
protocols.relax.FastRelax: CMD: accept_to_best  -1122.3  4.40578  4.40578  0.55
protocols.relax.FastRelax: CMD: endrepeat  -1122.3  4.40578  4.40578  0.55
protocols.relax.FastRelax: CMD: coord_cst_weight  155385  4.40578  4.40578  0.55
protocols.relax.FastRelax: CMD: scale:fa_rep  155030  4.40578  4.40578  0.022
core.pack.task: Packer task: initialize from command line() 
core.pack.pack_rotamers: built 8001 rotamers at 493 positions.
core.pack.interaction_graph.interaction_graph_factory: Instantiating DensePDInteractionGraph
protocols.relax.FastRelax: CMD: repack  155000  4.40578  4.40578  0.022
protocols.relax.FastRelax: CMD: scale:fa_rep  155008  4.40578  4.40578  0.02805
core.optimization.Minimizer: [ WARNING ] LBFGS MAX CYCLES 2000 EXCEEDED, BUT FUNC NOT CONVERGED!
protocols.relax.FastRelax: CMD: min  -1254.66  0.195404  0.195404  0.02805
protocols.relax.FastRelax: CMD: coord_cst_weight  -1341.27  0.195404  0.195404  0.02805
protocols.relax.FastRelax: CMD: scale:fa_rep  -989.627  0.195404  0.195404  0.14575
core.pack.task: Packer task: initialize from command line() 
core.pack.pack_rotamers: built 7459 rotamers at 493 positions.
core.pack.interaction_graph.interaction_graph_factory: Instantiating DensePDInteractionGraph
protocols.relax.FastRelax: CMD: repack  -1015.5  0.195404  0.195404  0.14575
protocols.relax.FastRelax: CMD: scale:fa_rep  -993.931  0.195404  0.195404  0.154
protocols.relax.FastRelax: CMD: min  -1160.24  0.241119  0.241119  0.154
protocols.relax.FastRelax: CMD: coord_cst_weight  -1286.35  0.241119  0.241119  0.154
protocols.relax.FastRelax: CMD: scale:fa_rep  -1088.72  0.241119  0.241119  0.30745
core.pack.task: Packer task: initialize from command line() 
core.pack.pack_rotamers: built 7224 rotamers at 493 positions.
core.pack.interaction_graph.interaction_graph_factory: Instantiating DensePDInteractionGraph
protocols.relax.FastRelax: CMD: repack  -1089.98  0.241119  0.241119  0.30745
protocols.relax.FastRelax: CMD: scale:fa_rep  -1074.69  0.241119  0.241119  0.31955
protocols.relax.FastRelax: CMD: min  -1284.96  3.23258  3.23258  0.31955
protocols.relax.FastRelax: CMD: coord_cst_weight  -1284.96  3.23258  3.23258  0.31955
protocols.relax.FastRelax: CMD: scale:fa_rep  -1058.34  3.23258  3.23258  0.55
core.pack.task: Packer task: initialize from command line() 
core.pack.pack_rotamers: built 7067 rotamers at 493 positions.
core.pack.interaction_graph.interaction_graph_factory: Instantiating DensePDInteractionGraph
protocols.relax.FastRelax: CMD: repack  -1063.3  3.23258  3.23258  0.55
protocols.relax.FastRelax: CMD: min  -1110.82  3.39957  3.39957  0.55
protocols.relax.FastRelax: MRP: 4  -1110.82  -1126.28  4.27299  4.27299  
protocols.relax.FastRelax: CMD: accept_to_best  -1110.82  3.39957  3.39957  0.55
protocols.relax.FastRelax: CMD: endrepeat  -1110.82  3.39957  3.39957  0.55
protocols.relax.FastRelax: CMD: coord_cst_weight  85778.2  3.39957  3.39957  0.55
protocols.relax.FastRelax: CMD: scale:fa_rep  85411.6  3.39957  3.39957  0.022
core.pack.task: Packer task: initialize from command line() 
core.pack.pack_rotamers: built 7897 rotamers at 493 positions.
core.pack.interaction_graph.interaction_graph_factory: Instantiating DensePDInteractionGraph
protocols.relax.FastRelax: CMD: repack  85387  3.39957  3.39957  0.022
protocols.relax.FastRelax: CMD: scale:fa_rep  85395.9  3.39957  3.39957  0.02805
core.optimization.Minimizer: [ WARNING ] LBFGS MAX CYCLES 2000 EXCEEDED, BUT FUNC NOT CONVERGED!
protocols.relax.FastRelax: CMD: min  -1268.11  0.195728  0.195728  0.02805
protocols.relax.FastRelax: CMD: coord_cst_weight  -1352.56  0.195728  0.195728  0.02805
protocols.relax.FastRelax: CMD: scale:fa_rep  -995.713  0.195728  0.195728  0.14575
core.pack.task: Packer task: initialize from command line() 
core.pack.pack_rotamers: built 7431 rotamers at 493 positions.
core.pack.interaction_graph.interaction_graph_factory: Instantiating DensePDInteractionGraph
protocols.relax.FastRelax: CMD: repack  -1021.74  0.195728  0.195728  0.14575
protocols.relax.FastRelax: CMD: scale:fa_rep  -1000.62  0.195728  0.195728  0.154
protocols.relax.FastRelax: CMD: min  -1162.95  0.242422  0.242422  0.154
protocols.relax.FastRelax: CMD: coord_cst_weight  -1289.83  0.242422  0.242422  0.154
protocols.relax.FastRelax: CMD: scale:fa_rep  -1097.77  0.242422  0.242422  0.30745
core.pack.task: Packer task: initialize from command line() 
core.pack.pack_rotamers: built 7229 rotamers at 493 positions.
core.pack.interaction_graph.interaction_graph_factory: Instantiating DensePDInteractionGraph
protocols.relax.FastRelax: CMD: repack  -1098.85  0.242422  0.242422  0.30745
protocols.relax.FastRelax: CMD: scale:fa_rep  -1083.82  0.242422  0.242422  0.31955
protocols.relax.FastRelax: CMD: min  -1291.02  3.2523  3.2523  0.31955
protocols.relax.FastRelax: CMD: coord_cst_weight  -1291.02  3.2523  3.2523  0.31955
protocols.relax.FastRelax: CMD: scale:fa_rep  -1063.17  3.2523  3.2523  0.55
core.pack.task: Packer task: initialize from command line() 
core.pack.pack_rotamers: built 7074 rotamers at 493 positions.
core.pack.interaction_graph.interaction_graph_factory: Instantiating DensePDInteractionGraph
protocols.relax.FastRelax: CMD: repack  -1068.28  3.2523  3.2523  0.55
protocols.relax.FastRelax: CMD: min  -1130.46  3.54656  3.54656  0.55
protocols.relax.FastRelax: MRP: 5  -1130.46  -1130.46  3.54656  3.54656  
protocols.relax.FastRelax: CMD: accept_to_best  -1130.46  3.54656  3.54656  0.55
protocols.relax.FastRelax: CMD: endrepeat  -1130.46  3.54656  3.54656  0.55
protocols.relax.FastRelax: CMD: coord_cst_weight  88780.5  3.54656  3.54656  0.55
protocols.relax.FastRelax: CMD: scale:fa_rep  88419  3.54656  3.54656  0.022
core.pack.task: Packer task: initialize from command line() 
core.pack.pack_rotamers: built 7897 rotamers at 493 positions.
core.pack.interaction_graph.interaction_graph_factory: Instantiating DensePDInteractionGraph
protocols.relax.FastRelax: CMD: repack  88396  3.54656  3.54656  0.022
protocols.relax.FastRelax: CMD: scale:fa_rep  88403.7  3.54656  3.54656  0.02805
core.optimization.Minimizer: [ WARNING ] LBFGS MAX CYCLES 2000 EXCEEDED, BUT FUNC NOT CONVERGED!
protocols.relax.FastRelax: CMD: min  -1256  0.201988  0.201988  0.02805
protocols.relax.FastRelax: CMD: coord_cst_weight  -1344.74  0.201988  0.201988  0.02805
protocols.relax.FastRelax: CMD: scale:fa_rep  -995.832  0.201988  0.201988  0.14575
core.pack.task: Packer task: initialize from command line() 
core.pack.pack_rotamers: built 7368 rotamers at 493 positions.
core.pack.interaction_graph.interaction_graph_factory: Instantiating DensePDInteractionGraph
protocols.relax.FastRelax: CMD: repack  -1020.97  0.201988  0.201988  0.14575
protocols.relax.FastRelax: CMD: scale:fa_rep  -999.702  0.201988  0.201988  0.154
protocols.relax.FastRelax: CMD: min  -1160.14  0.244523  0.244523  0.154
protocols.relax.FastRelax: CMD: coord_cst_weight  -1288.88  0.244523  0.244523  0.154
protocols.relax.FastRelax: CMD: scale:fa_rep  -1093.64  0.244523  0.244523  0.30745
core.pack.task: Packer task: initialize from command line() 
core.pack.pack_rotamers: built 7220 rotamers at 493 positions.
core.pack.interaction_graph.interaction_graph_factory: Instantiating DensePDInteractionGraph
protocols.relax.FastRelax: CMD: repack  -1095.66  0.244523  0.244523  0.30745
protocols.relax.FastRelax: CMD: scale:fa_rep  -1080.45  0.244523  0.244523  0.31955
protocols.relax.FastRelax: CMD: min  -1284.98  2.17668  2.17668  0.31955
protocols.relax.FastRelax: CMD: coord_cst_weight  -1284.98  2.17668  2.17668  0.31955
protocols.relax.FastRelax: CMD: scale:fa_rep  -1061.25  2.17668  2.17668  0.55
core.pack.task: Packer task: initialize from command line() 
core.pack.pack_rotamers: built 7087 rotamers at 493 positions.
core.pack.interaction_graph.interaction_graph_factory: Instantiating DensePDInteractionGraph
protocols.relax.FastRelax: CMD: repack  -1054.37  2.17668  2.17668  0.55
protocols.relax.FastRelax: CMD: min  -1125.76  3.31605  3.31605  0.55
protocols.relax.FastRelax: MRP: 6  -1125.76  -1130.46  3.54656  3.54656  
protocols.relax.FastRelax: CMD: accept_to_best  -1125.76  3.31605  3.31605  0.55
protocols.relax.FastRelax: CMD: endrepeat  -1125.76  3.31605  3.31605  0.55
protocols.relax.FastRelax: CMD: coord_cst_weight  118071  3.31605  3.31605  0.55
protocols.relax.FastRelax: CMD: scale:fa_rep  117714  3.31605  3.31605  0.022
core.pack.task: Packer task: initialize from command line() 
core.pack.pack_rotamers: built 7952 rotamers at 493 positions.
core.pack.interaction_graph.interaction_graph_factory: Instantiating DensePDInteractionGraph
protocols.relax.FastRelax: CMD: repack  117686  3.31605  3.31605  0.022
protocols.relax.FastRelax: CMD: scale:fa_rep  117694  3.31605  3.31605  0.02805
core.optimization.Minimizer: [ WARNING ] LBFGS MAX CYCLES 2000 EXCEEDED, BUT FUNC NOT CONVERGED!
protocols.relax.FastRelax: CMD: min  -1254.62  0.200866  0.200866  0.02805
protocols.relax.FastRelax: CMD: coord_cst_weight  -1342.98  0.200866  0.200866  0.02805
protocols.relax.FastRelax: CMD: scale:fa_rep  -1000.89  0.200866  0.200866  0.14575
core.pack.task: Packer task: initialize from command line() 
core.pack.pack_rotamers: built 7342 rotamers at 493 positions.
core.pack.interaction_graph.interaction_graph_factory: Instantiating DensePDInteractionGraph
protocols.relax.FastRelax: CMD: repack  -1025.68  0.200866  0.200866  0.14575
protocols.relax.FastRelax: CMD: scale:fa_rep  -1004.6  0.200866  0.200866  0.154
protocols.relax.FastRelax: CMD: min  -1160.93  0.244777  0.244777  0.154
protocols.relax.FastRelax: CMD: coord_cst_weight  -1290.77  0.244777  0.244777  0.154
protocols.relax.FastRelax: CMD: scale:fa_rep  -1095.42  0.244777  0.244777  0.30745
core.pack.task: Packer task: initialize from command line() 
core.pack.pack_rotamers: built 7254 rotamers at 493 positions.
core.pack.interaction_graph.interaction_graph_factory: Instantiating DensePDInteractionGraph
protocols.relax.FastRelax: CMD: repack  -1097.15  0.244777  0.244777  0.30745
protocols.relax.FastRelax: CMD: scale:fa_rep  -1082.03  0.244777  0.244777  0.31955
protocols.relax.FastRelax: CMD: min  -1288.44  2.50755  2.50755  0.31955
protocols.relax.FastRelax: CMD: coord_cst_weight  -1288.44  2.50755  2.50755  0.31955
protocols.relax.FastRelax: CMD: scale:fa_rep  -1062.23  2.50755  2.50755  0.55
core.pack.task: Packer task: initialize from command line() 
core.pack.pack_rotamers: built 7080 rotamers at 493 positions.
core.pack.interaction_graph.interaction_graph_factory: Instantiating DensePDInteractionGraph
protocols.relax.FastRelax: CMD: repack  -1069.96  2.50755  2.50755  0.55
protocols.relax.FastRelax: CMD: min  -1128.04  3.3622  3.3622  0.55
protocols.relax.FastRelax: MRP: 7  -1128.04  -1130.46  3.54656  3.54656  
protocols.relax.FastRelax: CMD: accept_to_best  -1128.04  3.3622  3.3622  0.55
protocols.relax.FastRelax: CMD: endrepeat  -1128.04  3.3622  3.3622  0.55
protocols.relax.FastRelax: CMD: coord_cst_weight  87687.9  3.3622  3.3622  0.55
protocols.relax.FastRelax: CMD: scale:fa_rep  87328.3  3.3622  3.3622  0.022
core.pack.task: Packer task: initialize from command line() 
core.pack.pack_rotamers: built 7919 rotamers at 493 positions.
core.pack.interaction_graph.interaction_graph_factory: Instantiating DensePDInteractionGraph
protocols.relax.FastRelax: CMD: repack  87301.5  3.3622  3.3622  0.022
protocols.relax.FastRelax: CMD: scale:fa_rep  87309.4  3.3622  3.3622  0.02805
core.optimization.Minimizer: [ WARNING ] LBFGS MAX CYCLES 2000 EXCEEDED, BUT FUNC NOT CONVERGED!
protocols.relax.FastRelax: CMD: min  -1263.38  0.199902  0.199902  0.02805
protocols.relax.FastRelax: CMD: coord_cst_weight  -1351.69  0.199902  0.199902  0.02805
protocols.relax.FastRelax: CMD: scale:fa_rep  -1005.93  0.199902  0.199902  0.14575
core.pack.task: Packer task: initialize from command line() 
core.pack.pack_rotamers: built 7366 rotamers at 493 positions.
core.pack.interaction_graph.interaction_graph_factory: Instantiating DensePDInteractionGraph
protocols.relax.FastRelax: CMD: repack  -1035.17  0.199902  0.199902  0.14575
protocols.relax.FastRelax: CMD: scale:fa_rep  -1014.79  0.199902  0.199902  0.154
protocols.relax.FastRelax: CMD: min  -1166.37  0.244631  0.244631  0.154
protocols.relax.FastRelax: CMD: coord_cst_weight  -1296.48  0.244631  0.244631  0.154
protocols.relax.FastRelax: CMD: scale:fa_rep  -1105.74  0.244631  0.244631  0.30745
core.pack.task: Packer task: initialize from command line() 
core.pack.pack_rotamers: built 7199 rotamers at 493 positions.
core.pack.interaction_graph.interaction_graph_factory: Instantiating DensePDInteractionGraph
protocols.relax.FastRelax: CMD: repack  -1106.21  0.244631  0.244631  0.30745
protocols.relax.FastRelax: CMD: scale:fa_rep  -1091.37  0.244631  0.244631  0.31955
protocols.relax.FastRelax: CMD: min  -1285.82  2.30462  2.30462  0.31955
protocols.relax.FastRelax: CMD: coord_cst_weight  -1285.82  2.30462  2.30462  0.31955
protocols.relax.FastRelax: CMD: scale:fa_rep  -1060.34  2.30462  2.30462  0.55
core.pack.task: Packer task: initialize from command line() 
core.pack.pack_rotamers: built 7094 rotamers at 493 positions.
core.pack.interaction_graph.interaction_graph_factory: Instantiating DensePDInteractionGraph
protocols.relax.FastRelax: CMD: repack  -1062.68  2.30462  2.30462  0.55
protocols.relax.FastRelax: CMD: min  -1125.77  3.28239  3.28239  0.55
protocols.relax.FastRelax: MRP: 8  -1125.77  -1130.46  3.54656  3.54656  
protocols.relax.FastRelax: CMD: accept_to_best  -1125.77  3.28239  3.28239  0.55
protocols.relax.FastRelax: CMD: endrepeat  -1125.77  3.28239  3.28239  0.55
protocols.relax.FastRelax: CMD: coord_cst_weight  96916.7  3.28239  3.28239  0.55
protocols.relax.FastRelax: CMD: scale:fa_rep  96558.5  3.28239  3.28239  0.022
core.pack.task: Packer task: initialize from command line() 
core.pack.pack_rotamers: built 7957 rotamers at 493 positions.
core.pack.interaction_graph.interaction_graph_factory: Instantiating DensePDInteractionGraph
protocols.relax.FastRelax: CMD: repack  96529.1  3.28239  3.28239  0.022
protocols.relax.FastRelax: CMD: scale:fa_rep  96536.9  3.28239  3.28239  0.02805
core.optimization.Minimizer: [ WARNING ] LBFGS MAX CYCLES 2000 EXCEEDED, BUT FUNC NOT CONVERGED!
protocols.relax.FastRelax: CMD: min  -1262.07  0.199177  0.199177  0.02805
protocols.relax.FastRelax: CMD: coord_cst_weight  -1349.44  0.199177  0.199177  0.02805
protocols.relax.FastRelax: CMD: scale:fa_rep  -1002.73  0.199177  0.199177  0.14575
core.pack.task: Packer task: initialize from command line() 
core.pack.pack_rotamers: built 7458 rotamers at 493 positions.
core.pack.interaction_graph.interaction_graph_factory: Instantiating DensePDInteractionGraph
protocols.relax.FastRelax: CMD: repack  -1032.61  0.199177  0.199177  0.14575
protocols.relax.FastRelax: CMD: scale:fa_rep  -1011.45  0.199177  0.199177  0.154
protocols.relax.FastRelax: CMD: min  -1163.99  0.240967  0.240967  0.154
protocols.relax.FastRelax: CMD: coord_cst_weight  -1291.1  0.240967  0.240967  0.154
protocols.relax.FastRelax: CMD: scale:fa_rep  -1097.4  0.240967  0.240967  0.30745
core.pack.task: Packer task: initialize from command line() 
core.pack.pack_rotamers: built 7209 rotamers at 493 positions.
core.pack.interaction_graph.interaction_graph_factory: Instantiating DensePDInteractionGraph
protocols.relax.FastRelax: CMD: repack  -1099.48  0.240967  0.240967  0.30745
protocols.relax.FastRelax: CMD: scale:fa_rep  -1084.43  0.240967  0.240967  0.31955
protocols.relax.FastRelax: CMD: min  -1293.66  2.2163  2.2163  0.31955
protocols.relax.FastRelax: CMD: coord_cst_weight  -1293.66  2.2163  2.2163  0.31955
protocols.relax.FastRelax: CMD: scale:fa_rep  -1065.05  2.2163  2.2163  0.55
core.pack.task: Packer task: initialize from command line() 
core.pack.pack_rotamers: built 7089 rotamers at 493 positions.
core.pack.interaction_graph.interaction_graph_factory: Instantiating DensePDInteractionGraph
protocols.relax.FastRelax: CMD: repack  -1069.33  2.2163  2.2163  0.55
protocols.relax.FastRelax: CMD: min  -1123.84  2.87689  2.87689  0.55
protocols.relax.FastRelax: MRP: 9  -1123.84  -1130.46  3.54656  3.54656  
protocols.relax.FastRelax: CMD: accept_to_best  -1123.84  2.87689  2.87689  0.55
protocols.relax.FastRelax: CMD: endrepeat  -1123.84  2.87689  2.87689  0.55
protocols.relax.FastRelax: CMD: coord_cst_weight  69234.9  2.87689  2.87689  0.55
protocols.relax.FastRelax: CMD: scale:fa_rep  68873.9  2.87689  2.87689  0.022
core.pack.task: Packer task: initialize from command line() 
core.pack.pack_rotamers: built 7960 rotamers at 493 positions.
core.pack.interaction_graph.interaction_graph_factory: Instantiating DensePDInteractionGraph
protocols.relax.FastRelax: CMD: repack  68845.4  2.87689  2.87689  0.022
protocols.relax.FastRelax: CMD: scale:fa_rep  68854  2.87689  2.87689  0.02805
core.optimization.Minimizer: [ WARNING ] LBFGS MAX CYCLES 2000 EXCEEDED, BUT FUNC NOT CONVERGED!
protocols.relax.FastRelax: CMD: min  -1276.9  0.196117  0.196117  0.02805
protocols.relax.FastRelax: CMD: coord_cst_weight  -1361.34  0.196117  0.196117  0.02805
protocols.relax.FastRelax: CMD: scale:fa_rep  -1010.11  0.196117  0.196117  0.14575
core.pack.task: Packer task: initialize from command line() 
core.pack.pack_rotamers: built 7410 rotamers at 493 positions.
core.pack.interaction_graph.interaction_graph_factory: Instantiating DensePDInteractionGraph
protocols.relax.FastRelax: CMD: repack  -1036.59  0.196117  0.196117  0.14575
protocols.relax.FastRelax: CMD: scale:fa_rep  -1015.41  0.196117  0.196117  0.154
protocols.relax.FastRelax: CMD: min  -1164.07  0.243854  0.243854  0.154
protocols.relax.FastRelax: CMD: coord_cst_weight  -1292.67  0.243854  0.243854  0.154
protocols.relax.FastRelax: CMD: scale:fa_rep  -1097.82  0.243854  0.243854  0.30745
core.pack.task: Packer task: initialize from command line() 
core.pack.pack_rotamers: built 7214 rotamers at 493 positions.
core.pack.interaction_graph.interaction_graph_factory: Instantiating DensePDInteractionGraph
protocols.relax.FastRelax: CMD: repack  -1098.2  0.243854  0.243854  0.30745
protocols.relax.FastRelax: CMD: scale:fa_rep  -1083.02  0.243854  0.243854  0.31955
protocols.relax.FastRelax: CMD: min  -1292.68  2.2649  2.2649  0.31955
protocols.relax.FastRelax: CMD: coord_cst_weight  -1292.68  2.2649  2.2649  0.31955
protocols.relax.FastRelax: CMD: scale:fa_rep  -1066.59  2.2649  2.2649  0.55
core.pack.task: Packer task: initialize from command line() 
core.pack.pack_rotamers: built 7120 rotamers at 493 positions.
core.pack.interaction_graph.interaction_graph_factory: Instantiating DensePDInteractionGraph
protocols.relax.FastRelax: CMD: repack  -1070.37  2.2649  2.2649  0.55
protocols.relax.FastRelax: CMD: min  -1129.42  2.90992  2.90992  0.55
protocols.relax.FastRelax: MRP: 10  -1129.42  -1130.46  3.54656  3.54656  
protocols.relax.FastRelax: CMD: accept_to_best  -1129.42  2.90992  2.90992  0.55
protocols.relax.FastRelax: CMD: endrepeat  -1129.42  2.90992  2.90992  0.55
protocols.relax.FastRelax: CMD: coord_cst_weight  102424  2.90992  2.90992  0.55
protocols.relax.FastRelax: CMD: scale:fa_rep  102068  2.90992  2.90992  0.022
core.pack.task: Packer task: initialize from command line() 
core.pack.pack_rotamers: built 7941 rotamers at 493 positions.
core.pack.interaction_graph.interaction_graph_factory: Instantiating DensePDInteractionGraph
protocols.relax.FastRelax: CMD: repack  102038  2.90992  2.90992  0.022
protocols.relax.FastRelax: CMD: scale:fa_rep  102045  2.90992  2.90992  0.02805
core.optimization.Minimizer: [ WARNING ] LBFGS MAX CYCLES 2000 EXCEEDED, BUT FUNC NOT CONVERGED!
protocols.relax.FastRelax: CMD: min  -1257.74  0.201876  0.201876  0.02805
protocols.relax.FastRelax: CMD: coord_cst_weight  -1347.98  0.201876  0.201876  0.02805
protocols.relax.FastRelax: CMD: scale:fa_rep  -998.468  0.201876  0.201876  0.14575
core.pack.task: Packer task: initialize from command line() 
core.pack.pack_rotamers: built 7403 rotamers at 493 positions.
core.pack.interaction_graph.interaction_graph_factory: Instantiating DensePDInteractionGraph
protocols.relax.FastRelax: CMD: repack  -1023.11  0.201876  0.201876  0.14575
protocols.relax.FastRelax: CMD: scale:fa_rep  -1002.18  0.201876  0.201876  0.154
protocols.relax.FastRelax: CMD: min  -1162.16  0.245933  0.245933  0.154
protocols.relax.FastRelax: CMD: coord_cst_weight  -1293.32  0.245933  0.245933  0.154
protocols.relax.FastRelax: CMD: scale:fa_rep  -1099.27  0.245933  0.245933  0.30745
core.pack.task: Packer task: initialize from command line() 
core.pack.pack_rotamers: built 7201 rotamers at 493 positions.
core.pack.interaction_graph.interaction_graph_factory: Instantiating DensePDInteractionGraph
protocols.relax.FastRelax: CMD: repack  -1101.34  0.245933  0.245933  0.30745
protocols.relax.FastRelax: CMD: scale:fa_rep  -1086.26  0.245933  0.245933  0.31955
protocols.relax.FastRelax: CMD: min  -1292.65  2.39333  2.39333  0.31955
protocols.relax.FastRelax: CMD: coord_cst_weight  -1292.65  2.39333  2.39333  0.31955
protocols.relax.FastRelax: CMD: scale:fa_rep  -1065.67  2.39333  2.39333  0.55
core.pack.task: Packer task: initialize from command line() 
core.pack.pack_rotamers: built 7062 rotamers at 493 positions.
core.pack.interaction_graph.interaction_graph_factory: Instantiating DensePDInteractionGraph
protocols.relax.FastRelax: CMD: repack  -1068.69  2.39333  2.39333  0.55
protocols.relax.FastRelax: CMD: min  -1126.01  3.04922  3.04922  0.55
protocols.relax.FastRelax: MRP: 11  -1126.01  -1130.46  3.54656  3.54656  
protocols.relax.FastRelax: CMD: accept_to_best  -1126.01  3.04922  3.04922  0.55
protocols.relax.FastRelax: CMD: endrepeat  -1126.01  3.04922  3.04922  0.55
protocols.relax.FastRelax: CMD: coord_cst_weight  82192.6  3.04922  3.04922  0.55
protocols.relax.FastRelax: CMD: scale:fa_rep  81832.9  3.04922  3.04922  0.022
core.pack.task: Packer task: initialize from command line() 
core.pack.pack_rotamers: built 7925 rotamers at 493 positions.
core.pack.interaction_graph.interaction_graph_factory: Instantiating DensePDInteractionGraph
protocols.relax.FastRelax: CMD: repack  81801.7  3.04922  3.04922  0.022
protocols.relax.FastRelax: CMD: scale:fa_rep  81809.9  3.04922  3.04922  0.02805
core.optimization.Minimizer: [ WARNING ] LBFGS MAX CYCLES 2000 EXCEEDED, BUT FUNC NOT CONVERGED!
protocols.relax.FastRelax: CMD: min  -1275.47  0.199911  0.199911  0.02805
protocols.relax.FastRelax: CMD: coord_cst_weight  -1362.05  0.199911  0.199911  0.02805
protocols.relax.FastRelax: CMD: scale:fa_rep  -1014.6  0.199911  0.199911  0.14575
core.pack.task: Packer task: initialize from command line() 
core.pack.pack_rotamers: built 7448 rotamers at 493 positions.
core.pack.interaction_graph.interaction_graph_factory: Instantiating DensePDInteractionGraph
protocols.relax.FastRelax: CMD: repack  -1035.03  0.199911  0.199911  0.14575
protocols.relax.FastRelax: CMD: scale:fa_rep  -1013.48  0.199911  0.199911  0.154
protocols.relax.FastRelax: CMD: min  -1167.95  0.247777  0.247777  0.154
protocols.relax.FastRelax: CMD: coord_cst_weight  -1300.58  0.247777  0.247777  0.154
protocols.relax.FastRelax: CMD: scale:fa_rep  -1105.4  0.247777  0.247777  0.30745
core.pack.task: Packer task: initialize from command line() 
core.pack.pack_rotamers: built 7257 rotamers at 493 positions.
core.pack.interaction_graph.interaction_graph_factory: Instantiating DensePDInteractionGraph
protocols.relax.FastRelax: CMD: repack  -1106.14  0.247777  0.247777  0.30745
protocols.relax.FastRelax: CMD: scale:fa_rep  -1090.97  0.247777  0.247777  0.31955
protocols.relax.FastRelax: CMD: min  -1299.77  2.58758  2.58758  0.31955
protocols.relax.FastRelax: CMD: coord_cst_weight  -1299.77  2.58758  2.58758  0.31955
protocols.relax.FastRelax: CMD: scale:fa_rep  -1075.34  2.58758  2.58758  0.55
core.pack.task: Packer task: initialize from command line() 
core.pack.pack_rotamers: built 7037 rotamers at 493 positions.
core.pack.interaction_graph.interaction_graph_factory: Instantiating DensePDInteractionGraph
protocols.relax.FastRelax: CMD: repack  -1077.91  2.58758  2.58758  0.55
protocols.relax.FastRelax: CMD: min  -1133.62  3.34331  3.34331  0.55
protocols.relax.FastRelax: MRP: 12  -1133.62  -1133.62  3.34331  3.34331  
protocols.relax.FastRelax: CMD: accept_to_best  -1133.62  3.34331  3.34331  0.55
protocols.relax.FastRelax: CMD: endrepeat  -1133.62  3.34331  3.34331  0.55
protocols.relax.FastRelax: CMD: coord_cst_weight  63999.9  3.34331  3.34331  0.55
protocols.relax.FastRelax: CMD: scale:fa_rep  63644.9  3.34331  3.34331  0.022
core.pack.task: Packer task: initialize from command line() 
core.pack.pack_rotamers: built 7888 rotamers at 493 positions.
core.pack.interaction_graph.interaction_graph_factory: Instantiating DensePDInteractionGraph
protocols.relax.FastRelax: CMD: repack  63618.3  3.34331  3.34331  0.022
protocols.relax.FastRelax: CMD: scale:fa_rep  63627.7  3.34331  3.34331  0.02805
core.optimization.Minimizer: [ WARNING ] LBFGS MAX CYCLES 2000 EXCEEDED, BUT FUNC NOT CONVERGED!
protocols.relax.FastRelax: CMD: min  -1269.72  0.202659  0.202659  0.02805
protocols.relax.FastRelax: CMD: coord_cst_weight  -1359.27  0.202659  0.202659  0.02805
protocols.relax.FastRelax: CMD: scale:fa_rep  -1001.3  0.202659  0.202659  0.14575
core.pack.task: Packer task: initialize from command line() 
core.pack.pack_rotamers: built 7521 rotamers at 493 positions.
core.pack.interaction_graph.interaction_graph_factory: Instantiating DensePDInteractionGraph
protocols.relax.FastRelax: CMD: repack  -1035.83  0.202659  0.202659  0.14575
protocols.relax.FastRelax: CMD: scale:fa_rep  -1015.28  0.202659  0.202659  0.154
protocols.relax.FastRelax: CMD: min  -1168.91  0.251054  0.251054  0.154
protocols.relax.FastRelax: CMD: coord_cst_weight  -1304.03  0.251054  0.251054  0.154
protocols.relax.FastRelax: CMD: scale:fa_rep  -1112.03  0.251054  0.251054  0.30745
core.pack.task: Packer task: initialize from command line() 
core.pack.pack_rotamers: built 7278 rotamers at 493 positions.
core.pack.interaction_graph.interaction_graph_factory: Instantiating DensePDInteractionGraph
protocols.relax.FastRelax: CMD: repack  -1114.16  0.251054  0.251054  0.30745
protocols.relax.FastRelax: CMD: scale:fa_rep  -1099.29  0.251054  0.251054  0.31955
protocols.relax.FastRelax: CMD: min  -1303.34  2.17275  2.17275  0.31955
protocols.relax.FastRelax: CMD: coord_cst_weight  -1303.34  2.17275  2.17275  0.31955
protocols.relax.FastRelax: CMD: scale:fa_rep  -1081.67  2.17275  2.17275  0.55
core.pack.task: Packer task: initialize from command line() 
core.pack.pack_rotamers: built 7096 rotamers at 493 positions.
core.pack.interaction_graph.interaction_graph_factory: Instantiating DensePDInteractionGraph
protocols.relax.FastRelax: CMD: repack  -1083.01  2.17275  2.17275  0.55
protocols.relax.FastRelax: CMD: min  -1134.12  2.92125  2.92125  0.55
protocols.relax.FastRelax: MRP: 13  -1134.12  -1134.12  2.92125  2.92125  
protocols.relax.FastRelax: CMD: accept_to_best  -1134.12  2.92125  2.92125  0.55
protocols.relax.FastRelax: CMD: endrepeat  -1134.12  2.92125  2.92125  0.55
protocols.relax.FastRelax: CMD: coord_cst_weight  71939.5  2.92125  2.92125  0.55
protocols.relax.FastRelax: CMD: scale:fa_rep  71586.9  2.92125  2.92125  0.022
core.pack.task: Packer task: initialize from command line() 
core.pack.pack_rotamers: built 7871 rotamers at 493 positions.
core.pack.interaction_graph.interaction_graph_factory: Instantiating DensePDInteractionGraph
protocols.relax.FastRelax: CMD: repack  71557.6  2.92125  2.92125  0.022
protocols.relax.FastRelax: CMD: scale:fa_rep  71567.2  2.92125  2.92125  0.02805
core.optimization.Minimizer: [ WARNING ] LBFGS MAX CYCLES 2000 EXCEEDED, BUT FUNC NOT CONVERGED!
protocols.relax.FastRelax: CMD: min  -1276.58  0.202156  0.202156  0.02805
protocols.relax.FastRelax: CMD: coord_cst_weight  -1365.84  0.202156  0.202156  0.02805
protocols.relax.FastRelax: CMD: scale:fa_rep  -1004.3  0.202156  0.202156  0.14575
core.pack.task: Packer task: initialize from command line() 
core.pack.pack_rotamers: built 7494 rotamers at 493 positions.
core.pack.interaction_graph.interaction_graph_factory: Instantiating DensePDInteractionGraph
protocols.relax.FastRelax: CMD: repack  -1030.16  0.202156  0.202156  0.14575
protocols.relax.FastRelax: CMD: scale:fa_rep  -1008.04  0.202156  0.202156  0.154
protocols.relax.FastRelax: CMD: min  -1173.62  0.253376  0.253376  0.154
protocols.relax.FastRelax: CMD: coord_cst_weight  -1309.24  0.253376  0.253376  0.154
protocols.relax.FastRelax: CMD: scale:fa_rep  -1112.43  0.253376  0.253376  0.30745
core.pack.task: Packer task: initialize from command line() 
core.pack.pack_rotamers: built 7277 rotamers at 493 positions.
core.pack.interaction_graph.interaction_graph_factory: Instantiating DensePDInteractionGraph
protocols.relax.FastRelax: CMD: repack  -1113.93  0.253376  0.253376  0.30745
protocols.relax.FastRelax: CMD: scale:fa_rep  -1098.77  0.253376  0.253376  0.31955
protocols.relax.FastRelax: CMD: min  -1310.2  2.80336  2.80336  0.31955
protocols.relax.FastRelax: CMD: coord_cst_weight  -1310.2  2.80336  2.80336  0.31955
protocols.relax.FastRelax: CMD: scale:fa_rep  -1085.09  2.80336  2.80336  0.55
core.pack.task: Packer task: initialize from command line() 
core.pack.pack_rotamers: built 6986 rotamers at 493 positions.
core.pack.interaction_graph.interaction_graph_factory: Instantiating DensePDInteractionGraph
protocols.relax.FastRelax: CMD: repack  -1088.62  2.80336  2.80336  0.55
protocols.relax.FastRelax: CMD: min  -1147.19  3.29496  3.29496  0.55
protocols.relax.FastRelax: MRP: 14  -1147.19  -1147.19  3.29496  3.29496  
protocols.relax.FastRelax: CMD: accept_to_best  -1147.19  3.29496  3.29496  0.55
protocols.relax.FastRelax: CMD: endrepeat  -1147.19  3.29496  3.29496  0.55
protocols::checkpoint: Deleting checkpoints of FastRelax
protocols.jd2.JobDistributor: PDE4B_modeller_4_0001 reported success in 12511 seconds
protocols.jd2.PDBJobInputter: PDBJobInputter::pose_from_job
protocols.jd2.PDBJobInputter: filling pose from saved copy ../1-loopmodel/PDE4B_modeller.pdb
protocols.relax.FastRelax: CMD: repeat  3311.98  0  0  0.55
protocols.relax.FastRelax: CMD: coord_cst_weight  3311.98  0  0  0.55
protocols.relax.FastRelax: CMD: scale:fa_rep  895.021  0  0  0.022
core.pack.task: Packer task: initialize from command line() 
core.pack.pack_rotamers: built 8348 rotamers at 493 positions.
core.pack.interaction_graph.interaction_graph_factory: Instantiating DensePDInteractionGraph
protocols.relax.FastRelax: CMD: repack  -843.86  0  0  0.022
protocols.relax.FastRelax: CMD: scale:fa_rep  -808.54  0  0  0.02805
core.optimization.Minimizer: [ WARNING ] LBFGS MAX CYCLES 2000 EXCEEDED, BUT FUNC NOT CONVERGED!
protocols.relax.FastRelax: CMD: min  -1259.62  0.154128  0.154128  0.02805
protocols.relax.FastRelax: CMD: coord_cst_weight  -1310.31  0.154128  0.154128  0.02805
protocols.relax.FastRelax: CMD: scale:fa_rep  -930.663  0.154128  0.154128  0.14575
core.pack.task: Packer task: initialize from command line() 
core.pack.pack_rotamers: built 7488 rotamers at 493 positions.
core.pack.interaction_graph.interaction_graph_factory: Instantiating DensePDInteractionGraph
protocols.relax.FastRelax: CMD: repack  -954.352  0.154128  0.154128  0.14575
protocols.relax.FastRelax: CMD: scale:fa_rep  -931.861  0.154128  0.154128  0.154
protocols.relax.FastRelax: CMD: min  -1126.38  0.21443  0.21443  0.154
protocols.relax.FastRelax: CMD: coord_cst_weight  -1223.32  0.21443  0.21443  0.154
protocols.relax.FastRelax: CMD: scale:fa_rep  -1028.2  0.21443  0.21443  0.30745
core.pack.task: Packer task: initialize from command line() 
core.pack.pack_rotamers: built 7350 rotamers at 493 positions.
core.pack.interaction_graph.interaction_graph_factory: Instantiating DensePDInteractionGraph
protocols.relax.FastRelax: CMD: repack  -1031.13  0.21443  0.21443  0.30745
protocols.relax.FastRelax: CMD: scale:fa_rep  -1015.94  0.21443  0.21443  0.31955
protocols.relax.FastRelax: CMD: min  -1232.04  2.2188  2.2188  0.31955
protocols.relax.FastRelax: CMD: coord_cst_weight  -1232.04  2.2188  2.2188  0.31955
protocols.relax.FastRelax: CMD: scale:fa_rep  -1011.9  2.2188  2.2188  0.55
core.pack.task: Packer task: initialize from command line() 
core.pack.pack_rotamers: built 7120 rotamers at 493 positions.
core.pack.interaction_graph.interaction_graph_factory: Instantiating DensePDInteractionGraph
protocols.relax.FastRelax: CMD: repack  -1027.6  2.2188  2.2188  0.55
protocols.relax.FastRelax: CMD: min  -1105.14  3.5306  3.5306  0.55
protocols.relax.FastRelax: MRP: 0  -1105.14  -1105.14  3.5306  3.5306  
protocols.relax.FastRelax: CMD: accept_to_best  -1105.14  3.5306  3.5306  0.55
protocols.relax.FastRelax: CMD: endrepeat  -1105.14  3.5306  3.5306  0.55
protocols.relax.FastRelax: CMD: coord_cst_weight  137821  3.5306  3.5306  0.55
protocols.relax.FastRelax: CMD: scale:fa_rep  137474  3.5306  3.5306  0.022
core.pack.task: Packer task: initialize from command line() 
core.pack.pack_rotamers: built 7918 rotamers at 493 positions.
core.pack.interaction_graph.interaction_graph_factory: Instantiating DensePDInteractionGraph
protocols.relax.FastRelax: CMD: repack  137442  3.5306  3.5306  0.022
protocols.relax.FastRelax: CMD: scale:fa_rep  137449  3.5306  3.5306  0.02805
core.optimization.Minimizer: [ WARNING ] LBFGS MAX CYCLES 2000 EXCEEDED, BUT FUNC NOT CONVERGED!
protocols.relax.FastRelax: CMD: min  -1229.1  0.192833  0.192833  0.02805
protocols.relax.FastRelax: CMD: coord_cst_weight  -1310.01  0.192833  0.192833  0.02805
protocols.relax.FastRelax: CMD: scale:fa_rep  -969.416  0.192833  0.192833  0.14575
core.pack.task: Packer task: initialize from command line() 
core.pack.pack_rotamers: built 7411 rotamers at 493 positions.
core.pack.interaction_graph.interaction_graph_factory: Instantiating DensePDInteractionGraph
protocols.relax.FastRelax: CMD: repack  -1002.34  0.192833  0.192833  0.14575
protocols.relax.FastRelax: CMD: scale:fa_rep  -981.664  0.192833  0.192833  0.154
protocols.relax.FastRelax: CMD: min  -1154.9  0.234871  0.234871  0.154
protocols.relax.FastRelax: CMD: coord_cst_weight  -1272.19  0.234871  0.234871  0.154
protocols.relax.FastRelax: CMD: scale:fa_rep  -1081.07  0.234871  0.234871  0.30745
core.pack.task: Packer task: initialize from command line() 
core.pack.pack_rotamers: built 7271 rotamers at 493 positions.
core.pack.interaction_graph.interaction_graph_factory: Instantiating DensePDInteractionGraph
protocols.relax.FastRelax: CMD: repack  -1081.71  0.234871  0.234871  0.30745
protocols.relax.FastRelax: CMD: scale:fa_rep  -1066.77  0.234871  0.234871  0.31955
protocols.relax.FastRelax: CMD: min  -1277.77  3.51752  3.51752  0.31955
protocols.relax.FastRelax: CMD: coord_cst_weight  -1277.77  3.51752  3.51752  0.31955
protocols.relax.FastRelax: CMD: scale:fa_rep  -1055.62  3.51752  3.51752  0.55
core.pack.task: Packer task: initialize from command line() 
core.pack.pack_rotamers: built 7047 rotamers at 493 positions.
core.pack.interaction_graph.interaction_graph_factory: Instantiating DensePDInteractionGraph
protocols.relax.FastRelax: CMD: repack  -1060.14  3.51752  3.51752  0.55
protocols.relax.FastRelax: CMD: min  -1120.13  3.79806  3.79806  0.55
protocols.relax.FastRelax: MRP: 1  -1120.13  -1120.13  3.79806  3.79806  
protocols.relax.FastRelax: CMD: accept_to_best  -1120.13  3.79806  3.79806  0.55
protocols.relax.FastRelax: CMD: endrepeat  -1120.13  3.79806  3.79806  0.55
protocols.relax.FastRelax: CMD: coord_cst_weight  138235  3.79806  3.79806  0.55
protocols.relax.FastRelax: CMD: scale:fa_rep  137881  3.79806  3.79806  0.022
core.pack.task: Packer task: initialize from command line() 
core.pack.pack_rotamers: built 7880 rotamers at 493 positions.
core.pack.interaction_graph.interaction_graph_factory: Instantiating DensePDInteractionGraph
protocols.relax.FastRelax: CMD: repack  137858  3.79806  3.79806  0.022
protocols.relax.FastRelax: CMD: scale:fa_rep  137869  3.79806  3.79806  0.02805
core.optimization.Minimizer: [ WARNING ] LBFGS MAX CYCLES 2000 EXCEEDED, BUT FUNC NOT CONVERGED!
protocols.relax.FastRelax: CMD: min  -1246.7  0.196041  0.196041  0.02805
protocols.relax.FastRelax: CMD: coord_cst_weight  -1329.72  0.196041  0.196041  0.02805
protocols.relax.FastRelax: CMD: scale:fa_rep  -958.768  0.196041  0.196041  0.14575
core.pack.task: Packer task: initialize from command line() 
core.pack.pack_rotamers: built 7439 rotamers at 493 positions.
core.pack.interaction_graph.interaction_graph_factory: Instantiating DensePDInteractionGraph
protocols.relax.FastRelax: CMD: repack  -1002.1  0.196041  0.196041  0.14575
protocols.relax.FastRelax: CMD: scale:fa_rep  -980.644  0.196041  0.196041  0.154
protocols.relax.FastRelax: CMD: min  -1158.08  0.238357  0.238357  0.154
protocols.relax.FastRelax: CMD: coord_cst_weight  -1279.55  0.238357  0.238357  0.154
protocols.relax.FastRelax: CMD: scale:fa_rep  -1083.95  0.238357  0.238357  0.30745
core.pack.task: Packer task: initialize from command line() 
core.pack.pack_rotamers: built 7260 rotamers at 493 positions.
core.pack.interaction_graph.interaction_graph_factory: Instantiating DensePDInteractionGraph
protocols.relax.FastRelax: CMD: repack  -1086.11  0.238357  0.238357  0.30745
protocols.relax.FastRelax: CMD: scale:fa_rep  -1070.91  0.238357  0.238357  0.31955
protocols.relax.FastRelax: CMD: min  -1274.11  3.07732  3.07732  0.31955
protocols.relax.FastRelax: CMD: coord_cst_weight  -1274.11  3.07732  3.07732  0.31955
protocols.relax.FastRelax: CMD: scale:fa_rep  -1053  3.07732  3.07732  0.55
core.pack.task: Packer task: initialize from command line() 
core.pack.pack_rotamers: built 7119 rotamers at 493 positions.
core.pack.interaction_graph.interaction_graph_factory: Instantiating DensePDInteractionGraph
protocols.relax.FastRelax: CMD: repack  -1055.83  3.07732  3.07732  0.55
protocols.relax.FastRelax: CMD: min  -1123.76  3.3923  3.3923  0.55
protocols.relax.FastRelax: MRP: 2  -1123.76  -1123.76  3.3923  3.3923  
protocols.relax.FastRelax: CMD: accept_to_best  -1123.76  3.3923  3.3923  0.55
protocols.relax.FastRelax: CMD: endrepeat  -1123.76  3.3923  3.3923  0.55
protocols.relax.FastRelax: CMD: coord_cst_weight  106828  3.3923  3.3923  0.55
protocols.relax.FastRelax: CMD: scale:fa_rep  106476  3.3923  3.3923  0.022
core.pack.task: Packer task: initialize from command line() 
core.pack.pack_rotamers: built 7948 rotamers at 493 positions.
core.pack.interaction_graph.interaction_graph_factory: Instantiating DensePDInteractionGraph
protocols.relax.FastRelax: CMD: repack  106452  3.3923  3.3923  0.022
protocols.relax.FastRelax: CMD: scale:fa_rep  106461  3.3923  3.3923  0.02805
core.optimization.Minimizer: [ WARNING ] LBFGS MAX CYCLES 2000 EXCEEDED, BUT FUNC NOT CONVERGED!
protocols.relax.FastRelax: CMD: min  -1256.03  0.192828  0.192828  0.02805
protocols.relax.FastRelax: CMD: coord_cst_weight  -1336.85  0.192828  0.192828  0.02805
protocols.relax.FastRelax: CMD: scale:fa_rep  -978.122  0.192828  0.192828  0.14575
core.pack.task: Packer task: initialize from command line() 
core.pack.pack_rotamers: built 7485 rotamers at 493 positions.
core.pack.interaction_graph.interaction_graph_factory: Instantiating DensePDInteractionGraph
protocols.relax.FastRelax: CMD: repack  -1012.92  0.192828  0.192828  0.14575
protocols.relax.FastRelax: CMD: scale:fa_rep  -991.632  0.192828  0.192828  0.154
protocols.relax.FastRelax: CMD: min  -1152.44  0.240905  0.240905  0.154
protocols.relax.FastRelax: CMD: coord_cst_weight  -1277.54  0.240905  0.240905  0.154
protocols.relax.FastRelax: CMD: scale:fa_rep  -1082.8  0.240905  0.240905  0.30745
core.pack.task: Packer task: initialize from command line() 
core.pack.pack_rotamers: built 7292 rotamers at 493 positions.
core.pack.interaction_graph.interaction_graph_factory: Instantiating DensePDInteractionGraph
protocols.relax.FastRelax: CMD: repack  -1084.33  0.240905  0.240905  0.30745
protocols.relax.FastRelax: CMD: scale:fa_rep  -1069.11  0.240905  0.240905  0.31955
protocols.relax.FastRelax: CMD: min  -1280.49  1.93662  1.93662  0.31955
protocols.relax.FastRelax: CMD: coord_cst_weight  -1280.49  1.93662  1.93662  0.31955
protocols.relax.FastRelax: CMD: scale:fa_rep  -1059.04  1.93662  1.93662  0.55
core.pack.task: Packer task: initialize from command line() 
core.pack.pack_rotamers: built 7033 rotamers at 493 positions.
core.pack.interaction_graph.interaction_graph_factory: Instantiating DensePDInteractionGraph
protocols.relax.FastRelax: CMD: repack  -1060.08  1.93662  1.93662  0.55
protocols.relax.FastRelax: CMD: min  -1124.29  3.11092  3.11092  0.55
protocols.relax.FastRelax: MRP: 3  -1124.29  -1124.29  3.11092  3.11092  
protocols.relax.FastRelax: CMD: accept_to_best  -1124.29  3.11092  3.11092  0.55
protocols.relax.FastRelax: CMD: endrepeat  -1124.29  3.11092  3.11092  0.55
protocols.relax.FastRelax: CMD: coord_cst_weight  81582.2  3.11092  3.11092  0.55
protocols.relax.FastRelax: CMD: scale:fa_rep  81226.9  3.11092  3.11092  0.022
core.pack.task: Packer task: initialize from command line() 
core.pack.pack_rotamers: built 7841 rotamers at 493 positions.
core.pack.interaction_graph.interaction_graph_factory: Instantiating DensePDInteractionGraph
protocols.relax.FastRelax: CMD: repack  81194.6  3.11092  3.11092  0.022
protocols.relax.FastRelax: CMD: scale:fa_rep  81202.6  3.11092  3.11092  0.02805
core.optimization.Minimizer: [ WARNING ] LBFGS MAX CYCLES 2000 EXCEEDED, BUT FUNC NOT CONVERGED!
protocols.relax.FastRelax: CMD: min  -1266.78  0.191849  0.191849  0.02805
protocols.relax.FastRelax: CMD: coord_cst_weight  -1348.04  0.191849  0.191849  0.02805
protocols.relax.FastRelax: CMD: scale:fa_rep  -995.196  0.191849  0.191849  0.14575
core.pack.task: Packer task: initialize from command line() 
core.pack.pack_rotamers: built 7443 rotamers at 493 positions.
core.pack.interaction_graph.interaction_graph_factory: Instantiating DensePDInteractionGraph
protocols.relax.FastRelax: CMD: repack  -1019.85  0.191849  0.191849  0.14575
protocols.relax.FastRelax: CMD: scale:fa_rep  -999.145  0.191849  0.191849  0.154
protocols.relax.FastRelax: CMD: min  -1153.44  0.239806  0.239806  0.154
protocols.relax.FastRelax: CMD: coord_cst_weight  -1278  0.239806  0.239806  0.154
protocols.relax.FastRelax: CMD: scale:fa_rep  -1084.65  0.239806  0.239806  0.30745
core.pack.task: Packer task: initialize from command line() 
core.pack.pack_rotamers: built 7273 rotamers at 493 positions.
core.pack.interaction_graph.interaction_graph_factory: Instantiating DensePDInteractionGraph
protocols.relax.FastRelax: CMD: repack  -1086.14  0.239806  0.239806  0.30745
protocols.relax.FastRelax: CMD: scale:fa_rep  -1071.18  0.239806  0.239806  0.31955
protocols.relax.FastRelax: CMD: min  -1292.16  2.17681  2.17681  0.31955
protocols.relax.FastRelax: CMD: coord_cst_weight  -1292.16  2.17681  2.17681  0.31955
protocols.relax.FastRelax: CMD: scale:fa_rep  -1070.57  2.17681  2.17681  0.55
core.pack.task: Packer task: initialize from command line() 
core.pack.pack_rotamers: built 7024 rotamers at 493 positions.
core.pack.interaction_graph.interaction_graph_factory: Instantiating DensePDInteractionGraph
protocols.relax.FastRelax: CMD: repack  -1072.61  2.17681  2.17681  0.55
protocols.relax.FastRelax: CMD: min  -1114.54  2.24103  2.24103  0.55
protocols.relax.FastRelax: MRP: 4  -1114.54  -1124.29  3.11092  3.11092  
protocols.relax.FastRelax: CMD: accept_to_best  -1114.54  2.24103  2.24103  0.55
protocols.relax.FastRelax: CMD: endrepeat  -1114.54  2.24103  2.24103  0.55
protocols.relax.FastRelax: CMD: coord_cst_weight  49758.9  2.24103  2.24103  0.55
protocols.relax.FastRelax: CMD: scale:fa_rep  49397.9  2.24103  2.24103  0.022
core.pack.task: Packer task: initialize from command line() 
core.pack.pack_rotamers: built 7840 rotamers at 493 positions.
core.pack.interaction_graph.interaction_graph_factory: Instantiating DensePDInteractionGraph
protocols.relax.FastRelax: CMD: repack  49378.4  2.24103  2.24103  0.022
protocols.relax.FastRelax: CMD: scale:fa_rep  49389.4  2.24103  2.24103  0.02805
core.optimization.Minimizer: [ WARNING ] LBFGS MAX CYCLES 2000 EXCEEDED, BUT FUNC NOT CONVERGED!
protocols.relax.FastRelax: CMD: min  -1261.26  0.192471  0.192471  0.02805
protocols.relax.FastRelax: CMD: coord_cst_weight  -1341.38  0.192471  0.192471  0.02805
protocols.relax.FastRelax: CMD: scale:fa_rep  -977.558  0.192471  0.192471  0.14575
core.pack.task: Packer task: initialize from command line() 
core.pack.pack_rotamers: built 7494 rotamers at 493 positions.
core.pack.interaction_graph.interaction_graph_factory: Instantiating DensePDInteractionGraph
protocols.relax.FastRelax: CMD: repack  -1022.33  0.192471  0.192471  0.14575
protocols.relax.FastRelax: CMD: scale:fa_rep  -1001.63  0.192471  0.192471  0.154
protocols.relax.FastRelax: CMD: min  -1167.32  0.242312  0.242312  0.154
protocols.relax.FastRelax: CMD: coord_cst_weight  -1293.07  0.242312  0.242312  0.154
protocols.relax.FastRelax: CMD: scale:fa_rep  -1104.4  0.242312  0.242312  0.30745
core.pack.task: Packer task: initialize from command line() 
core.pack.pack_rotamers: built 7308 rotamers at 493 positions.
core.pack.interaction_graph.interaction_graph_factory: Instantiating DensePDInteractionGraph
protocols.relax.FastRelax: CMD: repack  -1105.26  0.242312  0.242312  0.30745
protocols.relax.FastRelax: CMD: scale:fa_rep  -1090.55  0.242312  0.242312  0.31955
protocols.relax.FastRelax: CMD: min  -1305.87  2.18067  2.18067  0.31955
protocols.relax.FastRelax: CMD: coord_cst_weight  -1305.87  2.18067  2.18067  0.31955
protocols.relax.FastRelax: CMD: scale:fa_rep  -1085.04  2.18067  2.18067  0.55
core.pack.task: Packer task: initialize from command line() 
core.pack.pack_rotamers: built 7052 rotamers at 493 positions.
core.pack.interaction_graph.interaction_graph_factory: Instantiating DensePDInteractionGraph
protocols.relax.FastRelax: CMD: repack  -1075.7  2.18067  2.18067  0.55
protocols.relax.FastRelax: CMD: min  -1135.26  2.48491  2.48491  0.55
protocols.relax.FastRelax: MRP: 5  -1135.26  -1135.26  2.48491  2.48491  
protocols.relax.FastRelax: CMD: accept_to_best  -1135.26  2.48491  2.48491  0.55
protocols.relax.FastRelax: CMD: endrepeat  -1135.26  2.48491  2.48491  0.55
protocols.relax.FastRelax: CMD: coord_cst_weight  53656  2.48491  2.48491  0.55
protocols.relax.FastRelax: CMD: scale:fa_rep  53299.1  2.48491  2.48491  0.022
core.pack.task: Packer task: initialize from command line() 
core.pack.pack_rotamers: built 7866 rotamers at 493 positions.
core.pack.interaction_graph.interaction_graph_factory: Instantiating DensePDInteractionGraph
protocols.relax.FastRelax: CMD: repack  53268.2  2.48491  2.48491  0.022
protocols.relax.FastRelax: CMD: scale:fa_rep  53277.3  2.48491  2.48491  0.02805
core.optimization.Minimizer: [ WARNING ] LBFGS MAX CYCLES 2000 EXCEEDED, BUT FUNC NOT CONVERGED!
protocols.relax.FastRelax: CMD: min  -1280.15  0.192467  0.192467  0.02805
protocols.relax.FastRelax: CMD: coord_cst_weight  -1359.8  0.192467  0.192467  0.02805
protocols.relax.FastRelax: CMD: scale:fa_rep  -1008.81  0.192467  0.192467  0.14575
core.pack.task: Packer task: initialize from command line() 
core.pack.pack_rotamers: built 7456 rotamers at 493 positions.
core.pack.interaction_graph.interaction_graph_factory: Instantiating DensePDInteractionGraph
protocols.relax.FastRelax: CMD: repack  -1044.19  0.192467  0.192467  0.14575
protocols.relax.FastRelax: CMD: scale:fa_rep  -1023.55  0.192467  0.192467  0.154
protocols.relax.FastRelax: CMD: min  -1176.9  0.243049  0.243049  0.154
protocols.relax.FastRelax: CMD: coord_cst_weight  -1303.16  0.243049  0.243049  0.154
protocols.relax.FastRelax: CMD: scale:fa_rep  -1113.1  0.243049  0.243049  0.30745
core.pack.task: Packer task: initialize from command line() 
core.pack.pack_rotamers: built 7252 rotamers at 493 positions.
core.pack.interaction_graph.interaction_graph_factory: Instantiating DensePDInteractionGraph
protocols.relax.FastRelax: CMD: repack  -1114.47  0.243049  0.243049  0.30745
protocols.relax.FastRelax: CMD: scale:fa_rep  -1099.72  0.243049  0.243049  0.31955
protocols.relax.FastRelax: CMD: min  -1306.28  1.65694  1.65694  0.31955
protocols.relax.FastRelax: CMD: coord_cst_weight  -1306.28  1.65694  1.65694  0.31955
protocols.relax.FastRelax: CMD: scale:fa_rep  -1084.63  1.65694  1.65694  0.55
core.pack.task: Packer task: initialize from command line() 
core.pack.pack_rotamers: built 7023 rotamers at 493 positions.
core.pack.interaction_graph.interaction_graph_factory: Instantiating DensePDInteractionGraph
protocols.relax.FastRelax: CMD: repack  -1085.86  1.65694  1.65694  0.55
protocols.relax.FastRelax: CMD: min  -1126.74  1.59391  1.59391  0.55
protocols.relax.FastRelax: MRP: 6  -1126.74  -1135.26  2.48491  2.48491  
protocols.relax.FastRelax: CMD: accept_to_best  -1126.74  1.59391  1.59391  0.55
protocols.relax.FastRelax: CMD: endrepeat  -1126.74  1.59391  1.59391  0.55
protocols.relax.FastRelax: CMD: coord_cst_weight  29256  1.59391  1.59391  0.55
protocols.relax.FastRelax: CMD: scale:fa_rep  28896.2  1.59391  1.59391  0.022
core.pack.task: Packer task: initialize from command line() 
core.pack.pack_rotamers: built 7875 rotamers at 493 positions.
core.pack.interaction_graph.interaction_graph_factory: Instantiating DensePDInteractionGraph
protocols.relax.FastRelax: CMD: repack  28866.1  1.59391  1.59391  0.022
protocols.relax.FastRelax: CMD: scale:fa_rep  28875.7  1.59391  1.59391  0.02805
core.optimization.Minimizer: [ WARNING ] LBFGS MAX CYCLES 2000 EXCEEDED, BUT FUNC NOT CONVERGED!
protocols.relax.FastRelax: CMD: min  -1284.45  0.192806  0.192806  0.02805
protocols.relax.FastRelax: CMD: coord_cst_weight  -1364.39  0.192806  0.192806  0.02805
protocols.relax.FastRelax: CMD: scale:fa_rep  -1012.09  0.192806  0.192806  0.14575
core.pack.task: Packer task: initialize from command line() 
core.pack.pack_rotamers: built 7505 rotamers at 493 positions.
core.pack.interaction_graph.interaction_graph_factory: Instantiating DensePDInteractionGraph
protocols.relax.FastRelax: CMD: repack  -1045.06  0.192806  0.192806  0.14575
protocols.relax.FastRelax: CMD: scale:fa_rep  -1024.65  0.192806  0.192806  0.154
protocols.relax.FastRelax: CMD: min  -1172.8  0.241285  0.241285  0.154
protocols.relax.FastRelax: CMD: coord_cst_weight  -1297.49  0.241285  0.241285  0.154
protocols.relax.FastRelax: CMD: scale:fa_rep  -1108.75  0.241285  0.241285  0.30745
core.pack.task: Packer task: initialize from command line() 
core.pack.pack_rotamers: built 7285 rotamers at 493 positions.
core.pack.interaction_graph.interaction_graph_factory: Instantiating DensePDInteractionGraph
protocols.relax.FastRelax: CMD: repack  -1109.58  0.241285  0.241285  0.30745
protocols.relax.FastRelax: CMD: scale:fa_rep  -1094.94  0.241285  0.241285  0.31955
protocols.relax.FastRelax: CMD: min  -1304.27  2.27702  2.27702  0.31955
protocols.relax.FastRelax: CMD: coord_cst_weight  -1304.27  2.27702  2.27702  0.31955
protocols.relax.FastRelax: CMD: scale:fa_rep  -1084.76  2.27702  2.27702  0.55
core.pack.task: Packer task: initialize from command line() 
core.pack.pack_rotamers: built 7055 rotamers at 493 positions.
core.pack.interaction_graph.interaction_graph_factory: Instantiating DensePDInteractionGraph
protocols.relax.FastRelax: CMD: repack  -1087.12  2.27702  2.27702  0.55
protocols.relax.FastRelax: CMD: min  -1140.38  2.50955  2.50955  0.55
protocols.relax.FastRelax: MRP: 7  -1140.38  -1140.38  2.50955  2.50955  
protocols.relax.FastRelax: CMD: accept_to_best  -1140.38  2.50955  2.50955  0.55
protocols.relax.FastRelax: CMD: endrepeat  -1140.38  2.50955  2.50955  0.55
protocols.relax.FastRelax: CMD: coord_cst_weight  60722.6  2.50955  2.50955  0.55
protocols.relax.FastRelax: CMD: scale:fa_rep  60368.5  2.50955  2.50955  0.022
core.pack.task: Packer task: initialize from command line() 
core.pack.pack_rotamers: built 7801 rotamers at 493 positions.
core.pack.interaction_graph.interaction_graph_factory: Instantiating DensePDInteractionGraph
protocols.relax.FastRelax: CMD: repack  60347.5  2.50955  2.50955  0.022
protocols.relax.FastRelax: CMD: scale:fa_rep  60357.7  2.50955  2.50955  0.02805
core.optimization.Minimizer: [ WARNING ] LBFGS MAX CYCLES 2000 EXCEEDED, BUT FUNC NOT CONVERGED!
protocols.relax.FastRelax: CMD: min  -1272.69  0.194284  0.194284  0.02805
protocols.relax.FastRelax: CMD: coord_cst_weight  -1354.44  0.194284  0.194284  0.02805
protocols.relax.FastRelax: CMD: scale:fa_rep  -999.628  0.194284  0.194284  0.14575
core.pack.task: Packer task: initialize from command line() 
core.pack.pack_rotamers: built 7435 rotamers at 493 positions.
core.pack.interaction_graph.interaction_graph_factory: Instantiating DensePDInteractionGraph
protocols.relax.FastRelax: CMD: repack  -1032.6  0.194284  0.194284  0.14575
protocols.relax.FastRelax: CMD: scale:fa_rep  -1012.33  0.194284  0.194284  0.154
protocols.relax.FastRelax: CMD: min  -1171.35  0.24281  0.24281  0.154
protocols.relax.FastRelax: CMD: coord_cst_weight  -1297.63  0.24281  0.24281  0.154
protocols.relax.FastRelax: CMD: scale:fa_rep  -1109.79  0.24281  0.24281  0.30745
core.pack.task: Packer task: initialize from command line() 
core.pack.pack_rotamers: built 7247 rotamers at 493 positions.
core.pack.interaction_graph.interaction_graph_factory: Instantiating DensePDInteractionGraph
protocols.relax.FastRelax: CMD: repack  -1110.82  0.24281  0.24281  0.30745
protocols.relax.FastRelax: CMD: scale:fa_rep  -1096.2  0.24281  0.24281  0.31955
protocols.relax.FastRelax: CMD: min  -1309.55  2.35389  2.35389  0.31955
protocols.relax.FastRelax: CMD: coord_cst_weight  -1309.55  2.35389  2.35389  0.31955
protocols.relax.FastRelax: CMD: scale:fa_rep  -1090.49  2.35389  2.35389  0.55
core.pack.task: Packer task: initialize from command line() 
core.pack.pack_rotamers: built 7058 rotamers at 493 positions.
core.pack.interaction_graph.interaction_graph_factory: Instantiating DensePDInteractionGraph
protocols.relax.FastRelax: CMD: repack  -1090.34  2.35389  2.35389  0.55
protocols.relax.FastRelax: CMD: min  -1143.24  2.53237  2.53237  0.55
protocols.relax.FastRelax: MRP: 8  -1143.24  -1143.24  2.53237  2.53237  
protocols.relax.FastRelax: CMD: accept_to_best  -1143.24  2.53237  2.53237  0.55
protocols.relax.FastRelax: CMD: endrepeat  -1143.24  2.53237  2.53237  0.55
protocols.relax.FastRelax: CMD: coord_cst_weight  59571.2  2.53237  2.53237  0.55
protocols.relax.FastRelax: CMD: scale:fa_rep  59218.6  2.53237  2.53237  0.022
core.pack.task: Packer task: initialize from command line() 
core.pack.pack_rotamers: built 7839 rotamers at 493 positions.
core.pack.interaction_graph.interaction_graph_factory: Instantiating DensePDInteractionGraph
protocols.relax.FastRelax: CMD: repack  59187.9  2.53237  2.53237  0.022
protocols.relax.FastRelax: CMD: scale:fa_rep  59197.4  2.53237  2.53237  0.02805
core.optimization.Minimizer: [ WARNING ] LBFGS MAX CYCLES 2000 EXCEEDED, BUT FUNC NOT CONVERGED!
protocols.relax.FastRelax: CMD: min  -1283.44  0.193684  0.193684  0.02805
protocols.relax.FastRelax: CMD: coord_cst_weight  -1364.13  0.193684  0.193684  0.02805
protocols.relax.FastRelax: CMD: scale:fa_rep  -1021.59  0.193684  0.193684  0.14575
core.pack.task: Packer task: initialize from command line() 
core.pack.pack_rotamers: built 7427 rotamers at 493 positions.
core.pack.interaction_graph.interaction_graph_factory: Instantiating DensePDInteractionGraph
protocols.relax.FastRelax: CMD: repack  -1045.83  0.193684  0.193684  0.14575
protocols.relax.FastRelax: CMD: scale:fa_rep  -1025.38  0.193684  0.193684  0.154
protocols.relax.FastRelax: CMD: min  -1178.07  0.244227  0.244227  0.154
protocols.relax.FastRelax: CMD: coord_cst_weight  -1305.22  0.244227  0.244227  0.154
protocols.relax.FastRelax: CMD: scale:fa_rep  -1115.81  0.244227  0.244227  0.30745
core.pack.task: Packer task: initialize from command line() 
core.pack.pack_rotamers: built 7248 rotamers at 493 positions.
core.pack.interaction_graph.interaction_graph_factory: Instantiating DensePDInteractionGraph
protocols.relax.FastRelax: CMD: repack  -1116.64  0.244227  0.244227  0.30745
protocols.relax.FastRelax: CMD: scale:fa_rep  -1101.94  0.244227  0.244227  0.31955
protocols.relax.FastRelax: CMD: min  -1307.09  2.24149  2.24149  0.31955
protocols.relax.FastRelax: CMD: coord_cst_weight  -1307.09  2.24149  2.24149  0.31955
protocols.relax.FastRelax: CMD: scale:fa_rep  -1087.11  2.24149  2.24149  0.55
core.pack.task: Packer task: initialize from command line() 
core.pack.pack_rotamers: built 7107 rotamers at 493 positions.
core.pack.interaction_graph.interaction_graph_factory: Instantiating DensePDInteractionGraph
protocols.relax.FastRelax: CMD: repack  -1087.01  2.24149  2.24149  0.55
protocols.relax.FastRelax: CMD: min  -1143.37  2.50533  2.50533  0.55
protocols.relax.FastRelax: MRP: 9  -1143.37  -1143.37  2.50533  2.50533  
protocols.relax.FastRelax: CMD: accept_to_best  -1143.37  2.50533  2.50533  0.55
protocols.relax.FastRelax: CMD: endrepeat  -1143.37  2.50533  2.50533  0.55
protocols.relax.FastRelax: CMD: coord_cst_weight  58010.9  2.50533  2.50533  0.55
protocols.relax.FastRelax: CMD: scale:fa_rep  57656.3  2.50533  2.50533  0.022
core.pack.task: Packer task: initialize from command line() 
core.pack.pack_rotamers: built 7865 rotamers at 493 positions.
core.pack.interaction_graph.interaction_graph_factory: Instantiating DensePDInteractionGraph
protocols.relax.FastRelax: CMD: repack  57640.7  2.50533  2.50533  0.022
protocols.relax.FastRelax: CMD: scale:fa_rep  57650.7  2.50533  2.50533  0.02805
core.optimization.Minimizer: [ WARNING ] LBFGS MAX CYCLES 2000 EXCEEDED, BUT FUNC NOT CONVERGED!
protocols.relax.FastRelax: CMD: min  -1270.04  0.191954  0.191954  0.02805
protocols.relax.FastRelax: CMD: coord_cst_weight  -1349.9  0.191954  0.191954  0.02805
protocols.relax.FastRelax: CMD: scale:fa_rep  -1016.27  0.191954  0.191954  0.14575
core.pack.task: Packer task: initialize from command line() 
core.pack.pack_rotamers: built 7439 rotamers at 493 positions.
core.pack.interaction_graph.interaction_graph_factory: Instantiating DensePDInteractionGraph
protocols.relax.FastRelax: CMD: repack  -1040.6  0.191954  0.191954  0.14575
protocols.relax.FastRelax: CMD: scale:fa_rep  -1020.51  0.191954  0.191954  0.154
protocols.relax.FastRelax: CMD: min  -1172.86  0.242386  0.242386  0.154
protocols.relax.FastRelax: CMD: coord_cst_weight  -1298.72  0.242386  0.242386  0.154
protocols.relax.FastRelax: CMD: scale:fa_rep  -1112.6  0.242386  0.242386  0.30745
core.pack.task: Packer task: initialize from command line() 
core.pack.pack_rotamers: built 7262 rotamers at 493 positions.
core.pack.interaction_graph.interaction_graph_factory: Instantiating DensePDInteractionGraph
protocols.relax.FastRelax: CMD: repack  -1113.85  0.242386  0.242386  0.30745
protocols.relax.FastRelax: CMD: scale:fa_rep  -1099.39  0.242386  0.242386  0.31955
protocols.relax.FastRelax: CMD: min  -1308.34  2.33834  2.33834  0.31955
protocols.relax.FastRelax: CMD: coord_cst_weight  -1308.34  2.33834  2.33834  0.31955
protocols.relax.FastRelax: CMD: scale:fa_rep  -1087.41  2.33834  2.33834  0.55
core.pack.task: Packer task: initialize from command line() 
core.pack.pack_rotamers: built 7041 rotamers at 493 positions.
core.pack.interaction_graph.interaction_graph_factory: Instantiating DensePDInteractionGraph
protocols.relax.FastRelax: CMD: repack  -1084.36  2.33834  2.33834  0.55
protocols.relax.FastRelax: CMD: min  -1135.13  2.42954  2.42954  0.55
protocols.relax.FastRelax: MRP: 10  -1135.13  -1143.37  2.50533  2.50533  
protocols.relax.FastRelax: CMD: accept_to_best  -1135.13  2.42954  2.42954  0.55
protocols.relax.FastRelax: CMD: endrepeat  -1135.13  2.42954  2.42954  0.55
protocols.relax.FastRelax: CMD: coord_cst_weight  51289.4  2.42954  2.42954  0.55
protocols.relax.FastRelax: CMD: scale:fa_rep  50935.4  2.42954  2.42954  0.022
core.pack.task: Packer task: initialize from command line() 
core.pack.pack_rotamers: built 7883 rotamers at 493 positions.
core.pack.interaction_graph.interaction_graph_factory: Instantiating DensePDInteractionGraph
protocols.relax.FastRelax: CMD: repack  50902.3  2.42954  2.42954  0.022
protocols.relax.FastRelax: CMD: scale:fa_rep  50910.5  2.42954  2.42954  0.02805
core.optimization.Minimizer: