********  (C) Copyright Rosetta Commons Member Institutions.  ***************
* Use of Rosetta for commercial purposes may require purchase of a license. *
********  See LICENSE.md or email license@uw.edu for more details. **********
core.init: Checking for fconfig files in pwd and ./rosetta/flags 
core.init: Rosetta version: rosetta.binary.ubuntu.release-408 r408 2025.37+release.df75a9c48e df75a9c48e763e52a7aa3f5dfba077f4da88dbf5 https://www.rosettacommons.org 2025-09-10T02:14:08.564791
core.init: Rosetta extras: []
core.init: command: /home/gbiuser/Downloads/rosetta.binary.ubuntu.release-408/main/source/bin/relax.default.linuxgccrelease -s ../1-loopmodel/PDE4B_modeller.pdb -relax:thorough -relax:constrain_relax_to_start_coords -constraints:cst_file cst.cst -nstruct 5 -out:suffix _7 -out:file:silent relax_7.silent -out:file:silent_struct_type binary
basic.random.init_random_generator: 'RNG device' seed mode, using '/dev/urandom', seed=-296479052 seed_offset=0 real_seed=-296479052
basic.random.init_random_generator: RandomGenerator:init: Normal mode, seed=-296479052 RG_type=mt19937
core.init: Resolved executable path: /home/gbiuser/Downloads/rosetta.binary.ubuntu.release-408/main/source/build/src/release/linux/6.8/64/x86/gcc/11/default/relax.default.linuxgccrelease
core.init: Looking for database based on location of executable: /home/gbiuser/Downloads/rosetta.binary.ubuntu.release-408/main/database/
core.scoring.ScoreFunctionFactory: SCOREFUNCTION: ref2015
core.scoring.etable: Starting energy table calculation
core.scoring.etable: smooth_etable: changing atr/rep split to bottom of energy well
core.scoring.etable: smooth_etable: spline smoothing lj etables (maxdis = 6)
core.scoring.etable: smooth_etable: spline smoothing solvation etables (max_dis = 6)
core.scoring.etable: Finished calculating energy tables.
basic.io.database: Database file opened: scoring/score_functions/hbonds/ref2015_params/HBPoly1D.csv
basic.io.database: Database file opened: scoring/score_functions/hbonds/ref2015_params/HBFadeIntervals.csv
basic.io.database: Database file opened: scoring/score_functions/hbonds/ref2015_params/HBEval.csv
basic.io.database: Database file opened: scoring/score_functions/hbonds/ref2015_params/DonStrength.csv
basic.io.database: Database file opened: scoring/score_functions/hbonds/ref2015_params/AccStrength.csv
core.chemical.GlobalResidueTypeSet: Finished initializing fa_standard residue type set.  Created 985 residue types
core.chemical.GlobalResidueTypeSet: Total time to initialize 1.23369 seconds.
basic.io.database: Database file opened: scoring/score_functions/rama/fd/all.ramaProb
basic.io.database: Database file opened: scoring/score_functions/rama/fd/prepro.ramaProb
basic.io.database: Database file opened: scoring/score_functions/omega/omega_ppdep.all.txt
basic.io.database: Database file opened: scoring/score_functions/omega/omega_ppdep.gly.txt
basic.io.database: Database file opened: scoring/score_functions/omega/omega_ppdep.pro.txt
basic.io.database: Database file opened: scoring/score_functions/omega/omega_ppdep.valile.txt
basic.io.database: Database file opened: scoring/score_functions/P_AA_pp/P_AA
basic.io.database: Database file opened: scoring/score_functions/P_AA_pp/P_AA_n
core.scoring.P_AA: shapovalov_lib::shap_p_aa_pp_smooth_level of 1( aka low_smooth ) got activated.
basic.io.database: Database file opened: scoring/score_functions/P_AA_pp/shapovalov/10deg/kappa131/a20.prop
protocols.relax.RelaxScriptManager: Reading relax scripts list from database.
protocols.relax.RelaxScriptManager: Looking for MonomerRelax2019.txt
protocols.relax.RelaxScriptManager: ================== Reading script file: /home/gbiuser/Downloads/rosetta.binary.ubuntu.release-408/main/database/sampling/relax_scripts/MonomerRelax2019.txt ==================
protocols.relax.RelaxScriptManager: repeat %%nrepeats%%
protocols.relax.RelaxScriptManager: coord_cst_weight 1.0
protocols.relax.RelaxScriptManager: scale:fa_rep 0.040
protocols.relax.RelaxScriptManager: repack
protocols.relax.RelaxScriptManager: scale:fa_rep 0.051
protocols.relax.RelaxScriptManager: min 0.01
protocols.relax.RelaxScriptManager: coord_cst_weight 0.5
protocols.relax.RelaxScriptManager: scale:fa_rep 0.265
protocols.relax.RelaxScriptManager: repack
protocols.relax.RelaxScriptManager: scale:fa_rep 0.280
protocols.relax.RelaxScriptManager: min 0.01
protocols.relax.RelaxScriptManager: coord_cst_weight 0.0
protocols.relax.RelaxScriptManager: scale:fa_rep 0.559
protocols.relax.RelaxScriptManager: repack
protocols.relax.RelaxScriptManager: scale:fa_rep 0.581
protocols.relax.RelaxScriptManager: min 0.01
protocols.relax.RelaxScriptManager: coord_cst_weight 0.0
protocols.relax.RelaxScriptManager: scale:fa_rep 1
protocols.relax.RelaxScriptManager: repack
protocols.relax.RelaxScriptManager: min 0.00001
protocols.relax.RelaxScriptManager: accept_to_best
protocols.relax.RelaxScriptManager: endrepeat
core.scoring.constraints.util: Constraint choice: cst.cst
protocols.jd2.PDBJobInputter: Instantiate PDBJobInputter
protocols.jd2.PDBJobInputter: PDBJobInputter::fill_jobs
protocols.jd2.PDBJobInputter: pushed ../1-loopmodel/PDE4B_modeller.pdb nstruct indices 1 - 5
protocols.evaluation.ChiWellRmsdEvaluatorCreator: Evaluation Creator active ... 
protocols.jd2.PDBJobInputter: PDBJobInputter::pose_from_job
protocols.jd2.PDBJobInputter: filling pose from PDB ../1-loopmodel/PDE4B_modeller.pdb
core.import_pose.import_pose: File '../1-loopmodel/PDE4B_modeller.pdb' automatically determined to be of type PDB from contents.
core.io.rcsb.ExperimentalTechnique: [ ERROR ] Unrecognized experimental technique string 'THEORETICAL MODEL, MODELLER 10.8 2026/07/02 21:08:38'
core.io.pose_from_sfr.PoseFromSFRBuilder: [ WARNING ] discarding 3 atoms at position 1 in file ../1-loopmodel/PDE4B_modeller.pdb. Best match rsd_type:  VAL:NtermProteinFull
core.io.pose_from_sfr.PoseFromSFRBuilder: [ WARNING ] discarding 1 atoms at position 245 in file ../1-loopmodel/PDE4B_modeller.pdb. Best match rsd_type:  HIS
core.scoring.constraints.ConstraintsIO: read constraints from cst.cst
core.scoring.constraints.ConstraintsIO: Read in 15 constraints
basic.io.database: Database file opened: scoring/score_functions/elec_cp_reps.dat
core.scoring.elec.util: Read 40 countpair representative atoms
core.pack.dunbrack.RotamerLibrary: shapovalov_lib_fixes_enable option is true.
core.pack.dunbrack.RotamerLibrary: shapovalov_lib::shap_dun10_smooth_level of 1( aka lowest_smooth ) got activated.
core.pack.dunbrack.RotamerLibrary: Binary rotamer library selected: /home/gbiuser/Downloads/rosetta.binary.ubuntu.release-408/main/database/rotamer/shapovalov/StpDwn_0-0-0/Dunbrack10.lib.bin
core.pack.dunbrack.RotamerLibrary: Using Dunbrack library binary file '/home/gbiuser/Downloads/rosetta.binary.ubuntu.release-408/main/database/rotamer/shapovalov/StpDwn_0-0-0/Dunbrack10.lib.bin'.
core.pack.dunbrack.RotamerLibrary: Dunbrack 2010 library took 0.302859 seconds to load from binary
protocols.relax.FastRelax: CMD: repeat  3311.98  0  0  0.55
protocols.relax.FastRelax: CMD: coord_cst_weight  3311.98  0  0  0.55
protocols.relax.FastRelax: CMD: scale:fa_rep  895.021  0  0  0.022
core.pack.task: Packer task: initialize from command line() 
core.pack.pack_rotamers: built 8348 rotamers at 493 positions.
core.pack.interaction_graph.interaction_graph_factory: Instantiating DensePDInteractionGraph
protocols.relax.FastRelax: CMD: repack  -846.346  0  0  0.022
protocols.relax.FastRelax: CMD: scale:fa_rep  -808.103  0  0  0.02805
core.optimization.Minimizer: [ WARNING ] LBFGS MAX CYCLES 2000 EXCEEDED, BUT FUNC NOT CONVERGED!
protocols.relax.FastRelax: CMD: min  -1259.77  0.154801  0.154801  0.02805
protocols.relax.FastRelax: CMD: coord_cst_weight  -1310.64  0.154801  0.154801  0.02805
protocols.relax.FastRelax: CMD: scale:fa_rep  -902.862  0.154801  0.154801  0.14575
core.pack.task: Packer task: initialize from command line() 
core.pack.pack_rotamers: built 7418 rotamers at 493 positions.
core.pack.interaction_graph.interaction_graph_factory: Instantiating DensePDInteractionGraph
protocols.relax.FastRelax: CMD: repack  -929.088  0.154801  0.154801  0.14575
protocols.relax.FastRelax: CMD: scale:fa_rep  -905.329  0.154801  0.154801  0.154
protocols.relax.FastRelax: CMD: min  -1124.89  0.218259  0.218259  0.154
protocols.relax.FastRelax: CMD: coord_cst_weight  -1223.69  0.218259  0.218259  0.154
protocols.relax.FastRelax: CMD: scale:fa_rep  -1026.6  0.218259  0.218259  0.30745
core.pack.task: Packer task: initialize from command line() 
core.pack.pack_rotamers: built 7253 rotamers at 493 positions.
core.pack.interaction_graph.interaction_graph_factory: Instantiating DensePDInteractionGraph
protocols.relax.FastRelax: CMD: repack  -1029.28  0.218259  0.218259  0.30745
protocols.relax.FastRelax: CMD: scale:fa_rep  -1013.94  0.218259  0.218259  0.31955
protocols.relax.FastRelax: CMD: min  -1226.52  3.07629  3.07629  0.31955
protocols.relax.FastRelax: CMD: coord_cst_weight  -1226.52  3.07629  3.07629  0.31955
protocols.relax.FastRelax: CMD: scale:fa_rep  -997.991  3.07629  3.07629  0.55
core.pack.task: Packer task: initialize from command line() 
core.pack.pack_rotamers: built 7016 rotamers at 493 positions.
core.pack.interaction_graph.interaction_graph_factory: Instantiating DensePDInteractionGraph
protocols.relax.FastRelax: CMD: repack  -1013.89  3.07629  3.07629  0.55
protocols.relax.FastRelax: CMD: min  -1094.42  3.99562  3.99562  0.55
protocols.relax.FastRelax: MRP: 0  -1094.42  -1094.42  3.99562  3.99562  
protocols.relax.FastRelax: CMD: accept_to_best  -1094.42  3.99562  3.99562  0.55
protocols.relax.FastRelax: CMD: endrepeat  -1094.42  3.99562  3.99562  0.55
protocols.relax.FastRelax: CMD: coord_cst_weight  102758  3.99562  3.99562  0.55
protocols.relax.FastRelax: CMD: scale:fa_rep  102404  3.99562  3.99562  0.022
core.pack.task: Packer task: initialize from command line() 
core.pack.pack_rotamers: built 7897 rotamers at 493 positions.
core.pack.interaction_graph.interaction_graph_factory: Instantiating DensePDInteractionGraph
protocols.relax.FastRelax: CMD: repack  102361  3.99562  3.99562  0.022
protocols.relax.FastRelax: CMD: scale:fa_rep  102370  3.99562  3.99562  0.02805
core.optimization.Minimizer: [ WARNING ] LBFGS MAX CYCLES 2000 EXCEEDED, BUT FUNC NOT CONVERGED!
protocols.relax.FastRelax: CMD: min  -1206.97  0.207583  0.207583  0.02805
protocols.relax.FastRelax: CMD: coord_cst_weight  -1295.36  0.207583  0.207583  0.02805
protocols.relax.FastRelax: CMD: scale:fa_rep  -934.185  0.207583  0.207583  0.14575
core.pack.task: Packer task: initialize from command line() 
core.pack.pack_rotamers: built 7486 rotamers at 493 positions.
core.pack.interaction_graph.interaction_graph_factory: Instantiating DensePDInteractionGraph
protocols.relax.FastRelax: CMD: repack  -997.85  0.207583  0.207583  0.14575
protocols.relax.FastRelax: CMD: scale:fa_rep  -977.314  0.207583  0.207583  0.154
protocols.relax.FastRelax: CMD: min  -1157.79  0.238172  0.238172  0.154
protocols.relax.FastRelax: CMD: coord_cst_weight  -1275.79  0.238172  0.238172  0.154
protocols.relax.FastRelax: CMD: scale:fa_rep  -1085.26  0.238172  0.238172  0.30745
core.pack.task: Packer task: initialize from command line() 
core.pack.pack_rotamers: built 7235 rotamers at 493 positions.
core.pack.interaction_graph.interaction_graph_factory: Instantiating DensePDInteractionGraph
protocols.relax.FastRelax: CMD: repack  -1087.64  0.238172  0.238172  0.30745
protocols.relax.FastRelax: CMD: scale:fa_rep  -1072.69  0.238172  0.238172  0.31955
protocols.relax.FastRelax: CMD: min  -1268.5  2.66241  2.66241  0.31955
protocols.relax.FastRelax: CMD: coord_cst_weight  -1268.5  2.66241  2.66241  0.31955
protocols.relax.FastRelax: CMD: scale:fa_rep  -1042.66  2.66241  2.66241  0.55
core.pack.task: Packer task: initialize from command line() 
core.pack.pack_rotamers: built 7071 rotamers at 493 positions.
core.pack.interaction_graph.interaction_graph_factory: Instantiating DensePDInteractionGraph
protocols.relax.FastRelax: CMD: repack  -1045.7  2.66241  2.66241  0.55
protocols.relax.FastRelax: CMD: min  -1109.61  3.44707  3.44707  0.55
protocols.relax.FastRelax: MRP: 1  -1109.61  -1109.61  3.44707  3.44707  
protocols.relax.FastRelax: CMD: accept_to_best  -1109.61  3.44707  3.44707  0.55
protocols.relax.FastRelax: CMD: endrepeat  -1109.61  3.44707  3.44707  0.55
protocols.relax.FastRelax: CMD: coord_cst_weight  80082  3.44707  3.44707  0.55
protocols.relax.FastRelax: CMD: scale:fa_rep  79721  3.44707  3.44707  0.022
core.pack.task: Packer task: initialize from command line() 
core.pack.pack_rotamers: built 7908 rotamers at 493 positions.
core.pack.interaction_graph.interaction_graph_factory: Instantiating DensePDInteractionGraph
protocols.relax.FastRelax: CMD: repack  79696.4  3.44707  3.44707  0.022
protocols.relax.FastRelax: CMD: scale:fa_rep  79704.2  3.44707  3.44707  0.02805
core.optimization.Minimizer: [ WARNING ] LBFGS MAX CYCLES 2000 EXCEEDED, BUT FUNC NOT CONVERGED!
protocols.relax.FastRelax: CMD: min  -1265.5  0.195157  0.195157  0.02805
protocols.relax.FastRelax: CMD: coord_cst_weight  -1345.88  0.195157  0.195157  0.02805
protocols.relax.FastRelax: CMD: scale:fa_rep  -996.722  0.195157  0.195157  0.14575
core.pack.task: Packer task: initialize from command line() 
core.pack.pack_rotamers: built 7462 rotamers at 493 positions.
core.pack.interaction_graph.interaction_graph_factory: Instantiating DensePDInteractionGraph
protocols.relax.FastRelax: CMD: repack  -1026.4  0.195157  0.195157  0.14575
protocols.relax.FastRelax: CMD: scale:fa_rep  -1005.58  0.195157  0.195157  0.154
protocols.relax.FastRelax: CMD: min  -1159.95  0.240613  0.240613  0.154
protocols.relax.FastRelax: CMD: coord_cst_weight  -1280.75  0.240613  0.240613  0.154
protocols.relax.FastRelax: CMD: scale:fa_rep  -1087.78  0.240613  0.240613  0.30745
core.pack.task: Packer task: initialize from command line() 
core.pack.pack_rotamers: built 7262 rotamers at 493 positions.
core.pack.interaction_graph.interaction_graph_factory: Instantiating DensePDInteractionGraph
protocols.relax.FastRelax: CMD: repack  -1088.22  0.240613  0.240613  0.30745
protocols.relax.FastRelax: CMD: scale:fa_rep  -1073.18  0.240613  0.240613  0.31955
protocols.relax.FastRelax: CMD: min  -1277.25  3.1717  3.1717  0.31955
protocols.relax.FastRelax: CMD: coord_cst_weight  -1277.25  3.1717  3.1717  0.31955
protocols.relax.FastRelax: CMD: scale:fa_rep  -1051.52  3.1717  3.1717  0.55
core.pack.task: Packer task: initialize from command line() 
core.pack.pack_rotamers: built 7037 rotamers at 493 positions.
core.pack.interaction_graph.interaction_graph_factory: Instantiating DensePDInteractionGraph
protocols.relax.FastRelax: CMD: repack  -1054.37  3.1717  3.1717  0.55
protocols.relax.FastRelax: CMD: min  -1122.25  3.76538  3.76538  0.55
protocols.relax.FastRelax: MRP: 2  -1122.25  -1122.25  3.76538  3.76538  
protocols.relax.FastRelax: CMD: accept_to_best  -1122.25  3.76538  3.76538  0.55
protocols.relax.FastRelax: CMD: endrepeat  -1122.25  3.76538  3.76538  0.55
protocols.relax.FastRelax: CMD: coord_cst_weight  97231  3.76538  3.76538  0.55
protocols.relax.FastRelax: CMD: scale:fa_rep  96871.6  3.76538  3.76538  0.022
core.pack.task: Packer task: initialize from command line() 
core.pack.pack_rotamers: built 7874 rotamers at 493 positions.
core.pack.interaction_graph.interaction_graph_factory: Instantiating DensePDInteractionGraph
protocols.relax.FastRelax: CMD: repack  96845.9  3.76538  3.76538  0.022
protocols.relax.FastRelax: CMD: scale:fa_rep  96853.9  3.76538  3.76538  0.02805
core.optimization.Minimizer: [ WARNING ] LBFGS MAX CYCLES 2000 EXCEEDED, BUT FUNC NOT CONVERGED!
protocols.relax.FastRelax: CMD: min  -1262.75  0.195918  0.195918  0.02805
protocols.relax.FastRelax: CMD: coord_cst_weight  -1344.12  0.195918  0.195918  0.02805
protocols.relax.FastRelax: CMD: scale:fa_rep  -994.94  0.195918  0.195918  0.14575
core.pack.task: Packer task: initialize from command line() 
core.pack.pack_rotamers: built 7401 rotamers at 493 positions.
core.pack.interaction_graph.interaction_graph_factory: Instantiating DensePDInteractionGraph
protocols.relax.FastRelax: CMD: repack  -1033.1  0.195918  0.195918  0.14575
protocols.relax.FastRelax: CMD: scale:fa_rep  -1012.9  0.195918  0.195918  0.154
protocols.relax.FastRelax: CMD: min  -1166.8  0.241054  0.241054  0.154
protocols.relax.FastRelax: CMD: coord_cst_weight  -1289.85  0.241054  0.241054  0.154
protocols.relax.FastRelax: CMD: scale:fa_rep  -1098.38  0.241054  0.241054  0.30745
core.pack.task: Packer task: initialize from command line() 
core.pack.pack_rotamers: built 7189 rotamers at 493 positions.
core.pack.interaction_graph.interaction_graph_factory: Instantiating DensePDInteractionGraph
protocols.relax.FastRelax: CMD: repack  -1099.16  0.241054  0.241054  0.30745
protocols.relax.FastRelax: CMD: scale:fa_rep  -1084.25  0.241054  0.241054  0.31955
protocols.relax.FastRelax: CMD: min  -1292.42  2.36903  2.36903  0.31955
protocols.relax.FastRelax: CMD: coord_cst_weight  -1292.42  2.36903  2.36903  0.31955
protocols.relax.FastRelax: CMD: scale:fa_rep  -1064.73  2.36903  2.36903  0.55
core.pack.task: Packer task: initialize from command line() 
core.pack.pack_rotamers: built 7049 rotamers at 493 positions.
core.pack.interaction_graph.interaction_graph_factory: Instantiating DensePDInteractionGraph
protocols.relax.FastRelax: CMD: repack  -1066.37  2.36903  2.36903  0.55
protocols.relax.FastRelax: CMD: min  -1113.46  2.63593  2.63593  0.55
protocols.relax.FastRelax: MRP: 3  -1113.46  -1122.25  3.76538  3.76538  
protocols.relax.FastRelax: CMD: accept_to_best  -1113.46  2.63593  2.63593  0.55
protocols.relax.FastRelax: CMD: endrepeat  -1113.46  2.63593  2.63593  0.55
protocols.relax.FastRelax: CMD: coord_cst_weight  57690.5  2.63593  2.63593  0.55
protocols.relax.FastRelax: CMD: scale:fa_rep  57324.8  2.63593  2.63593  0.022
core.pack.task: Packer task: initialize from command line() 
core.pack.pack_rotamers: built 7864 rotamers at 493 positions.
core.pack.interaction_graph.interaction_graph_factory: Instantiating DensePDInteractionGraph
protocols.relax.FastRelax: CMD: repack  57291.8  2.63593  2.63593  0.022
protocols.relax.FastRelax: CMD: scale:fa_rep  57299.5  2.63593  2.63593  0.02805
core.optimization.Minimizer: [ WARNING ] LBFGS MAX CYCLES 2000 EXCEEDED, BUT FUNC NOT CONVERGED!
protocols.relax.FastRelax: CMD: min  -1276.99  0.198472  0.198472  0.02805
protocols.relax.FastRelax: CMD: coord_cst_weight  -1359.81  0.198472  0.198472  0.02805
protocols.relax.FastRelax: CMD: scale:fa_rep  -1011.14  0.198472  0.198472  0.14575
core.pack.task: Packer task: initialize from command line() 
core.pack.pack_rotamers: built 7450 rotamers at 493 positions.
core.pack.interaction_graph.interaction_graph_factory: Instantiating DensePDInteractionGraph
protocols.relax.FastRelax: CMD: repack  -1041.96  0.198472  0.198472  0.14575
protocols.relax.FastRelax: CMD: scale:fa_rep  -1021.76  0.198472  0.198472  0.154
protocols.relax.FastRelax: CMD: min  -1176.04  0.245194  0.245194  0.154
protocols.relax.FastRelax: CMD: coord_cst_weight  -1303.71  0.245194  0.245194  0.154
protocols.relax.FastRelax: CMD: scale:fa_rep  -1111.88  0.245194  0.245194  0.30745
core.pack.task: Packer task: initialize from command line() 
core.pack.pack_rotamers: built 7204 rotamers at 493 positions.
core.pack.interaction_graph.interaction_graph_factory: Instantiating DensePDInteractionGraph
protocols.relax.FastRelax: CMD: repack  -1112.41  0.245194  0.245194  0.30745
protocols.relax.FastRelax: CMD: scale:fa_rep  -1097.38  0.245194  0.245194  0.31955
protocols.relax.FastRelax: CMD: min  -1305.11  2.44304  2.44304  0.31955
protocols.relax.FastRelax: CMD: coord_cst_weight  -1305.11  2.44304  2.44304  0.31955
protocols.relax.FastRelax: CMD: scale:fa_rep  -1078.9  2.44304  2.44304  0.55
core.pack.task: Packer task: initialize from command line() 
core.pack.pack_rotamers: built 7042 rotamers at 493 positions.
core.pack.interaction_graph.interaction_graph_factory: Instantiating DensePDInteractionGraph
protocols.relax.FastRelax: CMD: repack  -1080.72  2.44304  2.44304  0.55
protocols.relax.FastRelax: CMD: min  -1143.53  3.06452  3.06452  0.55
protocols.relax.FastRelax: MRP: 4  -1143.53  -1143.53  3.06452  3.06452  
protocols.relax.FastRelax: CMD: accept_to_best  -1143.53  3.06452  3.06452  0.55
protocols.relax.FastRelax: CMD: endrepeat  -1143.53  3.06452  3.06452  0.55
protocols.relax.FastRelax: CMD: coord_cst_weight  88271.2  3.06452  3.06452  0.55
protocols.relax.FastRelax: CMD: scale:fa_rep  87905.6  3.06452  3.06452  0.022
core.pack.task: Packer task: initialize from command line() 
core.pack.pack_rotamers: built 7988 rotamers at 493 positions.
core.pack.interaction_graph.interaction_graph_factory: Instantiating DensePDInteractionGraph
protocols.relax.FastRelax: CMD: repack  87884.7  3.06452  3.06452  0.022
protocols.relax.FastRelax: CMD: scale:fa_rep  87893.3  3.06452  3.06452  0.02805
core.optimization.Minimizer: [ WARNING ] LBFGS MAX CYCLES 2000 EXCEEDED, BUT FUNC NOT CONVERGED!
protocols.relax.FastRelax: CMD: min  -1260.33  0.199104  0.199104  0.02805
protocols.relax.FastRelax: CMD: coord_cst_weight  -1345.33  0.199104  0.199104  0.02805
protocols.relax.FastRelax: CMD: scale:fa_rep  -1001.64  0.199104  0.199104  0.14575
core.pack.task: Packer task: initialize from command line() 
core.pack.pack_rotamers: built 7394 rotamers at 493 positions.
core.pack.interaction_graph.interaction_graph_factory: Instantiating DensePDInteractionGraph
protocols.relax.FastRelax: CMD: repack  -1041.78  0.199104  0.199104  0.14575
protocols.relax.FastRelax: CMD: scale:fa_rep  -1021.34  0.199104  0.199104  0.154
protocols.relax.FastRelax: CMD: min  -1174.87  0.246184  0.246184  0.154
protocols.relax.FastRelax: CMD: coord_cst_weight  -1303.26  0.246184  0.246184  0.154
protocols.relax.FastRelax: CMD: scale:fa_rep  -1110.5  0.246184  0.246184  0.30745
core.pack.task: Packer task: initialize from command line() 
core.pack.pack_rotamers: built 7234 rotamers at 493 positions.
core.pack.interaction_graph.interaction_graph_factory: Instantiating DensePDInteractionGraph
protocols.relax.FastRelax: CMD: repack  -1112.07  0.246184  0.246184  0.30745
protocols.relax.FastRelax: CMD: scale:fa_rep  -1097  0.246184  0.246184  0.31955
protocols.relax.FastRelax: CMD: min  -1304.86  2.33535  2.33535  0.31955
protocols.relax.FastRelax: CMD: coord_cst_weight  -1304.86  2.33535  2.33535  0.31955
protocols.relax.FastRelax: CMD: scale:fa_rep  -1079.3  2.33535  2.33535  0.55
core.pack.task: Packer task: initialize from command line() 
core.pack.pack_rotamers: built 7037 rotamers at 493 positions.
core.pack.interaction_graph.interaction_graph_factory: Instantiating DensePDInteractionGraph
protocols.relax.FastRelax: CMD: repack  -1083.08  2.33535  2.33535  0.55
protocols.relax.FastRelax: CMD: min  -1148.77  2.96882  2.96882  0.55
protocols.relax.FastRelax: MRP: 5  -1148.77  -1148.77  2.96882  2.96882  
protocols.relax.FastRelax: CMD: accept_to_best  -1148.77  2.96882  2.96882  0.55
protocols.relax.FastRelax: CMD: endrepeat  -1148.77  2.96882  2.96882  0.55
protocols.relax.FastRelax: CMD: coord_cst_weight  79598.1  2.96882  2.96882  0.55
protocols.relax.FastRelax: CMD: scale:fa_rep  79234.1  2.96882  2.96882  0.022
core.pack.task: Packer task: initialize from command line() 
core.pack.pack_rotamers: built 7997 rotamers at 493 positions.
core.pack.interaction_graph.interaction_graph_factory: Instantiating DensePDInteractionGraph
protocols.relax.FastRelax: CMD: repack  79211  2.96882  2.96882  0.022
protocols.relax.FastRelax: CMD: scale:fa_rep  79218.9  2.96882  2.96882  0.02805
core.optimization.Minimizer: [ WARNING ] LBFGS MAX CYCLES 2000 EXCEEDED, BUT FUNC NOT CONVERGED!
protocols.relax.FastRelax: CMD: min  -1278.25  0.198891  0.198891  0.02805
protocols.relax.FastRelax: CMD: coord_cst_weight  -1363.29  0.198891  0.198891  0.02805
protocols.relax.FastRelax: CMD: scale:fa_rep  -1024.37  0.198891  0.198891  0.14575
core.pack.task: Packer task: initialize from command line() 
core.pack.pack_rotamers: built 7441 rotamers at 493 positions.
core.pack.interaction_graph.interaction_graph_factory: Instantiating DensePDInteractionGraph
protocols.relax.FastRelax: CMD: repack  -1048.18  0.198891  0.198891  0.14575
protocols.relax.FastRelax: CMD: scale:fa_rep  -1027.48  0.198891  0.198891  0.154
protocols.relax.FastRelax: CMD: min  -1184.02  0.247406  0.247406  0.154
protocols.relax.FastRelax: CMD: coord_cst_weight  -1313.85  0.247406  0.247406  0.154
protocols.relax.FastRelax: CMD: scale:fa_rep  -1123.52  0.247406  0.247406  0.30745
core.pack.task: Packer task: initialize from command line() 
core.pack.pack_rotamers: built 7235 rotamers at 493 positions.
core.pack.interaction_graph.interaction_graph_factory: Instantiating DensePDInteractionGraph
protocols.relax.FastRelax: CMD: repack  -1124.18  0.247406  0.247406  0.30745
protocols.relax.FastRelax: CMD: scale:fa_rep  -1109.29  0.247406  0.247406  0.31955
protocols.relax.FastRelax: CMD: min  -1307.72  2.17134  2.17134  0.31955
protocols.relax.FastRelax: CMD: coord_cst_weight  -1307.72  2.17134  2.17134  0.31955
protocols.relax.FastRelax: CMD: scale:fa_rep  -1082.91  2.17134  2.17134  0.55
core.pack.task: Packer task: initialize from command line() 
core.pack.pack_rotamers: built 7033 rotamers at 493 positions.
core.pack.interaction_graph.interaction_graph_factory: Instantiating DensePDInteractionGraph
protocols.relax.FastRelax: CMD: repack  -1083.22  2.17134  2.17134  0.55
protocols.relax.FastRelax: CMD: min  -1134  2.45312  2.45312  0.55
protocols.relax.FastRelax: MRP: 6  -1134  -1148.77  2.96882  2.96882  
protocols.relax.FastRelax: CMD: accept_to_best  -1134  2.45312  2.45312  0.55
protocols.relax.FastRelax: CMD: endrepeat  -1134  2.45312  2.45312  0.55
protocols.relax.FastRelax: CMD: coord_cst_weight  57402.7  2.45312  2.45312  0.55
protocols.relax.FastRelax: CMD: scale:fa_rep  57040.2  2.45312  2.45312  0.022
core.pack.task: Packer task: initialize from command line() 
core.pack.pack_rotamers: built 7939 rotamers at 493 positions.
core.pack.interaction_graph.interaction_graph_factory: Instantiating DensePDInteractionGraph
protocols.relax.FastRelax: CMD: repack  57019.4  2.45312  2.45312  0.022
protocols.relax.FastRelax: CMD: scale:fa_rep  57027.6  2.45312  2.45312  0.02805
core.optimization.Minimizer: [ WARNING ] LBFGS MAX CYCLES 2000 EXCEEDED, BUT FUNC NOT CONVERGED!
protocols.relax.FastRelax: CMD: min  -1283.64  0.204955  0.204955  0.02805
protocols.relax.FastRelax: CMD: coord_cst_weight  -1372.14  0.204955  0.204955  0.02805
protocols.relax.FastRelax: CMD: scale:fa_rep  -1018.86  0.204955  0.204955  0.14575
core.pack.task: Packer task: initialize from command line() 
core.pack.pack_rotamers: built 7457 rotamers at 493 positions.
core.pack.interaction_graph.interaction_graph_factory: Instantiating DensePDInteractionGraph
protocols.relax.FastRelax: CMD: repack  -1058.43  0.204955  0.204955  0.14575
protocols.relax.FastRelax: CMD: scale:fa_rep  -1037.48  0.204955  0.204955  0.154
protocols.relax.FastRelax: CMD: min  -1185.85  0.247907  0.247907  0.154
protocols.relax.FastRelax: CMD: coord_cst_weight  -1315.93  0.247907  0.247907  0.154
protocols.relax.FastRelax: CMD: scale:fa_rep  -1120.98  0.247907  0.247907  0.30745
core.pack.task: Packer task: initialize from command line() 
core.pack.pack_rotamers: built 7202 rotamers at 493 positions.
core.pack.interaction_graph.interaction_graph_factory: Instantiating DensePDInteractionGraph
protocols.relax.FastRelax: CMD: repack  -1121.62  0.247907  0.247907  0.30745
protocols.relax.FastRelax: CMD: scale:fa_rep  -1106.35  0.247907  0.247907  0.31955
protocols.relax.FastRelax: CMD: min  -1309.53  2.42101  2.42101  0.31955
protocols.relax.FastRelax: CMD: coord_cst_weight  -1309.53  2.42101  2.42101  0.31955
protocols.relax.FastRelax: CMD: scale:fa_rep  -1082.96  2.42101  2.42101  0.55
core.pack.task: Packer task: initialize from command line() 
core.pack.pack_rotamers: built 6977 rotamers at 493 positions.
core.pack.interaction_graph.interaction_graph_factory: Instantiating DensePDInteractionGraph
protocols.relax.FastRelax: CMD: repack  -1085.12  2.42101  2.42101  0.55
protocols.relax.FastRelax: CMD: min  -1149.38  3.08282  3.08282  0.55
protocols.relax.FastRelax: MRP: 7  -1149.38  -1149.38  3.08282  3.08282  
protocols.relax.FastRelax: CMD: accept_to_best  -1149.38  3.08282  3.08282  0.55
protocols.relax.FastRelax: CMD: endrepeat  -1149.38  3.08282  3.08282  0.55
protocols.relax.FastRelax: CMD: coord_cst_weight  77417  3.08282  3.08282  0.55
protocols.relax.FastRelax: CMD: scale:fa_rep  77051.8  3.08282  3.08282  0.022
core.pack.task: Packer task: initialize from command line() 
core.pack.pack_rotamers: built 7974 rotamers at 493 positions.
core.pack.interaction_graph.interaction_graph_factory: Instantiating DensePDInteractionGraph
protocols.relax.FastRelax: CMD: repack  77025  3.08282  3.08282  0.022
protocols.relax.FastRelax: CMD: scale:fa_rep  77032.6  3.08282  3.08282  0.02805
core.optimization.Minimizer: [ WARNING ] LBFGS MAX CYCLES 2000 EXCEEDED, BUT FUNC NOT CONVERGED!
protocols.relax.FastRelax: CMD: min  -1289.25  0.202025  0.202025  0.02805
protocols.relax.FastRelax: CMD: coord_cst_weight  -1377.29  0.202025  0.202025  0.02805
protocols.relax.FastRelax: CMD: scale:fa_rep  -1042.31  0.202025  0.202025  0.14575
core.pack.task: Packer task: initialize from command line() 
core.pack.pack_rotamers: built 7451 rotamers at 493 positions.
core.pack.interaction_graph.interaction_graph_factory: Instantiating DensePDInteractionGraph
protocols.relax.FastRelax: CMD: repack  -1067.39  0.202025  0.202025  0.14575
protocols.relax.FastRelax: CMD: scale:fa_rep  -1046.88  0.202025  0.202025  0.154
protocols.relax.FastRelax: CMD: min  -1190.22  0.249021  0.249021  0.154
protocols.relax.FastRelax: CMD: coord_cst_weight  -1321.76  0.249021  0.249021  0.154
protocols.relax.FastRelax: CMD: scale:fa_rep  -1129.32  0.249021  0.249021  0.30745
core.pack.task: Packer task: initialize from command line() 
core.pack.pack_rotamers: built 7188 rotamers at 493 positions.
core.pack.interaction_graph.interaction_graph_factory: Instantiating DensePDInteractionGraph
protocols.relax.FastRelax: CMD: repack  -1129.53  0.249021  0.249021  0.30745
protocols.relax.FastRelax: CMD: scale:fa_rep  -1114.51  0.249021  0.249021  0.31955
protocols.relax.FastRelax: CMD: min  -1308.93  2.37379  2.37379  0.31955
protocols.relax.FastRelax: CMD: coord_cst_weight  -1308.93  2.37379  2.37379  0.31955
protocols.relax.FastRelax: CMD: scale:fa_rep  -1082.98  2.37379  2.37379  0.55
core.pack.task: Packer task: initialize from command line() 
core.pack.pack_rotamers: built 6976 rotamers at 493 positions.
core.pack.interaction_graph.interaction_graph_factory: Instantiating DensePDInteractionGraph
protocols.relax.FastRelax: CMD: repack  -1085.9  2.37379  2.37379  0.55
protocols.relax.FastRelax: CMD: min  -1152.76  3.09555  3.09555  0.55
protocols.relax.FastRelax: MRP: 8  -1152.76  -1152.76  3.09555  3.09555  
protocols.relax.FastRelax: CMD: accept_to_best  -1152.76  3.09555  3.09555  0.55
protocols.relax.FastRelax: CMD: endrepeat  -1152.76  3.09555  3.09555  0.55
protocols.relax.FastRelax: CMD: coord_cst_weight  80861.1  3.09555  3.09555  0.55
protocols.relax.FastRelax: CMD: scale:fa_rep  80498.7  3.09555  3.09555  0.022
core.pack.task: Packer task: initialize from command line() 
core.pack.pack_rotamers: built 7956 rotamers at 493 positions.
core.pack.interaction_graph.interaction_graph_factory: Instantiating DensePDInteractionGraph
protocols.relax.FastRelax: CMD: repack  80478.2  3.09555  3.09555  0.022
protocols.relax.FastRelax: CMD: scale:fa_rep  80485  3.09555  3.09555  0.02805
core.optimization.Minimizer: [ WARNING ] LBFGS MAX CYCLES 2000 EXCEEDED, BUT FUNC NOT CONVERGED!
protocols.relax.FastRelax: CMD: min  -1289.54  0.199622  0.199622  0.02805
protocols.relax.FastRelax: CMD: coord_cst_weight  -1375.56  0.199622  0.199622  0.02805
protocols.relax.FastRelax: CMD: scale:fa_rep  -1043.53  0.199622  0.199622  0.14575
core.pack.task: Packer task: initialize from command line() 
core.pack.pack_rotamers: built 7440 rotamers at 493 positions.
core.pack.interaction_graph.interaction_graph_factory: Instantiating DensePDInteractionGraph
protocols.relax.FastRelax: CMD: repack  -1064.01  0.199622  0.199622  0.14575
protocols.relax.FastRelax: CMD: scale:fa_rep  -1043.09  0.199622  0.199622  0.154
protocols.relax.FastRelax: CMD: min  -1189.35  0.24766  0.24766  0.154
protocols.relax.FastRelax: CMD: coord_cst_weight  -1319.81  0.24766  0.24766  0.154
protocols.relax.FastRelax: CMD: scale:fa_rep  -1126.7  0.24766  0.24766  0.30745
core.pack.task: Packer task: initialize from command line() 
core.pack.pack_rotamers: built 7224 rotamers at 493 positions.
core.pack.interaction_graph.interaction_graph_factory: Instantiating DensePDInteractionGraph
protocols.relax.FastRelax: CMD: repack  -1127.22  0.24766  0.24766  0.30745
protocols.relax.FastRelax: CMD: scale:fa_rep  -1112.12  0.24766  0.24766  0.31955
protocols.relax.FastRelax: CMD: min  -1312.36  2.43688  2.43688  0.31955
protocols.relax.FastRelax: CMD: coord_cst_weight  -1312.36  2.43688  2.43688  0.31955
protocols.relax.FastRelax: CMD: scale:fa_rep  -1084.01  2.43688  2.43688  0.55
core.pack.task: Packer task: initialize from command line() 
core.pack.pack_rotamers: built 7028 rotamers at 493 positions.
core.pack.interaction_graph.interaction_graph_factory: Instantiating DensePDInteractionGraph
protocols.relax.FastRelax: CMD: repack  -1085.53  2.43688  2.43688  0.55
protocols.relax.FastRelax: CMD: min  -1146.74  3.07349  3.07349  0.55
protocols.relax.FastRelax: MRP: 9  -1146.74  -1152.76  3.09555  3.09555  
protocols.relax.FastRelax: CMD: accept_to_best  -1146.74  3.07349  3.07349  0.55
protocols.relax.FastRelax: CMD: endrepeat  -1146.74  3.07349  3.07349  0.55
protocols.relax.FastRelax: CMD: coord_cst_weight  82301.8  3.07349  3.07349  0.55
protocols.relax.FastRelax: CMD: scale:fa_rep  81938.4  3.07349  3.07349  0.022
core.pack.task: Packer task: initialize from command line() 
core.pack.pack_rotamers: built 7945 rotamers at 493 positions.
core.pack.interaction_graph.interaction_graph_factory: Instantiating DensePDInteractionGraph
protocols.relax.FastRelax: CMD: repack  81918.5  3.07349  3.07349  0.022
protocols.relax.FastRelax: CMD: scale:fa_rep  81926  3.07349  3.07349  0.02805
core.optimization.Minimizer: [ WARNING ] LBFGS MAX CYCLES 2000 EXCEEDED, BUT FUNC NOT CONVERGED!
protocols.relax.FastRelax: CMD: min  -1283.08  0.202207  0.202207  0.02805
protocols.relax.FastRelax: CMD: coord_cst_weight  -1371.11  0.202207  0.202207  0.02805
protocols.relax.FastRelax: CMD: scale:fa_rep  -1037.83  0.202207  0.202207  0.14575
core.pack.task: Packer task: initialize from command line() 
core.pack.pack_rotamers: built 7437 rotamers at 493 positions.
core.pack.interaction_graph.interaction_graph_factory: Instantiating DensePDInteractionGraph
protocols.relax.FastRelax: CMD: repack  -1060.74  0.202207  0.202207  0.14575
protocols.relax.FastRelax: CMD: scale:fa_rep  -1040.24  0.202207  0.202207  0.154
protocols.relax.FastRelax: CMD: min  -1184.04  0.24979  0.24979  0.154
protocols.relax.FastRelax: CMD: coord_cst_weight  -1316.23  0.24979  0.24979  0.154
protocols.relax.FastRelax: CMD: scale:fa_rep  -1124.52  0.24979  0.24979  0.30745
core.pack.task: Packer task: initialize from command line() 
core.pack.pack_rotamers: built 7182 rotamers at 493 positions.
core.pack.interaction_graph.interaction_graph_factory: Instantiating DensePDInteractionGraph
protocols.relax.FastRelax: CMD: repack  -1125.77  0.24979  0.24979  0.30745
protocols.relax.FastRelax: CMD: scale:fa_rep  -1110.77  0.24979  0.24979  0.31955
protocols.relax.FastRelax: CMD: min  -1311.87  2.40271  2.40271  0.31955
protocols.relax.FastRelax: CMD: coord_cst_weight  -1311.87  2.40271  2.40271  0.31955
protocols.relax.FastRelax: CMD: scale:fa_rep  -1088.45  2.40271  2.40271  0.55
core.pack.task: Packer task: initialize from command line() 
core.pack.pack_rotamers: built 7008 rotamers at 493 positions.
core.pack.interaction_graph.interaction_graph_factory: Instantiating DensePDInteractionGraph
protocols.relax.FastRelax: CMD: repack  -1089.75  2.40271  2.40271  0.55
protocols.relax.FastRelax: CMD: min  -1153.66  3.08906  3.08906  0.55
protocols.relax.FastRelax: MRP: 10  -1153.66  -1153.66  3.08906  3.08906  
protocols.relax.FastRelax: CMD: accept_to_best  -1153.66  3.08906  3.08906  0.55
protocols.relax.FastRelax: CMD: endrepeat  -1153.66  3.08906  3.08906  0.55
protocols.relax.FastRelax: CMD: coord_cst_weight  81919.7  3.08906  3.08906  0.55
protocols.relax.FastRelax: CMD: scale:fa_rep  81556.7  3.08906  3.08906  0.022
core.pack.task: Packer task: initialize from command line() 
core.pack.pack_rotamers: built 7965 rotamers at 493 positions.
core.pack.interaction_graph.interaction_graph_factory: Instantiating DensePDInteractionGraph
protocols.relax.FastRelax: CMD: repack  81527.3  3.08906  3.08906  0.022
protocols.relax.FastRelax: CMD: scale:fa_rep  81534.6  3.08906  3.08906  0.02805
core.optimization.Minimizer: [ WARNING ] LBFGS MAX CYCLES 2000 EXCEEDED, BUT FUNC NOT CONVERGED!
protocols.relax.FastRelax: CMD: min  -1290.59  0.200478  0.200478  0.02805
protocols.relax.FastRelax: CMD: coord_cst_weight  -1377.27  0.200478  0.200478  0.02805
protocols.relax.FastRelax: CMD: scale:fa_rep  -1041.21  0.200478  0.200478  0.14575
core.pack.task: Packer task: initialize from command line() 
core.pack.pack_rotamers: built 7405 rotamers at 493 positions.
core.pack.interaction_graph.interaction_graph_factory: Instantiating DensePDInteractionGraph
protocols.relax.FastRelax: CMD: repack  -1061.63  0.200478  0.200478  0.14575
protocols.relax.FastRelax: CMD: scale:fa_rep  -1041.15  0.200478  0.200478  0.154
protocols.relax.FastRelax: CMD: min  -1186.04  0.248234  0.248234  0.154
protocols.relax.FastRelax: CMD: coord_cst_weight  -1317.07  0.248234  0.248234  0.154
protocols.relax.FastRelax: CMD: scale:fa_rep  -1124.47  0.248234  0.248234  0.30745
core.pack.task: Packer task: initialize from command line() 
core.pack.pack_rotamers: built 7174 rotamers at 493 positions.
core.pack.interaction_graph.interaction_graph_factory: Instantiating DensePDInteractionGraph
protocols.relax.FastRelax: CMD: repack  -1124.79  0.248234  0.248234  0.30745
protocols.relax.FastRelax: CMD: scale:fa_rep  -1109.72  0.248234  0.248234  0.31955
protocols.relax.FastRelax: CMD: min  -1311.65  2.46257  2.46257  0.31955
protocols.relax.FastRelax: CMD: coord_cst_weight  -1311.65  2.46257  2.46257  0.31955
protocols.relax.FastRelax: CMD: scale:fa_rep  -1086.3  2.46257  2.46257  0.55
core.pack.task: Packer task: initialize from command line() 
core.pack.pack_rotamers: built 6994 rotamers at 493 positions.
core.pack.interaction_graph.interaction_graph_factory: Instantiating DensePDInteractionGraph
protocols.relax.FastRelax: CMD: repack  -1089.83  2.46257  2.46257  0.55
protocols.relax.FastRelax: CMD: min  -1156.78  3.14951  3.14951  0.55
protocols.relax.FastRelax: MRP: 11  -1156.78  -1156.78  3.14951  3.14951  
protocols.relax.FastRelax: CMD: accept_to_best  -1156.78  3.14951  3.14951  0.55
protocols.relax.FastRelax: CMD: endrepeat  -1156.78  3.14951  3.14951  0.55
protocols.relax.FastRelax: CMD: coord_cst_weight  83385  3.14951  3.14951  0.55
protocols.relax.FastRelax: CMD: scale:fa_rep  83019.5  3.14951  3.14951  0.022
core.pack.task: Packer task: initialize from command line() 
core.pack.pack_rotamers: built 7901 rotamers at 493 positions.
core.pack.interaction_graph.interaction_graph_factory: Instantiating DensePDInteractionGraph
protocols.relax.FastRelax: CMD: repack  82992.4  3.14951  3.14951  0.022
protocols.relax.FastRelax: CMD: scale:fa_rep  82999.6  3.14951  3.14951  0.02805
core.optimization.Minimizer: [ WARNING ] LBFGS MAX CYCLES 2000 EXCEEDED, BUT FUNC NOT CONVERGED!
protocols.relax.FastRelax: CMD: min  -1291.04  0.199245  0.199245  0.02805
protocols.relax.FastRelax: CMD: coord_cst_weight  -1377.1  0.199245  0.199245  0.02805
protocols.relax.FastRelax: CMD: scale:fa_rep  -1038.04  0.199245  0.199245  0.14575
core.pack.task: Packer task: initialize from command line() 
core.pack.pack_rotamers: built 7408 rotamers at 493 positions.
core.pack.interaction_graph.interaction_graph_factory: Instantiating DensePDInteractionGraph
protocols.relax.FastRelax: CMD: repack  -1061.41  0.199245  0.199245  0.14575
protocols.relax.FastRelax: CMD: scale:fa_rep  -1040.83  0.199245  0.199245  0.154
protocols.relax.FastRelax: CMD: min  -1187.46  0.248239  0.248239  0.154
protocols.relax.FastRelax: CMD: coord_cst_weight  -1318.83  0.248239  0.248239  0.154
protocols.relax.FastRelax: CMD: scale:fa_rep  -1125.91  0.248239  0.248239  0.30745
core.pack.task: Packer task: initialize from command line() 
core.pack.pack_rotamers: built 7206 rotamers at 493 positions.
core.pack.interaction_graph.interaction_graph_factory: Instantiating DensePDInteractionGraph
protocols.relax.FastRelax: CMD: repack  -1126.13  0.248239  0.248239  0.30745
protocols.relax.FastRelax: CMD: scale:fa_rep  -1111.09  0.248239  0.248239  0.31955
protocols.relax.FastRelax: CMD: min  -1316.11  2.39838  2.39838  0.31955
protocols.relax.FastRelax: CMD: coord_cst_weight  -1316.11  2.39838  2.39838  0.31955
protocols.relax.FastRelax: CMD: scale:fa_rep  -1091.43  2.39838  2.39838  0.55
core.pack.task: Packer task: initialize from command line() 
core.pack.pack_rotamers: built 6991 rotamers at 493 positions.
core.pack.interaction_graph.interaction_graph_factory: Instantiating DensePDInteractionGraph
protocols.relax.FastRelax: CMD: repack  -1094.23  2.39838  2.39838  0.55
protocols.relax.FastRelax: CMD: min  -1157.64  3.14764  3.14764  0.55
protocols.relax.FastRelax: MRP: 12  -1157.64  -1157.64  3.14764  3.14764  
protocols.relax.FastRelax: CMD: accept_to_best  -1157.64  3.14764  3.14764  0.55
protocols.relax.FastRelax: CMD: endrepeat  -1157.64  3.14764  3.14764  0.55
protocols.relax.FastRelax: CMD: coord_cst_weight  77248.1  3.14764  3.14764  0.55
protocols.relax.FastRelax: CMD: scale:fa_rep  76883.9  3.14764  3.14764  0.022
core.pack.task: Packer task: initialize from command line() 
core.pack.pack_rotamers: built 7961 rotamers at 493 positions.
core.pack.interaction_graph.interaction_graph_factory: Instantiating DensePDInteractionGraph
protocols.relax.FastRelax: CMD: repack  76862.9  3.14764  3.14764  0.022
protocols.relax.FastRelax: CMD: scale:fa_rep  76871.7  3.14764  3.14764  0.02805
core.optimization.Minimizer: [ WARNING ] LBFGS MAX CYCLES 2000 EXCEEDED, BUT FUNC NOT CONVERGED!
protocols.relax.FastRelax: CMD: min  -1282.25  0.201909  0.201909  0.02805
protocols.relax.FastRelax: CMD: coord_cst_weight  -1370.9  0.201909  0.201909  0.02805
protocols.relax.FastRelax: CMD: scale:fa_rep  -1033.45  0.201909  0.201909  0.14575
core.pack.task: Packer task: initialize from command line() 
core.pack.pack_rotamers: built 7415 rotamers at 493 positions.
core.pack.interaction_graph.interaction_graph_factory: Instantiating DensePDInteractionGraph
protocols.relax.FastRelax: CMD: repack  -1054.54  0.201909  0.201909  0.14575
protocols.relax.FastRelax: CMD: scale:fa_rep  -1034  0.201909  0.201909  0.154
protocols.relax.FastRelax: CMD: min  -1185.89  0.248411  0.248411  0.154
protocols.relax.FastRelax: CMD: coord_cst_weight  -1317.81  0.248411  0.248411  0.154
protocols.relax.FastRelax: CMD: scale:fa_rep  -1126.15  0.248411  0.248411  0.30745
core.pack.task: Packer task: initialize from command line() 
core.pack.pack_rotamers: built 7150 rotamers at 493 positions.
core.pack.interaction_graph.interaction_graph_factory: Instantiating DensePDInteractionGraph
protocols.relax.FastRelax: CMD: repack  -1124.33  0.248411  0.248411  0.30745
protocols.relax.FastRelax: CMD: scale:fa_rep  -1109.36  0.248411  0.248411  0.31955
protocols.relax.FastRelax: CMD: min  -1307.72  2.27228  2.27228  0.31955
protocols.relax.FastRelax: CMD: coord_cst_weight  -1307.72  2.27228  2.27228  0.31955
protocols.relax.FastRelax: CMD: scale:fa_rep  -1079.68  2.27228  2.27228  0.55
core.pack.task: Packer task: initialize from command line() 
core.pack.pack_rotamers: built 7022 rotamers at 493 positions.
core.pack.interaction_graph.interaction_graph_factory: Instantiating DensePDInteractionGraph
protocols.relax.FastRelax: CMD: repack  -1082.73  2.27228  2.27228  0.55
protocols.relax.FastRelax: CMD: min  -1144.83  3.02314  3.02314  0.55
protocols.relax.FastRelax: MRP: 13  -1144.83  -1157.64  3.14764  3.14764  
protocols.relax.FastRelax: CMD: accept_to_best  -1144.83  3.02314  3.02314  0.55
protocols.relax.FastRelax: CMD: endrepeat  -1144.83  3.02314  3.02314  0.55
protocols.relax.FastRelax: CMD: coord_cst_weight  74526.1  3.02314  3.02314  0.55
protocols.relax.FastRelax: CMD: scale:fa_rep  74158.1  3.02314  3.02314  0.022
core.pack.task: Packer task: initialize from command line() 
core.pack.pack_rotamers: built 7969 rotamers at 493 positions.
core.pack.interaction_graph.interaction_graph_factory: Instantiating DensePDInteractionGraph
protocols.relax.FastRelax: CMD: repack  74128.1  3.02314  3.02314  0.022
protocols.relax.FastRelax: CMD: scale:fa_rep  74136.8  3.02314  3.02314  0.02805
core.optimization.Minimizer: [ WARNING ] LBFGS MAX CYCLES 2000 EXCEEDED, BUT FUNC NOT CONVERGED!
protocols.relax.FastRelax: CMD: min  -1289.92  0.19875  0.19875  0.02805
protocols.relax.FastRelax: CMD: coord_cst_weight  -1376.39  0.19875  0.19875  0.02805
protocols.relax.FastRelax: CMD: scale:fa_rep  -1041.05  0.19875  0.19875  0.14575
core.pack.task: Packer task: initialize from command line() 
core.pack.pack_rotamers: built 7417 rotamers at 493 positions.
core.pack.interaction_graph.interaction_graph_factory: Instantiating DensePDInteractionGraph
protocols.relax.FastRelax: CMD: repack  -1065.24  0.19875  0.19875  0.14575
protocols.relax.FastRelax: CMD: scale:fa_rep  -1044.95  0.19875  0.19875  0.154
protocols.relax.FastRelax: CMD: min  -1192.52  0.247475  0.247475  0.154
protocols.relax.FastRelax: CMD: coord_cst_weight  -1324.37  0.247475  0.247475  0.154
protocols.relax.FastRelax: CMD: scale:fa_rep  -1133.62  0.247475  0.247475  0.30745
core.pack.task: Packer task: initialize from command line() 
core.pack.pack_rotamers: built 7161 rotamers at 493 positions.
core.pack.interaction_graph.interaction_graph_factory: Instantiating DensePDInteractionGraph
protocols.relax.FastRelax: CMD: repack  -1134.03  0.247475  0.247475  0.30745
protocols.relax.FastRelax: CMD: scale:fa_rep  -1119.11  0.247475  0.247475  0.31955
protocols.relax.FastRelax: CMD: min  -1323.98  2.18642  2.18642  0.31955
protocols.relax.FastRelax: CMD: coord_cst_weight  -1323.98  2.18642  2.18642  0.31955
protocols.relax.FastRelax: CMD: scale:fa_rep  -1097.38  2.18642  2.18642  0.55
core.pack.task: Packer task: initialize from command line() 
core.pack.pack_rotamers: built 7045 rotamers at 493 positions.
core.pack.interaction_graph.interaction_graph_factory: Instantiating DensePDInteractionGraph
protocols.relax.FastRelax: CMD: repack  -1098.76  2.18642  2.18642  0.55
protocols.relax.FastRelax: CMD: min  -1158.81  3.00602  3.00602  0.55
protocols.relax.FastRelax: MRP: 14  -1158.81  -1158.81  3.00602  3.00602  
protocols.relax.FastRelax: CMD: accept_to_best  -1158.81  3.00602  3.00602  0.55
protocols.relax.FastRelax: CMD: endrepeat  -1158.81  3.00602  3.00602  0.55
protocols::checkpoint: Deleting checkpoints of FastRelax
protocols.jd2.JobDistributor: PDE4B_modeller_7_0001 reported success in 12480 seconds
protocols.jd2.PDBJobInputter: PDBJobInputter::pose_from_job
protocols.jd2.PDBJobInputter: filling pose from saved copy ../1-loopmodel/PDE4B_modeller.pdb
protocols.relax.FastRelax: CMD: repeat  3311.98  0  0  0.55
protocols.relax.FastRelax: CMD: coord_cst_weight  3311.98  0  0  0.55
protocols.relax.FastRelax: CMD: scale:fa_rep  895.021  0  0  0.022
core.pack.task: Packer task: initialize from command line() 
core.pack.pack_rotamers: built 8348 rotamers at 493 positions.
core.pack.interaction_graph.interaction_graph_factory: Instantiating DensePDInteractionGraph
protocols.relax.FastRelax: CMD: repack  -846.474  0  0  0.022
protocols.relax.FastRelax: CMD: scale:fa_rep  -807.923  0  0  0.02805
core.optimization.Minimizer: [ WARNING ] LBFGS MAX CYCLES 2000 EXCEEDED, BUT FUNC NOT CONVERGED!
protocols.relax.FastRelax: CMD: min  -1270.94  0.154046  0.154046  0.02805
protocols.relax.FastRelax: CMD: coord_cst_weight  -1321.39  0.154046  0.154046  0.02805
protocols.relax.FastRelax: CMD: scale:fa_rep  -908.347  0.154046  0.154046  0.14575
core.pack.task: Packer task: initialize from command line() 
core.pack.pack_rotamers: built 7472 rotamers at 493 positions.
core.pack.interaction_graph.interaction_graph_factory: Instantiating DensePDInteractionGraph
protocols.relax.FastRelax: CMD: repack  -932.446  0.154046  0.154046  0.14575
protocols.relax.FastRelax: CMD: scale:fa_rep  -908.175  0.154046  0.154046  0.154
protocols.relax.FastRelax: CMD: min  -1114.3  0.210101  0.210101  0.154
protocols.relax.FastRelax: CMD: coord_cst_weight  -1205.83  0.210101  0.210101  0.154
protocols.relax.FastRelax: CMD: scale:fa_rep  -1002.34  0.210101  0.210101  0.30745
core.pack.task: Packer task: initialize from command line() 
core.pack.pack_rotamers: built 7259 rotamers at 493 positions.
core.pack.interaction_graph.interaction_graph_factory: Instantiating DensePDInteractionGraph
protocols.relax.FastRelax: CMD: repack  -998.852  0.210101  0.210101  0.30745
protocols.relax.FastRelax: CMD: scale:fa_rep  -983.147  0.210101  0.210101  0.31955
protocols.relax.FastRelax: CMD: min  -1196.82  2.34643  2.34643  0.31955
protocols.relax.FastRelax: CMD: coord_cst_weight  -1196.82  2.34643  2.34643  0.31955
protocols.relax.FastRelax: CMD: scale:fa_rep  -975.173  2.34643  2.34643  0.55
core.pack.task: Packer task: initialize from command line() 
core.pack.pack_rotamers: built 7039 rotamers at 493 positions.
core.pack.interaction_graph.interaction_graph_factory: Instantiating DensePDInteractionGraph
protocols.relax.FastRelax: CMD: repack  -987.979  2.34643  2.34643  0.55
protocols.relax.FastRelax: CMD: min  -1070.51  3.10295  3.10295  0.55
protocols.relax.FastRelax: MRP: 0  -1070.51  -1070.51  3.10295  3.10295  
protocols.relax.FastRelax: CMD: accept_to_best  -1070.51  3.10295  3.10295  0.55
protocols.relax.FastRelax: CMD: endrepeat  -1070.51  3.10295  3.10295  0.55
protocols.relax.FastRelax: CMD: coord_cst_weight  94102.7  3.10295  3.10295  0.55
protocols.relax.FastRelax: CMD: scale:fa_rep  93747.5  3.10295  3.10295  0.022
core.pack.task: Packer task: initialize from command line() 
core.pack.pack_rotamers: built 7847 rotamers at 493 positions.
core.pack.interaction_graph.interaction_graph_factory: Instantiating DensePDInteractionGraph
protocols.relax.FastRelax: CMD: repack  93725.1  3.10295  3.10295  0.022
protocols.relax.FastRelax: CMD: scale:fa_rep  93737  3.10295  3.10295  0.02805
core.optimization.Minimizer: [ WARNING ] LBFGS MAX CYCLES 2000 EXCEEDED, BUT FUNC NOT CONVERGED!
protocols.relax.FastRelax: CMD: min  -1248.81  0.184293  0.184293  0.02805
protocols.relax.FastRelax: CMD: coord_cst_weight  -1322.83  0.184293  0.184293  0.02805
protocols.relax.FastRelax: CMD: scale:fa_rep  -945.998  0.184293  0.184293  0.14575
core.pack.task: Packer task: initialize from command line() 
core.pack.pack_rotamers: built 7464 rotamers at 493 positions.
core.pack.interaction_graph.interaction_graph_factory: Instantiating DensePDInteractionGraph
protocols.relax.FastRelax: CMD: repack  -986.427  0.184293  0.184293  0.14575
protocols.relax.FastRelax: CMD: scale:fa_rep  -964.348  0.184293  0.184293  0.154
protocols.relax.FastRelax: CMD: min  -1147.27  0.22993  0.22993  0.154
protocols.relax.FastRelax: CMD: coord_cst_weight  -1259.11  0.22993  0.22993  0.154
protocols.relax.FastRelax: CMD: scale:fa_rep  -1062.16  0.22993  0.22993  0.30745
core.pack.task: Packer task: initialize from command line() 
core.pack.pack_rotamers: built 7351 rotamers at 493 positions.
core.pack.interaction_graph.interaction_graph_factory: Instantiating DensePDInteractionGraph
protocols.relax.FastRelax: CMD: repack  -1061.87  0.22993  0.22993  0.30745
protocols.relax.FastRelax: CMD: scale:fa_rep  -1046.57  0.22993  0.22993  0.31955
protocols.relax.FastRelax: CMD: min  -1262.88  2.99187  2.99187  0.31955
protocols.relax.FastRelax: CMD: coord_cst_weight  -1262.88  2.99187  2.99187  0.31955
protocols.relax.FastRelax: CMD: scale:fa_rep  -1039.04  2.99187  2.99187  0.55
core.pack.task: Packer task: initialize from command line() 
core.pack.pack_rotamers: built 7070 rotamers at 493 positions.
core.pack.interaction_graph.interaction_graph_factory: Instantiating DensePDInteractionGraph
protocols.relax.FastRelax: CMD: repack  -1033.13  2.99187  2.99187  0.55
protocols.relax.FastRelax: CMD: min  -1109.39  3.82091  3.82091  0.55
protocols.relax.FastRelax: MRP: 1  -1109.39  -1109.39  3.82091  3.82091  
protocols.relax.FastRelax: CMD: accept_to_best  -1109.39  3.82091  3.82091  0.55
protocols.relax.FastRelax: CMD: endrepeat  -1109.39  3.82091  3.82091  0.55
protocols.relax.FastRelax: CMD: coord_cst_weight  120426  3.82091  3.82091  0.55
protocols.relax.FastRelax: CMD: scale:fa_rep  120066  3.82091  3.82091  0.022
core.pack.task: Packer task: initialize from command line() 
core.pack.pack_rotamers: built 7916 rotamers at 493 positions.
core.pack.interaction_graph.interaction_graph_factory: Instantiating DensePDInteractionGraph
protocols.relax.FastRelax: CMD: repack  120028  3.82091  3.82091  0.022
protocols.relax.FastRelax: CMD: scale:fa_rep  120036  3.82091  3.82091  0.02805
core.optimization.Minimizer: [ WARNING ] LBFGS MAX CYCLES 2000 EXCEEDED, BUT FUNC NOT CONVERGED!
protocols.relax.FastRelax: CMD: min  -1266.68  0.193174  0.193174  0.02805
protocols.relax.FastRelax: CMD: coord_cst_weight  -1346.22  0.193174  0.193174  0.02805
protocols.relax.FastRelax: CMD: scale:fa_rep  -991.789  0.193174  0.193174  0.14575
core.pack.task: Packer task: initialize from command line() 
core.pack.pack_rotamers: built 7468 rotamers at 493 positions.
core.pack.interaction_graph.interaction_graph_factory: Instantiating DensePDInteractionGraph
protocols.relax.FastRelax: CMD: repack  -1023.62  0.193174  0.193174  0.14575
protocols.relax.FastRelax: CMD: scale:fa_rep  -1002.72  0.193174  0.193174  0.154
protocols.relax.FastRelax: CMD: min  -1166.53  0.239769  0.239769  0.154
protocols.relax.FastRelax: CMD: coord_cst_weight  -1286.46  0.239769  0.239769  0.154
protocols.relax.FastRelax: CMD: scale:fa_rep  -1095.72  0.239769  0.239769  0.30745
core.pack.task: Packer task: initialize from command line() 
core.pack.pack_rotamers: built 7306 rotamers at 493 positions.
core.pack.interaction_graph.interaction_graph_factory: Instantiating DensePDInteractionGraph
protocols.relax.FastRelax: CMD: repack  -1096.23  0.239769  0.239769  0.30745
protocols.relax.FastRelax: CMD: scale:fa_rep  -1081.36  0.239769  0.239769  0.31955
protocols.relax.FastRelax: CMD: min  -1278.9  2.37757  2.37757  0.31955
protocols.relax.FastRelax: CMD: coord_cst_weight  -1278.9  2.37757  2.37757  0.31955
protocols.relax.FastRelax: CMD: scale:fa_rep  -1056.93  2.37757  2.37757  0.55
core.pack.task: Packer task: initialize from command line() 
core.pack.pack_rotamers: built 7113 rotamers at 493 positions.
core.pack.interaction_graph.interaction_graph_factory: Instantiating DensePDInteractionGraph
protocols.relax.FastRelax: CMD: repack  -1060.07  2.37757  2.37757  0.55
protocols.relax.FastRelax: CMD: min  -1122.82  3.72253  3.72253  0.55
protocols.relax.FastRelax: MRP: 2  -1122.82  -1122.82  3.72253  3.72253  
protocols.relax.FastRelax: CMD: accept_to_best  -1122.82  3.72253  3.72253  0.55
protocols.relax.FastRelax: CMD: endrepeat  -1122.82  3.72253  3.72253  0.55
protocols.relax.FastRelax: CMD: coord_cst_weight  131075  3.72253  3.72253  0.55
protocols.relax.FastRelax: CMD: scale:fa_rep  130723  3.72253  3.72253  0.022
core.pack.task: Packer task: initialize from command line() 
core.pack.pack_rotamers: built 7900 rotamers at 493 positions.
core.pack.interaction_graph.interaction_graph_factory: Instantiating DensePDInteractionGraph
protocols.relax.FastRelax: CMD: repack  130698  3.72253  3.72253  0.022
protocols.relax.FastRelax: CMD: scale:fa_rep  130708  3.72253  3.72253  0.02805
core.optimization.Minimizer: [ WARNING ] LBFGS MAX CYCLES 2000 EXCEEDED, BUT FUNC NOT CONVERGED!
protocols.relax.FastRelax: CMD: min  -1242.57  0.200491  0.200491  0.02805
protocols.relax.FastRelax: CMD: coord_cst_weight  -1328.23  0.200491  0.200491  0.02805
protocols.relax.FastRelax: CMD: scale:fa_rep  -950.919  0.200491  0.200491  0.14575
core.pack.task: Packer task: initialize from command line() 
core.pack.pack_rotamers: built 7507 rotamers at 493 positions.
core.pack.interaction_graph.interaction_graph_factory: Instantiating DensePDInteractionGraph
protocols.relax.FastRelax: CMD: repack  -1007.28  0.200491  0.200491  0.14575
protocols.relax.FastRelax: CMD: scale:fa_rep  -985.738  0.200491  0.200491  0.154
protocols.relax.FastRelax: CMD: min  -1164.82  0.242805  0.242805  0.154
protocols.relax.FastRelax: CMD: coord_cst_weight  -1288.03  0.242805  0.242805  0.154
protocols.relax.FastRelax: CMD: scale:fa_rep  -1092.84  0.242805  0.242805  0.30745
core.pack.task: Packer task: initialize from command line() 
core.pack.pack_rotamers: built 7280 rotamers at 493 positions.
core.pack.interaction_graph.interaction_graph_factory: Instantiating DensePDInteractionGraph
protocols.relax.FastRelax: CMD: repack  -1095.05  0.242805  0.242805  0.30745
protocols.relax.FastRelax: CMD: scale:fa_rep  -1079.86  0.242805  0.242805  0.31955
protocols.relax.FastRelax: CMD: min  -1285.37  2.42411  2.42411  0.31955
protocols.relax.FastRelax: CMD: coord_cst_weight  -1285.37  2.42411  2.42411  0.31955
protocols.relax.FastRelax: CMD: scale:fa_rep  -1062.84  2.42411  2.42411  0.55
core.pack.task: Packer task: initialize from command line() 
core.pack.pack_rotamers: built 7077 rotamers at 493 positions.
core.pack.interaction_graph.interaction_graph_factory: Instantiating DensePDInteractionGraph
protocols.relax.FastRelax: CMD: repack  -1063.07  2.42411  2.42411  0.55
protocols.relax.FastRelax: CMD: min  -1122.25  2.94816  2.94816  0.55
protocols.relax.FastRelax: MRP: 3  -1122.25  -1122.82  3.72253  3.72253  
protocols.relax.FastRelax: CMD: accept_to_best  -1122.25  2.94816  2.94816  0.55
protocols.relax.FastRelax: CMD: endrepeat  -1122.25  2.94816  2.94816  0.55
protocols.relax.FastRelax: CMD: coord_cst_weight  89183.3  2.94816  2.94816  0.55
protocols.relax.FastRelax: CMD: scale:fa_rep  88827.8  2.94816  2.94816  0.022
core.pack.task: Packer task: initialize from command line() 
core.pack.pack_rotamers: built 7884 rotamers at 493 positions.
core.pack.interaction_graph.interaction_graph_factory: Instantiating DensePDInteractionGraph
protocols.relax.FastRelax: CMD: repack  88812.8  2.94816  2.94816  0.022
protocols.relax.FastRelax: CMD: scale:fa_rep  88821.9  2.94816  2.94816  0.02805
core.optimization.Minimizer: [ WARNING ] LBFGS MAX CYCLES 2000 EXCEEDED, BUT FUNC NOT CONVERGED!
protocols.relax.FastRelax: CMD: min  -1250.04  0.199347  0.199347  0.02805
protocols.relax.FastRelax: CMD: coord_cst_weight  -1335.93  0.199347  0.199347  0.02805
protocols.relax.FastRelax: CMD: scale:fa_rep  -968.012  0.199347  0.199347  0.14575
core.pack.task: Packer task: initialize from command line() 
core.pack.pack_rotamers: built 7492 rotamers at 493 positions.
core.pack.interaction_graph.interaction_graph_factory: Instantiating DensePDInteractionGraph
protocols.relax.FastRelax: CMD: repack  -1008.06  0.199347  0.199347  0.14575
protocols.relax.FastRelax: CMD: scale:fa_rep  -986.433  0.199347  0.199347  0.154
protocols.relax.FastRelax: CMD: min  -1166.34  0.243455  0.243455  0.154
protocols.relax.FastRelax: CMD: coord_cst_weight  -1292.7  0.243455  0.243455  0.154
protocols.relax.FastRelax: CMD: scale:fa_rep  -1100.93  0.243455  0.243455  0.30745
core.pack.task: Packer task: initialize from command line() 
core.pack.pack_rotamers: built 7303 rotamers at 493 positions.
core.pack.interaction_graph.interaction_graph_factory: Instantiating DensePDInteractionGraph
protocols.relax.FastRelax: CMD: repack  -1103.12  0.243455  0.243455  0.30745
protocols.relax.FastRelax: CMD: scale:fa_rep  -1088.28  0.243455  0.243455  0.31955
protocols.relax.FastRelax: CMD: min  -1280.73  1.85431  1.85431  0.31955
protocols.relax.FastRelax: CMD: coord_cst_weight  -1280.73  1.85431  1.85431  0.31955
protocols.relax.FastRelax: CMD: scale:fa_rep  -1056.42  1.85431  1.85431  0.55
core.pack.task: Packer task: initialize from command line() 
core.pack.pack_rotamers: built 7061 rotamers at 493 positions.
core.pack.interaction_graph.interaction_graph_factory: Instantiating DensePDInteractionGraph
protocols.relax.FastRelax: CMD: repack  -1058.83  1.85431  1.85431  0.55
protocols.relax.FastRelax: CMD: min  -1107.6  1.82305  1.82305  0.55
protocols.relax.FastRelax: MRP: 4  -1107.6  -1122.82  3.72253  3.72253  
protocols.relax.FastRelax: CMD: accept_to_best  -1107.6  1.82305  1.82305  0.55
protocols.relax.FastRelax: CMD: endrepeat  -1107.6  1.82305  1.82305  0.55
protocols.relax.FastRelax: CMD: coord_cst_weight  39826.2  1.82305  1.82305  0.55
protocols.relax.FastRelax: CMD: scale:fa_rep  39469.2  1.82305  1.82305  0.022
core.pack.task: Packer task: initialize from command line() 
core.pack.pack_rotamers: built 7949 rotamers at 493 positions.
core.pack.interaction_graph.interaction_graph_factory: Instantiating DensePDInteractionGraph
protocols.relax.FastRelax: CMD: repack  39453.4  1.82305  1.82305  0.022
protocols.relax.FastRelax: CMD: scale:fa_rep  39462.2  1.82305  1.82305  0.02805
core.optimization.Minimizer: [ WARNING ] LBFGS MAX CYCLES 2000 EXCEEDED, BUT FUNC NOT CONVERGED!
protocols.relax.FastRelax: CMD: min  -1269.66  0.197562  0.197562  0.02805
protocols.relax.FastRelax: CMD: coord_cst_weight  -1351.33  0.197562  0.197562  0.02805
protocols.relax.FastRelax: CMD: scale:fa_rep  -998.853  0.197562  0.197562  0.14575
core.pack.task: Packer task: initialize from command line() 
core.pack.pack_rotamers: built 7487 rotamers at 493 positions.
core.pack.interaction_graph.interaction_graph_factory: Instantiating DensePDInteractionGraph
protocols.relax.FastRelax: CMD: repack  -1029.26  0.197562  0.197562  0.14575
protocols.relax.FastRelax: CMD: scale:fa_rep  -1008.22  0.197562  0.197562  0.154
protocols.relax.FastRelax: CMD: min  -1167.45  0.246621  0.246621  0.154
protocols.relax.FastRelax: CMD: coord_cst_weight  -1294.55  0.246621  0.246621  0.154
protocols.relax.FastRelax: CMD: scale:fa_rep  -1105.17  0.246621  0.246621  0.30745
core.pack.task: Packer task: initialize from command line() 
core.pack.pack_rotamers: built 7320 rotamers at 493 positions.
core.pack.interaction_graph.interaction_graph_factory: Instantiating DensePDInteractionGraph
protocols.relax.FastRelax: CMD: repack  -1106.59  0.246621  0.246621  0.30745
protocols.relax.FastRelax: CMD: scale:fa_rep  -1091.78  0.246621  0.246621  0.31955
protocols.relax.FastRelax: CMD: min  -1297.3  2.63626  2.63626  0.31955
protocols.relax.FastRelax: CMD: coord_cst_weight  -1297.3  2.63626  2.63626  0.31955
protocols.relax.FastRelax: CMD: scale:fa_rep  -1075.89  2.63626  2.63626  0.55
core.pack.task: Packer task: initialize from command line() 
core.pack.pack_rotamers: built 7112 rotamers at 493 positions.
core.pack.interaction_graph.interaction_graph_factory: Instantiating DensePDInteractionGraph
protocols.relax.FastRelax: CMD: repack  -1076.8  2.63626  2.63626  0.55
protocols.relax.FastRelax: CMD: min  -1121.32  2.83418  2.83418  0.55
protocols.relax.FastRelax: MRP: 5  -1121.32  -1122.82  3.72253  3.72253  
protocols.relax.FastRelax: CMD: accept_to_best  -1121.32  2.83418  2.83418  0.55
protocols.relax.FastRelax: CMD: endrepeat  -1121.32  2.83418  2.83418  0.55
protocols.relax.FastRelax: CMD: coord_cst_weight  72673.6  2.83418  2.83418  0.55
protocols.relax.FastRelax: CMD: scale:fa_rep  72319.5  2.83418  2.83418  0.022
core.pack.task: Packer task: initialize from command line() 
core.pack.pack_rotamers: built 7935 rotamers at 493 positions.
core.pack.interaction_graph.interaction_graph_factory: Instantiating DensePDInteractionGraph
protocols.relax.FastRelax: CMD: repack  72285.1  2.83418  2.83418  0.022
protocols.relax.FastRelax: CMD: scale:fa_rep  72292.3  2.83418  2.83418  0.02805
core.optimization.Minimizer: [ WARNING ] LBFGS MAX CYCLES 2000 EXCEEDED, BUT FUNC NOT CONVERGED!
protocols.relax.FastRelax: CMD: min  -1275.94  0.19502  0.19502  0.02805
protocols.relax.FastRelax: CMD: coord_cst_weight  -1357.92  0.19502  0.19502  0.02805
protocols.relax.FastRelax: CMD: scale:fa_rep  -1015.99  0.19502  0.19502  0.14575
core.pack.task: Packer task: initialize from command line() 
core.pack.pack_rotamers: built 7509 rotamers at 493 positions.
core.pack.interaction_graph.interaction_graph_factory: Instantiating DensePDInteractionGraph
protocols.relax.FastRelax: CMD: repack  -1039.74  0.19502  0.19502  0.14575
protocols.relax.FastRelax: CMD: scale:fa_rep  -1018.41  0.19502  0.19502  0.154
protocols.relax.FastRelax: CMD: min  -1171.47  0.246878  0.246878  0.154
protocols.relax.FastRelax: CMD: coord_cst_weight  -1298.37  0.246878  0.246878  0.154
protocols.relax.FastRelax: CMD: scale:fa_rep  -1106.63  0.246878  0.246878  0.30745
core.pack.task: Packer task: initialize from command line() 
core.pack.pack_rotamers: built 7280 rotamers at 493 positions.
core.pack.interaction_graph.interaction_graph_factory: Instantiating DensePDInteractionGraph
protocols.relax.FastRelax: CMD: repack  -1104.84  0.246878  0.246878  0.30745
protocols.relax.FastRelax: CMD: scale:fa_rep  -1089.9  0.246878  0.246878  0.31955
protocols.relax.FastRelax: CMD: min  -1295.25  2.66358  2.66358  0.31955
protocols.relax.FastRelax: CMD: coord_cst_weight  -1295.25  2.66358  2.66358  0.31955
protocols.relax.FastRelax: CMD: scale:fa_rep  -1071.65  2.66358  2.66358  0.55
core.pack.task: Packer task: initialize from command line() 
core.pack.pack_rotamers: built 7058 rotamers at 493 positions.
core.pack.interaction_graph.interaction_graph_factory: Instantiating DensePDInteractionGraph
protocols.relax.FastRelax: CMD: repack  -1072.54  2.66358  2.66358  0.55
protocols.relax.FastRelax: CMD: min  -1127.97  3.04526  3.04526  0.55
protocols.relax.FastRelax: MRP: 6  -1127.97  -1127.97  3.04526  3.04526  
protocols.relax.FastRelax: CMD: accept_to_best  -1127.97  3.04526  3.04526  0.55
protocols.relax.FastRelax: CMD: endrepeat  -1127.97  3.04526  3.04526  0.55
protocols.relax.FastRelax: CMD: coord_cst_weight  83098.9  3.04526  3.04526  0.55
protocols.relax.FastRelax: CMD: scale:fa_rep  82743.5  3.04526  3.04526  0.022
core.pack.task: Packer task: initialize from command line() 
core.pack.pack_rotamers: built 7861 rotamers at 493 positions.
core.pack.interaction_graph.interaction_graph_factory: Instantiating DensePDInteractionGraph
protocols.relax.FastRelax: CMD: repack  82723.3  3.04526  3.04526  0.022
protocols.relax.FastRelax: CMD: scale:fa_rep  82731.8  3.04526  3.04526  0.02805
core.optimization.Minimizer: [ WARNING ] LBFGS MAX CYCLES 2000 EXCEEDED, BUT FUNC NOT CONVERGED!
protocols.relax.FastRelax: CMD: min  -1268.04  0.196828  0.196828  0.02805
protocols.relax.FastRelax: CMD: coord_cst_weight  -1350.6  0.196828  0.196828  0.02805
protocols.relax.FastRelax: CMD: scale:fa_rep  -986.634  0.196828  0.196828  0.14575
core.pack.task: Packer task: initialize from command line() 
core.pack.pack_rotamers: built 7460 rotamers at 493 positions.
core.pack.interaction_graph.interaction_graph_factory: Instantiating DensePDInteractionGraph
protocols.relax.FastRelax: CMD: repack  -1006.37  0.196828  0.196828  0.14575
protocols.relax.FastRelax: CMD: scale:fa_rep  -984.19  0.196828  0.196828  0.154
protocols.relax.FastRelax: CMD: min  -1169.47  0.243715  0.243715  0.154
protocols.relax.FastRelax: CMD: coord_cst_weight  -1295.21  0.243715  0.243715  0.154
protocols.relax.FastRelax: CMD: scale:fa_rep  -1104.09  0.243715  0.243715  0.30745
core.pack.task: Packer task: initialize from command line() 
core.pack.pack_rotamers: built 7230 rotamers at 493 positions.
core.pack.interaction_graph.interaction_graph_factory: Instantiating DensePDInteractionGraph
protocols.relax.FastRelax: CMD: repack  -1105.85  0.243715  0.243715  0.30745
protocols.relax.FastRelax: CMD: scale:fa_rep  -1090.89  0.243715  0.243715  0.31955
protocols.relax.FastRelax: CMD: min  -1282.54  1.47765  1.47765  0.31955
protocols.relax.FastRelax: CMD: coord_cst_weight  -1282.54  1.47765  1.47765  0.31955
protocols.relax.FastRelax: CMD: scale:fa_rep  -1058.15  1.47765  1.47765  0.55
core.pack.task: Packer task: initialize from command line() 
core.pack.pack_rotamers: built 7108 rotamers at 493 positions.
core.pack.interaction_graph.interaction_graph_factory: Instantiating DensePDInteractionGraph
protocols.relax.FastRelax: CMD: repack  -1059.63  1.47765  1.47765  0.55
protocols.relax.FastRelax: CMD: min  -1110.5  1.42732  1.42732  0.55
protocols.relax.FastRelax: MRP: 7  -1110.5  -1127.97  3.04526  3.04526  
protocols.relax.FastRelax: CMD: accept_to_best  -1110.5  1.42732  1.42732  0.55
protocols.relax.FastRelax: CMD: endrepeat  -1110.5  1.42732  1.42732  0.55
protocols.relax.FastRelax: CMD: coord_cst_weight  34263.3  1.42732  1.42732  0.55
protocols.relax.FastRelax: CMD: scale:fa_rep  33906.3  1.42732  1.42732  0.022
core.pack.task: Packer task: initialize from command line() 
core.pack.pack_rotamers: built 7877 rotamers at 493 positions.
core.pack.interaction_graph.interaction_graph_factory: Instantiating DensePDInteractionGraph
protocols.relax.FastRelax: CMD: repack  33871.1  1.42732  1.42732  0.022
protocols.relax.FastRelax: CMD: scale:fa_rep  33879.9  1.42732  1.42732  0.02805
core.optimization.Minimizer: [ WARNING ] LBFGS MAX CYCLES 2000 EXCEEDED, BUT FUNC NOT CONVERGED!
protocols.relax.FastRelax: CMD: min  -1288.51  0.192848  0.192848  0.02805
protocols.relax.FastRelax: CMD: coord_cst_weight  -1368.45  0.192848  0.192848  0.02805
protocols.relax.FastRelax: CMD: scale:fa_rep  -1015.46  0.192848  0.192848  0.14575
core.pack.task: Packer task: initialize from command line() 
core.pack.pack_rotamers: built 7411 rotamers at 493 positions.
core.pack.interaction_graph.interaction_graph_factory: Instantiating DensePDInteractionGraph
protocols.relax.FastRelax: CMD: repack  -1034.82  0.192848  0.192848  0.14575
protocols.relax.FastRelax: CMD: scale:fa_rep  -1013.8  0.192848  0.192848  0.154
protocols.relax.FastRelax: CMD: min  -1169.23  0.242502  0.242502  0.154
protocols.relax.FastRelax: CMD: coord_cst_weight  -1294.01  0.242502  0.242502  0.154
protocols.relax.FastRelax: CMD: scale:fa_rep  -1101.74  0.242502  0.242502  0.30745
core.pack.task: Packer task: initialize from command line() 
core.pack.pack_rotamers: built 7260 rotamers at 493 positions.
core.pack.interaction_graph.interaction_graph_factory: Instantiating DensePDInteractionGraph
protocols.relax.FastRelax: CMD: repack  -1103.87  0.242502  0.242502  0.30745
protocols.relax.FastRelax: CMD: scale:fa_rep  -1088.95  0.242502  0.242502  0.31955
protocols.relax.FastRelax: CMD: min  -1292.95  2.56589  2.56589  0.31955
protocols.relax.FastRelax: CMD: coord_cst_weight  -1292.95  2.56589  2.56589  0.31955
protocols.relax.FastRelax: CMD: scale:fa_rep  -1070.53  2.56589  2.56589  0.55
core.pack.task: Packer task: initialize from command line() 
core.pack.pack_rotamers: built 7082 rotamers at 493 positions.
core.pack.interaction_graph.interaction_graph_factory: Instantiating DensePDInteractionGraph
protocols.relax.FastRelax: CMD: repack  -1071.71  2.56589  2.56589  0.55
protocols.relax.FastRelax: CMD: min  -1126.45  3.05884  3.05884  0.55
protocols.relax.FastRelax: MRP: 8  -1126.45  -1127.97  3.04526  3.04526  
protocols.relax.FastRelax: CMD: accept_to_best  -1126.45  3.05884  3.05884  0.55
protocols.relax.FastRelax: CMD: endrepeat  -1126.45  3.05884  3.05884  0.55
protocols.relax.FastRelax: CMD: coord_cst_weight  86828.4  3.05884  3.05884  0.55
protocols.relax.FastRelax: CMD: scale:fa_rep  86474.2  3.05884  3.05884  0.022
core.pack.task: Packer task: initialize from command line() 
core.pack.pack_rotamers: built 7884 rotamers at 493 positions.
core.pack.interaction_graph.interaction_graph_factory: Instantiating DensePDInteractionGraph
protocols.relax.FastRelax: CMD: repack  86451.1  3.05884  3.05884  0.022
protocols.relax.FastRelax: CMD: scale:fa_rep  86460.6  3.05884  3.05884  0.02805
core.optimization.Minimizer: [ WARNING ] LBFGS MAX CYCLES 2000 EXCEEDED, BUT FUNC NOT CONVERGED!
protocols.relax.FastRelax: CMD: min  -1270.35  0.194872  0.194872  0.02805
protocols.relax.FastRelax: CMD: coord_cst_weight  -1353.75  0.194872  0.194872  0.02805
protocols.relax.FastRelax: CMD: scale:fa_rep  -989.841  0.194872  0.194872  0.14575
core.pack.task: Packer task: initialize from command line() 
core.pack.pack_rotamers: built 7382 rotamers at 493 positions.
core.pack.interaction_graph.interaction_graph_factory: Instantiating DensePDInteractionGraph
protocols.relax.FastRelax: CMD: repack  -1027.03  0.194872  0.194872  0.14575
protocols.relax.FastRelax: CMD: scale:fa_rep  -1005.92  0.194872  0.194872  0.154
protocols.relax.FastRelax: CMD: min  -1171.23  0.243451  0.243451  0.154
protocols.relax.FastRelax: CMD: coord_cst_weight  -1297.48  0.243451  0.243451  0.154
protocols.relax.FastRelax: CMD: scale:fa_rep  -1104.62  0.243451  0.243451  0.30745
core.pack.task: Packer task: initialize from command line() 
core.pack.pack_rotamers: built 7244 rotamers at 493 positions.
core.pack.interaction_graph.interaction_graph_factory: Instantiating DensePDInteractionGraph
protocols.relax.FastRelax: CMD: repack  -1102.16  0.243451  0.243451  0.30745
protocols.relax.FastRelax: CMD: scale:fa_rep  -1087.18  0.243451  0.243451  0.31955
protocols.relax.FastRelax: CMD: min  -1281.38  2.61019  2.61019  0.31955
protocols.relax.FastRelax: CMD: coord_cst_weight  -1281.38  2.61019  2.61019  0.31955
protocols.relax.FastRelax: CMD: scale:fa_rep  -1055.39  2.61019  2.61019  0.55
core.pack.task: Packer task: initialize from command line() 
core.pack.pack_rotamers: built 7041 rotamers at 493 positions.
core.pack.interaction_graph.interaction_graph_factory: Instantiating DensePDInteractionGraph
protocols.relax.FastRelax: CMD: repack  -1057.73  2.61019  2.61019  0.55
protocols.relax.FastRelax: CMD: min  -1106.32  3.15284  3.15284  0.55
protocols.relax.FastRelax: MRP: 9  -1106.32  -1127.97  3.04526  3.04526  
protocols.relax.FastRelax: CMD: accept_to_best  -1106.32  3.15284  3.15284  0.55
protocols.relax.FastRelax: CMD: endrepeat  -1106.32  3.15284  3.15284  0.55
protocols.relax.FastRelax: CMD: coord_cst_weight  79550.9  3.15284  3.15284  0.55
protocols.relax.FastRelax: CMD: scale:fa_rep  79187.8  3.15284  3.15284  0.022
core.pack.task: Packer task: initialize from command line() 
core.pack.pack_rotamers: built 7839 rotamers at 493 positions.
core.pack.interaction_graph.interaction_graph_factory: Instantiating DensePDInteractionGraph
protocols.relax.FastRelax: CMD: repack  79150.6  3.15284  3.15284  0.022
protocols.relax.FastRelax: CMD: scale:fa_rep  79159.4  3.15284  3.15284  0.02805
core.optimization.Minimizer: [ WARNING ] LBFGS MAX CYCLES 2000 EXCEEDED, BUT FUNC NOT CONVERGED!
protocols.relax.FastRelax: CMD: min  -1278.59  0.19715  0.19715  0.02805
protocols.relax.FastRelax: CMD: coord_cst_weight  -1362.93  0.19715  0.19715  0.02805
protocols.relax.FastRelax: CMD: scale:fa_rep  -1005.63  0.19715  0.19715  0.14575
core.pack.task: Packer task: initialize from command line() 
core.pack.pack_rotamers: built 7403 rotamers at 493 positions.
core.pack.interaction_graph.interaction_graph_factory: Instantiating DensePDInteractionGraph
protocols.relax.FastRelax: CMD: repack  -1041.3  0.19715  0.19715  0.14575
protocols.relax.FastRelax: CMD: scale:fa_rep  -1020.14  0.19715  0.19715  0.154
protocols.relax.FastRelax: CMD: min  -1176.42  0.244277  0.244277  0.154
protocols.relax.FastRelax: CMD: coord_cst_weight  -1303.63  0.244277  0.244277  0.154
protocols.relax.FastRelax: CMD: scale:fa_rep  -1110.25  0.244277  0.244277  0.30745
core.pack.task: Packer task: initialize from command line() 
core.pack.pack_rotamers: built 7222 rotamers at 493 positions.
core.pack.interaction_graph.interaction_graph_factory: Instantiating DensePDInteractionGraph
protocols.relax.FastRelax: CMD: repack  -1111.24  0.244277  0.244277  0.30745
protocols.relax.FastRelax: CMD: scale:fa_rep  -1096.18  0.244277  0.244277  0.31955
protocols.relax.FastRelax: CMD: min  -1289.52  2.56104  2.56104  0.31955
protocols.relax.FastRelax: CMD: coord_cst_weight  -1289.52  2.56104  2.56104  0.31955
protocols.relax.FastRelax: CMD: scale:fa_rep  -1063.61  2.56104  2.56104  0.55
core.pack.task: Packer task: initialize from command line() 
core.pack.pack_rotamers: built 7018 rotamers at 493 positions.
core.pack.interaction_graph.interaction_graph_factory: Instantiating DensePDInteractionGraph
protocols.relax.FastRelax: CMD: repack  -1065.53  2.56104  2.56104  0.55
protocols.relax.FastRelax: CMD: min  -1124.06  3.21161  3.21161  0.55
protocols.relax.FastRelax: MRP: 10  -1124.06  -1127.97  3.04526  3.04526  
protocols.relax.FastRelax: CMD: accept_to_best  -1124.06  3.21161  3.21161  0.55
protocols.relax.FastRelax: CMD: endrepeat  -1124.06  3.21161  3.21161  0.55
protocols.relax.FastRelax: CMD: coord_cst_weight  95871.3  3.21161  3.21161  0.55
protocols.relax.FastRelax: CMD: scale:fa_rep  95510.8  3.21161  3.21161  0.022
core.pack.task: Packer task: initialize from command line() 
core.pack.pack_rotamers: built 7886 rotamers at 493 positions.
core.pack.interaction_graph.interaction_graph_factory: Instantiating DensePDInteractionGraph
protocols.relax.FastRelax: CMD: repack  95482.4  3.21161  3.21161  0.022
protocols.relax.FastRelax: CMD: scale:fa_rep  95490.5  3.21161  3.21161  0.02805
core.optimization.Minimizer: [ WARNING ] LBFGS MAX CYCLES 2000 EXCEEDED, BUT FUNC NOT CONVERGED!
protocols.relax.FastRelax: CMD: min  -1272.47  0.196511  0.196511  0.02805
protocols.relax.FastRelax: CMD: coord_cst_weight  -1355.89  0.196511  0.196511  0.02805
protocols.relax.FastRelax: CMD: scale:fa_rep  -1008.84  0.196511  0.196511  0.14575
core.pack.task: Packer task: initialize from command line() 
core.pack.pack_rotamers: built 7392 rotamers at 493 positions.
core.pack.interaction_graph.interaction_graph_factory: Instantiating DensePDInteractionGraph
protocols.relax.FastRelax: CMD: repack  -1028.67  0.196511  0.196511  0.14575
protocols.relax.FastRelax: CMD: scale:fa_rep  -1007.6  0.196511  0.196511  0.154
protocols.relax.FastRelax: CMD: min  -1171.61  0.245748  0.245748  0.154
protocols.relax.FastRelax: CMD: coord_cst_weight  -1298.88  0.245748  0.245748  0.154
protocols.relax.FastRelax: CMD: scale:fa_rep  -1108.43  0.245748  0.245748  0.30745
core.pack.task: Packer task: initialize from command line() 
core.pack.pack_rotamers: built 7237 rotamers at 493 positions.
core.pack.interaction_graph.interaction_graph_factory: Instantiating DensePDInteractionGraph
protocols.relax.FastRelax: CMD: repack  -1095.13  0.245748  0.245748  0.30745
protocols.relax.FastRelax: CMD: scale:fa_rep  -1080.23  0.245748  0.245748  0.31955
protocols.relax.FastRelax: CMD: min  -1286.8  2.50713  2.50713  0.31955
protocols.relax.FastRelax: CMD: coord_cst_weight  -1286.8  2.50713  2.50713  0.31955
protocols.relax.FastRelax: CMD: scale:fa_rep  -1064.2  2.50713  2.50713  0.55
core.pack.task: Packer task: initialize from command line() 
core.pack.pack_rotamers: built 7024 rotamers at 493 positions.
core.pack.interaction_graph.interaction_graph_factory: Instantiating DensePDInteractionGraph
protocols.relax.FastRelax: CMD: repack  -1065.92  2.50713  2.50713  0.55
protocols.relax.FastRelax: CMD: min  -1119.63  3.11666  3.11666  0.55
protocols.relax.FastRelax: MRP: 11  -1119.63  -1127.97  3.04526  3.04526  
protocols.relax.FastRelax: CMD: accept_to_best  -1119.63  3.11666  3.11666  0.55
protocols.relax.FastRelax: CMD: endrepeat  -1119.63  3.11666  3.11666  0.55
protocols.relax.FastRelax: CMD: coord_cst_weight  87285.2  3.11666  3.11666  0.55
protocols.relax.FastRelax: CMD: scale:fa_rep  86927.1  3.11666  3.11666  0.022
core.pack.task: Packer task: initialize from command line() 
core.pack.pack_rotamers: built 7895 rotamers at 493 positions.
core.pack.interaction_graph.interaction_graph_factory: Instantiating DensePDInteractionGraph
protocols.relax.FastRelax: CMD: repack  86888.1  3.11666  3.11666  0.022
protocols.relax.FastRelax: CMD: scale:fa_rep  86895.8  3.11666  3.11666  0.02805
core.optimization.Minimizer: [ WARNING ] LBFGS MAX CYCLES 2000 EXCEEDED, BUT FUNC NOT CONVERGED!
protocols.relax.FastRelax: CMD: min  -1273.98  0.198066  0.198066  0.02805
protocols.relax.FastRelax: CMD: coord_cst_weight  -1358.51  0.198066  0.198066  0.02805
protocols.relax.FastRelax: CMD: scale:fa_rep  -1001.43  0.198066  0.198066  0.14575
core.pack.task: Packer task: initialize from command line() 
core.pack.pack_rotamers: built 7406 rotamers at 493 positions.
core.pack.interaction_graph.interaction_graph_factory: Instantiating DensePDInteractionGraph
protocols.relax.FastRelax: CMD: repack  -1028.96  0.198066  0.198066  0.14575
protocols.relax.FastRelax: CMD: scale:fa_rep  -1006.76  0.198066  0.198066  0.154
protocols.relax.FastRelax: CMD: min  -1175.56  0.248651  0.248651  0.154
protocols.relax.FastRelax: CMD: coord_cst_weight  -1304.98  0.248651  0.248651  0.154
protocols.relax.FastRelax: CMD: scale:fa_rep  -1110.19  0.248651  0.248651  0.30745
core.pack.task: Packer task: initialize from command line() 
core.pack.pack_rotamers: built 7243 rotamers at 493 positions.
core.pack.interaction_graph.interaction_graph_factory: Instantiating DensePDInteractionGraph
protocols.relax.FastRelax: CMD: repack  -1111.15  0.248651  0.248651  0.30745
protocols.relax.FastRelax: CMD: scale:fa_rep  -1095.93  0.248651  0.248651  0.31955
protocols.relax.FastRelax: CMD: min  -1297.7  2.57751  2.57751  0.31955
protocols.relax.FastRelax: CMD: coord_cst_weight 