********  (C) Copyright Rosetta Commons Member Institutions.  ***************
* Use of Rosetta for commercial purposes may require purchase of a license. *
********  See LICENSE.md or email license@uw.edu for more details. **********
core.init: Checking for fconfig files in pwd and ./rosetta/flags 
core.init: Rosetta version: rosetta.binary.ubuntu.release-408 r408 2025.37+release.df75a9c48e df75a9c48e763e52a7aa3f5dfba077f4da88dbf5 https://www.rosettacommons.org 2025-09-10T02:14:08.564791
core.init: Rosetta extras: []
core.init: command: /home/gbiuser/Downloads/rosetta.binary.ubuntu.release-408/main/source/bin/relax.default.linuxgccrelease -s ../1-loopmodel/PDE4B_modeller.pdb -relax:thorough -relax:constrain_relax_to_start_coords -constraints:cst_file cst.cst -nstruct 5 -out:suffix _10 -out:file:silent relax_10.silent -out:file:silent_struct_type binary
basic.random.init_random_generator: 'RNG device' seed mode, using '/dev/urandom', seed=2015070412 seed_offset=0 real_seed=2015070412
basic.random.init_random_generator: RandomGenerator:init: Normal mode, seed=2015070412 RG_type=mt19937
core.init: Resolved executable path: /home/gbiuser/Downloads/rosetta.binary.ubuntu.release-408/main/source/build/src/release/linux/6.8/64/x86/gcc/11/default/relax.default.linuxgccrelease
core.init: Looking for database based on location of executable: /home/gbiuser/Downloads/rosetta.binary.ubuntu.release-408/main/database/
core.scoring.ScoreFunctionFactory: SCOREFUNCTION: ref2015
core.scoring.etable: Starting energy table calculation
core.scoring.etable: smooth_etable: changing atr/rep split to bottom of energy well
core.scoring.etable: smooth_etable: spline smoothing lj etables (maxdis = 6)
core.scoring.etable: smooth_etable: spline smoothing solvation etables (max_dis = 6)
core.scoring.etable: Finished calculating energy tables.
basic.io.database: Database file opened: scoring/score_functions/hbonds/ref2015_params/HBPoly1D.csv
basic.io.database: Database file opened: scoring/score_functions/hbonds/ref2015_params/HBFadeIntervals.csv
basic.io.database: Database file opened: scoring/score_functions/hbonds/ref2015_params/HBEval.csv
basic.io.database: Database file opened: scoring/score_functions/hbonds/ref2015_params/DonStrength.csv
basic.io.database: Database file opened: scoring/score_functions/hbonds/ref2015_params/AccStrength.csv
core.chemical.GlobalResidueTypeSet: Finished initializing fa_standard residue type set.  Created 985 residue types
core.chemical.GlobalResidueTypeSet: Total time to initialize 1.24992 seconds.
basic.io.database: Database file opened: scoring/score_functions/rama/fd/all.ramaProb
basic.io.database: Database file opened: scoring/score_functions/rama/fd/prepro.ramaProb
basic.io.database: Database file opened: scoring/score_functions/omega/omega_ppdep.all.txt
basic.io.database: Database file opened: scoring/score_functions/omega/omega_ppdep.gly.txt
basic.io.database: Database file opened: scoring/score_functions/omega/omega_ppdep.pro.txt
basic.io.database: Database file opened: scoring/score_functions/omega/omega_ppdep.valile.txt
basic.io.database: Database file opened: scoring/score_functions/P_AA_pp/P_AA
basic.io.database: Database file opened: scoring/score_functions/P_AA_pp/P_AA_n
core.scoring.P_AA: shapovalov_lib::shap_p_aa_pp_smooth_level of 1( aka low_smooth ) got activated.
basic.io.database: Database file opened: scoring/score_functions/P_AA_pp/shapovalov/10deg/kappa131/a20.prop
protocols.relax.RelaxScriptManager: Reading relax scripts list from database.
protocols.relax.RelaxScriptManager: Looking for MonomerRelax2019.txt
protocols.relax.RelaxScriptManager: ================== Reading script file: /home/gbiuser/Downloads/rosetta.binary.ubuntu.release-408/main/database/sampling/relax_scripts/MonomerRelax2019.txt ==================
protocols.relax.RelaxScriptManager: repeat %%nrepeats%%
protocols.relax.RelaxScriptManager: coord_cst_weight 1.0
protocols.relax.RelaxScriptManager: scale:fa_rep 0.040
protocols.relax.RelaxScriptManager: repack
protocols.relax.RelaxScriptManager: scale:fa_rep 0.051
protocols.relax.RelaxScriptManager: min 0.01
protocols.relax.RelaxScriptManager: coord_cst_weight 0.5
protocols.relax.RelaxScriptManager: scale:fa_rep 0.265
protocols.relax.RelaxScriptManager: repack
protocols.relax.RelaxScriptManager: scale:fa_rep 0.280
protocols.relax.RelaxScriptManager: min 0.01
protocols.relax.RelaxScriptManager: coord_cst_weight 0.0
protocols.relax.RelaxScriptManager: scale:fa_rep 0.559
protocols.relax.RelaxScriptManager: repack
protocols.relax.RelaxScriptManager: scale:fa_rep 0.581
protocols.relax.RelaxScriptManager: min 0.01
protocols.relax.RelaxScriptManager: coord_cst_weight 0.0
protocols.relax.RelaxScriptManager: scale:fa_rep 1
protocols.relax.RelaxScriptManager: repack
protocols.relax.RelaxScriptManager: min 0.00001
protocols.relax.RelaxScriptManager: accept_to_best
protocols.relax.RelaxScriptManager: endrepeat
core.scoring.constraints.util: Constraint choice: cst.cst
protocols.jd2.PDBJobInputter: Instantiate PDBJobInputter
protocols.jd2.PDBJobInputter: PDBJobInputter::fill_jobs
protocols.jd2.PDBJobInputter: pushed ../1-loopmodel/PDE4B_modeller.pdb nstruct indices 1 - 5
protocols.evaluation.ChiWellRmsdEvaluatorCreator: Evaluation Creator active ... 
protocols.jd2.PDBJobInputter: PDBJobInputter::pose_from_job
protocols.jd2.PDBJobInputter: filling pose from PDB ../1-loopmodel/PDE4B_modeller.pdb
core.import_pose.import_pose: File '../1-loopmodel/PDE4B_modeller.pdb' automatically determined to be of type PDB from contents.
core.io.rcsb.ExperimentalTechnique: [ ERROR ] Unrecognized experimental technique string 'THEORETICAL MODEL, MODELLER 10.8 2026/07/02 21:08:38'
core.io.pose_from_sfr.PoseFromSFRBuilder: [ WARNING ] discarding 3 atoms at position 1 in file ../1-loopmodel/PDE4B_modeller.pdb. Best match rsd_type:  VAL:NtermProteinFull
core.io.pose_from_sfr.PoseFromSFRBuilder: [ WARNING ] discarding 1 atoms at position 245 in file ../1-loopmodel/PDE4B_modeller.pdb. Best match rsd_type:  HIS
core.scoring.constraints.ConstraintsIO: read constraints from cst.cst
core.scoring.constraints.ConstraintsIO: Read in 15 constraints
basic.io.database: Database file opened: scoring/score_functions/elec_cp_reps.dat
core.scoring.elec.util: Read 40 countpair representative atoms
core.pack.dunbrack.RotamerLibrary: shapovalov_lib_fixes_enable option is true.
core.pack.dunbrack.RotamerLibrary: shapovalov_lib::shap_dun10_smooth_level of 1( aka lowest_smooth ) got activated.
core.pack.dunbrack.RotamerLibrary: Binary rotamer library selected: /home/gbiuser/Downloads/rosetta.binary.ubuntu.release-408/main/database/rotamer/shapovalov/StpDwn_0-0-0/Dunbrack10.lib.bin
core.pack.dunbrack.RotamerLibrary: Using Dunbrack library binary file '/home/gbiuser/Downloads/rosetta.binary.ubuntu.release-408/main/database/rotamer/shapovalov/StpDwn_0-0-0/Dunbrack10.lib.bin'.
core.pack.dunbrack.RotamerLibrary: Dunbrack 2010 library took 0.306483 seconds to load from binary
protocols.relax.FastRelax: CMD: repeat  3311.98  0  0  0.55
protocols.relax.FastRelax: CMD: coord_cst_weight  3311.98  0  0  0.55
protocols.relax.FastRelax: CMD: scale:fa_rep  895.021  0  0  0.022
core.pack.task: Packer task: initialize from command line() 
core.pack.pack_rotamers: built 8348 rotamers at 493 positions.
core.pack.interaction_graph.interaction_graph_factory: Instantiating DensePDInteractionGraph
protocols.relax.FastRelax: CMD: repack  -841.881  0  0  0.022
protocols.relax.FastRelax: CMD: scale:fa_rep  -807.914  0  0  0.02805
core.optimization.Minimizer: [ WARNING ] LBFGS MAX CYCLES 2000 EXCEEDED, BUT FUNC NOT CONVERGED!
protocols.relax.FastRelax: CMD: min  -1272.76  0.158032  0.158032  0.02805
protocols.relax.FastRelax: CMD: coord_cst_weight  -1324.56  0.158032  0.158032  0.02805
protocols.relax.FastRelax: CMD: scale:fa_rep  -942.459  0.158032  0.158032  0.14575
core.pack.task: Packer task: initialize from command line() 
core.pack.pack_rotamers: built 7427 rotamers at 493 positions.
core.pack.interaction_graph.interaction_graph_factory: Instantiating DensePDInteractionGraph
protocols.relax.FastRelax: CMD: repack  -965.034  0.158032  0.158032  0.14575
protocols.relax.FastRelax: CMD: scale:fa_rep  -941.331  0.158032  0.158032  0.154
core.optimization.Minimizer: [ WARNING ] LBFGS MAX CYCLES 2000 EXCEEDED, BUT FUNC NOT CONVERGED!
protocols.relax.FastRelax: CMD: min  -1133.14  0.213818  0.213818  0.154
protocols.relax.FastRelax: CMD: coord_cst_weight  -1231.74  0.213818  0.213818  0.154
protocols.relax.FastRelax: CMD: scale:fa_rep  -1030.26  0.213818  0.213818  0.30745
core.pack.task: Packer task: initialize from command line() 
core.pack.pack_rotamers: built 7268 rotamers at 493 positions.
core.pack.interaction_graph.interaction_graph_factory: Instantiating DensePDInteractionGraph
protocols.relax.FastRelax: CMD: repack  -1033.46  0.213818  0.213818  0.30745
protocols.relax.FastRelax: CMD: scale:fa_rep  -1017.83  0.213818  0.213818  0.31955
protocols.relax.FastRelax: CMD: min  -1163.33  2.39989  2.39989  0.31955
protocols.relax.FastRelax: CMD: coord_cst_weight  -1163.33  2.39989  2.39989  0.31955
protocols.relax.FastRelax: CMD: scale:fa_rep  -900.278  2.39989  2.39989  0.55
core.pack.task: Packer task: initialize from command line() 
core.pack.pack_rotamers: built 7142 rotamers at 493 positions.
core.pack.interaction_graph.interaction_graph_factory: Instantiating DensePDInteractionGraph
protocols.relax.FastRelax: CMD: repack  -1005.84  2.39989  2.39989  0.55
protocols.relax.FastRelax: CMD: min  -1093.28  2.48157  2.48157  0.55
protocols.relax.FastRelax: MRP: 0  -1093.28  -1093.28  2.48157  2.48157  
protocols.relax.FastRelax: CMD: accept_to_best  -1093.28  2.48157  2.48157  0.55
protocols.relax.FastRelax: CMD: endrepeat  -1093.28  2.48157  2.48157  0.55
protocols.relax.FastRelax: CMD: coord_cst_weight  54411.6  2.48157  2.48157  0.55
protocols.relax.FastRelax: CMD: scale:fa_rep  54063.9  2.48157  2.48157  0.022
core.pack.task: Packer task: initialize from command line() 
core.pack.pack_rotamers: built 7882 rotamers at 493 positions.
core.pack.interaction_graph.interaction_graph_factory: Instantiating DensePDInteractionGraph
protocols.relax.FastRelax: CMD: repack  54028  2.48157  2.48157  0.022
protocols.relax.FastRelax: CMD: scale:fa_rep  54035.8  2.48157  2.48157  0.02805
core.optimization.Minimizer: [ WARNING ] LBFGS MAX CYCLES 2000 EXCEEDED, BUT FUNC NOT CONVERGED!
protocols.relax.FastRelax: CMD: min  -1275.14  0.186926  0.186926  0.02805
protocols.relax.FastRelax: CMD: coord_cst_weight  -1350.93  0.186926  0.186926  0.02805
protocols.relax.FastRelax: CMD: scale:fa_rep  -999.3  0.186926  0.186926  0.14575
core.pack.task: Packer task: initialize from command line() 
core.pack.pack_rotamers: built 7484 rotamers at 493 positions.
core.pack.interaction_graph.interaction_graph_factory: Instantiating DensePDInteractionGraph
protocols.relax.FastRelax: CMD: repack  -1018.86  0.186926  0.186926  0.14575
protocols.relax.FastRelax: CMD: scale:fa_rep  -997.451  0.186926  0.186926  0.154
protocols.relax.FastRelax: CMD: min  -1163.52  0.234873  0.234873  0.154
protocols.relax.FastRelax: CMD: coord_cst_weight  -1282.48  0.234873  0.234873  0.154
protocols.relax.FastRelax: CMD: scale:fa_rep  -1089.5  0.234873  0.234873  0.30745
core.pack.task: Packer task: initialize from command line() 
core.pack.pack_rotamers: built 7300 rotamers at 493 positions.
core.pack.interaction_graph.interaction_graph_factory: Instantiating DensePDInteractionGraph
protocols.relax.FastRelax: CMD: repack  -1090.04  0.234873  0.234873  0.30745
protocols.relax.FastRelax: CMD: scale:fa_rep  -1075.07  0.234873  0.234873  0.31955
protocols.relax.FastRelax: CMD: min  -1301.63  3.08519  3.08519  0.31955
protocols.relax.FastRelax: CMD: coord_cst_weight  -1301.63  3.08519  3.08519  0.31955
protocols.relax.FastRelax: CMD: scale:fa_rep  -1077.19  3.08519  3.08519  0.55
core.pack.task: Packer task: initialize from command line() 
core.pack.pack_rotamers: built 7112 rotamers at 493 positions.
core.pack.interaction_graph.interaction_graph_factory: Instantiating DensePDInteractionGraph
protocols.relax.FastRelax: CMD: repack  -1073.95  3.08519  3.08519  0.55
protocols.relax.FastRelax: CMD: min  -1143.45  4.05014  4.05014  0.55
protocols.relax.FastRelax: MRP: 1  -1143.45  -1143.45  4.05014  4.05014  
protocols.relax.FastRelax: CMD: accept_to_best  -1143.45  4.05014  4.05014  0.55
protocols.relax.FastRelax: CMD: endrepeat  -1143.45  4.05014  4.05014  0.55
protocols.relax.FastRelax: CMD: coord_cst_weight  127089  4.05014  4.05014  0.55
protocols.relax.FastRelax: CMD: scale:fa_rep  126736  4.05014  4.05014  0.022
core.pack.task: Packer task: initialize from command line() 
core.pack.pack_rotamers: built 7984 rotamers at 493 positions.
core.pack.interaction_graph.interaction_graph_factory: Instantiating DensePDInteractionGraph
protocols.relax.FastRelax: CMD: repack  126705  4.05014  4.05014  0.022
protocols.relax.FastRelax: CMD: scale:fa_rep  126712  4.05014  4.05014  0.02805
core.optimization.Minimizer: [ WARNING ] LBFGS MAX CYCLES 2000 EXCEEDED, BUT FUNC NOT CONVERGED!
protocols.relax.FastRelax: CMD: min  -1259.73  0.19428  0.19428  0.02805
protocols.relax.FastRelax: CMD: coord_cst_weight  -1343.04  0.19428  0.19428  0.02805
protocols.relax.FastRelax: CMD: scale:fa_rep  -1003.14  0.19428  0.19428  0.14575
core.pack.task: Packer task: initialize from command line() 
core.pack.pack_rotamers: built 7376 rotamers at 493 positions.
core.pack.interaction_graph.interaction_graph_factory: Instantiating DensePDInteractionGraph
protocols.relax.FastRelax: CMD: repack  -1021.53  0.19428  0.19428  0.14575
protocols.relax.FastRelax: CMD: scale:fa_rep  -1001.03  0.19428  0.19428  0.154
protocols.relax.FastRelax: CMD: min  -1168.52  0.240714  0.240714  0.154
protocols.relax.FastRelax: CMD: coord_cst_weight  -1292.16  0.240714  0.240714  0.154
protocols.relax.FastRelax: CMD: scale:fa_rep  -1104.61  0.240714  0.240714  0.30745
core.pack.task: Packer task: initialize from command line() 
core.pack.pack_rotamers: built 7306 rotamers at 493 positions.
core.pack.interaction_graph.interaction_graph_factory: Instantiating DensePDInteractionGraph
protocols.relax.FastRelax: CMD: repack  -1105.02  0.240714  0.240714  0.30745
protocols.relax.FastRelax: CMD: scale:fa_rep  -1090.42  0.240714  0.240714  0.31955
protocols.relax.FastRelax: CMD: min  -1299.24  2.28961  2.28961  0.31955
protocols.relax.FastRelax: CMD: coord_cst_weight  -1299.24  2.28961  2.28961  0.31955
protocols.relax.FastRelax: CMD: scale:fa_rep  -1077.72  2.28961  2.28961  0.55
core.pack.task: Packer task: initialize from command line() 
core.pack.pack_rotamers: built 7028 rotamers at 493 positions.
core.pack.interaction_graph.interaction_graph_factory: Instantiating DensePDInteractionGraph
protocols.relax.FastRelax: CMD: repack  -1082.05  2.28961  2.28961  0.55
protocols.relax.FastRelax: CMD: min  -1139.25  2.97706  2.97706  0.55
protocols.relax.FastRelax: MRP: 2  -1139.25  -1143.45  4.05014  4.05014  
protocols.relax.FastRelax: CMD: accept_to_best  -1139.25  2.97706  2.97706  0.55
protocols.relax.FastRelax: CMD: endrepeat  -1139.25  2.97706  2.97706  0.55
protocols.relax.FastRelax: CMD: coord_cst_weight  95248.9  2.97706  2.97706  0.55
protocols.relax.FastRelax: CMD: scale:fa_rep  94898.8  2.97706  2.97706  0.022
core.pack.task: Packer task: initialize from command line() 
core.pack.pack_rotamers: built 7919 rotamers at 493 positions.
core.pack.interaction_graph.interaction_graph_factory: Instantiating DensePDInteractionGraph
protocols.relax.FastRelax: CMD: repack  94875.2  2.97706  2.97706  0.022
protocols.relax.FastRelax: CMD: scale:fa_rep  94885.5  2.97706  2.97706  0.02805
core.optimization.Minimizer: [ WARNING ] LBFGS MAX CYCLES 2000 EXCEEDED, BUT FUNC NOT CONVERGED!
protocols.relax.FastRelax: CMD: min  -1270.19  0.195521  0.195521  0.02805
protocols.relax.FastRelax: CMD: coord_cst_weight  -1352.77  0.195521  0.195521  0.02805
protocols.relax.FastRelax: CMD: scale:fa_rep  -995.046  0.195521  0.195521  0.14575
core.pack.task: Packer task: initialize from command line() 
core.pack.pack_rotamers: built 7409 rotamers at 493 positions.
core.pack.interaction_graph.interaction_graph_factory: Instantiating DensePDInteractionGraph
protocols.relax.FastRelax: CMD: repack  -1030.97  0.195521  0.195521  0.14575
protocols.relax.FastRelax: CMD: scale:fa_rep  -1009.95  0.195521  0.195521  0.154
protocols.relax.FastRelax: CMD: min  -1171.65  0.241886  0.241886  0.154
protocols.relax.FastRelax: CMD: coord_cst_weight  -1296.57  0.241886  0.241886  0.154
protocols.relax.FastRelax: CMD: scale:fa_rep  -1106.35  0.241886  0.241886  0.30745
core.pack.task: Packer task: initialize from command line() 
core.pack.pack_rotamers: built 7239 rotamers at 493 positions.
core.pack.interaction_graph.interaction_graph_factory: Instantiating DensePDInteractionGraph
protocols.relax.FastRelax: CMD: repack  -1107.3  0.241886  0.241886  0.30745
protocols.relax.FastRelax: CMD: scale:fa_rep  -1092.51  0.241886  0.241886  0.31955
protocols.relax.FastRelax: CMD: min  -1301.27  2.52468  2.52468  0.31955
protocols.relax.FastRelax: CMD: coord_cst_weight  -1301.27  2.52468  2.52468  0.31955
protocols.relax.FastRelax: CMD: scale:fa_rep  -1083.06  2.52468  2.52468  0.55
core.pack.task: Packer task: initialize from command line() 
core.pack.pack_rotamers: built 7112 rotamers at 493 positions.
core.pack.interaction_graph.interaction_graph_factory: Instantiating DensePDInteractionGraph
protocols.relax.FastRelax: CMD: repack  -1085.72  2.52468  2.52468  0.55
protocols.relax.FastRelax: CMD: min  -1127.18  2.54548  2.54548  0.55
protocols.relax.FastRelax: MRP: 3  -1127.18  -1143.45  4.05014  4.05014  
protocols.relax.FastRelax: CMD: accept_to_best  -1127.18  2.54548  2.54548  0.55
protocols.relax.FastRelax: CMD: endrepeat  -1127.18  2.54548  2.54548  0.55
protocols.relax.FastRelax: CMD: coord_cst_weight  62781.7  2.54548  2.54548  0.55
protocols.relax.FastRelax: CMD: scale:fa_rep  62427  2.54548  2.54548  0.022
core.pack.task: Packer task: initialize from command line() 
core.pack.pack_rotamers: built 7905 rotamers at 493 positions.
core.pack.interaction_graph.interaction_graph_factory: Instantiating DensePDInteractionGraph
protocols.relax.FastRelax: CMD: repack  62403  2.54548  2.54548  0.022
protocols.relax.FastRelax: CMD: scale:fa_rep  62411.2  2.54548  2.54548  0.02805
core.optimization.Minimizer: [ WARNING ] LBFGS MAX CYCLES 2000 EXCEEDED, BUT FUNC NOT CONVERGED!
protocols.relax.FastRelax: CMD: min  -1272.49  0.195031  0.195031  0.02805
protocols.relax.FastRelax: CMD: coord_cst_weight  -1353.63  0.195031  0.195031  0.02805
protocols.relax.FastRelax: CMD: scale:fa_rep  -1013.73  0.195031  0.195031  0.14575
core.pack.task: Packer task: initialize from command line() 
core.pack.pack_rotamers: built 7429 rotamers at 493 positions.
core.pack.interaction_graph.interaction_graph_factory: Instantiating DensePDInteractionGraph
protocols.relax.FastRelax: CMD: repack  -1040.97  0.195031  0.195031  0.14575
protocols.relax.FastRelax: CMD: scale:fa_rep  -1020.59  0.195031  0.195031  0.154
protocols.relax.FastRelax: CMD: min  -1169.05  0.239239  0.239239  0.154
protocols.relax.FastRelax: CMD: coord_cst_weight  -1291.44  0.239239  0.239239  0.154
protocols.relax.FastRelax: CMD: scale:fa_rep  -1101.15  0.239239  0.239239  0.30745
core.pack.task: Packer task: initialize from command line() 
core.pack.pack_rotamers: built 7244 rotamers at 493 positions.
core.pack.interaction_graph.interaction_graph_factory: Instantiating DensePDInteractionGraph
protocols.relax.FastRelax: CMD: repack  -1102.72  0.239239  0.239239  0.30745
protocols.relax.FastRelax: CMD: scale:fa_rep  -1088.02  0.239239  0.239239  0.31955
protocols.relax.FastRelax: CMD: min  -1306.51  2.58223  2.58223  0.31955
protocols.relax.FastRelax: CMD: coord_cst_weight  -1306.51  2.58223  2.58223  0.31955
protocols.relax.FastRelax: CMD: scale:fa_rep  -1084.17  2.58223  2.58223  0.55
core.pack.task: Packer task: initialize from command line() 
core.pack.pack_rotamers: built 7130 rotamers at 493 positions.
core.pack.interaction_graph.interaction_graph_factory: Instantiating DensePDInteractionGraph
protocols.relax.FastRelax: CMD: repack  -1086.41  2.58223  2.58223  0.55
protocols.relax.FastRelax: CMD: min  -1145.26  3.03375  3.03375  0.55
protocols.relax.FastRelax: MRP: 4  -1145.26  -1145.26  3.03375  3.03375  
protocols.relax.FastRelax: CMD: accept_to_best  -1145.26  3.03375  3.03375  0.55
protocols.relax.FastRelax: CMD: endrepeat  -1145.26  3.03375  3.03375  0.55
protocols.relax.FastRelax: CMD: coord_cst_weight  84154.2  3.03375  3.03375  0.55
protocols.relax.FastRelax: CMD: scale:fa_rep  83801.2  3.03375  3.03375  0.022
core.pack.task: Packer task: initialize from command line() 
core.pack.pack_rotamers: built 7904 rotamers at 493 positions.
core.pack.interaction_graph.interaction_graph_factory: Instantiating DensePDInteractionGraph
protocols.relax.FastRelax: CMD: repack  83775.6  3.03375  3.03375  0.022
protocols.relax.FastRelax: CMD: scale:fa_rep  83784.3  3.03375  3.03375  0.02805
core.optimization.Minimizer: [ WARNING ] LBFGS MAX CYCLES 2000 EXCEEDED, BUT FUNC NOT CONVERGED!
protocols.relax.FastRelax: CMD: min  -1265.68  0.198489  0.198489  0.02805
protocols.relax.FastRelax: CMD: coord_cst_weight  -1350.94  0.198489  0.198489  0.02805
protocols.relax.FastRelax: CMD: scale:fa_rep  -996.85  0.198489  0.198489  0.14575
core.pack.task: Packer task: initialize from command line() 
core.pack.pack_rotamers: built 7368 rotamers at 493 positions.
core.pack.interaction_graph.interaction_graph_factory: Instantiating DensePDInteractionGraph
protocols.relax.FastRelax: CMD: repack  -1032.26  0.198489  0.198489  0.14575
protocols.relax.FastRelax: CMD: scale:fa_rep  -1011.57  0.198489  0.198489  0.154
protocols.relax.FastRelax: CMD: min  -1171.96  0.242003  0.242003  0.154
protocols.relax.FastRelax: CMD: coord_cst_weight  -1298  0.242003  0.242003  0.154
protocols.relax.FastRelax: CMD: scale:fa_rep  -1108.3  0.242003  0.242003  0.30745
core.pack.task: Packer task: initialize from command line() 
core.pack.pack_rotamers: built 7254 rotamers at 493 positions.
core.pack.interaction_graph.interaction_graph_factory: Instantiating DensePDInteractionGraph
protocols.relax.FastRelax: CMD: repack  -1102.86  0.242003  0.242003  0.30745
protocols.relax.FastRelax: CMD: scale:fa_rep  -1087.91  0.242003  0.242003  0.31955
protocols.relax.FastRelax: CMD: min  -1315.46  2.76266  2.76266  0.31955
protocols.relax.FastRelax: CMD: coord_cst_weight  -1315.46  2.76266  2.76266  0.31955
protocols.relax.FastRelax: CMD: scale:fa_rep  -1095.67  2.76266  2.76266  0.55
core.pack.task: Packer task: initialize from command line() 
core.pack.pack_rotamers: built 7100 rotamers at 493 positions.
core.pack.interaction_graph.interaction_graph_factory: Instantiating DensePDInteractionGraph
protocols.relax.FastRelax: CMD: repack  -1097.46  2.76266  2.76266  0.55
protocols.relax.FastRelax: CMD: min  -1150.54  3.19854  3.19854  0.55
protocols.relax.FastRelax: MRP: 5  -1150.54  -1150.54  3.19854  3.19854  
protocols.relax.FastRelax: CMD: accept_to_best  -1150.54  3.19854  3.19854  0.55
protocols.relax.FastRelax: CMD: endrepeat  -1150.54  3.19854  3.19854  0.55
protocols.relax.FastRelax: CMD: coord_cst_weight  98645.4  3.19854  3.19854  0.55
protocols.relax.FastRelax: CMD: scale:fa_rep  98291.4  3.19854  3.19854  0.022
core.pack.task: Packer task: initialize from command line() 
core.pack.pack_rotamers: built 7887 rotamers at 493 positions.
core.pack.interaction_graph.interaction_graph_factory: Instantiating DensePDInteractionGraph
protocols.relax.FastRelax: CMD: repack  98273.5  3.19854  3.19854  0.022
protocols.relax.FastRelax: CMD: scale:fa_rep  98281.6  3.19854  3.19854  0.02805
core.optimization.Minimizer: [ WARNING ] LBFGS MAX CYCLES 2000 EXCEEDED, BUT FUNC NOT CONVERGED!
protocols.relax.FastRelax: CMD: min  -1263.5  0.204316  0.204316  0.02805
protocols.relax.FastRelax: CMD: coord_cst_weight  -1352.31  0.204316  0.204316  0.02805
protocols.relax.FastRelax: CMD: scale:fa_rep  -1002.67  0.204316  0.204316  0.14575
core.pack.task: Packer task: initialize from command line() 
core.pack.pack_rotamers: built 7344 rotamers at 493 positions.
core.pack.interaction_graph.interaction_graph_factory: Instantiating DensePDInteractionGraph
protocols.relax.FastRelax: CMD: repack  -1025.26  0.204316  0.204316  0.14575
protocols.relax.FastRelax: CMD: scale:fa_rep  -1003.55  0.204316  0.204316  0.154
protocols.relax.FastRelax: CMD: min  -1176.13  0.246202  0.246202  0.154
protocols.relax.FastRelax: CMD: coord_cst_weight  -1305.44  0.246202  0.246202  0.154
protocols.relax.FastRelax: CMD: scale:fa_rep  -1115.03  0.246202  0.246202  0.30745
core.pack.task: Packer task: initialize from command line() 
core.pack.pack_rotamers: built 7240 rotamers at 493 positions.
core.pack.interaction_graph.interaction_graph_factory: Instantiating DensePDInteractionGraph
protocols.relax.FastRelax: CMD: repack  -1115.72  0.246202  0.246202  0.30745
protocols.relax.FastRelax: CMD: scale:fa_rep  -1100.88  0.246202  0.246202  0.31955
protocols.relax.FastRelax: CMD: min  -1314.74  2.79516  2.79516  0.31955
protocols.relax.FastRelax: CMD: coord_cst_weight  -1314.74  2.79516  2.79516  0.31955
protocols.relax.FastRelax: CMD: scale:fa_rep  -1094.45  2.79516  2.79516  0.55
core.pack.task: Packer task: initialize from command line() 
core.pack.pack_rotamers: built 7073 rotamers at 493 positions.
core.pack.interaction_graph.interaction_graph_factory: Instantiating DensePDInteractionGraph
protocols.relax.FastRelax: CMD: repack  -1096.7  2.79516  2.79516  0.55
protocols.relax.FastRelax: CMD: min  -1152.4  3.35146  3.35146  0.55
protocols.relax.FastRelax: MRP: 6  -1152.4  -1152.4  3.35146  3.35146  
protocols.relax.FastRelax: CMD: accept_to_best  -1152.4  3.35146  3.35146  0.55
protocols.relax.FastRelax: CMD: endrepeat  -1152.4  3.35146  3.35146  0.55
protocols.relax.FastRelax: CMD: coord_cst_weight  94059.4  3.35146  3.35146  0.55
protocols.relax.FastRelax: CMD: scale:fa_rep  93705.1  3.35146  3.35146  0.022
core.pack.task: Packer task: initialize from command line() 
core.pack.pack_rotamers: built 7863 rotamers at 493 positions.
core.pack.interaction_graph.interaction_graph_factory: Instantiating DensePDInteractionGraph
protocols.relax.FastRelax: CMD: repack  93685.1  3.35146  3.35146  0.022
protocols.relax.FastRelax: CMD: scale:fa_rep  93692.2  3.35146  3.35146  0.02805
core.optimization.Minimizer: [ WARNING ] LBFGS MAX CYCLES 2000 EXCEEDED, BUT FUNC NOT CONVERGED!
protocols.relax.FastRelax: CMD: min  -1257.7  0.202166  0.202166  0.02805
protocols.relax.FastRelax: CMD: coord_cst_weight  -1345.95  0.202166  0.202166  0.02805
protocols.relax.FastRelax: CMD: scale:fa_rep  -1007.53  0.202166  0.202166  0.14575
core.pack.task: Packer task: initialize from command line() 
core.pack.pack_rotamers: built 7434 rotamers at 493 positions.
core.pack.interaction_graph.interaction_graph_factory: Instantiating DensePDInteractionGraph
protocols.relax.FastRelax: CMD: repack  -1040.35  0.202166  0.202166  0.14575
protocols.relax.FastRelax: CMD: scale:fa_rep  -1020.1  0.202166  0.202166  0.154
protocols.relax.FastRelax: CMD: min  -1178.03  0.240966  0.240966  0.154
protocols.relax.FastRelax: CMD: coord_cst_weight  -1304.77  0.240966  0.240966  0.154
protocols.relax.FastRelax: CMD: scale:fa_rep  -1114.75  0.240966  0.240966  0.30745
core.pack.task: Packer task: initialize from command line() 
core.pack.pack_rotamers: built 7236 rotamers at 493 positions.
core.pack.interaction_graph.interaction_graph_factory: Instantiating DensePDInteractionGraph
protocols.relax.FastRelax: CMD: repack  -1112.62  0.240966  0.240966  0.30745
protocols.relax.FastRelax: CMD: scale:fa_rep  -1097.76  0.240966  0.240966  0.31955
protocols.relax.FastRelax: CMD: min  -1297.98  1.70578  1.70578  0.31955
protocols.relax.FastRelax: CMD: coord_cst_weight  -1297.98  1.70578  1.70578  0.31955
protocols.relax.FastRelax: CMD: scale:fa_rep  -1076.97  1.70578  1.70578  0.55
core.pack.task: Packer task: initialize from command line() 
core.pack.pack_rotamers: built 7075 rotamers at 493 positions.
core.pack.interaction_graph.interaction_graph_factory: Instantiating DensePDInteractionGraph
protocols.relax.FastRelax: CMD: repack  -1078.23  1.70578  1.70578  0.55
protocols.relax.FastRelax: CMD: min  -1137.03  2.44047  2.44047  0.55
protocols.relax.FastRelax: MRP: 7  -1137.03  -1152.4  3.35146  3.35146  
protocols.relax.FastRelax: CMD: accept_to_best  -1137.03  2.44047  2.44047  0.55
protocols.relax.FastRelax: CMD: endrepeat  -1137.03  2.44047  2.44047  0.55
protocols.relax.FastRelax: CMD: coord_cst_weight  68440  2.44047  2.44047  0.55
protocols.relax.FastRelax: CMD: scale:fa_rep  68085.4  2.44047  2.44047  0.022
core.pack.task: Packer task: initialize from command line() 
core.pack.pack_rotamers: built 7928 rotamers at 493 positions.
core.pack.interaction_graph.interaction_graph_factory: Instantiating DensePDInteractionGraph
protocols.relax.FastRelax: CMD: repack  68057  2.44047  2.44047  0.022
protocols.relax.FastRelax: CMD: scale:fa_rep  68064.1  2.44047  2.44047  0.02805
core.optimization.Minimizer: [ WARNING ] LBFGS MAX CYCLES 2000 EXCEEDED, BUT FUNC NOT CONVERGED!
protocols.relax.FastRelax: CMD: min  -1267.42  0.205734  0.205734  0.02805
protocols.relax.FastRelax: CMD: coord_cst_weight  -1356.84  0.205734  0.205734  0.02805
protocols.relax.FastRelax: CMD: scale:fa_rep  -1023.03  0.205734  0.205734  0.14575
core.pack.task: Packer task: initialize from command line() 
core.pack.pack_rotamers: built 7415 rotamers at 493 positions.
core.pack.interaction_graph.interaction_graph_factory: Instantiating DensePDInteractionGraph
protocols.relax.FastRelax: CMD: repack  -1045.79  0.205734  0.205734  0.14575
protocols.relax.FastRelax: CMD: scale:fa_rep  -1025.42  0.205734  0.205734  0.154
protocols.relax.FastRelax: CMD: min  -1178.93  0.243458  0.243458  0.154
protocols.relax.FastRelax: CMD: coord_cst_weight  -1306.3  0.243458  0.243458  0.154
protocols.relax.FastRelax: CMD: scale:fa_rep  -1115.96  0.243458  0.243458  0.30745
core.pack.task: Packer task: initialize from command line() 
core.pack.pack_rotamers: built 7237 rotamers at 493 positions.
core.pack.interaction_graph.interaction_graph_factory: Instantiating DensePDInteractionGraph
protocols.relax.FastRelax: CMD: repack  -1116.36  0.243458  0.243458  0.30745
protocols.relax.FastRelax: CMD: scale:fa_rep  -1101.56  0.243458  0.243458  0.31955
protocols.relax.FastRelax: CMD: min  -1304.5  2.75418  2.75418  0.31955
protocols.relax.FastRelax: CMD: coord_cst_weight  -1304.5  2.75418  2.75418  0.31955
protocols.relax.FastRelax: CMD: scale:fa_rep  -1085.48  2.75418  2.75418  0.55
core.pack.task: Packer task: initialize from command line() 
core.pack.pack_rotamers: built 7058 rotamers at 493 positions.
core.pack.interaction_graph.interaction_graph_factory: Instantiating DensePDInteractionGraph
protocols.relax.FastRelax: CMD: repack  -1088.05  2.75418  2.75418  0.55
protocols.relax.FastRelax: CMD: min  -1140.59  2.80431  2.80431  0.55
protocols.relax.FastRelax: MRP: 8  -1140.59  -1152.4  3.35146  3.35146  
protocols.relax.FastRelax: CMD: accept_to_best  -1140.59  2.80431  2.80431  0.55
protocols.relax.FastRelax: CMD: endrepeat  -1140.59  2.80431  2.80431  0.55
protocols.relax.FastRelax: CMD: coord_cst_weight  83447.5  2.80431  2.80431  0.55
protocols.relax.FastRelax: CMD: scale:fa_rep  83096.2  2.80431  2.80431  0.022
core.pack.task: Packer task: initialize from command line() 
core.pack.pack_rotamers: built 7915 rotamers at 493 positions.
core.pack.interaction_graph.interaction_graph_factory: Instantiating DensePDInteractionGraph
protocols.relax.FastRelax: CMD: repack  83071.6  2.80431  2.80431  0.022
protocols.relax.FastRelax: CMD: scale:fa_rep  83080.6  2.80431  2.80431  0.02805
core.optimization.Minimizer: [ WARNING ] LBFGS MAX CYCLES 2000 EXCEEDED, BUT FUNC NOT CONVERGED!
protocols.relax.FastRelax: CMD: min  -1270.95  0.196702  0.196702  0.02805
protocols.relax.FastRelax: CMD: coord_cst_weight  -1355.12  0.196702  0.196702  0.02805
protocols.relax.FastRelax: CMD: scale:fa_rep  -999.4  0.196702  0.196702  0.14575
core.pack.task: Packer task: initialize from command line() 
core.pack.pack_rotamers: built 7364 rotamers at 493 positions.
core.pack.interaction_graph.interaction_graph_factory: Instantiating DensePDInteractionGraph
protocols.relax.FastRelax: CMD: repack  -1035.67  0.196702  0.196702  0.14575
protocols.relax.FastRelax: CMD: scale:fa_rep  -1015.14  0.196702  0.196702  0.154
protocols.relax.FastRelax: CMD: min  -1177.84  0.243762  0.243762  0.154
protocols.relax.FastRelax: CMD: coord_cst_weight  -1306.48  0.243762  0.243762  0.154
protocols.relax.FastRelax: CMD: scale:fa_rep  -1116.56  0.243762  0.243762  0.30745
core.pack.task: Packer task: initialize from command line() 
core.pack.pack_rotamers: built 7229 rotamers at 493 positions.
core.pack.interaction_graph.interaction_graph_factory: Instantiating DensePDInteractionGraph
protocols.relax.FastRelax: CMD: repack  -1114.79  0.243762  0.243762  0.30745
protocols.relax.FastRelax: CMD: scale:fa_rep  -1100.01  0.243762  0.243762  0.31955
protocols.relax.FastRelax: CMD: min  -1298.77  2.50519  2.50519  0.31955
protocols.relax.FastRelax: CMD: coord_cst_weight  -1298.77  2.50519  2.50519  0.31955
protocols.relax.FastRelax: CMD: scale:fa_rep  -1080.5  2.50519  2.50519  0.55
core.pack.task: Packer task: initialize from command line() 
core.pack.pack_rotamers: built 7119 rotamers at 493 positions.
core.pack.interaction_graph.interaction_graph_factory: Instantiating DensePDInteractionGraph
protocols.relax.FastRelax: CMD: repack  -1084.47  2.50519  2.50519  0.55
protocols.relax.FastRelax: CMD: min  -1139.64  2.61889  2.61889  0.55
protocols.relax.FastRelax: MRP: 9  -1139.64  -1152.4  3.35146  3.35146  
protocols.relax.FastRelax: CMD: accept_to_best  -1139.64  2.61889  2.61889  0.55
protocols.relax.FastRelax: CMD: endrepeat  -1139.64  2.61889  2.61889  0.55
protocols.relax.FastRelax: CMD: coord_cst_weight  81139.6  2.61889  2.61889  0.55
protocols.relax.FastRelax: CMD: scale:fa_rep  80788.1  2.61889  2.61889  0.022
core.pack.task: Packer task: initialize from command line() 
core.pack.pack_rotamers: built 7975 rotamers at 493 positions.
core.pack.interaction_graph.interaction_graph_factory: Instantiating DensePDInteractionGraph
protocols.relax.FastRelax: CMD: repack  80761.2  2.61889  2.61889  0.022
protocols.relax.FastRelax: CMD: scale:fa_rep  80770.2  2.61889  2.61889  0.02805
core.optimization.Minimizer: [ WARNING ] LBFGS MAX CYCLES 2000 EXCEEDED, BUT FUNC NOT CONVERGED!
protocols.relax.FastRelax: CMD: min  -1282.88  0.196484  0.196484  0.02805
protocols.relax.FastRelax: CMD: coord_cst_weight  -1368.81  0.196484  0.196484  0.02805
protocols.relax.FastRelax: CMD: scale:fa_rep  -1020.37  0.196484  0.196484  0.14575
core.pack.task: Packer task: initialize from command line() 
core.pack.pack_rotamers: built 7412 rotamers at 493 positions.
core.pack.interaction_graph.interaction_graph_factory: Instantiating DensePDInteractionGraph
protocols.relax.FastRelax: CMD: repack  -1037.49  0.196484  0.196484  0.14575
protocols.relax.FastRelax: CMD: scale:fa_rep  -1016.03  0.196484  0.196484  0.154
protocols.relax.FastRelax: CMD: min  -1179.86  0.246033  0.246033  0.154
protocols.relax.FastRelax: CMD: coord_cst_weight  -1310.47  0.246033  0.246033  0.154
protocols.relax.FastRelax: CMD: scale:fa_rep  -1116.63  0.246033  0.246033  0.30745
core.pack.task: Packer task: initialize from command line() 
core.pack.pack_rotamers: built 7256 rotamers at 493 positions.
core.pack.interaction_graph.interaction_graph_factory: Instantiating DensePDInteractionGraph
protocols.relax.FastRelax: CMD: repack  -1117.89  0.246033  0.246033  0.30745
protocols.relax.FastRelax: CMD: scale:fa_rep  -1102.87  0.246033  0.246033  0.31955
protocols.relax.FastRelax: CMD: min  -1306.38  2.40659  2.40659  0.31955
protocols.relax.FastRelax: CMD: coord_cst_weight  -1306.38  2.40659  2.40659  0.31955
protocols.relax.FastRelax: CMD: scale:fa_rep  -1083.75  2.40659  2.40659  0.55
core.pack.task: Packer task: initialize from command line() 
core.pack.pack_rotamers: built 7031 rotamers at 493 positions.
core.pack.interaction_graph.interaction_graph_factory: Instantiating DensePDInteractionGraph
protocols.relax.FastRelax: CMD: repack  -1083.64  2.40659  2.40659  0.55
protocols.relax.FastRelax: CMD: min  -1148.29  2.64583  2.64583  0.55
protocols.relax.FastRelax: MRP: 10  -1148.29  -1152.4  3.35146  3.35146  
protocols.relax.FastRelax: CMD: accept_to_best  -1148.29  2.64583  2.64583  0.55
protocols.relax.FastRelax: CMD: endrepeat  -1148.29  2.64583  2.64583  0.55
protocols.relax.FastRelax: CMD: coord_cst_weight  82898.5  2.64583  2.64583  0.55
protocols.relax.FastRelax: CMD: scale:fa_rep  82541.8  2.64583  2.64583  0.022
core.pack.task: Packer task: initialize from command line() 
core.pack.pack_rotamers: built 7929 rotamers at 493 positions.
core.pack.interaction_graph.interaction_graph_factory: Instantiating DensePDInteractionGraph
protocols.relax.FastRelax: CMD: repack  82512.7  2.64583  2.64583  0.022
protocols.relax.FastRelax: CMD: scale:fa_rep  82521.9  2.64583  2.64583  0.02805
core.optimization.Minimizer: [ WARNING ] LBFGS MAX CYCLES 2000 EXCEEDED, BUT FUNC NOT CONVERGED!
protocols.relax.FastRelax: CMD: min  -1285.78  0.197085  0.197085  0.02805
protocols.relax.FastRelax: CMD: coord_cst_weight  -1371.83  0.197085  0.197085  0.02805
protocols.relax.FastRelax: CMD: scale:fa_rep  -1014.09  0.197085  0.197085  0.14575
core.pack.task: Packer task: initialize from command line() 
core.pack.pack_rotamers: built 7425 rotamers at 493 positions.
core.pack.interaction_graph.interaction_graph_factory: Instantiating DensePDInteractionGraph
protocols.relax.FastRelax: CMD: repack  -1044.35  0.197085  0.197085  0.14575
protocols.relax.FastRelax: CMD: scale:fa_rep  -1023.17  0.197085  0.197085  0.154
protocols.relax.FastRelax: CMD: min  -1180.59  0.246841  0.246841  0.154
protocols.relax.FastRelax: CMD: coord_cst_weight  -1311.26  0.246841  0.246841  0.154
protocols.relax.FastRelax: CMD: scale:fa_rep  -1118.31  0.246841  0.246841  0.30745
core.pack.task: Packer task: initialize from command line() 
core.pack.pack_rotamers: built 7261 rotamers at 493 positions.
core.pack.interaction_graph.interaction_graph_factory: Instantiating DensePDInteractionGraph
protocols.relax.FastRelax: CMD: repack  -1119.16  0.246841  0.246841  0.30745
protocols.relax.FastRelax: CMD: scale:fa_rep  -1104.26  0.246841  0.246841  0.31955
protocols.relax.FastRelax: CMD: min  -1319.86  2.59202  2.59202  0.31955
protocols.relax.FastRelax: CMD: coord_cst_weight  -1319.86  2.59202  2.59202  0.31955
protocols.relax.FastRelax: CMD: scale:fa_rep  -1097.34  2.59202  2.59202  0.55
core.pack.task: Packer task: initialize from command line() 
core.pack.pack_rotamers: built 7018 rotamers at 493 positions.
core.pack.interaction_graph.interaction_graph_factory: Instantiating DensePDInteractionGraph
protocols.relax.FastRelax: CMD: repack  -1102.86  2.59202  2.59202  0.55
protocols.relax.FastRelax: CMD: min  -1162.08  2.6358  2.6358  0.55
protocols.relax.FastRelax: MRP: 11  -1162.08  -1162.08  2.6358  2.6358  
protocols.relax.FastRelax: CMD: accept_to_best  -1162.08  2.6358  2.6358  0.55
protocols.relax.FastRelax: CMD: endrepeat  -1162.08  2.6358  2.6358  0.55
protocols.relax.FastRelax: CMD: coord_cst_weight  88675  2.6358  2.6358  0.55
protocols.relax.FastRelax: CMD: scale:fa_rep  88319.7  2.6358  2.6358  0.022
core.pack.task: Packer task: initialize from command line() 
core.pack.pack_rotamers: built 7876 rotamers at 493 positions.
core.pack.interaction_graph.interaction_graph_factory: Instantiating DensePDInteractionGraph
protocols.relax.FastRelax: CMD: repack  88295  2.6358  2.6358  0.022
protocols.relax.FastRelax: CMD: scale:fa_rep  88304  2.6358  2.6358  0.02805
core.optimization.Minimizer: [ WARNING ] LBFGS MAX CYCLES 2000 EXCEEDED, BUT FUNC NOT CONVERGED!
protocols.relax.FastRelax: CMD: min  -1272.67  0.196791  0.196791  0.02805
protocols.relax.FastRelax: CMD: coord_cst_weight  -1359.1  0.196791  0.196791  0.02805
protocols.relax.FastRelax: CMD: scale:fa_rep  -1006.28  0.196791  0.196791  0.14575
core.pack.task: Packer task: initialize from command line() 
core.pack.pack_rotamers: built 7413 rotamers at 493 positions.
core.pack.interaction_graph.interaction_graph_factory: Instantiating DensePDInteractionGraph
protocols.relax.FastRelax: CMD: repack  -1044.9  0.196791  0.196791  0.14575
protocols.relax.FastRelax: CMD: scale:fa_rep  -1024.3  0.196791  0.196791  0.154
protocols.relax.FastRelax: CMD: min  -1188.17  0.246055  0.246055  0.154
protocols.relax.FastRelax: CMD: coord_cst_weight  -1318.07  0.246055  0.246055  0.154
protocols.relax.FastRelax: CMD: scale:fa_rep  -1126.39  0.246055  0.246055  0.30745
core.pack.task: Packer task: initialize from command line() 
core.pack.pack_rotamers: built 7261 rotamers at 493 positions.
core.pack.interaction_graph.interaction_graph_factory: Instantiating DensePDInteractionGraph
protocols.relax.FastRelax: CMD: repack  -1127.56  0.246055  0.246055  0.30745
protocols.relax.FastRelax: CMD: scale:fa_rep  -1112.68  0.246055  0.246055  0.31955
protocols.relax.FastRelax: CMD: min  -1326  2.72418  2.72418  0.31955
protocols.relax.FastRelax: CMD: coord_cst_weight  -1326  2.72418  2.72418  0.31955
protocols.relax.FastRelax: CMD: scale:fa_rep  -1104.79  2.72418  2.72418  0.55
core.pack.task: Packer task: initialize from command line() 
core.pack.pack_rotamers: built 7083 rotamers at 493 positions.
core.pack.interaction_graph.interaction_graph_factory: Instantiating DensePDInteractionGraph
protocols.relax.FastRelax: CMD: repack  -1109.4  2.72418  2.72418  0.55
protocols.relax.FastRelax: CMD: min  -1163.02  3.21671  3.21671  0.55
protocols.relax.FastRelax: MRP: 12  -1163.02  -1163.02  3.21671  3.21671  
protocols.relax.FastRelax: CMD: accept_to_best  -1163.02  3.21671  3.21671  0.55
protocols.relax.FastRelax: CMD: endrepeat  -1163.02  3.21671  3.21671  0.55
protocols.relax.FastRelax: CMD: coord_cst_weight  107736  3.21671  3.21671  0.55
protocols.relax.FastRelax: CMD: scale:fa_rep  107383  3.21671  3.21671  0.022
core.pack.task: Packer task: initialize from command line() 
core.pack.pack_rotamers: built 7986 rotamers at 493 positions.
core.pack.interaction_graph.interaction_graph_factory: Instantiating DensePDInteractionGraph
protocols.relax.FastRelax: CMD: repack  107357  3.21671  3.21671  0.022
protocols.relax.FastRelax: CMD: scale:fa_rep  107365  3.21671  3.21671  0.02805
core.optimization.Minimizer: [ WARNING ] LBFGS MAX CYCLES 2000 EXCEEDED, BUT FUNC NOT CONVERGED!
protocols.relax.FastRelax: CMD: min  -1282.48  0.198773  0.198773  0.02805
protocols.relax.FastRelax: CMD: coord_cst_weight  -1369.11  0.198773  0.198773  0.02805
protocols.relax.FastRelax: CMD: scale:fa_rep  -1019.03  0.198773  0.198773  0.14575
core.pack.task: Packer task: initialize from command line() 
core.pack.pack_rotamers: built 7369 rotamers at 493 positions.
core.pack.interaction_graph.interaction_graph_factory: Instantiating DensePDInteractionGraph
protocols.relax.FastRelax: CMD: repack  -1050.5  0.198773  0.198773  0.14575
protocols.relax.FastRelax: CMD: scale:fa_rep  -1029.92  0.198773  0.198773  0.154
protocols.relax.FastRelax: CMD: min  -1189.63  0.245134  0.245134  0.154
protocols.relax.FastRelax: CMD: coord_cst_weight  -1319.26  0.245134  0.245134  0.154
protocols.relax.FastRelax: CMD: scale:fa_rep  -1129.37  0.245134  0.245134  0.30745
core.pack.task: Packer task: initialize from command line() 
core.pack.pack_rotamers: built 7230 rotamers at 493 positions.
core.pack.interaction_graph.interaction_graph_factory: Instantiating DensePDInteractionGraph
protocols.relax.FastRelax: CMD: repack  -1129.31  0.245134  0.245134  0.30745
protocols.relax.FastRelax: CMD: scale:fa_rep  -1114.45  0.245134  0.245134  0.31955
protocols.relax.FastRelax: CMD: min  -1327.83  2.71339  2.71339  0.31955
protocols.relax.FastRelax: CMD: coord_cst_weight  -1327.83  2.71339  2.71339  0.31955
protocols.relax.FastRelax: CMD: scale:fa_rep  -1108.04  2.71339  2.71339  0.55
core.pack.task: Packer task: initialize from command line() 
core.pack.pack_rotamers: built 7099 rotamers at 493 positions.
core.pack.interaction_graph.interaction_graph_factory: Instantiating DensePDInteractionGraph
protocols.relax.FastRelax: CMD: repack  -1110.57  2.71339  2.71339  0.55
protocols.relax.FastRelax: CMD: min  -1147.3  2.66626  2.66626  0.55
protocols.relax.FastRelax: MRP: 13  -1147.3  -1163.02  3.21671  3.21671  
protocols.relax.FastRelax: CMD: accept_to_best  -1147.3  2.66626  2.66626  0.55
protocols.relax.FastRelax: CMD: endrepeat  -1147.3  2.66626  2.66626  0.55
protocols.relax.FastRelax: CMD: coord_cst_weight  79435.6  2.66626  2.66626  0.55
protocols.relax.FastRelax: CMD: scale:fa_rep  79068.3  2.66626  2.66626  0.022
core.pack.task: Packer task: initialize from command line() 
core.pack.pack_rotamers: built 7954 rotamers at 493 positions.
core.pack.interaction_graph.interaction_graph_factory: Instantiating DensePDInteractionGraph
protocols.relax.FastRelax: CMD: repack  79039.6  2.66626  2.66626  0.022
protocols.relax.FastRelax: CMD: scale:fa_rep  79047.9  2.66626  2.66626  0.02805
core.optimization.Minimizer: [ WARNING ] LBFGS MAX CYCLES 2000 EXCEEDED, BUT FUNC NOT CONVERGED!
protocols.relax.FastRelax: CMD: min  -1296.93  0.198663  0.198663  0.02805
protocols.relax.FastRelax: CMD: coord_cst_weight  -1382.47  0.198663  0.198663  0.02805
protocols.relax.FastRelax: CMD: scale:fa_rep  -1027.92  0.198663  0.198663  0.14575
core.pack.task: Packer task: initialize from command line() 
core.pack.pack_rotamers: built 7373 rotamers at 493 positions.
core.pack.interaction_graph.interaction_graph_factory: Instantiating DensePDInteractionGraph
protocols.relax.FastRelax: CMD: repack  -1055.52  0.198663  0.198663  0.14575
protocols.relax.FastRelax: CMD: scale:fa_rep  -1034.45  0.198663  0.198663  0.154
protocols.relax.FastRelax: CMD: min  -1189.41  0.245877  0.245877  0.154
protocols.relax.FastRelax: CMD: coord_cst_weight  -1317.85  0.245877  0.245877  0.154
protocols.relax.FastRelax: CMD: scale:fa_rep  -1126.23  0.245877  0.245877  0.30745
core.pack.task: Packer task: initialize from command line() 
core.pack.pack_rotamers: built 7229 rotamers at 493 positions.
core.pack.interaction_graph.interaction_graph_factory: Instantiating DensePDInteractionGraph
protocols.relax.FastRelax: CMD: repack  -1127.13  0.245877  0.245877  0.30745
protocols.relax.FastRelax: CMD: scale:fa_rep  -1112.23  0.245877  0.245877  0.31955
protocols.relax.FastRelax: CMD: min  -1318.2  2.5483  2.5483  0.31955
protocols.relax.FastRelax: CMD: coord_cst_weight  -1318.2  2.5483  2.5483  0.31955
protocols.relax.FastRelax: CMD: scale:fa_rep  -1097.71  2.5483  2.5483  0.55
core.pack.task: Packer task: initialize from command line() 
core.pack.pack_rotamers: built 7036 rotamers at 493 positions.
core.pack.interaction_graph.interaction_graph_factory: Instantiating DensePDInteractionGraph
protocols.relax.FastRelax: CMD: repack  -1101.37  2.5483  2.5483  0.55
protocols.relax.FastRelax: CMD: min  -1159.57  3.06268  3.06268  0.55
protocols.relax.FastRelax: MRP: 14  -1159.57  -1163.02  3.21671  3.21671  
protocols.relax.FastRelax: CMD: accept_to_best  -1159.57  3.06268  3.06268  0.55
protocols.relax.FastRelax: CMD: endrepeat  -1159.57  3.06268  3.06268  0.55
protocols::checkpoint: Deleting checkpoints of FastRelax
protocols.jd2.JobDistributor: PDE4B_modeller_10_0001 reported success in 12363 seconds
protocols.jd2.PDBJobInputter: PDBJobInputter::pose_from_job
protocols.jd2.PDBJobInputter: filling pose from saved copy ../1-loopmodel/PDE4B_modeller.pdb
protocols.relax.FastRelax: CMD: repeat  3311.98  0  0  0.55
protocols.relax.FastRelax: CMD: coord_cst_weight  3311.98  0  0  0.55
protocols.relax.FastRelax: CMD: scale:fa_rep  895.021  0  0  0.022
core.pack.task: Packer task: initialize from command line() 
core.pack.pack_rotamers: built 8348 rotamers at 493 positions.
core.pack.interaction_graph.interaction_graph_factory: Instantiating DensePDInteractionGraph
protocols.relax.FastRelax: CMD: repack  -844.239  0  0  0.022
protocols.relax.FastRelax: CMD: scale:fa_rep  -806.038  0  0  0.02805
core.optimization.Minimizer: [ WARNING ] LBFGS MAX CYCLES 2000 EXCEEDED, BUT FUNC NOT CONVERGED!
protocols.relax.FastRelax: CMD: min  -1269.96  0.158194  0.158194  0.02805
protocols.relax.FastRelax: CMD: coord_cst_weight  -1321.89  0.158194  0.158194  0.02805
protocols.relax.FastRelax: CMD: scale:fa_rep  -910.996  0.158194  0.158194  0.14575
core.pack.task: Packer task: initialize from command line() 
core.pack.pack_rotamers: built 7382 rotamers at 493 positions.
core.pack.interaction_graph.interaction_graph_factory: Instantiating DensePDInteractionGraph
protocols.relax.FastRelax: CMD: repack  -937.982  0.158194  0.158194  0.14575
protocols.relax.FastRelax: CMD: scale:fa_rep  -912.979  0.158194  0.158194  0.154
core.optimization.Minimizer: [ WARNING ] LBFGS MAX CYCLES 2000 EXCEEDED, BUT FUNC NOT CONVERGED!
protocols.relax.FastRelax: CMD: min  -1130.04  0.216828  0.216828  0.154
protocols.relax.FastRelax: CMD: coord_cst_weight  -1230.09  0.216828  0.216828  0.154
protocols.relax.FastRelax: CMD: scale:fa_rep  -1026.72  0.216828  0.216828  0.30745
core.pack.task: Packer task: initialize from command line() 
core.pack.pack_rotamers: built 7224 rotamers at 493 positions.
core.pack.interaction_graph.interaction_graph_factory: Instantiating DensePDInteractionGraph
protocols.relax.FastRelax: CMD: repack  -1030  0.216828  0.216828  0.30745
protocols.relax.FastRelax: CMD: scale:fa_rep  -1014.18  0.216828  0.216828  0.31955
protocols.relax.FastRelax: CMD: min  -1221.3  2.36328  2.36328  0.31955
protocols.relax.FastRelax: CMD: coord_cst_weight  -1221.3  2.36328  2.36328  0.31955
protocols.relax.FastRelax: CMD: scale:fa_rep  -996.798  2.36328  2.36328  0.55
core.pack.task: Packer task: initialize from command line() 
core.pack.pack_rotamers: built 7134 rotamers at 493 positions.
core.pack.interaction_graph.interaction_graph_factory: Instantiating DensePDInteractionGraph
protocols.relax.FastRelax: CMD: repack  -1004.83  2.36328  2.36328  0.55
protocols.relax.FastRelax: CMD: min  -1084.25  2.86998  2.86998  0.55
protocols.relax.FastRelax: MRP: 0  -1084.25  -1084.25  2.86998  2.86998  
protocols.relax.FastRelax: CMD: accept_to_best  -1084.25  2.86998  2.86998  0.55
protocols.relax.FastRelax: CMD: endrepeat  -1084.25  2.86998  2.86998  0.55
protocols.relax.FastRelax: CMD: coord_cst_weight  83213.9  2.86998  2.86998  0.55
protocols.relax.FastRelax: CMD: scale:fa_rep  82856.5  2.86998  2.86998  0.022
core.pack.task: Packer task: initialize from command line() 
core.pack.pack_rotamers: built 7923 rotamers at 493 positions.
core.pack.interaction_graph.interaction_graph_factory: Instantiating DensePDInteractionGraph
protocols.relax.FastRelax: CMD: repack  82827.8  2.86998  2.86998  0.022
protocols.relax.FastRelax: CMD: scale:fa_rep  82836  2.86998  2.86998  0.02805
core.optimization.Minimizer: [ WARNING ] LBFGS MAX CYCLES 2000 EXCEEDED, BUT FUNC NOT CONVERGED!
protocols.relax.FastRelax: CMD: min  -1265.63  0.18555  0.18555  0.02805
protocols.relax.FastRelax: CMD: coord_cst_weight  -1342.11  0.18555  0.18555  0.02805
protocols.relax.FastRelax: CMD: scale:fa_rep  -957.55  0.18555  0.18555  0.14575
core.pack.task: Packer task: initialize from command line() 
core.pack.pack_rotamers: built 7459 rotamers at 493 positions.
core.pack.interaction_graph.interaction_graph_factory: Instantiating DensePDInteractionGraph
protocols.relax.FastRelax: CMD: repack  -997.807  0.18555  0.18555  0.14575
protocols.relax.FastRelax: CMD: scale:fa_rep  -974.994  0.18555  0.18555  0.154
protocols.relax.FastRelax: CMD: min  -1150.01  0.23683  0.23683  0.154
protocols.relax.FastRelax: CMD: coord_cst_weight  -1270.88  0.23683  0.23683  0.154
protocols.relax.FastRelax: CMD: scale:fa_rep  -1066.46  0.23683  0.23683  0.30745
core.pack.task: Packer task: initialize from command line() 
core.pack.pack_rotamers: built 7294 rotamers at 493 positions.
core.pack.interaction_graph.interaction_graph_factory: Instantiating DensePDInteractionGraph
protocols.relax.FastRelax: CMD: repack  -1067.66  0.23683  0.23683  0.30745
protocols.relax.FastRelax: CMD: scale:fa_rep  -1051.74  0.23683  0.23683  0.31955
protocols.relax.FastRelax: CMD: min  -1254.74  2.71103  2.71103  0.31955
protocols.relax.FastRelax: CMD: coord_cst_weight  -1254.74  2.71103  2.71103  0.31955
protocols.relax.FastRelax: CMD: scale:fa_rep  -1026.96  2.71103  2.71103  0.55
core.pack.task: Packer task: initialize from command line() 
core.pack.pack_rotamers: built 7101 rotamers at 493 positions.
core.pack.interaction_graph.interaction_graph_factory: Instantiating DensePDInteractionGraph
protocols.relax.FastRelax: CMD: repack  -1030.65  2.71103  2.71103  0.55
protocols.relax.FastRelax: CMD: min  -1092.85  3.04288  3.04288  0.55
protocols.relax.FastRelax: MRP: 1  -1092.85  -1092.85  3.04288  3.04288  
protocols.relax.FastRelax: CMD: accept_to_best  -1092.85  3.04288  3.04288  0.55
protocols.relax.FastRelax: CMD: endrepeat  -1092.85  3.04288  3.04288  0.55
protocols.relax.FastRelax: CMD: coord_cst_weight  61808.5  3.04288  3.04288  0.55
protocols.relax.FastRelax: CMD: scale:fa_rep  61450.6  3.04288  3.04288  0.022
core.pack.task: Packer task: initialize from command line() 
core.pack.pack_rotamers: built 7830 rotamers at 493 positions.
core.pack.interaction_graph.interaction_graph_factory: Instantiating DensePDInteractionGraph
protocols.relax.FastRelax: CMD: repack  61434.8  3.04288  3.04288  0.022
protocols.relax.FastRelax: CMD: scale:fa_rep  61445.3  3.04288  3.04288  0.02805
core.optimization.Minimizer: [ WARNING ] LBFGS MAX CYCLES 2000 EXCEEDED, BUT FUNC NOT CONVERGED!
protocols.relax.FastRelax: CMD: min  -1264.94  0.192175  0.192175  0.02805
protocols.relax.FastRelax: CMD: coord_cst_weight  -1347  0.192175  0.192175  0.02805
protocols.relax.FastRelax: CMD: scale:fa_rep  -949.321  0.192175  0.192175  0.14575
core.pack.task: Packer task: initialize from command line() 
core.pack.pack_rotamers: built 7371 rotamers at 493 positions.
core.pack.interaction_graph.interaction_graph_factory: Instantiating DensePDInteractionGraph
protocols.relax.FastRelax: CMD: repack  -998.38  0.192175  0.192175  0.14575
protocols.relax.FastRelax: CMD: scale:fa_rep  -976.896  0.192175  0.192175  0.154
protocols.relax.FastRelax: CMD: min  -1149.28  0.237587  0.237587  0.154
protocols.relax.FastRelax: CMD: coord_cst_weight  -1273.09  0.237587  0.237587  0.154
protocols.relax.FastRelax: CMD: scale:fa_rep  -1076.62  0.237587  0.237587  0.30745
core.pack.task: Packer task: initialize from command line() 
core.pack.pack_rotamers: built 7224 rotamers at 493 positions.
core.pack.interaction_graph.interaction_graph_factory: Instantiating DensePDInteractionGraph
protocols.relax.FastRelax: CMD: repack  -1077.03  0.237587  0.237587  0.30745
protocols.relax.FastRelax: CMD: scale:fa_rep  -1061.68  0.237587  0.237587  0.31955
protocols.relax.FastRelax: CMD: min  -1253.81  2.69763  2.69763  0.31955
protocols.relax.FastRelax: CMD: coord_cst_weight  -1253.81  2.69763  2.69763  0.31955
protocols.relax.FastRelax: CMD: scale:fa_rep  -1025.98  2.69763  2.69763  0.55
core.pack.task: Packer task: initialize from command line() 
core.pack.pack_rotamers: built 7130 rotamers at 493 positions.
core.pack.interaction_graph.interaction_graph_factory: Instantiating DensePDInteractionGraph
protocols.relax.FastRelax: CMD: repack  -1027.36  2.69763  2.69763  0.55
protocols.relax.FastRelax: CMD: min  -1081.28  2.81944  2.81944  0.55
protocols.relax.FastRelax: MRP: 2  -1081.28  -1092.85  3.04288  3.04288  
protocols.relax.FastRelax: CMD: accept_to_best  -1081.28  2.81944  2.81944  0.55
protocols.relax.FastRelax: CMD: endrepeat  -1081.28  2.81944  2.81944  0.55
protocols.relax.FastRelax: CMD: coord_cst_weight  61215.9  2.81944  2.81944  0.55
protocols.relax.FastRelax: CMD: scale:fa_rep  60855.1  2.81944  2.81944  0.022
core.pack.task: Packer task: initialize from command line() 
core.pack.pack_rotamers: built 8014 rotamers at 493 positions.
core.pack.interaction_graph.interaction_graph_factory: Instantiating DensePDInteractionGraph
protocols.relax.FastRelax: CMD: repack  60822.2  2.81944  2.81944  0.022
protocols.relax.FastRelax: CMD: scale:fa_rep  60831.3  2.81944  2.81944  0.02805
core.optimization.Minimizer: [ WARNING ] LBFGS MAX CYCLES 2000 EXCEEDED, BUT FUNC NOT CONVERGED!
protocols.relax.FastRelax: CMD: min  -1278.23  0.190729  0.190729  0.02805
protocols.relax.FastRelax: CMD: coord_cst_weight  -1360.01  0.190729  0.190729  0.02805
protocols.relax.FastRelax: CMD: scale:fa_rep  -987.932  0.190729  0.190729  0.14575
core.pack.task: Packer task: initialize from command line() 
core.pack.pack_rotamers: built 7376 rotamers at 493 positions.
core.pack.interaction_graph.interaction_graph_factory: Instantiating DensePDInteractionGraph
protocols.relax.FastRelax: CMD: repack  -1020.1  0.190729  0.190729  0.14575
protocols.relax.FastRelax: CMD: scale:fa_rep  -998.109  0.190729  0.190729  0.154
protocols.relax.FastRelax: CMD: min  -1164.45  0.236735  0.236735  0.154
protocols.relax.FastRelax: CMD: coord_cst_weight  -1287.05  0.236735  0.236735  0.154
protocols.relax.FastRelax: CMD: scale:fa_rep  -1092.24  0.236735  0.236735  0.30745
core.pack.task: Packer task: initialize from command line() 
core.pack.pack_rotamers: built 7226 rotamers at 493 positions.
core.pack.interaction_graph.interaction_graph_factory: Instantiating DensePDInteractionGraph
protocols.relax.FastRelax: CMD: repack  -1092.76  0.236735  0.236735  0.30745
protocols.relax.FastRelax: CMD: scale:fa_rep  -1077.54  0.236735  0.236735  0.31955
protocols.relax.FastRelax: CMD: min  -1269  2.82239  2.82239  0.31955
protocols.relax.FastRelax: CMD: coord_cst_weight  -1269  2.82239  2.82239  0.31955
protocols.relax.FastRelax: CMD: scale:fa_rep  -1040.32  2.82239  2.82239  0.55
core.pack.task: Packer task: initialize from command line() 
core.pack.pack_rotamers: built 7056 rotamers at 493 positions.
core.pack.interaction_graph.interaction_graph_factory: Instantiating DensePDInteractionGraph
protocols.relax.FastRelax: CMD: repack  -1041.96  2.82239  2.82239  0.55
protocols.relax.FastRelax: CMD: min  -1086.99  3.45902  3.45902  0.55
protocols.relax.FastRelax: MRP: 3  -1086.99  -1092.85  3.04288  3.04288  
protocols.relax.FastRelax: CMD: accept_to_best  -1086.99  3.45902  3.45902  0.55
protocols.relax.FastRelax: CMD: endrepeat  -1086.99  3.45902  3.45902  0.55
protocols.relax.FastRelax: CMD: coord_cst_weight  78888.4  3.45902  3.45902  0.55
protocols.relax.FastRelax: CMD: scale:fa_rep  78517.4  3.45902  3.45902  0.022
core.pack.task: Packer task: initialize from command line() 
core.pack.pack_rotamers: built 7870 rotamers at 493 positions.
core.pack.interaction_graph.interaction_graph_factory: Instantiating DensePDInteractionGraph
protocols.relax.FastRelax: CMD: repack  78485.6  3.45902  3.45902  0.022
protocols.relax.FastRelax: CMD: scale:fa_rep  78493.7  3.45902  3.45902  0.02805
core.optimization.Minimizer: [ WARNING ] LBFGS MAX CYCLES 2000 EXCEEDED, BUT FUNC NOT CONVERGED!
protocols.relax.FastRelax: CMD: min  -1279.4  0.191896  0.191896  0.02805
protocols.relax.FastRelax: CMD: coord_cst_weight  -1360.62  0.191896  0.191896  0.02805
protocols.relax.FastRelax: CMD: scale:fa_rep  -1002.38  0.191896  0.191896  0.14575
core.pack.task: Packer task: initialize from command line() 
core.pack.pack_rotamers: built 7357 rotamers at 493 positions.
core.pack.interaction_graph.interaction_graph_factory: Instantiating DensePDInteractionGraph
protocols.relax.FastRelax: CMD: repack  -1026.74  0.191896  0.191896  0.14575
protocols.relax.FastRelax: CMD: scale:fa_rep  -1005.2  0.191896  0.191896  0.154
protocols.relax.FastRelax: CMD: min  -1168.6  0.239904  0.239904  0.154
protocols.relax.FastRelax: CMD: coord_cst_weight  -1293.48  0.239904  0.239904  0.154
protocols.relax.FastRelax: CMD: scale:fa_rep  -1098.26  0.239904  0.239904  0.30745
core.pack.task: Packer task: initialize from command line() 
core.pack.pack_rotamers: built 7240 rotamers at 493 positions.
core.pack.interaction_graph.interaction_graph_factory: Instantiating DensePDInteractionGraph
protocols.relax.FastRelax: CMD: repack  -1097.32  0.239904  0.239904  0.30745
protocols.relax.FastRelax: CMD: scale:fa_rep  -1082.09  0.239904  0.239904  0.31955
protocols.relax.FastRelax: CMD: min  -1265.83  2.70356  2.70356  0.31955
protocols.relax.FastRelax: CMD: coord_cst_weight  -1265.83  2.70356  2.70356  0.31955
protocols.relax.FastRelax: CMD: scale:fa_rep  -1039.95  2.70356  2.70356  0.55
core.pack.task: Packer task: initialize from command line() 
core.pack.pack_rotamers: built 7118 rotamers at 493 positions.
core.pack.interaction_graph.interaction_graph_factory: Instantiating DensePDInteractionGraph
protocols.relax.FastRelax: CMD: repack  -1041.13  2.70356  2.70356  0.55
protocols.relax.FastRelax: CMD: min  -1096.43  3.26131  3.26131  0.55
protocols.relax.FastRelax: MRP: 4  -1096.43  -1096.43  3.26131  3.26131  
protocols.relax.FastRelax: CMD: accept_to_best  -1096.43  3.26131  3.26131  0.55
protocols.relax.FastRelax: CMD: endrepeat  -1096.43  3.26131  3.26131  0.55
protocols.relax.FastRelax: CMD: coord_cst_weight  82447.5  3.26131  3.26131  0.55
protocols.relax.FastRelax: CMD: scale:fa_rep  82085.8  3.26131  3.26131  0.022
core.pack.task: Packer task: initialize from command line() 
core.pack.pack_rotamers: built 7883 rotamers at 493 positions.
core.pack.interaction_graph.interaction_graph_factory: Instantiating DensePDInteractionGraph
protocols.relax.FastRelax: CMD: repack  82063.8  3.26131  3.26131  0.022
protocols.relax.FastRelax: CMD: scale:fa_rep  82072.4  3.26131  3.26131  0.02805
core.optimization.Minimizer: [ WARNING ] LBFGS MAX CYCLES 2000 EXCEEDED, BUT FUNC NOT CONVERGED!
protocols.relax.FastRelax: CMD: min  -1278.49  0.196212  0.196212  0.02805
protocols.relax.FastRelax: CMD: coord_cst_weight  -1362.88  0.196212  0.196212  0.02805
protocols.relax.FastRelax: CMD: scale:fa_rep  -999.308  0.196212  0.196212  0.14575
core.pack.task: Packer task: initialize from command line() 
core.pack.pack_rotamers: built 7328 rotamers at 493 positions.
core.pack.interaction_graph.interaction_graph_factory: Instantiating DensePDInteractionGraph
protocols.relax.FastRelax: CMD: repack  -1032.64  0.196212  0.196212  0.14575
protocols.relax.FastRelax: CMD: scale:fa_rep  -1011.03  0.196212  0.196212  0.154
protocols.relax.FastRelax: CMD: min  -1176.01  0.240799  0.240799  0.154
protocols.relax.FastRelax: CMD: coord_cst_weight  -1301.26  0.240799  0.240799  0.154
protocols.relax.FastRelax: CMD: scale:fa_rep  -1106.89  0.240799  0.240799  0.30745
core.pack.task: Packer task: initialize from command line() 
core.pack.pack_rotamers: built 7191 rotamers at 493 positions.
core.pack.interaction_graph.interaction_graph_factory: Instantiating DensePDInteractionGraph
protocols.relax.FastRelax: CMD: repack  -1108.36  0.240799  0.240799  0.30745
protocols.relax.FastRelax: CMD: scale:fa_rep  -1093.22  0.240799  0.240799  0.31955
protocols.relax.FastRelax: CMD: min  -1276.02  2.45411  2.45411  0.31955
protocols.relax.FastRelax: CMD: coord_cst_weight  -1276.02  2.45411  2.45411  0.31955
protocols.relax.FastRelax: CMD: scale:fa_rep  -1048.97  2.45411  2.45411  0.55
core.pack.task: Packer task: initialize from command line() 
core.pack.pack_rotamers: built 7060 rotamers at 493 positions.
core.pack.interaction_graph.interaction_graph_factory: Instantiating DensePDInteractionGraph
protocols.relax.FastRelax: CMD: repack  -1050.66  2.45411  2.45411  0.55
protocols.relax.FastRelax: CMD: min  -1106.93  3.12976  3.12976  0.55
protocols.relax.FastRelax: MRP: 5  -1106.93  -1106.93  3.12976  3.12976  
protocols.relax.FastRelax: CMD: accept_to_best  -1106.93  3.12976  3.12976  0.55
protocols.relax.FastRelax: CMD: endrepeat  -1106.93  3.12976  3.12976  0.55
protocols.relax.FastRelax: CMD: coord_cst_weight  72977.6  3.12976  3.12976  0.55
protocols.relax.FastRelax: CMD: scale:fa_rep  72615.5  3.12976  3.12976  0.022
core.pack.task: Packer task: initialize from command line() 
core.pack.pack_rotamers: built 7890 rotamers at 493 positions.
core.pack.interaction_graph.interaction_graph_factory: Instantiating DensePDInteractionGraph
protocols.relax.FastRelax: CMD: repack  72589.1  3.12976  3.12976  0.022
protocols.relax.FastRelax: CMD: scale:fa_rep  72596.3  3.12976  3.12976  0.02805
core.optimization.Minimizer: [ WARNING ] LBFGS MAX CYCLES 2000 EXCEEDED, BUT FUNC NOT CONVERGED!
protocols.relax.FastRelax: CMD: min  -1283.72  0.197154  0.197154  0.02805
protocols.relax.FastRelax: CMD: coord_cst_weight  -1368.67  0.197154  0.197154  0.02805
protocols.relax.FastRelax: CMD: scale:fa_rep  -1023.64  0.197154  0.197154  0.14575
core.pack.task: Packer task: initialize from command line() 
core.pack.pack_rotamers: built 7374 rotamers at 493 positions.
core.pack.interaction_graph.interaction_graph_factory: Instantiating DensePDInteractionGraph
protocols.relax.FastRelax: CMD: repack  -1044.37  0.197154  0.197154  0.14575
protocols.relax.FastRelax: CMD: scale:fa_rep  -1023.88  0.197154  0.197154  0.154
protocols.relax.FastRelax: CMD: min  -1174.18  0.239498  0.239498  0.154
protocols.relax.FastRelax: CMD: coord_cst_weight  -1298.66  0.239498  0.239498  0.154
protocols.relax.FastRelax: CMD: scale:fa_rep  -1105.73  0.239498  0.239498  0.30745
core.pack.task: Packer task: initialize from command line() 
core.pack.pack_rotamers: built 7231 rotamers at 493 positions.
core.pack.interaction_graph.interaction_graph_factory: Instantiating DensePDInteractionGraph
protocols.relax.FastRelax: CMD: repack  -1106.11  0.239498  0.239498  0.30745
protocols.relax.FastRelax: CMD: scale:fa_rep  -1091.01  0.239498  0.239498  0.31955
protocols.relax.FastRelax: CMD: min  -1274.44  2.27536  2.27536  0.31955
protocols.relax.FastRelax: CMD: coord_cst_weight  -1274.44  2.27536  2.27536  0.31955
protocols.relax.FastRelax: CMD: scale:fa_rep  -1048.3  2.27536  2.27536  0.55
core.pack.task: Packer task: initialize from command line() 
core.pack.pack_rotamers: built 7104 rotamers at 493 positions.
core.pack.interaction_graph.interaction_graph_factory: Instantiating DensePDInteractionGraph
protocols.relax.FastRelax: CMD: repack  -1050.72  2.27536  2.27536  0.55
protocols.relax.FastRelax: CMD: min  -1113.48  3.19799  3.19799  0.55
protocols.relax.FastRelax: MRP: 6  -1113.48  -1113.48  3.19799  3.19799  
protocols.relax.FastRelax: CMD: accept_to_best  -1113.48  3.19799  3.19799  0.55
protocols.relax.FastRelax: CMD: endrepeat  -1113.48  3.19799  3.19799  0.55
protocols.relax.FastRelax: CMD: coord_cst_weight  77178.6  3.19799  3.19799  0.55
protocols.relax.FastRelax: CMD: scale:fa_rep  76815.8  3.19799  3.19799  0.022
core.pack.task: Packer task: initialize from command line() 
core.pack.pack_rotamers: built 7994 rotamers at 493 positions.
core.pack.interaction_graph.interaction_graph_factory: Instantiating DensePDInteractionGraph
protocols.relax.FastRelax: CMD: repack  76807.5  3.19799  3.19799  0.022
protocols.relax.FastRelax: CMD: scale:fa_rep  76817.2  3.19799  3.19799  0.02805
core.optimization.Minimizer: [ WARNING ] LBFGS MAX CYCLES 2000 EXCEEDED, BUT FUNC NOT CONVERGED!
protocols.relax.FastRelax: CMD: min  -1264.5  0.199165  0.199165  0.02805
protocols.relax.FastRelax: CMD: coord_cst_weight  -1350.17  0.199165  0.199165  0.02805
protocols.relax.FastRelax: CMD: scale:fa_rep  -994.458  0.199165  0.199165  0.14575
core.pack.task: Packer task: initialize from command line() 
core.pack.pack_rotamers: built 7388 rotamers at 493 positions.
core.pack.interaction_graph.interaction_graph_factory: Instantiating DensePDInteractionGraph
protocols.relax.FastRelax: CMD: repack  -1040.21  0.199165  0.199165  0.14575
protocols.relax.FastRelax: CMD: scale:fa_rep  -1020.14  0.199165  0.199165  0.154
protocols.relax.FastRelax: CMD: min  -1174.01  0.242835  0.242835  0.154
protocols.relax.FastRelax: CMD: coord_cst_weight  -1300.34  0.242835  0.242835  0.154
protocols.relax.FastRelax: CMD: scale:fa_rep  -1109.62  0.242835  0.242835  0.30745
core.pack.task: Packer task: initialize from command line() 
core.pack.pack_rotamers: built 7228 rotamers at 493 positions.
core.pack.interaction_graph.interaction_graph_factory: Instantiating DensePDInteractionGraph
protocols.relax.FastRelax: CMD: repack  -1109.13  0.242835  0.242835  0.30745
protocols.relax.FastRelax: CMD: scale:fa_rep  -1094.23  0.242835  0.242835  0.31955
protocols.relax.FastRelax: CMD: min  -1289.98  2.45768  2.45768  0.31955
protocols.relax.FastRelax: CMD: coord_cst_weight  -1289.98  2.45768  2.45768  0.31955
protocols.relax.FastRelax: CMD: scale:fa_rep  -1062.98  2.45768  2.45768  0.55
core.pack.task: Packer task: initialize from command line() 
core.pack.pack_rotamers: built 7106 rotamers at 493 positions.
core.pack.interaction_graph.interaction_graph_factory: Instantiating DensePDInteractionGraph
protocols.relax.FastRelax: CMD: repack  -1064.75  2.45768  2.45768  0.55
protocols.relax.FastRelax: CMD: min  -1112.09  2.87651  2.87651  0.55
protocols.relax.FastRelax: MRP: 7  -1112.09  -1113.48  3.19799  3.19799  
protocols.relax.FastRelax: CMD: accept_to_best  -1112.09  2.87651  2.87651  0.55
protocols.relax.FastRelax: CMD: endrepeat  -1112.09  2.87651  2.87651  0.55
protocols.relax.FastRelax: CMD: coord_cst_weight  58209.6  2.87651  2.87651  0.55
protocols.relax.FastRelax: CMD: scale:fa_rep  57844.3  2.87651  2.87651  0.022
core.pack.task: Packer task: initialize from command line() 
core.pack.pack_rotamers: built 7961 rotamers at 493 positions.
core.pack.interaction_graph.interaction_graph_factory: Instantiating DensePDInteractionGraph
protocols.relax.FastRelax: CMD: repack  57814.9  2.87651  2.87651  0.022
protocols.relax.FastRelax: CMD: scale:fa_rep  57822.9  2.87651  2.87651  0.02805
core.optimization.Minimizer: [ WARNING ] LBFGS MAX CYCLES 2000 EXCEEDED, BUT FUNC NOT CONVERGED!
protocols.relax.FastRelax: CMD: min  -1280.69  0.194098  0.194098  0.02805
protocols.relax.FastRelax: CMD: coord_cst_weight  -1363.59  0.194098  0.194098  0.02805
protocols.relax.FastRelax: CMD: scale:fa_rep  -1022.3  0.194098  0.194098  0.14575
core.pack.task: Packer task: initialize from command line() 
core.pack.pack_rotamers: built 7350 rotamers at 493 positions.
core.pack.interaction_graph.interaction_graph_factory: Instantiating DensePDInteractionGraph
protocols.relax.FastRelax: CMD: repack  -1050.91  0.194098  0.194098  0.14575
protocols.relax.FastRelax: CMD: scale:fa_rep  -1030.38  0.194098  0.194098  0.154
protocols.relax.FastRelax: CMD: min  -1178.21  0.243102  0.243102  0.154
protocols.relax.FastRelax: CMD: coord_cst_weight  -1305.29  0.243102  0.243102  0.154
protocols.relax.FastRelax: CMD: scale:fa_rep  -1114.07  0.243102  0.243102  0.30745
core.pack.task: Packer task: initialize from command line() 
core.pack.pack_rotamers: built 7205 rotamers at 493 positions.
core.pack.interaction_graph.interaction_graph_factory: Instantiating DensePDInteractionGraph
protocols.relax.FastRelax: CMD: repack  -1114.34  0.243102  0.243102  0.30745
protocols.relax.FastRelax: CMD: scale:fa_rep  -1099.33  0.243102  0.243102  0.31955
protocols.relax.FastRelax: CMD: min  -1292.18  2.588  2.588  0.31955
protocols.relax.FastRelax: CMD: coord_cst_weight  -1292.18  2.588  2.588  0.31955
protocols.relax.FastRelax: CMD: scale:fa_rep  -1064.9  2.588  2.588  0.55
core.pack.task: Packer task: initialize from command line() 
core.pack.pack_rotamers: built 7045 rotamers at 493 positions.
core.pack.interaction_graph.interaction_graph_factory: Instantiating DensePDInteractionGraph
protocols.relax.FastRelax: CMD: repack  -1066.29  2.588  2.588  0.55
protocols.relax.FastRelax: CMD: min  -1123.52  2.91115  2.91115  0.55
protocols.relax.FastRelax: MRP: 8  -1123.52  -1123.52  2.91115  2.91115  
protocols.relax.FastRelax: CMD: accept_to_best  -1123.52  2.91115  2.91115  0.55
protocols.relax.FastRelax: CMD: endrepeat  -1123.52  2.91115  2.91115  0.55
protocols.relax.FastRelax: CMD: coord_cst_weight  60208.6  2.91115  2.91115  0.55
protocols.relax.FastRelax: CMD: scale:fa_rep  59849  2.91115  2.91115  0.022
core.pack.task: Packer task: initialize from command line() 
core.pack.pack_rotamers: built 7997 rotamers at 493 positions.
core.pack.interaction_graph.interaction_graph_factory: Instantiating DensePDInteractionGraph
protocols.relax.FastRelax: CMD: repack  59826.6  2.91115  2.91115  0.022
protocols.relax.FastRelax: CMD: scale:fa_rep  59834.4  2.91115  2.91115  0.02805
core.optimization.Minimizer: [ WARNING ] LBFGS MAX CYCLES 2000 EXCEEDED, BUT FUNC NOT CONVERGED!
protocols.relax.FastRelax: CMD: min  -1271.77  0.196252  0.196252  0.02805
protocols.relax.FastRelax: CMD: coord_cst_weight  -1356.58  0.196252  0.196252  0.02805
protocols.relax.FastRelax: CMD: scale:fa_rep  -1018.4  0.196252  0.196252  0.14575
core.pack.task: Packer task: initialize from command line() 
core.pack.pack_rotamers: built 7407 rotamers at 493 positions.
core.pack.interaction_graph.interaction_graph_factory: Instantiating DensePDInteractionGraph
protocols.relax.FastRelax: CMD: repack  -1051.16  0.196252  0.196252  0.14575
protocols.relax.FastRelax: CMD: scale:fa_rep  -1031.01  0.196252  0.196252  0.154
protocols.relax.FastRelax: CMD: min  -1176.07  0.244148  0.244148  0.154
protocols.relax.FastRelax: CMD: coord_cst_weight  -1303.97  0.244148  0.244148  0.154
protocols.relax.FastRelax: CMD: scale:fa_rep  -1113.34  0.244148  0.244148  0.30745
core.pack.task: Packer task: initialize from command line() 
core.pack.pack_rotamers: built 7216 rotamers at 493 positions.
core.pack.interaction_graph.interaction_graph_factory: Instantiating DensePDInteractionGraph
protocols.relax.FastRelax: CMD: repack  -1113.72  0.244148  0.244148  0.30745
protocols.relax.FastRelax: CMD: scale:fa_rep  -1098.8  0.244148  0.244148  0.31955
protocols.relax.FastRelax: CMD: min  -1294.13  2.60849  2.60849  0.31955
protocols.relax.FastRelax: CMD: coord_cst_weight  -1294.13  2.60849  2.60849  0.31955
protocols.relax.FastRelax: CMD: scale:fa_rep  -1070.39  2.60849  2.60849  0.55
core.pack.task: Packer task: initialize from command line() 
core.pack.pack_rotamers: built 7096 rotamers at 493 positions.
core.pack.interaction_graph.interaction_graph_factory: Instantiating DensePDInteractionGraph
protocols.relax.FastRelax: CMD: repack  -1071.81  2.60849  2.60849  0.55
protocols.relax.FastRelax: CMD: min  -1115.99  2.75683  2.75683  0.55
protocols.relax.FastRelax: MRP: 9  -1115.99  -1123.52  2.91115  2.91115  
protocols.relax.FastRelax: CMD: accept_to_best  -1115.99  2.75683  2.75683  0.55
protocols.relax.FastRelax: CMD: endrepeat  -1115.99  2.75683  2.75683  0.55
protocols.relax.FastRelax: CMD: coord_cst_weight  51775.3  2.75683  2.75683  0.55
protocols.relax.FastRelax: CMD: scale:fa_rep  51414  2.75683  2.75683  0.022
core.pack.task: Packer task: initialize from command line() 
core.pack.pack_rotamers: built 7968 rotamers at 493 positions.
core.pack.interaction_graph.interaction_graph_factory: Instantiating DensePDInteractionGraph
protocols.relax.FastRelax: CMD: repack  51386  2.75683  2.75683  0.022
protocols.relax.FastRelax: CMD: scale:fa_rep  51393.8  2.75683  2.75683  0.02805
core.optimization.Minimizer: [ WARNING ] LBFGS MAX CYCLES 2000 EXCEEDED, BUT FUNC NOT CONVERGED!
protocols.relax.FastRelax: CMD: min  -1283.91  0.196161  0.196161  0.02805
protocols.relax.FastRelax: CMD: coord_cst_weight  -1367.81  0.196161  0.196161  0.02805
protocols.relax.FastRelax: CMD: scale:fa_rep  -1027.74  0.196161  0.196161  0.14575
core.pack.task: Packer task: initialize from command line() 
core.pack.pack_rotamers: built 7387 rotamers at 493 positions.
core.pack.interaction_graph.interaction_graph_factory: Instantiating DensePDInteractionGraph
protocols.relax.FastRelax: CMD: repack  -1058.63  0.196161  0.196161  0.14575
protocols.relax.FastRelax: CMD: scale:fa_rep  -1038.32  0.196161  0.196161  0.154
protocols.relax.FastRelax: CMD: min  -1177.63  0.243187  0.243187  0.154
protocols.relax.FastRelax: CMD: coord_cst_weight  -1304.27  0.243187  0.243187  0.154
protocols.relax.FastRelax: CMD: scale:fa_rep  -1111.47  0.243187  0.243187  0.30745
core.pack.task: Packer task: initialize from command line() 
core.pack.pack_rotamers: built 7206 rotamers at 493 positions.
core.pack.interaction_graph.interaction_graph_factory: Instantiating DensePDInteractionGraph
protocols.relax.FastRelax: CMD: repack  -1106.78  0.243187  0.243187  0.30745
protocols.relax.FastRelax: CMD: scale:fa_rep  -1091.57  0.243187  0.243187  0.31955
protocols.relax.FastRelax: CMD: min  -1289.63  2.03488  2.03488  0.31955
protocols.relax.FastRelax: CMD: coord_cst_weight  -1289.63  2.03488  2.03488  0.31955
protocols.relax.FastRelax: CMD: scale:fa_rep  -1064.53  2.03488  2.03488  0.55
core.pack.task: Packer task: initialize from command line() 
core.pack.pack_rotamers: built 7028 rotamers at 493 positions.
core.pack.interaction_graph.interaction_graph_factory: Instantiating DensePDInteractionGraph
protocols.relax.FastRelax: CMD: repack  -1065.77  2.03488  2.03488  0.55
protocols.relax.FastRelax: CMD: min  -1110.34  2.32304  2.32304  0.55
protocols.relax.FastRelax: MRP: 10  -1110.34  -1123.52  2.91115  2.91115  
protocols.relax.FastRelax: CMD: accept_to_best  -1110.34  2.32304  2.32304  0.55
protocols.relax.FastRelax: CMD: endrepeat  -1110.34  2.32304  2.32304  0.55
protocols.relax.FastRelax: CMD: coord_cst_weight  47879.5  2.32304  2.32304  0.55
protocols.relax.FastRelax: CMD: scale:fa_rep  47521.8  2.32304  2.32304  0.022
core.pack.task: Packer task: initialize from command line() 
core.pack.pack_rotamers: built 7955 rotamers at 493 positions.
core.pack.interaction_graph.interaction_graph_factory: Instantiating DensePDInteractionGraph
protocols.relax.FastRelax: CMD: repack  47494  2.32304  2.32304  0.022
protocols.relax.FastRelax: CMD: scale:fa_rep  47502.7  2.32304  2.32304  0.02805
core.optimization.Minimizer: [ WARNING ] LBFGS MAX CYCLES 2000 EXCEEDED, BUT FUNC NOT CONVERGED!
protocols.relax.FastRelax: CMD: min  -1285.96  0.195429  0.195429  0.02805
protocols.relax.FastRelax: CMD: coord_cst_weight  -1369.01  0.195429  0.195429  0.02805
protocols.relax.FastRelax: CMD: scale:fa_rep  -1023.56  0.195429  0.195429  0.14575
core.pack.task: Packer task: initialize from command line() 
core.pack.pack_rotamers: built 7423 rotamers at 493 positions.
core.pack.interaction_graph.interaction_graph_factory: Instantiating DensePDInteractionGraph
protocols.relax.FastRelax: CMD: repack  -1054.03  0.195429  0.195429  0.14575
protocols.relax.FastRelax: CMD: scale:fa_rep  -1033.57  0.195429  0.195429  0.154
protocols.relax.FastRelax: CMD: min  -1183.78  0.243069  0.243069  0.154
protocols.relax.FastRelax: CMD: coord_cst_weight  -1310.29  0.243069  0.243069  0.154
protocols.relax.FastRelax: CMD: scale:fa_rep  -1118.59  0.243069  0.243069  0.30745
core.pack.task: Packer task: initialize from command line() 
core.pack.pack_rotamers: built 7186 rotamers at 493 positions.
core.pack.interaction_graph.interaction_graph_factory: Instantiating DensePDInteractionGraph
protocols.relax.FastRelax: CMD: repack  -1119.33  0.243069  0.243069  0.30745
protocols.relax.FastRelax: CMD: scale:fa_rep  -1104.38  0.243069  0.243069  0.31955
protocols.relax.FastRelax: CMD: min  -1294.59  2.64948  2.64948  0.31955
protocols.relax.FastRelax: CMD: coord_cst_weight  -1294.59  2.64948  2.64948  0.31955
protocols.relax.FastRelax: CMD: scale:fa_rep  -1070.78  2.64948  2.64948  0.55
core.pack.task: Packer task: initialize from command line() 
core.pack.pack_rotamers: built 7054 rotamers at 493 positions.
core.pack.interaction_graph.interaction_graph_factory: Instantiating DensePDInteractionGraph
protocols.relax.FastRelax: CMD: repack  -1068.34  2.64948  2.64948  0.55
protocols.relax.FastRelax: CMD: min  -1121.66  2.97687  2.97687  0.55
protocols.relax.FastRelax: MRP: 11  -1121.66  -1123.52  2.91115  2.91115  
protocols.relax.FastRelax: CMD: accept_to_best  -1121.66  2.97687  2.97687  0.55
protocols.relax.FastRelax: CMD: endrepeat  -1121.66  2.97687  2.97687  0.55
protocols.relax.FastRelax: CMD: coord_cst_weight  65553.9  2.97687  2.97687  0.55
protocols.relax.FastRelax: CMD: scale:fa_rep  65197.2  2.97687  2.97687  0.022
core.pack.task: Packer task: initialize from command line() 
core.pack.pack_rotamers: built 8040 rotamers at 493 positions.
core.pack.interaction_graph.interaction_graph_factory: Instantiating DensePDInteractionGraph
protocols.relax.FastRelax: CMD: repack  65169.6  2.97687  2.97687  0.022
protocols.relax.FastRelax: CMD: scale:fa_rep  65177.4  2.97687  2.97687  0.02805
core.optimization.Minimizer: [ WARNING ] LBFGS MAX CYCLES 2000 EXCEEDED, BUT FUNC NOT CONVERGED!
protocols.relax.FastRelax: CMD: min  -1283.21  0.199252  0.199252  0.02805
protocols.relax.FastRelax: CMD: coord_cst_weight  -1369.23  0.199252  0.199252  0.02805
protocols.relax.FastRelax: CMD: scale:fa_rep  -1021.51  0.199252  0.199252  0.14575
core.pack.task: Packer task: initialize from command line() 
core.pack.pack_rotamers: built 7344 rotamers at 493 positions.
core.pack.interaction_graph.interaction_graph_factory: Instantiating DensePDInteractionGraph
protocols.relax.FastRelax: CMD: repack  -1053.14  0.199252  0.199252  0.14575
protocols.relax.FastRelax: CMD: scale:fa_rep  -1032.98  0.199252  0.199252  0.154
protocols.relax.FastRelax: CMD: min  -1183.22  0.246891  0.246891  0.154
protocols.relax.FastRelax: CMD: coord_cst_weight  -1312.85  0.246891  0.246891  0.154
protocols.relax.FastRelax: CMD: scale:fa_rep  -1121.02  0.246891  0.246891  0.30745
core.pack.task: Packer task: initialize from command line() 
core.pack.pack_rotamers: built 7189 rotamers at 493 positions.
core.pack.interaction_graph.interaction_graph_factory: Instantiating DensePDInteractionGraph
protocols.relax.FastRelax: CMD: repack  -1121.33  0.246891  0.246891  0.30745
protocols.relax.FastRe