********  (C) Copyright Rosetta Commons Member Institutions.  ***************
* Use of Rosetta for commercial purposes may require purchase of a license. *
********  See LICENSE.md or email license@uw.edu for more details. **********
core.init: Checking for fconfig files in pwd and ./rosetta/flags 
core.init: Rosetta version: rosetta.binary.ubuntu.release-408 r408 2025.37+release.df75a9c48e df75a9c48e763e52a7aa3f5dfba077f4da88dbf5 https://www.rosettacommons.org 2025-09-10T02:14:08.564791
core.init: Rosetta extras: []
core.init: command: /home/gbiuser/Downloads/rosetta.binary.ubuntu.release-408/main/source/bin/relax.default.linuxgccrelease -s ../1-loopmodel/PDE4B_modeller.pdb -relax:thorough -relax:constrain_relax_to_start_coords -constraints:cst_file cst.cst -nstruct 5 -out:suffix _8 -out:file:silent relax_8.silent -out:file:silent_struct_type binary
basic.random.init_random_generator: 'RNG device' seed mode, using '/dev/urandom', seed=-701542945 seed_offset=0 real_seed=-701542945
basic.random.init_random_generator: RandomGenerator:init: Normal mode, seed=-701542945 RG_type=mt19937
core.init: Resolved executable path: /home/gbiuser/Downloads/rosetta.binary.ubuntu.release-408/main/source/build/src/release/linux/6.8/64/x86/gcc/11/default/relax.default.linuxgccrelease
core.init: Looking for database based on location of executable: /home/gbiuser/Downloads/rosetta.binary.ubuntu.release-408/main/database/
core.scoring.ScoreFunctionFactory: SCOREFUNCTION: ref2015
core.scoring.etable: Starting energy table calculation
core.scoring.etable: smooth_etable: changing atr/rep split to bottom of energy well
core.scoring.etable: smooth_etable: spline smoothing lj etables (maxdis = 6)
core.scoring.etable: smooth_etable: spline smoothing solvation etables (max_dis = 6)
core.scoring.etable: Finished calculating energy tables.
basic.io.database: Database file opened: scoring/score_functions/hbonds/ref2015_params/HBPoly1D.csv
basic.io.database: Database file opened: scoring/score_functions/hbonds/ref2015_params/HBFadeIntervals.csv
basic.io.database: Database file opened: scoring/score_functions/hbonds/ref2015_params/HBEval.csv
basic.io.database: Database file opened: scoring/score_functions/hbonds/ref2015_params/DonStrength.csv
basic.io.database: Database file opened: scoring/score_functions/hbonds/ref2015_params/AccStrength.csv
core.chemical.GlobalResidueTypeSet: Finished initializing fa_standard residue type set.  Created 985 residue types
core.chemical.GlobalResidueTypeSet: Total time to initialize 1.21834 seconds.
basic.io.database: Database file opened: scoring/score_functions/rama/fd/all.ramaProb
basic.io.database: Database file opened: scoring/score_functions/rama/fd/prepro.ramaProb
basic.io.database: Database file opened: scoring/score_functions/omega/omega_ppdep.all.txt
basic.io.database: Database file opened: scoring/score_functions/omega/omega_ppdep.gly.txt
basic.io.database: Database file opened: scoring/score_functions/omega/omega_ppdep.pro.txt
basic.io.database: Database file opened: scoring/score_functions/omega/omega_ppdep.valile.txt
basic.io.database: Database file opened: scoring/score_functions/P_AA_pp/P_AA
basic.io.database: Database file opened: scoring/score_functions/P_AA_pp/P_AA_n
core.scoring.P_AA: shapovalov_lib::shap_p_aa_pp_smooth_level of 1( aka low_smooth ) got activated.
basic.io.database: Database file opened: scoring/score_functions/P_AA_pp/shapovalov/10deg/kappa131/a20.prop
protocols.relax.RelaxScriptManager: Reading relax scripts list from database.
protocols.relax.RelaxScriptManager: Looking for MonomerRelax2019.txt
protocols.relax.RelaxScriptManager: ================== Reading script file: /home/gbiuser/Downloads/rosetta.binary.ubuntu.release-408/main/database/sampling/relax_scripts/MonomerRelax2019.txt ==================
protocols.relax.RelaxScriptManager: repeat %%nrepeats%%
protocols.relax.RelaxScriptManager: coord_cst_weight 1.0
protocols.relax.RelaxScriptManager: scale:fa_rep 0.040
protocols.relax.RelaxScriptManager: repack
protocols.relax.RelaxScriptManager: scale:fa_rep 0.051
protocols.relax.RelaxScriptManager: min 0.01
protocols.relax.RelaxScriptManager: coord_cst_weight 0.5
protocols.relax.RelaxScriptManager: scale:fa_rep 0.265
protocols.relax.RelaxScriptManager: repack
protocols.relax.RelaxScriptManager: scale:fa_rep 0.280
protocols.relax.RelaxScriptManager: min 0.01
protocols.relax.RelaxScriptManager: coord_cst_weight 0.0
protocols.relax.RelaxScriptManager: scale:fa_rep 0.559
protocols.relax.RelaxScriptManager: repack
protocols.relax.RelaxScriptManager: scale:fa_rep 0.581
protocols.relax.RelaxScriptManager: min 0.01
protocols.relax.RelaxScriptManager: coord_cst_weight 0.0
protocols.relax.RelaxScriptManager: scale:fa_rep 1
protocols.relax.RelaxScriptManager: repack
protocols.relax.RelaxScriptManager: min 0.00001
protocols.relax.RelaxScriptManager: accept_to_best
protocols.relax.RelaxScriptManager: endrepeat
core.scoring.constraints.util: Constraint choice: cst.cst
protocols.jd2.PDBJobInputter: Instantiate PDBJobInputter
protocols.jd2.PDBJobInputter: PDBJobInputter::fill_jobs
protocols.jd2.PDBJobInputter: pushed ../1-loopmodel/PDE4B_modeller.pdb nstruct indices 1 - 5
protocols.evaluation.ChiWellRmsdEvaluatorCreator: Evaluation Creator active ... 
protocols.jd2.PDBJobInputter: PDBJobInputter::pose_from_job
protocols.jd2.PDBJobInputter: filling pose from PDB ../1-loopmodel/PDE4B_modeller.pdb
core.import_pose.import_pose: File '../1-loopmodel/PDE4B_modeller.pdb' automatically determined to be of type PDB from contents.
core.io.rcsb.ExperimentalTechnique: [ ERROR ] Unrecognized experimental technique string 'THEORETICAL MODEL, MODELLER 10.8 2026/07/02 21:08:38'
core.io.pose_from_sfr.PoseFromSFRBuilder: [ WARNING ] discarding 3 atoms at position 1 in file ../1-loopmodel/PDE4B_modeller.pdb. Best match rsd_type:  VAL:NtermProteinFull
core.io.pose_from_sfr.PoseFromSFRBuilder: [ WARNING ] discarding 1 atoms at position 245 in file ../1-loopmodel/PDE4B_modeller.pdb. Best match rsd_type:  HIS
core.scoring.constraints.ConstraintsIO: read constraints from cst.cst
core.scoring.constraints.ConstraintsIO: Read in 15 constraints
basic.io.database: Database file opened: scoring/score_functions/elec_cp_reps.dat
core.scoring.elec.util: Read 40 countpair representative atoms
core.pack.dunbrack.RotamerLibrary: shapovalov_lib_fixes_enable option is true.
core.pack.dunbrack.RotamerLibrary: shapovalov_lib::shap_dun10_smooth_level of 1( aka lowest_smooth ) got activated.
core.pack.dunbrack.RotamerLibrary: Binary rotamer library selected: /home/gbiuser/Downloads/rosetta.binary.ubuntu.release-408/main/database/rotamer/shapovalov/StpDwn_0-0-0/Dunbrack10.lib.bin
core.pack.dunbrack.RotamerLibrary: Using Dunbrack library binary file '/home/gbiuser/Downloads/rosetta.binary.ubuntu.release-408/main/database/rotamer/shapovalov/StpDwn_0-0-0/Dunbrack10.lib.bin'.
core.pack.dunbrack.RotamerLibrary: Dunbrack 2010 library took 0.254024 seconds to load from binary
protocols.relax.FastRelax: CMD: repeat  3311.98  0  0  0.55
protocols.relax.FastRelax: CMD: coord_cst_weight  3311.98  0  0  0.55
protocols.relax.FastRelax: CMD: scale:fa_rep  895.021  0  0  0.022
core.pack.task: Packer task: initialize from command line() 
core.pack.pack_rotamers: built 8348 rotamers at 493 positions.
core.pack.interaction_graph.interaction_graph_factory: Instantiating DensePDInteractionGraph
protocols.relax.FastRelax: CMD: repack  -845.457  0  0  0.022
protocols.relax.FastRelax: CMD: scale:fa_rep  -809.175  0  0  0.02805
core.optimization.Minimizer: [ WARNING ] LBFGS MAX CYCLES 2000 EXCEEDED, BUT FUNC NOT CONVERGED!
protocols.relax.FastRelax: CMD: min  -1260.64  0.154906  0.154906  0.02805
protocols.relax.FastRelax: CMD: coord_cst_weight  -1311.61  0.154906  0.154906  0.02805
protocols.relax.FastRelax: CMD: scale:fa_rep  -909.561  0.154906  0.154906  0.14575
core.pack.task: Packer task: initialize from command line() 
core.pack.pack_rotamers: built 7454 rotamers at 493 positions.
core.pack.interaction_graph.interaction_graph_factory: Instantiating DensePDInteractionGraph
protocols.relax.FastRelax: CMD: repack  -930.508  0.154906  0.154906  0.14575
protocols.relax.FastRelax: CMD: scale:fa_rep  -906.675  0.154906  0.154906  0.154
core.optimization.Minimizer: [ WARNING ] LBFGS MAX CYCLES 2000 EXCEEDED, BUT FUNC NOT CONVERGED!
protocols.relax.FastRelax: CMD: min  -1119.58  0.214526  0.214526  0.154
protocols.relax.FastRelax: CMD: coord_cst_weight  -1218.07  0.214526  0.214526  0.154
protocols.relax.FastRelax: CMD: scale:fa_rep  -1018.97  0.214526  0.214526  0.30745
core.pack.task: Packer task: initialize from command line() 
core.pack.pack_rotamers: built 7281 rotamers at 493 positions.
core.pack.interaction_graph.interaction_graph_factory: Instantiating DensePDInteractionGraph
protocols.relax.FastRelax: CMD: repack  -1021.2  0.214526  0.214526  0.30745
protocols.relax.FastRelax: CMD: scale:fa_rep  -1005.86  0.214526  0.214526  0.31955
protocols.relax.FastRelax: CMD: min  -1217.09  2.01312  2.01312  0.31955
protocols.relax.FastRelax: CMD: coord_cst_weight  -1217.09  2.01312  2.01312  0.31955
protocols.relax.FastRelax: CMD: scale:fa_rep  -995.093  2.01312  2.01312  0.55
core.pack.task: Packer task: initialize from command line() 
core.pack.pack_rotamers: built 7103 rotamers at 493 positions.
core.pack.interaction_graph.interaction_graph_factory: Instantiating DensePDInteractionGraph
protocols.relax.FastRelax: CMD: repack  -1008.26  2.01312  2.01312  0.55
protocols.relax.FastRelax: CMD: min  -1086.01  2.47357  2.47357  0.55
protocols.relax.FastRelax: MRP: 0  -1086.01  -1086.01  2.47357  2.47357  
protocols.relax.FastRelax: CMD: accept_to_best  -1086.01  2.47357  2.47357  0.55
protocols.relax.FastRelax: CMD: endrepeat  -1086.01  2.47357  2.47357  0.55
protocols.relax.FastRelax: CMD: coord_cst_weight  88834  2.47357  2.47357  0.55
protocols.relax.FastRelax: CMD: scale:fa_rep  88481.6  2.47357  2.47357  0.022
core.pack.task: Packer task: initialize from command line() 
core.pack.pack_rotamers: built 7894 rotamers at 493 positions.
core.pack.interaction_graph.interaction_graph_factory: Instantiating DensePDInteractionGraph
protocols.relax.FastRelax: CMD: repack  88467.3  2.47357  2.47357  0.022
protocols.relax.FastRelax: CMD: scale:fa_rep  88478.8  2.47357  2.47357  0.02805
core.optimization.Minimizer: [ WARNING ] LBFGS MAX CYCLES 2000 EXCEEDED, BUT FUNC NOT CONVERGED!
protocols.relax.FastRelax: CMD: min  -1230.09  0.195283  0.195283  0.02805
protocols.relax.FastRelax: CMD: coord_cst_weight  -1311.78  0.195283  0.195283  0.02805
protocols.relax.FastRelax: CMD: scale:fa_rep  -895.398  0.195283  0.195283  0.14575
core.pack.task: Packer task: initialize from command line() 
core.pack.pack_rotamers: built 7464 rotamers at 493 positions.
core.pack.interaction_graph.interaction_graph_factory: Instantiating DensePDInteractionGraph
protocols.relax.FastRelax: CMD: repack  -971.342  0.195283  0.195283  0.14575
protocols.relax.FastRelax: CMD: scale:fa_rep  -949.875  0.195283  0.195283  0.154
protocols.relax.FastRelax: CMD: min  -1152.2  0.233687  0.233687  0.154
protocols.relax.FastRelax: CMD: coord_cst_weight  -1270.6  0.233687  0.233687  0.154
protocols.relax.FastRelax: CMD: scale:fa_rep  -1076.37  0.233687  0.233687  0.30745
core.pack.task: Packer task: initialize from command line() 
core.pack.pack_rotamers: built 7308 rotamers at 493 positions.
core.pack.interaction_graph.interaction_graph_factory: Instantiating DensePDInteractionGraph
protocols.relax.FastRelax: CMD: repack  -1075.62  0.233687  0.233687  0.30745
protocols.relax.FastRelax: CMD: scale:fa_rep  -1060.57  0.233687  0.233687  0.31955
protocols.relax.FastRelax: CMD: min  -1263.18  2.32025  2.32025  0.31955
protocols.relax.FastRelax: CMD: coord_cst_weight  -1263.18  2.32025  2.32025  0.31955
protocols.relax.FastRelax: CMD: scale:fa_rep  -1042.65  2.32025  2.32025  0.55
core.pack.task: Packer task: initialize from command line() 
core.pack.pack_rotamers: built 7087 rotamers at 493 positions.
core.pack.interaction_graph.interaction_graph_factory: Instantiating DensePDInteractionGraph
protocols.relax.FastRelax: CMD: repack  -1048.85  2.32025  2.32025  0.55
protocols.relax.FastRelax: CMD: min  -1111.35  2.53245  2.53245  0.55
protocols.relax.FastRelax: MRP: 1  -1111.35  -1111.35  2.53245  2.53245  
protocols.relax.FastRelax: CMD: accept_to_best  -1111.35  2.53245  2.53245  0.55
protocols.relax.FastRelax: CMD: endrepeat  -1111.35  2.53245  2.53245  0.55
protocols.relax.FastRelax: CMD: coord_cst_weight  68701.2  2.53245  2.53245  0.55
protocols.relax.FastRelax: CMD: scale:fa_rep  68350.7  2.53245  2.53245  0.022
core.pack.task: Packer task: initialize from command line() 
core.pack.pack_rotamers: built 7883 rotamers at 493 positions.
core.pack.interaction_graph.interaction_graph_factory: Instantiating DensePDInteractionGraph
protocols.relax.FastRelax: CMD: repack  68324.5  2.53245  2.53245  0.022
protocols.relax.FastRelax: CMD: scale:fa_rep  68334.5  2.53245  2.53245  0.02805
core.optimization.Minimizer: [ WARNING ] LBFGS MAX CYCLES 2000 EXCEEDED, BUT FUNC NOT CONVERGED!
protocols.relax.FastRelax: CMD: min  -1269.77  0.19547  0.19547  0.02805
protocols.relax.FastRelax: CMD: coord_cst_weight  -1353.22  0.19547  0.19547  0.02805
protocols.relax.FastRelax: CMD: scale:fa_rep  -987.502  0.19547  0.19547  0.14575
core.pack.task: Packer task: initialize from command line() 
core.pack.pack_rotamers: built 7454 rotamers at 493 positions.
core.pack.interaction_graph.interaction_graph_factory: Instantiating DensePDInteractionGraph
protocols.relax.FastRelax: CMD: repack  -1023.2  0.19547  0.19547  0.14575
protocols.relax.FastRelax: CMD: scale:fa_rep  -1002.51  0.19547  0.19547  0.154
protocols.relax.FastRelax: CMD: min  -1164.04  0.242097  0.242097  0.154
protocols.relax.FastRelax: CMD: coord_cst_weight  -1291.26  0.242097  0.242097  0.154
protocols.relax.FastRelax: CMD: scale:fa_rep  -1099.49  0.242097  0.242097  0.30745
core.pack.task: Packer task: initialize from command line() 
core.pack.pack_rotamers: built 7288 rotamers at 493 positions.
core.pack.interaction_graph.interaction_graph_factory: Instantiating DensePDInteractionGraph
protocols.relax.FastRelax: CMD: repack  -1101.01  0.242097  0.242097  0.30745
protocols.relax.FastRelax: CMD: scale:fa_rep  -1086.13  0.242097  0.242097  0.31955
protocols.relax.FastRelax: CMD: min  -1279.82  2.40713  2.40713  0.31955
protocols.relax.FastRelax: CMD: coord_cst_weight  -1279.82  2.40713  2.40713  0.31955
protocols.relax.FastRelax: CMD: scale:fa_rep  -1055.81  2.40713  2.40713  0.55
core.pack.task: Packer task: initialize from command line() 
core.pack.pack_rotamers: built 7007 rotamers at 493 positions.
core.pack.interaction_graph.interaction_graph_factory: Instantiating DensePDInteractionGraph
protocols.relax.FastRelax: CMD: repack  -1058.09  2.40713  2.40713  0.55
protocols.relax.FastRelax: CMD: min  -1106.72  2.43037  2.43037  0.55
protocols.relax.FastRelax: MRP: 2  -1106.72  -1111.35  2.53245  2.53245  
protocols.relax.FastRelax: CMD: accept_to_best  -1106.72  2.43037  2.43037  0.55
protocols.relax.FastRelax: CMD: endrepeat  -1106.72  2.43037  2.43037  0.55
protocols.relax.FastRelax: CMD: coord_cst_weight  54072.8  2.43037  2.43037  0.55
protocols.relax.FastRelax: CMD: scale:fa_rep  53717.3  2.43037  2.43037  0.022
core.pack.task: Packer task: initialize from command line() 
core.pack.pack_rotamers: built 7881 rotamers at 493 positions.
core.pack.interaction_graph.interaction_graph_factory: Instantiating DensePDInteractionGraph
protocols.relax.FastRelax: CMD: repack  53682.6  2.43037  2.43037  0.022
protocols.relax.FastRelax: CMD: scale:fa_rep  53691.7  2.43037  2.43037  0.02805
core.optimization.Minimizer: [ WARNING ] LBFGS MAX CYCLES 2000 EXCEEDED, BUT FUNC NOT CONVERGED!
protocols.relax.FastRelax: CMD: min  -1285.5  0.196678  0.196678  0.02805
protocols.relax.FastRelax: CMD: coord_cst_weight  -1369.05  0.196678  0.196678  0.02805
protocols.relax.FastRelax: CMD: scale:fa_rep  -1015.92  0.196678  0.196678  0.14575
core.pack.task: Packer task: initialize from command line() 
core.pack.pack_rotamers: built 7417 rotamers at 493 positions.
core.pack.interaction_graph.interaction_graph_factory: Instantiating DensePDInteractionGraph
protocols.relax.FastRelax: CMD: repack  -1045.22  0.196678  0.196678  0.14575
protocols.relax.FastRelax: CMD: scale:fa_rep  -1024.45  0.196678  0.196678  0.154
protocols.relax.FastRelax: CMD: min  -1170.23  0.24165  0.24165  0.154
protocols.relax.FastRelax: CMD: coord_cst_weight  -1296.42  0.24165  0.24165  0.154
protocols.relax.FastRelax: CMD: scale:fa_rep  -1101.92  0.24165  0.24165  0.30745
core.pack.task: Packer task: initialize from command line() 
core.pack.pack_rotamers: built 7262 rotamers at 493 positions.
core.pack.interaction_graph.interaction_graph_factory: Instantiating DensePDInteractionGraph
protocols.relax.FastRelax: CMD: repack  -1103.64  0.24165  0.24165  0.30745
protocols.relax.FastRelax: CMD: scale:fa_rep  -1088.51  0.24165  0.24165  0.31955
protocols.relax.FastRelax: CMD: min  -1284.03  1.97046  1.97046  0.31955
protocols.relax.FastRelax: CMD: coord_cst_weight  -1284.03  1.97046  1.97046  0.31955
protocols.relax.FastRelax: CMD: scale:fa_rep  -1061.18  1.97046  1.97046  0.55
core.pack.task: Packer task: initialize from command line() 
core.pack.pack_rotamers: built 6987 rotamers at 493 positions.
core.pack.interaction_graph.interaction_graph_factory: Instantiating DensePDInteractionGraph
protocols.relax.FastRelax: CMD: repack  -1063.92  1.97046  1.97046  0.55
protocols.relax.FastRelax: CMD: min  -1123.57  2.48441  2.48441  0.55
protocols.relax.FastRelax: MRP: 3  -1123.57  -1123.57  2.48441  2.48441  
protocols.relax.FastRelax: CMD: accept_to_best  -1123.57  2.48441  2.48441  0.55
protocols.relax.FastRelax: CMD: endrepeat  -1123.57  2.48441  2.48441  0.55
protocols.relax.FastRelax: CMD: coord_cst_weight  48885.6  2.48441  2.48441  0.55
protocols.relax.FastRelax: CMD: scale:fa_rep  48529.1  2.48441  2.48441  0.022
core.pack.task: Packer task: initialize from command line() 
core.pack.pack_rotamers: built 7863 rotamers at 493 positions.
core.pack.interaction_graph.interaction_graph_factory: Instantiating DensePDInteractionGraph
protocols.relax.FastRelax: CMD: repack  48503.6  2.48441  2.48441  0.022
protocols.relax.FastRelax: CMD: scale:fa_rep  48510.6  2.48441  2.48441  0.02805
core.optimization.Minimizer: [ WARNING ] LBFGS MAX CYCLES 2000 EXCEEDED, BUT FUNC NOT CONVERGED!
protocols.relax.FastRelax: CMD: min  -1278.79  0.199653  0.199653  0.02805
protocols.relax.FastRelax: CMD: coord_cst_weight  -1363.92  0.199653  0.199653  0.02805
protocols.relax.FastRelax: CMD: scale:fa_rep  -1015.54  0.199653  0.199653  0.14575
core.pack.task: Packer task: initialize from command line() 
core.pack.pack_rotamers: built 7395 rotamers at 493 positions.
core.pack.interaction_graph.interaction_graph_factory: Instantiating DensePDInteractionGraph
protocols.relax.FastRelax: CMD: repack  -1046.05  0.199653  0.199653  0.14575
protocols.relax.FastRelax: CMD: scale:fa_rep  -1025.24  0.199653  0.199653  0.154
protocols.relax.FastRelax: CMD: min  -1171.2  0.243945  0.243945  0.154
protocols.relax.FastRelax: CMD: coord_cst_weight  -1299.42  0.243945  0.243945  0.154
protocols.relax.FastRelax: CMD: scale:fa_rep  -1106.34  0.243945  0.243945  0.30745
core.pack.task: Packer task: initialize from command line() 
core.pack.pack_rotamers: built 7272 rotamers at 493 positions.
core.pack.interaction_graph.interaction_graph_factory: Instantiating DensePDInteractionGraph
protocols.relax.FastRelax: CMD: repack  -1107.54  0.243945  0.243945  0.30745
protocols.relax.FastRelax: CMD: scale:fa_rep  -1092.49  0.243945  0.243945  0.31955
protocols.relax.FastRelax: CMD: min  -1291.05  2.37995  2.37995  0.31955
protocols.relax.FastRelax: CMD: coord_cst_weight  -1291.05  2.37995  2.37995  0.31955
protocols.relax.FastRelax: CMD: scale:fa_rep  -1068.33  2.37995  2.37995  0.55
core.pack.task: Packer task: initialize from command line() 
core.pack.pack_rotamers: built 6994 rotamers at 493 positions.
core.pack.interaction_graph.interaction_graph_factory: Instantiating DensePDInteractionGraph
protocols.relax.FastRelax: CMD: repack  -1069.69  2.37995  2.37995  0.55
protocols.relax.FastRelax: CMD: min  -1124.22  2.57458  2.57458  0.55
protocols.relax.FastRelax: MRP: 4  -1124.22  -1124.22  2.57458  2.57458  
protocols.relax.FastRelax: CMD: accept_to_best  -1124.22  2.57458  2.57458  0.55
protocols.relax.FastRelax: CMD: endrepeat  -1124.22  2.57458  2.57458  0.55
protocols.relax.FastRelax: CMD: coord_cst_weight  61227.9  2.57458  2.57458  0.55
protocols.relax.FastRelax: CMD: scale:fa_rep  60872.5  2.57458  2.57458  0.022
core.pack.task: Packer task: initialize from command line() 
core.pack.pack_rotamers: built 7845 rotamers at 493 positions.
core.pack.interaction_graph.interaction_graph_factory: Instantiating DensePDInteractionGraph
protocols.relax.FastRelax: CMD: repack  60844.5  2.57458  2.57458  0.022
protocols.relax.FastRelax: CMD: scale:fa_rep  60854.4  2.57458  2.57458  0.02805
core.optimization.Minimizer: [ WARNING ] LBFGS MAX CYCLES 2000 EXCEEDED, BUT FUNC NOT CONVERGED!
protocols.relax.FastRelax: CMD: min  -1288.16  0.197993  0.197993  0.02805
protocols.relax.FastRelax: CMD: coord_cst_weight  -1373.59  0.197993  0.197993  0.02805
protocols.relax.FastRelax: CMD: scale:fa_rep  -1013.52  0.197993  0.197993  0.14575
core.pack.task: Packer task: initialize from command line() 
core.pack.pack_rotamers: built 7377 rotamers at 493 positions.
core.pack.interaction_graph.interaction_graph_factory: Instantiating DensePDInteractionGraph
protocols.relax.FastRelax: CMD: repack  -1047.73  0.197993  0.197993  0.14575
protocols.relax.FastRelax: CMD: scale:fa_rep  -1026.86  0.197993  0.197993  0.154
protocols.relax.FastRelax: CMD: min  -1179.48  0.245805  0.245805  0.154
protocols.relax.FastRelax: CMD: coord_cst_weight  -1308.56  0.245805  0.245805  0.154
protocols.relax.FastRelax: CMD: scale:fa_rep  -1114.02  0.245805  0.245805  0.30745
core.pack.task: Packer task: initialize from command line() 
core.pack.pack_rotamers: built 7267 rotamers at 493 positions.
core.pack.interaction_graph.interaction_graph_factory: Instantiating DensePDInteractionGraph
protocols.relax.FastRelax: CMD: repack  -1110.48  0.245805  0.245805  0.30745
protocols.relax.FastRelax: CMD: scale:fa_rep  -1095.22  0.245805  0.245805  0.31955
protocols.relax.FastRelax: CMD: min  -1298.77  1.59076  1.59076  0.31955
protocols.relax.FastRelax: CMD: coord_cst_weight  -1298.77  1.59076  1.59076  0.31955
protocols.relax.FastRelax: CMD: scale:fa_rep  -1074.33  1.59076  1.59076  0.55
core.pack.task: Packer task: initialize from command line() 
core.pack.pack_rotamers: built 6984 rotamers at 493 positions.
core.pack.interaction_graph.interaction_graph_factory: Instantiating DensePDInteractionGraph
protocols.relax.FastRelax: CMD: repack  -1075.91  1.59076  1.59076  0.55
protocols.relax.FastRelax: CMD: min  -1111.91  1.55527  1.55527  0.55
protocols.relax.FastRelax: MRP: 5  -1111.91  -1124.22  2.57458  2.57458  
protocols.relax.FastRelax: CMD: accept_to_best  -1111.91  1.55527  1.55527  0.55
protocols.relax.FastRelax: CMD: endrepeat  -1111.91  1.55527  1.55527  0.55
protocols.relax.FastRelax: CMD: coord_cst_weight  28300.4  1.55527  1.55527  0.55
protocols.relax.FastRelax: CMD: scale:fa_rep  27926.4  1.55527  1.55527  0.022
core.pack.task: Packer task: initialize from command line() 
core.pack.pack_rotamers: built 7846 rotamers at 493 positions.
core.pack.interaction_graph.interaction_graph_factory: Instantiating DensePDInteractionGraph
protocols.relax.FastRelax: CMD: repack  27910  1.55527  1.55527  0.022
protocols.relax.FastRelax: CMD: scale:fa_rep  27919.3  1.55527  1.55527  0.02805
core.optimization.Minimizer: [ WARNING ] LBFGS MAX CYCLES 2000 EXCEEDED, BUT FUNC NOT CONVERGED!
protocols.relax.FastRelax: CMD: min  -1294.68  0.195483  0.195483  0.02805
protocols.relax.FastRelax: CMD: coord_cst_weight  -1377.61  0.195483  0.195483  0.02805
protocols.relax.FastRelax: CMD: scale:fa_rep  -1017.66  0.195483  0.195483  0.14575
core.pack.task: Packer task: initialize from command line() 
core.pack.pack_rotamers: built 7424 rotamers at 493 positions.
core.pack.interaction_graph.interaction_graph_factory: Instantiating DensePDInteractionGraph
protocols.relax.FastRelax: CMD: repack  -1050.09  0.195483  0.195483  0.14575
protocols.relax.FastRelax: CMD: scale:fa_rep  -1029.12  0.195483  0.195483  0.154
protocols.relax.FastRelax: CMD: min  -1181.14  0.242286  0.242286  0.154
protocols.relax.FastRelax: CMD: coord_cst_weight  -1308.63  0.242286  0.242286  0.154
protocols.relax.FastRelax: CMD: scale:fa_rep  -1113.7  0.242286  0.242286  0.30745
core.pack.task: Packer task: initialize from command line() 
core.pack.pack_rotamers: built 7294 rotamers at 493 positions.
core.pack.interaction_graph.interaction_graph_factory: Instantiating DensePDInteractionGraph
protocols.relax.FastRelax: CMD: repack  -1114.14  0.242286  0.242286  0.30745
protocols.relax.FastRelax: CMD: scale:fa_rep  -1098.93  0.242286  0.242286  0.31955
protocols.relax.FastRelax: CMD: min  -1292.47  1.55646  1.55646  0.31955
protocols.relax.FastRelax: CMD: coord_cst_weight  -1292.47  1.55646  1.55646  0.31955
protocols.relax.FastRelax: CMD: scale:fa_rep  -1066.59  1.55646  1.55646  0.55
core.pack.task: Packer task: initialize from command line() 
core.pack.pack_rotamers: built 6990 rotamers at 493 positions.
core.pack.interaction_graph.interaction_graph_factory: Instantiating DensePDInteractionGraph
protocols.relax.FastRelax: CMD: repack  -1070.13  1.55646  1.55646  0.55
protocols.relax.FastRelax: CMD: min  -1122.39  2.15154  2.15154  0.55
protocols.relax.FastRelax: MRP: 6  -1122.39  -1124.22  2.57458  2.57458  
protocols.relax.FastRelax: CMD: accept_to_best  -1122.39  2.15154  2.15154  0.55
protocols.relax.FastRelax: CMD: endrepeat  -1122.39  2.15154  2.15154  0.55
protocols.relax.FastRelax: CMD: coord_cst_weight  62177.5  2.15154  2.15154  0.55
protocols.relax.FastRelax: CMD: scale:fa_rep  61818.1  2.15154  2.15154  0.022
core.pack.task: Packer task: initialize from command line() 
core.pack.pack_rotamers: built 7906 rotamers at 493 positions.
core.pack.interaction_graph.interaction_graph_factory: Instantiating DensePDInteractionGraph
protocols.relax.FastRelax: CMD: repack  61798.1  2.15154  2.15154  0.022
protocols.relax.FastRelax: CMD: scale:fa_rep  61806.3  2.15154  2.15154  0.02805
core.optimization.Minimizer: [ WARNING ] LBFGS MAX CYCLES 2000 EXCEEDED, BUT FUNC NOT CONVERGED!
protocols.relax.FastRelax: CMD: min  -1298.53  0.193568  0.193568  0.02805
protocols.relax.FastRelax: CMD: coord_cst_weight  -1380.37  0.193568  0.193568  0.02805
protocols.relax.FastRelax: CMD: scale:fa_rep  -1026.8  0.193568  0.193568  0.14575
core.pack.task: Packer task: initialize from command line() 
core.pack.pack_rotamers: built 7457 rotamers at 493 positions.
core.pack.interaction_graph.interaction_graph_factory: Instantiating DensePDInteractionGraph
protocols.relax.FastRelax: CMD: repack  -1056.86  0.193568  0.193568  0.14575
protocols.relax.FastRelax: CMD: scale:fa_rep  -1035.64  0.193568  0.193568  0.154
protocols.relax.FastRelax: CMD: min  -1186.81  0.242356  0.242356  0.154
protocols.relax.FastRelax: CMD: coord_cst_weight  -1313.9  0.242356  0.242356  0.154
protocols.relax.FastRelax: CMD: scale:fa_rep  -1116.33  0.242356  0.242356  0.30745
core.pack.task: Packer task: initialize from command line() 
core.pack.pack_rotamers: built 7303 rotamers at 493 positions.
core.pack.interaction_graph.interaction_graph_factory: Instantiating DensePDInteractionGraph
protocols.relax.FastRelax: CMD: repack  -1117.66  0.242356  0.242356  0.30745
protocols.relax.FastRelax: CMD: scale:fa_rep  -1102.36  0.242356  0.242356  0.31955
protocols.relax.FastRelax: CMD: min  -1291.05  1.58985  1.58985  0.31955
protocols.relax.FastRelax: CMD: coord_cst_weight  -1291.05  1.58985  1.58985  0.31955
protocols.relax.FastRelax: CMD: scale:fa_rep  -1065.07  1.58985  1.58985  0.55
core.pack.task: Packer task: initialize from command line() 
core.pack.pack_rotamers: built 7038 rotamers at 493 positions.
core.pack.interaction_graph.interaction_graph_factory: Instantiating DensePDInteractionGraph
protocols.relax.FastRelax: CMD: repack  -1061.42  1.58985  1.58985  0.55
protocols.relax.FastRelax: CMD: min  -1117.02  2.00436  2.00436  0.55
protocols.relax.FastRelax: MRP: 7  -1117.02  -1124.22  2.57458  2.57458  
protocols.relax.FastRelax: CMD: accept_to_best  -1117.02  2.00436  2.00436  0.55
protocols.relax.FastRelax: CMD: endrepeat  -1117.02  2.00436  2.00436  0.55
protocols.relax.FastRelax: CMD: coord_cst_weight  61040.8  2.00436  2.00436  0.55
protocols.relax.FastRelax: CMD: scale:fa_rep  60684.1  2.00436  2.00436  0.022
core.pack.task: Packer task: initialize from command line() 
core.pack.pack_rotamers: built 7876 rotamers at 493 positions.
core.pack.interaction_graph.interaction_graph_factory: Instantiating DensePDInteractionGraph
protocols.relax.FastRelax: CMD: repack  60661.1  2.00436  2.00436  0.022
protocols.relax.FastRelax: CMD: scale:fa_rep  60668.8  2.00436  2.00436  0.02805
core.optimization.Minimizer: [ WARNING ] LBFGS MAX CYCLES 2000 EXCEEDED, BUT FUNC NOT CONVERGED!
protocols.relax.FastRelax: CMD: min  -1295.77  0.196365  0.196365  0.02805
protocols.relax.FastRelax: CMD: coord_cst_weight  -1379.25  0.196365  0.196365  0.02805
protocols.relax.FastRelax: CMD: scale:fa_rep  -1024  0.196365  0.196365  0.14575
core.pack.task: Packer task: initialize from command line() 
core.pack.pack_rotamers: built 7412 rotamers at 493 positions.
core.pack.interaction_graph.interaction_graph_factory: Instantiating DensePDInteractionGraph
protocols.relax.FastRelax: CMD: repack  -1053.02  0.196365  0.196365  0.14575
protocols.relax.FastRelax: CMD: scale:fa_rep  -1031.75  0.196365  0.196365  0.154
protocols.relax.FastRelax: CMD: min  -1184.65  0.243636  0.243636  0.154
protocols.relax.FastRelax: CMD: coord_cst_weight  -1312.99  0.243636  0.243636  0.154
protocols.relax.FastRelax: CMD: scale:fa_rep  -1117.32  0.243636  0.243636  0.30745
core.pack.task: Packer task: initialize from command line() 
core.pack.pack_rotamers: built 7303 rotamers at 493 positions.
core.pack.interaction_graph.interaction_graph_factory: Instantiating DensePDInteractionGraph
protocols.relax.FastRelax: CMD: repack  -1119.07  0.243636  0.243636  0.30745
protocols.relax.FastRelax: CMD: scale:fa_rep  -1103.86  0.243636  0.243636  0.31955
protocols.relax.FastRelax: CMD: min  -1298.84  1.59511  1.59511  0.31955
protocols.relax.FastRelax: CMD: coord_cst_weight  -1298.84  1.59511  1.59511  0.31955
protocols.relax.FastRelax: CMD: scale:fa_rep  -1073.92  1.59511  1.59511  0.55
core.pack.task: Packer task: initialize from command line() 
core.pack.pack_rotamers: built 7010 rotamers at 493 positions.
core.pack.interaction_graph.interaction_graph_factory: Instantiating DensePDInteractionGraph
protocols.relax.FastRelax: CMD: repack  -1075.26  1.59511  1.59511  0.55
protocols.relax.FastRelax: CMD: min  -1120.09  1.91349  1.91349  0.55
protocols.relax.FastRelax: MRP: 8  -1120.09  -1124.22  2.57458  2.57458  
protocols.relax.FastRelax: CMD: accept_to_best  -1120.09  1.91349  1.91349  0.55
protocols.relax.FastRelax: CMD: endrepeat  -1120.09  1.91349  1.91349  0.55
protocols.relax.FastRelax: CMD: coord_cst_weight  54035.3  1.91349  1.91349  0.55
protocols.relax.FastRelax: CMD: scale:fa_rep  53676.8  1.91349  1.91349  0.022
core.pack.task: Packer task: initialize from command line() 
core.pack.pack_rotamers: built 7831 rotamers at 493 positions.
core.pack.interaction_graph.interaction_graph_factory: Instantiating DensePDInteractionGraph
protocols.relax.FastRelax: CMD: repack  53649.3  1.91349  1.91349  0.022
protocols.relax.FastRelax: CMD: scale:fa_rep  53656.9  1.91349  1.91349  0.02805
core.optimization.Minimizer: [ WARNING ] LBFGS MAX CYCLES 2000 EXCEEDED, BUT FUNC NOT CONVERGED!
protocols.relax.FastRelax: CMD: min  -1301.76  0.193754  0.193754  0.02805
protocols.relax.FastRelax: CMD: coord_cst_weight  -1383.71  0.193754  0.193754  0.02805
protocols.relax.FastRelax: CMD: scale:fa_rep  -1028.71  0.193754  0.193754  0.14575
core.pack.task: Packer task: initialize from command line() 
core.pack.pack_rotamers: built 7462 rotamers at 493 positions.
core.pack.interaction_graph.interaction_graph_factory: Instantiating DensePDInteractionGraph
protocols.relax.FastRelax: CMD: repack  -1056.46  0.193754  0.193754  0.14575
protocols.relax.FastRelax: CMD: scale:fa_rep  -1034.95  0.193754  0.193754  0.154
protocols.relax.FastRelax: CMD: min  -1185.33  0.241278  0.241278  0.154
protocols.relax.FastRelax: CMD: coord_cst_weight  -1311.62  0.241278  0.241278  0.154
protocols.relax.FastRelax: CMD: scale:fa_rep  -1113.66  0.241278  0.241278  0.30745
core.pack.task: Packer task: initialize from command line() 
core.pack.pack_rotamers: built 7278 rotamers at 493 positions.
core.pack.interaction_graph.interaction_graph_factory: Instantiating DensePDInteractionGraph
protocols.relax.FastRelax: CMD: repack  -1111.05  0.241278  0.241278  0.30745
protocols.relax.FastRelax: CMD: scale:fa_rep  -1095.64  0.241278  0.241278  0.31955
protocols.relax.FastRelax: CMD: min  -1299.07  2.45888  2.45888  0.31955
protocols.relax.FastRelax: CMD: coord_cst_weight  -1299.07  2.45888  2.45888  0.31955
protocols.relax.FastRelax: CMD: scale:fa_rep  -1075.17  2.45888  2.45888  0.55
core.pack.task: Packer task: initialize from command line() 
core.pack.pack_rotamers: built 7035 rotamers at 493 positions.
core.pack.interaction_graph.interaction_graph_factory: Instantiating DensePDInteractionGraph
protocols.relax.FastRelax: CMD: repack  -1076.23  2.45888  2.45888  0.55
protocols.relax.FastRelax: CMD: min  -1127.61  3.08768  3.08768  0.55
protocols.relax.FastRelax: MRP: 9  -1127.61  -1127.61  3.08768  3.08768  
protocols.relax.FastRelax: CMD: accept_to_best  -1127.61  3.08768  3.08768  0.55
protocols.relax.FastRelax: CMD: endrepeat  -1127.61  3.08768  3.08768  0.55
protocols.relax.FastRelax: CMD: coord_cst_weight  86981.1  3.08768  3.08768  0.55
protocols.relax.FastRelax: CMD: scale:fa_rep  86622.2  3.08768  3.08768  0.022
core.pack.task: Packer task: initialize from command line() 
core.pack.pack_rotamers: built 7888 rotamers at 493 positions.
core.pack.interaction_graph.interaction_graph_factory: Instantiating DensePDInteractionGraph
protocols.relax.FastRelax: CMD: repack  86601.5  3.08768  3.08768  0.022
protocols.relax.FastRelax: CMD: scale:fa_rep  86608.6  3.08768  3.08768  0.02805
core.optimization.Minimizer: [ WARNING ] LBFGS MAX CYCLES 2000 EXCEEDED, BUT FUNC NOT CONVERGED!
protocols.relax.FastRelax: CMD: min  -1287.35  0.194697  0.194697  0.02805
protocols.relax.FastRelax: CMD: coord_cst_weight  -1371.21  0.194697  0.194697  0.02805
protocols.relax.FastRelax: CMD: scale:fa_rep  -1015.08  0.194697  0.194697  0.14575
core.pack.task: Packer task: initialize from command line() 
core.pack.pack_rotamers: built 7467 rotamers at 493 positions.
core.pack.interaction_graph.interaction_graph_factory: Instantiating DensePDInteractionGraph
protocols.relax.FastRelax: CMD: repack  -1050.73  0.194697  0.194697  0.14575
protocols.relax.FastRelax: CMD: scale:fa_rep  -1030.18  0.194697  0.194697  0.154
protocols.relax.FastRelax: CMD: min  -1179.38  0.238863  0.238863  0.154
protocols.relax.FastRelax: CMD: coord_cst_weight  -1304.54  0.238863  0.238863  0.154
protocols.relax.FastRelax: CMD: scale:fa_rep  -1110.2  0.238863  0.238863  0.30745
core.pack.task: Packer task: initialize from command line() 
core.pack.pack_rotamers: built 7250 rotamers at 493 positions.
core.pack.interaction_graph.interaction_graph_factory: Instantiating DensePDInteractionGraph
protocols.relax.FastRelax: CMD: repack  -1111.73  0.238863  0.238863  0.30745
protocols.relax.FastRelax: CMD: scale:fa_rep  -1096.64  0.238863  0.238863  0.31955
protocols.relax.FastRelax: CMD: min  -1285.75  2.21422  2.21422  0.31955
protocols.relax.FastRelax: CMD: coord_cst_weight  -1285.75  2.21422  2.21422  0.31955
protocols.relax.FastRelax: CMD: scale:fa_rep  -1061.86  2.21422  2.21422  0.55
core.pack.task: Packer task: initialize from command line() 
core.pack.pack_rotamers: built 7067 rotamers at 493 positions.
core.pack.interaction_graph.interaction_graph_factory: Instantiating DensePDInteractionGraph
protocols.relax.FastRelax: CMD: repack  -1064.72  2.21422  2.21422  0.55
protocols.relax.FastRelax: CMD: min  -1105.1  2.26193  2.26193  0.55
protocols.relax.FastRelax: MRP: 10  -1105.1  -1127.61  3.08768  3.08768  
protocols.relax.FastRelax: CMD: accept_to_best  -1105.1  2.26193  2.26193  0.55
protocols.relax.FastRelax: CMD: endrepeat  -1105.1  2.26193  2.26193  0.55
protocols.relax.FastRelax: CMD: coord_cst_weight  43345.5  2.26193  2.26193  0.55
protocols.relax.FastRelax: CMD: scale:fa_rep  42981.1  2.26193  2.26193  0.022
core.pack.task: Packer task: initialize from command line() 
core.pack.pack_rotamers: built 7916 rotamers at 493 positions.
core.pack.interaction_graph.interaction_graph_factory: Instantiating DensePDInteractionGraph
protocols.relax.FastRelax: CMD: repack  42952.6  2.26193  2.26193  0.022
protocols.relax.FastRelax: CMD: scale:fa_rep  42961  2.26193  2.26193  0.02805
core.optimization.Minimizer: [ WARNING ] LBFGS MAX CYCLES 2000 EXCEEDED, BUT FUNC NOT CONVERGED!
protocols.relax.FastRelax: CMD: min  -1305.44  0.192938  0.192938  0.02805
protocols.relax.FastRelax: CMD: coord_cst_weight  -1386.6  0.192938  0.192938  0.02805
protocols.relax.FastRelax: CMD: scale:fa_rep  -1030.78  0.192938  0.192938  0.14575
core.pack.task: Packer task: initialize from command line() 
core.pack.pack_rotamers: built 7404 rotamers at 493 positions.
core.pack.interaction_graph.interaction_graph_factory: Instantiating DensePDInteractionGraph
protocols.relax.FastRelax: CMD: repack  -1057.3  0.192938  0.192938  0.14575
protocols.relax.FastRelax: CMD: scale:fa_rep  -1035.87  0.192938  0.192938  0.154
protocols.relax.FastRelax: CMD: min  -1185.71  0.241531  0.241531  0.154
protocols.relax.FastRelax: CMD: coord_cst_weight  -1312.86  0.241531  0.241531  0.154
protocols.relax.FastRelax: CMD: scale:fa_rep  -1116.9  0.241531  0.241531  0.30745
core.pack.task: Packer task: initialize from command line() 
core.pack.pack_rotamers: built 7253 rotamers at 493 positions.
core.pack.interaction_graph.interaction_graph_factory: Instantiating DensePDInteractionGraph
protocols.relax.FastRelax: CMD: repack  -1117.79  0.241531  0.241531  0.30745
protocols.relax.FastRelax: CMD: scale:fa_rep  -1102.54  0.241531  0.241531  0.31955
protocols.relax.FastRelax: CMD: min  -1296.36  1.56173  1.56173  0.31955
protocols.relax.FastRelax: CMD: coord_cst_weight  -1296.36  1.56173  1.56173  0.31955
protocols.relax.FastRelax: CMD: scale:fa_rep  -1070.31  1.56173  1.56173  0.55
core.pack.task: Packer task: initialize from command line() 
core.pack.pack_rotamers: built 7026 rotamers at 493 positions.
core.pack.interaction_graph.interaction_graph_factory: Instantiating DensePDInteractionGraph
protocols.relax.FastRelax: CMD: repack  -1073.44  1.56173  1.56173  0.55
protocols.relax.FastRelax: CMD: min  -1127.08  2.28511  2.28511  0.55
protocols.relax.FastRelax: MRP: 11  -1127.08  -1127.61  3.08768  3.08768  
protocols.relax.FastRelax: CMD: accept_to_best  -1127.08  2.28511  2.28511  0.55
protocols.relax.FastRelax: CMD: endrepeat  -1127.08  2.28511  2.28511  0.55
protocols.relax.FastRelax: CMD: coord_cst_weight  49702.4  2.28511  2.28511  0.55
protocols.relax.FastRelax: CMD: scale:fa_rep  49343.4  2.28511  2.28511  0.022
core.pack.task: Packer task: initialize from command line() 
core.pack.pack_rotamers: built 7908 rotamers at 493 positions.
core.pack.interaction_graph.interaction_graph_factory: Instantiating DensePDInteractionGraph
protocols.relax.FastRelax: CMD: repack  49316.1  2.28511  2.28511  0.022
protocols.relax.FastRelax: CMD: scale:fa_rep  49323.2  2.28511  2.28511  0.02805
core.optimization.Minimizer: [ WARNING ] LBFGS MAX CYCLES 2000 EXCEEDED, BUT FUNC NOT CONVERGED!
protocols.relax.FastRelax: CMD: min  -1298.74  0.195632  0.195632  0.02805
protocols.relax.FastRelax: CMD: coord_cst_weight  -1382.51  0.195632  0.195632  0.02805
protocols.relax.FastRelax: CMD: scale:fa_rep  -1039.89  0.195632  0.195632  0.14575
core.pack.task: Packer task: initialize from command line() 
core.pack.pack_rotamers: built 7448 rotamers at 493 positions.
core.pack.interaction_graph.interaction_graph_factory: Instantiating DensePDInteractionGraph
protocols.relax.FastRelax: CMD: repack  -1063.85  0.195632  0.195632  0.14575
protocols.relax.FastRelax: CMD: scale:fa_rep  -1042.91  0.195632  0.195632  0.154
protocols.relax.FastRelax: CMD: min  -1189.8  0.241763  0.241763  0.154
protocols.relax.FastRelax: CMD: coord_cst_weight  -1317.29  0.241763  0.241763  0.154
protocols.relax.FastRelax: CMD: scale:fa_rep  -1122.8  0.241763  0.241763  0.30745
core.pack.task: Packer task: initialize from command line() 
core.pack.pack_rotamers: built 7227 rotamers at 493 positions.
core.pack.interaction_graph.interaction_graph_factory: Instantiating DensePDInteractionGraph
protocols.relax.FastRelax: CMD: repack  -1123.98  0.241763  0.241763  0.30745
protocols.relax.FastRelax: CMD: scale:fa_rep  -1108.86  0.241763  0.241763  0.31955
protocols.relax.FastRelax: CMD: min  -1303.88  2.27875  2.27875  0.31955
protocols.relax.FastRelax: CMD: coord_cst_weight  -1303.88  2.27875  2.27875  0.31955
protocols.relax.FastRelax: CMD: scale:fa_rep  -1079.62  2.27875  2.27875  0.55
core.pack.task: Packer task: initialize from command line() 
core.pack.pack_rotamers: built 7040 rotamers at 493 positions.
core.pack.interaction_graph.interaction_graph_factory: Instantiating DensePDInteractionGraph
protocols.relax.FastRelax: CMD: repack  -1081.83  2.27875  2.27875  0.55
protocols.relax.FastRelax: CMD: min  -1134.56  2.8953  2.8953  0.55
protocols.relax.FastRelax: MRP: 12  -1134.56  -1134.56  2.8953  2.8953  
protocols.relax.FastRelax: CMD: accept_to_best  -1134.56  2.8953  2.8953  0.55
protocols.relax.FastRelax: CMD: endrepeat  -1134.56  2.8953  2.8953  0.55
protocols.relax.FastRelax: CMD: coord_cst_weight  69037.8  2.8953  2.8953  0.55
protocols.relax.FastRelax: CMD: scale:fa_rep  68679.5  2.8953  2.8953  0.022
core.pack.task: Packer task: initialize from command line() 
core.pack.pack_rotamers: built 7915 rotamers at 493 positions.
core.pack.interaction_graph.interaction_graph_factory: Instantiating DensePDInteractionGraph
protocols.relax.FastRelax: CMD: repack  68656.9  2.8953  2.8953  0.022
protocols.relax.FastRelax: CMD: scale:fa_rep  68665.2  2.8953  2.8953  0.02805
core.optimization.Minimizer: [ WARNING ] LBFGS MAX CYCLES 2000 EXCEEDED, BUT FUNC NOT CONVERGED!
protocols.relax.FastRelax: CMD: min  -1296.09  0.192702  0.192702  0.02805
protocols.relax.FastRelax: CMD: coord_cst_weight  -1377.78  0.192702  0.192702  0.02805
protocols.relax.FastRelax: CMD: scale:fa_rep  -1024.85  0.192702  0.192702  0.14575
core.pack.task: Packer task: initialize from command line() 
core.pack.pack_rotamers: built 7441 rotamers at 493 positions.
core.pack.interaction_graph.interaction_graph_factory: Instantiating DensePDInteractionGraph
protocols.relax.FastRelax: CMD: repack  -1054.76  0.192702  0.192702  0.14575
protocols.relax.FastRelax: CMD: scale:fa_rep  -1033.52  0.192702  0.192702  0.154
protocols.relax.FastRelax: CMD: min  -1188.03  0.241829  0.241829  0.154
protocols.relax.FastRelax: CMD: coord_cst_weight  -1315.19  0.241829  0.241829  0.154
protocols.relax.FastRelax: CMD: scale:fa_rep  -1119.01  0.241829  0.241829  0.30745
core.pack.task: Packer task: initialize from command line() 
core.pack.pack_rotamers: built 7245 rotamers at 493 positions.
core.pack.interaction_graph.interaction_graph_factory: Instantiating DensePDInteractionGraph
protocols.relax.FastRelax: CMD: repack  -1119.88  0.241829  0.241829  0.30745
protocols.relax.FastRelax: CMD: scale:fa_rep  -1104.53  0.241829  0.241829  0.31955
protocols.relax.FastRelax: CMD: min  -1303.31  2.37235  2.37235  0.31955
protocols.relax.FastRelax: CMD: coord_cst_weight  -1303.31  2.37235  2.37235  0.31955
protocols.relax.FastRelax: CMD: scale:fa_rep  -1078.05  2.37235  2.37235  0.55
core.pack.task: Packer task: initialize from command line() 
core.pack.pack_rotamers: built 6997 rotamers at 493 positions.
core.pack.interaction_graph.interaction_graph_factory: Instantiating DensePDInteractionGraph
protocols.relax.FastRelax: CMD: repack  -1080.21  2.37235  2.37235  0.55
protocols.relax.FastRelax: CMD: min  -1132.05  3.03904  3.03904  0.55
protocols.relax.FastRelax: MRP: 13  -1132.05  -1134.56  2.8953  2.8953  
protocols.relax.FastRelax: CMD: accept_to_best  -1132.05  3.03904  3.03904  0.55
protocols.relax.FastRelax: CMD: endrepeat  -1132.05  3.03904  3.03904  0.55
protocols.relax.FastRelax: CMD: coord_cst_weight  80762.6  3.03904  3.03904  0.55
protocols.relax.FastRelax: CMD: scale:fa_rep  80402.9  3.03904  3.03904  0.022
core.pack.task: Packer task: initialize from command line() 
core.pack.pack_rotamers: built 7864 rotamers at 493 positions.
core.pack.interaction_graph.interaction_graph_factory: Instantiating DensePDInteractionGraph
protocols.relax.FastRelax: CMD: repack  80374.2  3.03904  3.03904  0.022
protocols.relax.FastRelax: CMD: scale:fa_rep  80382.3  3.03904  3.03904  0.02805
core.optimization.Minimizer: [ WARNING ] LBFGS MAX CYCLES 2000 EXCEEDED, BUT FUNC NOT CONVERGED!
protocols.relax.FastRelax: CMD: min  -1295.56  0.195662  0.195662  0.02805
protocols.relax.FastRelax: CMD: coord_cst_weight  -1380.07  0.195662  0.195662  0.02805
protocols.relax.FastRelax: CMD: scale:fa_rep  -1026.11  0.195662  0.195662  0.14575
core.pack.task: Packer task: initialize from command line() 
core.pack.pack_rotamers: built 7411 rotamers at 493 positions.
core.pack.interaction_graph.interaction_graph_factory: Instantiating DensePDInteractionGraph
protocols.relax.FastRelax: CMD: repack  -1055.4  0.195662  0.195662  0.14575
protocols.relax.FastRelax: CMD: scale:fa_rep  -1034.55  0.195662  0.195662  0.154
protocols.relax.FastRelax: CMD: min  -1186.4  0.240255  0.240255  0.154
protocols.relax.FastRelax: CMD: coord_cst_weight  -1313.53  0.240255  0.240255  0.154
protocols.relax.FastRelax: CMD: scale:fa_rep  -1119.17  0.240255  0.240255  0.30745
core.pack.task: Packer task: initialize from command line() 
core.pack.pack_rotamers: built 7248 rotamers at 493 positions.
core.pack.interaction_graph.interaction_graph_factory: Instantiating DensePDInteractionGraph
protocols.relax.FastRelax: CMD: repack  -1120.44  0.240255  0.240255  0.30745
protocols.relax.FastRelax: CMD: scale:fa_rep  -1105.31  0.240255  0.240255  0.31955
protocols.relax.FastRelax: CMD: min  -1301.19  2.20293  2.20293  0.31955
protocols.relax.FastRelax: CMD: coord_cst_weight  -1301.19  2.20293  2.20293  0.31955
protocols.relax.FastRelax: CMD: scale:fa_rep  -1074.56  2.20293  2.20293  0.55
core.pack.task: Packer task: initialize from command line() 
core.pack.pack_rotamers: built 7027 rotamers at 493 positions.
core.pack.interaction_graph.interaction_graph_factory: Instantiating DensePDInteractionGraph
protocols.relax.FastRelax: CMD: repack  -1071.26  2.20293  2.20293  0.55
protocols.relax.FastRelax: CMD: min  -1117.9  2.20231  2.20231  0.55
protocols.relax.FastRelax: MRP: 14  -1117.9  -1134.56  2.8953  2.8953  
protocols.relax.FastRelax: CMD: accept_to_best  -1117.9  2.20231  2.20231  0.55
protocols.relax.FastRelax: CMD: endrepeat  -1117.9  2.20231  2.20231  0.55
protocols::checkpoint: Deleting checkpoints of FastRelax
protocols.jd2.JobDistributor: PDE4B_modeller_8_0001 reported success in 12488 seconds
protocols.jd2.PDBJobInputter: PDBJobInputter::pose_from_job
protocols.jd2.PDBJobInputter: filling pose from saved copy ../1-loopmodel/PDE4B_modeller.pdb
protocols.relax.FastRelax: CMD: repeat  3311.98  0  0  0.55
protocols.relax.FastRelax: CMD: coord_cst_weight  3311.98  0  0  0.55
protocols.relax.FastRelax: CMD: scale:fa_rep  895.021  0  0  0.022
core.pack.task: Packer task: initialize from command line() 
core.pack.pack_rotamers: built 8348 rotamers at 493 positions.
core.pack.interaction_graph.interaction_graph_factory: Instantiating DensePDInteractionGraph
protocols.relax.FastRelax: CMD: repack  -844.292  0  0  0.022
protocols.relax.FastRelax: CMD: scale:fa_rep  -808.209  0  0  0.02805
core.optimization.Minimizer: [ WARNING ] LBFGS MAX CYCLES 2000 EXCEEDED, BUT FUNC NOT CONVERGED!
protocols.relax.FastRelax: CMD: min  -1261.17  0.156645  0.156645  0.02805
protocols.relax.FastRelax: CMD: coord_cst_weight  -1312.65  0.156645  0.156645  0.02805
protocols.relax.FastRelax: CMD: scale:fa_rep  -923.737  0.156645  0.156645  0.14575
core.pack.task: Packer task: initialize from command line() 
core.pack.pack_rotamers: built 7483 rotamers at 493 positions.
core.pack.interaction_graph.interaction_graph_factory: Instantiating DensePDInteractionGraph
protocols.relax.FastRelax: CMD: repack  -944.548  0.156645  0.156645  0.14575
protocols.relax.FastRelax: CMD: scale:fa_rep  -921.192  0.156645  0.156645  0.154
protocols.relax.FastRelax: CMD: min  -1113.74  0.214507  0.214507  0.154
protocols.relax.FastRelax: CMD: coord_cst_weight  -1207.85  0.214507  0.214507  0.154
protocols.relax.FastRelax: CMD: scale:fa_rep  -1008.56  0.214507  0.214507  0.30745
core.pack.task: Packer task: initialize from command line() 
core.pack.pack_rotamers: built 7264 rotamers at 493 positions.
core.pack.interaction_graph.interaction_graph_factory: Instantiating DensePDInteractionGraph
protocols.relax.FastRelax: CMD: repack  -1012.55  0.214507  0.214507  0.30745
protocols.relax.FastRelax: CMD: scale:fa_rep  -997.167  0.214507  0.214507  0.31955
protocols.relax.FastRelax: CMD: min  -1219.26  2.43421  2.43421  0.31955
protocols.relax.FastRelax: CMD: coord_cst_weight  -1219.26  2.43421  2.43421  0.31955
protocols.relax.FastRelax: CMD: scale:fa_rep  -998.821  2.43421  2.43421  0.55
core.pack.task: Packer task: initialize from command line() 
core.pack.pack_rotamers: built 7189 rotamers at 493 positions.
core.pack.interaction_graph.interaction_graph_factory: Instantiating DensePDInteractionGraph
protocols.relax.FastRelax: CMD: repack  -1013.33  2.43421  2.43421  0.55
protocols.relax.FastRelax: CMD: min  -1095.54  2.98418  2.98418  0.55
protocols.relax.FastRelax: MRP: 0  -1095.54  -1095.54  2.98418  2.98418  
protocols.relax.FastRelax: CMD: accept_to_best  -1095.54  2.98418  2.98418  0.55
protocols.relax.FastRelax: CMD: endrepeat  -1095.54  2.98418  2.98418  0.55
protocols.relax.FastRelax: CMD: coord_cst_weight  105150  2.98418  2.98418  0.55
protocols.relax.FastRelax: CMD: scale:fa_rep  104796  2.98418  2.98418  0.022
core.pack.task: Packer task: initialize from command line() 
core.pack.pack_rotamers: built 7998 rotamers at 493 positions.
core.pack.interaction_graph.interaction_graph_factory: Instantiating DensePDInteractionGraph
protocols.relax.FastRelax: CMD: repack  104759  2.98418  2.98418  0.022
protocols.relax.FastRelax: CMD: scale:fa_rep  104769  2.98418  2.98418  0.02805
core.optimization.Minimizer: [ WARNING ] LBFGS MAX CYCLES 2000 EXCEEDED, BUT FUNC NOT CONVERGED!
protocols.relax.FastRelax: CMD: min  -1267.69  0.192798  0.192798  0.02805
protocols.relax.FastRelax: CMD: coord_cst_weight  -1346.74  0.192798  0.192798  0.02805
protocols.relax.FastRelax: CMD: scale:fa_rep  -973.531  0.192798  0.192798  0.14575
core.pack.task: Packer task: initialize from command line() 
core.pack.pack_rotamers: built 7447 rotamers at 493 positions.
core.pack.interaction_graph.interaction_graph_factory: Instantiating DensePDInteractionGraph
protocols.relax.FastRelax: CMD: repack  -1014.93  0.192798  0.192798  0.14575
protocols.relax.FastRelax: CMD: scale:fa_rep  -994.17  0.192798  0.192798  0.154
protocols.relax.FastRelax: CMD: min  -1166.21  0.236665  0.236665  0.154
protocols.relax.FastRelax: CMD: coord_cst_weight  -1284.12  0.236665  0.236665  0.154
protocols.relax.FastRelax: CMD: scale:fa_rep  -1095.77  0.236665  0.236665  0.30745
core.pack.task: Packer task: initialize from command line() 
core.pack.pack_rotamers: built 7250 rotamers at 493 positions.
core.pack.interaction_graph.interaction_graph_factory: Instantiating DensePDInteractionGraph
protocols.relax.FastRelax: CMD: repack  -1089.93  0.236665  0.236665  0.30745
protocols.relax.FastRelax: CMD: scale:fa_rep  -1075.05  0.236665  0.236665  0.31955
protocols.relax.FastRelax: CMD: min  -1274.6  2.32979  2.32979  0.31955
protocols.relax.FastRelax: CMD: coord_cst_weight  -1274.6  2.32979  2.32979  0.31955
protocols.relax.FastRelax: CMD: scale:fa_rep  -1052.04  2.32979  2.32979  0.55
core.pack.task: Packer task: initialize from command line() 
core.pack.pack_rotamers: built 7044 rotamers at 493 positions.
core.pack.interaction_graph.interaction_graph_factory: Instantiating DensePDInteractionGraph
protocols.relax.FastRelax: CMD: repack  -1055.36  2.32979  2.32979  0.55
protocols.relax.FastRelax: CMD: min  -1110.2  2.82067  2.82067  0.55
protocols.relax.FastRelax: MRP: 1  -1110.2  -1110.2  2.82067  2.82067  
protocols.relax.FastRelax: CMD: accept_to_best  -1110.2  2.82067  2.82067  0.55
protocols.relax.FastRelax: CMD: endrepeat  -1110.2  2.82067  2.82067  0.55
protocols.relax.FastRelax: CMD: coord_cst_weight  89422.6  2.82067  2.82067  0.55
protocols.relax.FastRelax: CMD: scale:fa_rep  89067.5  2.82067  2.82067  0.022
core.pack.task: Packer task: initialize from command line() 
core.pack.pack_rotamers: built 7864 rotamers at 493 positions.
core.pack.interaction_graph.interaction_graph_factory: Instantiating DensePDInteractionGraph
protocols.relax.FastRelax: CMD: repack  89049.8  2.82067  2.82067  0.022
protocols.relax.FastRelax: CMD: scale:fa_rep  89058.1  2.82067  2.82067  0.02805
core.optimization.Minimizer: [ WARNING ] LBFGS MAX CYCLES 2000 EXCEEDED, BUT FUNC NOT CONVERGED!
protocols.relax.FastRelax: CMD: min  -1262.63  0.192041  0.192041  0.02805
protocols.relax.FastRelax: CMD: coord_cst_weight  -1343.72  0.192041  0.192041  0.02805
protocols.relax.FastRelax: CMD: scale:fa_rep  -1004.75  0.192041  0.192041  0.14575
core.pack.task: Packer task: initialize from command line() 
core.pack.pack_rotamers: built 7385 rotamers at 493 positions.
core.pack.interaction_graph.interaction_graph_factory: Instantiating DensePDInteractionGraph
protocols.relax.FastRelax: CMD: repack  -1034.59  0.192041  0.192041  0.14575
protocols.relax.FastRelax: CMD: scale:fa_rep  -1013.61  0.192041  0.192041  0.154
protocols.relax.FastRelax: CMD: min  -1169.25  0.238522  0.238522  0.154
protocols.relax.FastRelax: CMD: coord_cst_weight  -1289.99  0.238522  0.238522  0.154
protocols.relax.FastRelax: CMD: scale:fa_rep  -1097.81  0.238522  0.238522  0.30745
core.pack.task: Packer task: initialize from command line() 
core.pack.pack_rotamers: built 7209 rotamers at 493 positions.
core.pack.interaction_graph.interaction_graph_factory: Instantiating DensePDInteractionGraph
protocols.relax.FastRelax: CMD: repack  -1099.55  0.238522  0.238522  0.30745
protocols.relax.FastRelax: CMD: scale:fa_rep  -1084.62  0.238522  0.238522  0.31955
protocols.relax.FastRelax: CMD: min  -1281.07  1.50616  1.50616  0.31955
protocols.relax.FastRelax: CMD: coord_cst_weight  -1281.07  1.50616  1.50616  0.31955
protocols.relax.FastRelax: CMD: scale:fa_rep  -1058.02  1.50616  1.50616  0.55
core.pack.task: Packer task: initialize from command line() 
core.pack.pack_rotamers: built 7051 rotamers at 493 positions.
core.pack.interaction_graph.interaction_graph_factory: Instantiating DensePDInteractionGraph
protocols.relax.FastRelax: CMD: repack  -1058.92  1.50616  1.50616  0.55
protocols.relax.FastRelax: CMD: min  -1097.36  1.44882  1.44882  0.55
protocols.relax.FastRelax: MRP: 2  -1097.36  -1110.2  2.82067  2.82067  
protocols.relax.FastRelax: CMD: accept_to_best  -1097.36  1.44882  1.44882  0.55
protocols.relax.FastRelax: CMD: endrepeat  -1097.36  1.44882  1.44882  0.55
protocols.relax.FastRelax: CMD: coord_cst_weight  42723.7  1.44882  1.44882  0.55
protocols.relax.FastRelax: CMD: scale:fa_rep  42356.1  1.44882  1.44882  0.022
core.pack.task: Packer task: initialize from command line() 
core.pack.pack_rotamers: built 7841 rotamers at 493 positions.
core.pack.interaction_graph.interaction_graph_factory: Instantiating DensePDInteractionGraph
protocols.relax.FastRelax: CMD: repack  42331.6  1.44882  1.44882  0.022
protocols.relax.FastRelax: CMD: scale:fa_rep  42340.7  1.44882  1.44882  0.02805
core.optimization.Minimizer: [ WARNING ] LBFGS MAX CYCLES 2000 EXCEEDED, BUT FUNC NOT CONVERGED!
protocols.relax.FastRelax: CMD: min  -1291.36  0.191097  0.191097  0.02805
protocols.relax.FastRelax: CMD: coord_cst_weight  -1368.89  0.191097  0.191097  0.02805
protocols.relax.FastRelax: CMD: scale:fa_rep  -1016.22  0.191097  0.191097  0.14575
core.pack.task: Packer task: initialize from command line() 
core.pack.pack_rotamers: built 7458 rotamers at 493 positions.
core.pack.interaction_graph.interaction_graph_factory: Instantiating DensePDInteractionGraph
protocols.relax.FastRelax: CMD: repack  -1042.77  0.191097  0.191097  0.14575
protocols.relax.FastRelax: CMD: scale:fa_rep  -1021.25  0.191097  0.191097  0.154
protocols.relax.FastRelax: CMD: min  -1175.09  0.239403  0.239403  0.154
protocols.relax.FastRelax: CMD: coord_cst_weight  -1296.53  0.239403  0.239403  0.154
protocols.relax.FastRelax: CMD: scale:fa_rep  -1102.49  0.239403  0.239403  0.30745
core.pack.task: Packer task: initialize from command line() 
core.pack.pack_rotamers: built 7244 rotamers at 493 positions.
core.pack.interaction_graph.interaction_graph_factory: Instantiating DensePDInteractionGraph
protocols.relax.FastRelax: CMD: repack  -1103.39  0.239403  0.239403  0.30745
protocols.relax.FastRelax: CMD: scale:fa_rep  -1088.26  0.239403  0.239403  0.31955
protocols.relax.FastRelax: CMD: min  -1281.75  2.441  2.441  0.31955
protocols.relax.FastRelax: CMD: coord_cst_weight  -1281.75  2.441  2.441  0.31955
protocols.relax.FastRelax: CMD: scale:fa_rep  -1058.31  2.441  2.441  0.55
core.pack.task: Packer task: initialize from command line() 
core.pack.pack_rotamers: built 7035 rotamers at 493 positions.
core.pack.interaction_graph.interaction_graph_factory: Instantiating DensePDInteractionGraph
protocols.relax.FastRelax: CMD: repack  -1059.58  2.441  2.441  0.55
protocols.relax.FastRelax: CMD: min  -1116.9  3.33486  3.33486  0.55
protocols.relax.FastRelax: MRP: 3  -1116.9  -1116.9  3.33486  3.33486  
protocols.relax.FastRelax: CMD: accept_to_best  -1116.9  3.33486  3.33486  0.55
protocols.relax.FastRelax: CMD: endrepeat  -1116.9  3.33486  3.33486  0.55
protocols.relax.FastRelax: CMD: coord_cst_weight  115095  3.33486  3.33486  0.55
protocols.relax.FastRelax: CMD: scale:fa_rep  114741  3.33486  3.33486  0.022
core.pack.task: Packer task: initialize from command line() 
core.pack.pack_rotamers: built 7857 rotamers at 493 positions.
core.pack.interaction_graph.interaction_graph_factory: Instantiating DensePDInteractionGraph
protocols.relax.FastRelax: CMD: repack  114712  3.33486  3.33486  0.022
protocols.relax.FastRelax: CMD: scale:fa_rep  114721  3.33486  3.33486  0.02805
core.optimization.Minimizer: [ WARNING ] LBFGS MAX CYCLES 2000 EXCEEDED, BUT FUNC NOT CONVERGED!
protocols.relax.FastRelax: CMD: min  -1265.61  0.197033  0.197033  0.02805
protocols.relax.FastRelax: CMD: coord_cst_weight  -1350.08  0.197033  0.197033  0.02805
protocols.relax.FastRelax: CMD: scale:fa_rep  -1002.29  0.197033  0.197033  0.14575
core.pack.task: Packer task: initialize from command line() 
core.pack.pack_rotamers: built 7349 rotamers at 493 positions.
core.pack.interaction_graph.interaction_graph_factory: Instantiating DensePDInteractionGraph
protocols.relax.FastRelax: CMD: repack  -1030.51  0.197033  0.197033  0.14575
protocols.relax.FastRelax: CMD: scale:fa_rep  -1009.81  0.197033  0.197033  0.154
protocols.relax.FastRelax: CMD: min  -1166.07  0.239061  0.239061  0.154
protocols.relax.FastRelax: CMD: coord_cst_weight  -1288.98  0.239061  0.239061  0.154
protocols.relax.FastRelax: CMD: scale:fa_rep  -1097.38  0.239061  0.239061  0.30745
core.pack.task: Packer task: initialize from command line() 
core.pack.pack_rotamers: built 7218 rotamers at 493 positions.
core.pack.interaction_graph.interaction_graph_factory: Instantiating DensePDInteractionGraph
protocols.relax.FastRelax: CMD: repack  -1097.58  0.239061  0.239061  0.30745
protocols.relax.FastRelax: CMD: scale:fa_rep  -1082.67  0.239061  0.239061  0.31955
protocols.relax.FastRelax: CMD: min  -1280.19  1.58015  1.58015  0.31955
protocols.relax.FastRelax: CMD: coord_cst_weight  -1280.19  1.58015  1.58015  0.31955
protocols.relax.FastRelax: CMD: scale:fa_rep  -1058.16  1.58015  1.58015  0.55
core.pack.task: Packer task: initialize from command line() 
core.pack.pack_rotamers: built 7068 rotamers at 493 positions.
core.pack.interaction_graph.interaction_graph_factory: Instantiating DensePDInteractionGraph
protocols.relax.FastRelax: CMD: repack  -1060.36  1.58015  1.58015  0.55
protocols.relax.FastRelax: CMD: min  -1126.81  3.13769  3.13769  0.55
protocols.relax.FastRelax: MRP: 4  -1126.81  -1126.81  3.13769  3.13769  
protocols.relax.FastRelax: CMD: accept_to_best  -1126.81  3.13769  3.13769  0.55
protocols.relax.FastRelax: CMD: endrepeat  -1126.81  3.13769  3.13769  0.55
protocols.relax.FastRelax: CMD: coord_cst_weight  116706  3.13769  3.13769  0.55
protocols.relax.FastRelax: CMD: scale:fa_rep  116350  3.13769  3.13769  0.022
core.pack.task: Packer task: initialize from command line() 
core.pack.pack_rotamers: built 7903 rotamers at 493 positions.
core.pack.interaction_graph.interaction_graph_factory: Instantiating DensePDInteractionGraph
protocols.relax.FastRelax: CMD: repack  116334  3.13769  3.13769  0.022
protocols.relax.FastRelax: CMD: scale:fa_rep  116342  3.13769  3.13769  0.02805
core.optimization.Minimizer: [ WARNING ] LBFGS MAX CYCLES 2000 EXCEEDED, BUT FUNC NOT CONVERGED!
protocols.relax.FastRelax: CMD: min  -1260.9  0.195739  0.195739  0.02805
protocols.relax.FastRelax: CMD: coord_cst_weight  -1344.59  0.195739  0.195739  0.02805
protocols.relax.FastRelax: CMD: scale:fa_rep  -998.251  0.195739  0.195739  0.14575
core.pack.task: Packer task: initialize from command line() 
core.pack.pack_rotamers: built 7319 rotamers at 493 positions.
core.pack.interaction_graph.interaction_graph_factory: Instantiating DensePDInteractionGraph
protocols.relax.FastRelax: CMD: repack  -1024.44  0.195739  0.195739  0.14575
protocols.relax.FastRelax: CMD: scale:fa_rep  -1003.41  0.195739  0.195739  0.154
protocols.relax.FastRelax: CMD: min  -1166.68  0.242692  0.242692  0.154
protocols.relax.FastRelax: CMD: coord_cst_weight  -1293.58  0.242692  0.242692  0.154
protocols.relax.FastRelax: CMD: scale:fa_rep  -1102.37  0.242692  0.242692  0.30745
core.pack.task: Packer task: initialize from command line() 
core.pack.pack_rotamers: built 7205 rotamers at 493 positions.
core.pack.interaction_graph.interaction_graph_factory: Instantiating DensePDInteractionGraph
protocols.relax.FastRelax: CMD: repack  -1096.69  0.242692  0.242692  0.30745
protocols.relax.FastRelax: CMD: scale:fa_rep  -1081.73  0.242692  0.242692  0.31955
protocols.relax.FastRelax: CMD: min  -1272.58  2.09075  2.09075  0.31955
protocols.relax.FastRelax: CMD: coord_cst_weight  -1272.58  2.09075  2.09075  0.31955
protocols.relax.FastRelax: CMD: scale:fa_rep  -1052.23  2.09075  2.09075  0.55
core.pack.task: Packer task: initialize from command line() 
core.pack.pack_rotamers: built 7002 rotamers at 493 positions.
core.pack.interaction_graph.interaction_graph_factory: Instantiating DensePDInteractionGraph
protocols.relax.FastRelax: CMD: repack  -1054.92  2.09075  2.09075  0.55
protocols.relax.FastRelax: CMD: min  -1116.76  2.78145  2.78145  0.55
protocols.relax.FastRelax: MRP: 5  -1116.76  -1126.81  3.13769  3.13769  
protocols.relax.FastRelax: CMD: accept_to_best  -1116.76  2.78145  2.78145  0.55
protocols.relax.FastRelax: CMD: endrepeat  -1116.76  2.78145  2.78145  0.55
protocols.relax.FastRelax: CMD: coord_cst_weight  109674  2.78145  2.78145  0.55
protocols.relax.FastRelax: CMD: scale:fa_rep  109318  2.78145  2.78145  0.022
core.pack.task: Packer task: initialize from command line() 
core.pack.pack_rotamers: built 7859 rotamers at 493 positions.
core.pack.interaction_graph.interaction_graph_factory: Instantiating DensePDInteractionGraph
protocols.relax.FastRelax: CMD: repack  109293  2.78145  2.78145  0.022
protocols.relax.FastRelax: CMD: scale:fa_rep  109301  2.78145  2.78145  0.02805
core.optimization.Minimizer: [ WARNING ] LBFGS MAX CYCLES 2000 EXCEEDED, BUT FUNC NOT CONVERGED!
protocols.relax.FastRelax: CMD: min  -1275.66  0.197015  0.197015  0.02805
protocols.relax.FastRelax: CMD: coord_cst_weight  -1360.2  0.197015  0.197015  0.02805
protocols.relax.FastRelax: CMD: scale:fa_rep  -1010.85  0.197015  0.197015  0.14575
core.pack.task: Packer task: initialize from command line() 
core.pack.pack_rotamers: built 7335 rotamers at 493 positions.
core.pack.interaction_graph.interaction_graph_factory: Instantiating DensePDInteractionGraph
protocols.relax.FastRelax: CMD: repack  -1041.07  0.197015  0.197015  0.14575
protocols.relax.FastRelax: CMD: scale:fa_rep  -1020.55  0.197015  0.197015  0.154
protocols.relax.FastRelax: CMD: min  -1177.19  0.247792  0.247792  0.154
protocols.relax.FastRelax: CMD: coord_cst_weight  -1308.09  0.247792  0.247792  0.154
protocols.relax.FastRelax: CMD: scale:fa_rep  -1117.36  0.247792  0.247792  0.30745
core.pack.task: Packer task: initialize from command line() 
core.pack.pack_rotamers: built 7196 rotamers at 493 positions.
core.pack.interaction_graph.interaction_graph_factory: Instantiating DensePDInteractionGraph
protocols.relax.FastRelax: CMD: repack  -1116.23  0.247792  0.247792  0.30745
protocols.relax.FastRelax: CMD: scale:fa_rep  -1101.42  0.247792  0.247792  0.31955
protocols.relax.FastRelax: CMD: min  -1291.44  2.12988  2.12988  0.31955
protocols.relax.FastRelax: CMD: coord_cst_weight  -1291.44  2.12988  2.12988  0.31955
protocols.relax.FastRelax: CMD: scale:fa_rep  -1065.85  2.12988  2.12988  0.55
core.pack.task: Packer task: initialize from command line() 
core.pack.pack_rotamers: built 7029 rotamers at 493 positions.
core.pack.interaction_graph.interaction_graph_factory: Instantiating DensePDInteractionGraph
protocols.relax.FastRelax: CMD: repack  -1068.55  2.12988  2.12988  0.55
protocols.relax.FastRelax: CMD: min  -1129.75  2.65351  2.65351  0.55
protocols.relax.FastRelax: MRP: 6  -1129.75  -1129.75  2.65351  2.65351  
protocols.relax.FastRelax: CMD: accept_to_best  -1129.75  2.65351  2.65351  0.55
protocols.relax.FastRelax: CMD: endrepeat  -1129.75  2.65351  2.65351  0.55
protocols.relax.FastRelax: CMD: coord_cst_weight  103836  2.65351  2.65351  0.55
protocols.relax.FastRelax: CMD: scale:fa_rep  103474  2.65351  2.65351  0.022
core.pack.task: Packer task: initialize from command line() 
core.pack.pack_rotamers: built 7905 rotamers at 493 positions.
core.pack.interaction_graph.interaction_graph_factory: Instantiating DensePDInteractionGraph
protocols.relax.FastRelax: CMD: repack  103450  2.65351  2.65351  0.022
protocols.relax.FastRelax: CMD: scale:fa_rep  103460  2.65351  2.65351  0.02805
core.optimization.Minimizer: [ WARNING ] LBFGS MAX CYCLES 2000 EXCEEDED, BUT FUNC NOT CONVERGED!
protocols.relax.FastRelax: CMD: min  -1271.48  0.201027  0.201027  0.02805
protocols.relax.FastRelax: CMD: coord_cst_weight  -1357.73  0.201027  0.201027  0.02805
protocols.relax.FastRelax: CMD: scale:fa_rep  -965.821  0.201027  0.201027  0.14575
core.pack.task: Packer task: initialize from command line() 
core.pack.pack_rotamers: built 7348 rotamers at 493 positions.
core.pack.interaction_graph.interaction_graph_factory: Instantiating DensePDInteractionGraph
protocols.relax.FastRelax: CMD: repack  -1046.5  0.201027  0.201027  0.14575
protocols.relax.FastRelax: CMD: scale:fa_rep  -1025.89  0.201027  0.201027  0.154
protocols.relax.FastRelax: CMD: min  -1180.88  0.246963  0.246963  0.154
protocols.relax.FastRelax: CMD: coord_cst_weight  -1311.12  0.246963  0.246963  0.154
protocols.relax.FastRelax: CMD: scale:fa_rep  -1118.45  0.246963  0.246963  0.30745
core.pack.task: Packer task: initialize from command line() 
core.pack.pack_rotamers: built 7231 rotamers at 493 positions.
core.pack.interaction_graph.interaction_graph_factory: Instantiating DensePDInteractionGraph
protocols.relax.FastRelax: CMD: repack  -1120.42  0.246963  0.246963  0.30745
protocols.relax.FastRelax: CMD: scale:fa_rep  -1105.55  0.246963  0.246963  0.31955
protocols.relax.FastRelax: CMD: min  -1295.56  2.40469  2.40469  0.31955
protocols.relax.FastRelax: CMD: coord_cst_weight  -1295.56  2.40469  2.40469  0.31955
protocols.relax.FastRelax: CMD: scale:fa_rep  -1069.66  2.40469  2.40469  0.55
core.pack.task: Packer task: initialize from command line() 
core.pack.pack_rotamers: built 6970 rotamers at 493 positions.
core.pack.interaction_graph.interaction_graph_factory: Instantiating DensePDInteractionGraph
protocols.relax.FastRelax: CMD: repack  -1072.07  2.40469  2.40469  0.55
protocols.relax.FastRelax: CMD: min  -1140.31  3.33995  3.33995  0.55
protocols.relax.FastRelax: MRP: 7  -1140.31  -1140.31  3.33995  3.33995  
protocols.relax.FastRelax: CMD: accept_to_best  -1140.31  3.33995  3.33995  0.55
protocols.relax.FastRelax: CMD: endrepeat  -1140.31  3.33995  3.33995  0.55
protocols.relax.FastRelax: CMD: coord_cst_weight  113079  3.33995  3.33995  0.55
protocols.relax.FastRelax: CMD: scale:fa_rep  112717  3.33995  3.33995  0.022
core.pack.task: Packer task: initialize from command line() 
core.pack.pack_rotamers: built 7889 rotamers at 493 positions.
core.pack.interaction_graph.interaction_graph_factory: Instantiating DensePDInteractionGraph
protocols.relax.FastRelax: CMD: repack  112695  3.33995  3.33995  0.022
protocols.relax.FastRelax: CMD: scale:fa_rep  112705  3.33995  3.33995  0.02805
core.optimization.Minimizer: [ WARNING ] LBFGS MAX CYCLES 2000 EXCEEDED, BUT FUNC NOT CONVERGED!
protocols.relax.FastRelax: CMD: min  -1279.87  0.197938  0.197938  0.02805
protocols.relax.FastRelax: CMD: coord_cst_weight  -1364.86  0.197938  0.197938  0.02805
protocols.relax.FastRelax: CMD: scale:fa_rep  -1008.48  0.197938  0.197938  0.14575
core.pack.task: Packer task: initialize from command line() 
core.pack.pack_rotamers: built 7300 rotamers at 493 positions.
core.pack.interaction_graph.interaction_graph_factory: Instantiating DensePDInteractionGraph
protocols.relax.FastRelax: CMD: repack  -1041.56  0.197938  0.197938  0.14575
protocols.relax.FastRelax: CMD: scale:fa_rep  -1020.84  0.197938  0.197938  0.154
protocols.relax.FastRelax: CMD: min  -1183.12  0.248127  0.248127  0.154
protocols.relax.FastRelax: CMD: coord_cst_weight  -1315.16  0.248127  0.248127  0.154
protocols.relax.FastRelax: CMD: scale:fa_rep  -1125.05  0.248127  0.248127  0.30745
core.pack.task: Packer task: initialize from command line() 
core.pack.pack_rotamers: built 7172 rotamers at 493 positions.
core.pack.interaction_graph.interaction_graph_factory: Instantiating DensePDInteractionGraph
protocols.relax.FastRelax: CMD: repack  -1113.93  0.248127  0.248127  0.30745
protocols.relax.FastRelax: CMD: scale:fa_rep  -1098.74  0.248127  0.248127  0.31955
protocols.relax.FastRelax: CMD: min  -1308.07  2.70843  2.70843  0.31955
protocols.relax.FastRelax: CMD: coord_cst_weight  -1308.07  2.70843  2.70843  0.31955
protocols.relax.FastRelax: CMD: scale:fa_rep  -1081.03  2.70843  2.70843  0.55
core.pack.task: Packer task: initialize from command line() 
core.pack.pack_rotamers: built 6982 rotamers at 493 positions.
core.pack.interaction_graph.interaction_graph_factory: Instantiating DensePDInteractionGraph
protocols.relax.FastRelax: CMD: repack  -1083.4  2.70843  2.70843  0.55
protocols.relax.FastRelax: CMD: min  -1139.62  3.44048  3.44048  0.55
protocols.relax.FastRelax: MRP: 8  -1139.62  -1140.31  3.33995  3.33995  
protocols.relax.FastRelax: CMD: accept_to_best  -1139.62  3.44048  3.44048  0.55
protocols.relax.FastRelax: CMD: endrepeat  -1139.62  3.44048  3.44048  0.55
protocols.relax.FastRelax: CMD: coord_cst_weight  102975  3.44048  3.44048  0.55
protocols.relax.FastRelax: CMD: scale:fa_rep  102613  3.44048  3.44048  0.022
core.pack.task: Packer task: initialize from command line() 
core.pack.pack_rotamers: built 7874 rotamers at 493 positions.
core.pack.interaction_graph.interaction_graph_factory: Instantiating DensePDInteractionGraph
protocols.relax.FastRelax: CMD: repack  102582  3.44048  3.44048  0.022
protocols.relax.FastRelax: CMD: scale:fa_rep  102591  3.44048  3.44048  0.02805
core.optimization.Minimizer: [ WARNING ] LBFGS MAX CYCLES 2000 EXCEEDED, BUT FUNC NOT CONVERGED!
protocols.relax.FastRelax: CMD: min  -1284.11  0.198161  0.198161  0.02805
protocols.relax.FastRelax: CMD: coord_cst_weight  -1369.61  0.198161  0.198161  0.02805
protocols.relax.FastRelax: CMD: scale:fa_rep  -1026.67  0.198161  0.198161  0.14575
core.pack.task: Packer task: initialize from command line() 
core.pack.pack_rotamers: built 7366 rotamers at 493 positions.
core.pack.interaction_graph.interaction_graph_factory: Instantiating DensePDInteractionGraph
protocols.relax.FastRelax: CMD: repack  -1052.15  0.198161  0.198161  0.14575
protocols.relax.FastRelax: CMD: scale:fa_rep  -1031.46  0.198161  0.198161  0.154
protocols.relax.FastRelax: CMD: min  -1185.24  0.247172  0.247172  0.154
protocols.relax.FastRelax: CMD: coord_cst_weight  -1316.09  0.247172  0.247172  0.154
protocols.relax.FastRelax: CMD: scale:fa_rep  -1124.38  0.247172  0.247172  0.30745
core.pack.task: Packer task: initialize from command line() 
core.pack.pack_rotamers: built 7181 rotamers at 493 positions.
core.pack.interaction_graph.interaction_graph_factory: Instantiating DensePDInteractionGraph
protocols.relax.FastRelax: CMD: repack  -1125.59  0.247172  0.247172  0.30745
protocols.relax.FastRelax: CMD: scale:fa_rep  -1110.75  0.247172  0.247172  0.31955
protocols.relax.FastRelax: CMD: min  -1310.51  2.48705  2.48705  0.31955
protocols.relax.FastRelax: CMD: coord_cst_weight  -1310.51  2.48705  2.48705  0.31955
protocols.relax.FastRelax: CMD: scale:fa_rep  -1084.11  2.48705  2.48705  0.55
core.pack.task: Packer task: initialize from command line() 
core.pack.pack_rotamers: built 6998 rotamers at 493 positions.
core.pack.interaction_graph.interaction_graph_factory: Instantiating DensePDInteractionGraph
protocols.relax.FastRelax: CMD: repack  -1085.81  2.48705  2.48705  0.55
protocols.relax.FastRelax: CMD: min  -1148.99  2.9996  2.9996  0.55
protocols.relax.FastRelax: MRP: 9  -1148.99  -1148.99  2.9996  2.9996  
protocols.relax.FastRelax: CMD: accept_to_best  -1148.99  2.9996  2.9996  0.55
protocols.relax.FastRelax: CMD: endrepeat  -1148.99  2.9996  2.9996  0.55
protocols.relax.FastRelax: CMD: coord_cst_weight  92054.3  2.9996  2.9996  0.55
protocols.relax.FastRelax: CMD: scale:fa_rep  91691.7  2.9996  2.9996  0.022
core.pack.task: Packer task: initialize from command line() 
core.pack.pack_rotamers: built 7972 rotamers at 493 positions.
core.pack.interaction_graph.interaction_graph_factory: Instantiating DensePDInteractionGraph
protocols.relax.FastRelax: CMD: repack  91674.9  2.9996  2.9996  0.022
protocols.relax.FastRelax: CMD: scale:fa_rep  91683.7  2.9996  2.9996  0.02805
core.optimization.Minimizer: [ WARNING ] LBFGS MAX CYCLES 2000 EXCEEDED, BUT FUNC NOT CONVERGED!
protocols.relax.FastRelax: CMD: min  -1277.27  0.200049  0.200049  0.02805
protocols.relax.FastRelax: CMD: coord_cst_weight  -1364.82  0.200049  0.200049  0.02805
protocols.relax.FastRelax: CMD: scale:fa_rep  -1020.93  0.200049  0.200049  0.14575
core.pack.task: Packer task: initialize from command line() 
core.pack.pack_rotamers: built 7366 rotamers at 493 positions.
core.pack.interaction_graph.interaction_graph_factory: Instantiating DensePDInteractionGraph
protocols.relax.FastRelax: CMD: repack  -1047.19  0.200049  0.200049  0.14575
protocols.relax.FastRelax: CMD: scale:fa_rep  -1026.8  0.200049  0.200049  0.154
protocols.relax.FastRelax: CMD: min  -1185.04  0.249854  0.249854  0.154
protocols.relax.FastRelax: CMD: coord_cst_weight  -1318.75  0.249854  0.249854  0.154
protocols.relax.FastRelax: CMD: scale:fa_rep  -1129.07  0.249854  0.249854  0.30745
core.pack.task: Packer task: initialize from command line() 
core.pack.pack_rotamers: built 7204 rotamers at 493 positions.
core.pack.interaction_graph.interaction_graph_factory: Instantiating DensePDInteractionGraph
protocols.relax.FastRelax: CMD: repack  -1130.49  0.249854  0.249854  0.30745
protocols.relax.FastRelax: CMD: scale:fa_rep  -1115.76  0.249854  0.249854  0.31955
protocols.relax.FastRelax: CMD: min  -1308.55  2.32055  2.32055  0.31955
protocols.relax.FastRelax: CMD: coord_cst_weight  -1308.55  2.32055  2.32055  0.31955
protocols.relax.FastRelax: CMD: scale:fa_rep  -1080.98  2.32055  2.32055  0.55
core.pack.task: Packer task: initialize from command line() 
core.pack.pack_rotamers: built 6921 rotamers at 493 positions.
core.pack.interaction_graph.interaction_graph_factory: Instantiating DensePDInteractionGraph
protocols.relax.FastRelax: CMD: repack  -1084.88  2.32055  2.32055  0.55
protocols.relax.FastRelax: CMD: min  -1146.54  3.06461  3.06461  0.55
protocols.relax.FastRelax: MRP: 10  -1146.54  -1148.99  2.9996  2.9996  
protocols.relax.FastRelax: CMD: accept_to_best  -1146.54  3.06461  3.06461  0.55
protocols.relax.FastRelax: CMD: endrepeat  -1146.54  3.06461  3.06461  0.55
protocols.relax.FastRelax: CMD: coord_cst_weight  91598.9  3.06461  3.06461  0.55
protocols.relax.FastRelax: CMD: scale:fa_rep  91236  3.06461  3.06461  0.022
core.pack.task: Packer task: initialize from command line() 
core.pack.pack_rotamers: built 7877 rotamers at 493 positions.
core.pack.interaction_graph.interaction_graph_factory: Instantiating DensePDInteractionGraph
protocols.relax.FastRelax: CMD: repack  91211.4  3.06461  3.06461  0.022
protocols.relax.FastRelax: CMD: scale:fa_rep  91221.4  3.06461  3.06461  0.02805
core.optimization.Minimizer: [ WARNING ] LBFGS MAX CYCLES 2000 EXCEEDED, BUT FUNC NOT CONVERGED!
protocols.relax.FastRelax: CMD: min  -1286.89  0.200407  0.200407  0.02805
protocols.relax.FastRelax: CMD: coord_cst_weight  -1374.57  0.200407  0.200407  0.02805
protocols.relax.FastRelax: CMD: scale:fa_rep  -1033.74  0.200407  0.200407  0.14575
core.pack.task: Packer task: initialize from command line() 
core.pack.pack_rotamers: built 7299 rotamers at 493 positions.
core.pack.interaction_graph.interaction_graph_factory: Instantiating DensePDInteractionGraph
protocols.relax.FastRelax: CMD: repack  -1064.15  0.200407  0.200407  0.14575
protocols.relax.FastRelax: CMD: scale:fa_rep  -1044.22  0.200407  0.200407  0.154
protocols.relax.FastRelax: CMD: min  -1193.72  0.24977  0.24977  0.154
protocols.relax.FastRelax: CMD: coord_cst_weight  -1326.81  0.24977  0.24977  0.154
protocols.relax.FastRelax: CMD: scale:fa_rep  -1137.97  0.24977  0.24977  0.30745
core.pack.task: Packer task: initialize from command line() 
core.pack.pack_rotamers: built 7185 rotamers at 493 positions.
core.pack.interaction_graph.interaction_graph_factory: Instantiating DensePDInteractionGraph
protocols.relax.FastRelax: CMD: repack  -1140.11  0.24977  0.24977  0.30745
protocols.relax.FastRelax: CMD: scale:fa_rep  -1125.47  0.24977  0.24977  0.31955
protocols.relax.FastRelax: CMD: min  -1319.55  2.17065  2.17065  0.31955
protocols.relax.FastRelax: CMD: coord_cst_weight  -1319.55  2.17065  2.17065  0.31955
protocols.relax.FastRelax: CMD: scale:fa_rep  -1092.08  2.17065  2.17065  0.55
core.pack.task: Packer task: initialize from command line() 
core.pack.pack_rotamers: built 7018 rotamers at 493 positions.
core.pack.interaction_graph.interaction_graph_factory: Instantiating DensePDInteractionGraph
protocols.relax.FastRelax: CMD: repack  -1093.06  2.17065  2.17065  0.55
protocols.relax.FastRelax: CMD: min  -1149.25  2.8244  2.8244  0.55
protocols.relax.FastRelax: MRP: 11  -1149.25  -1149.25  2.8244  2.8244  
protocols.relax.FastRelax: CMD: accept_to_best  -1149.25  2.8244  2.8244  0.55
protocols.relax.FastRelax: CMD: endrepeat  -1149.25  2.8244  2.8244  0.55
protocols.relax.FastRelax: CMD: coord_cst_weight  79314  2.8244  2.8244  0.55
protocols.relax.FastRelax: CMD: scale:fa_rep  78949.9  2.8244  2.8244  0.022
core.pack.task: Packer task: initialize from command line() 
core.pack.pack_rotamers: built 7936 rotamers at 493 positions.
core.pack.interaction_graph.interaction_graph_factory: Instantiating DensePDInteractionGraph
protocols.relax.FastRelax: CMD: repack  78926.1  2.8244  2.8244  0.022
protocols.relax.FastRelax: CMD: scale:fa_rep  78936.7  2.8244  2.8244  0.02805
core.optimization.Minimizer: [ WARNING ] LBFGS MAX CYCLES 2000 EXCEEDED, BUT FUNC NOT CONVERGED!
protocols.relax.FastRelax: CMD: min  -1289.12  0.1988  0.1988  0.02805
protocols.relax.FastRelax: CMD: coord_cst_weight  -1375  0.1988  0.1988  0.02805
protocols.relax.FastRelax: CMD: scale:fa_rep  -1030.99  0.1988  0.1988  0.14575
core.pack.task: Packer task: initialize from command line() 
core.pack.pack_rotamers: built 7363 rotamers at 493 positions.
core.pack.interaction_graph.interaction_graph_factory: Instantiating DensePDInteractionGraph
protocols.relax.FastRelax: CMD: repack  -1067.15  0.1988  0.1988  0.14575
protocols.relax.FastRelax: CMD: scale:fa_rep  -1047.32  0.1988  0.1988  0.154
protocols.relax.FastRelax: CMD: min  -1195.27  0.247393  0.247393  0.154
protocols.relax.FastRelax: CMD: coord_cst_weight  -1326.05  0.247393  0.247393  0.154
protocols.relax.FastRelax: CMD: scale:fa_rep  -1137.53  0.247393  0.247393  0.30745
core.pack.task: Packer task: initialize from command line() 
core.pack.pack_rotamers: built 7153 rotamers at 493 positions.
core.pack.interaction_graph.interaction_graph_factory: Instantiating DensePDInteractionGraph
protocols.relax.FastRelax: CMD: repack  -1139.35  0.247393  0.247393  0.30745
protocols.relax.FastRelax: CMD: scale:fa_rep  -1124.7  0.247393  0.247393  0.31955
protocols.relax.FastRelax: CMD: min  -1316.3  2.29977  2.29977  0.31955
