********  (C) Copyright Rosetta Commons Member Institutions.  ***************
* Use of Rosetta for commercial purposes may require purchase of a license. *
********  See LICENSE.md or email license@uw.edu for more details. **********
core.init: Checking for fconfig files in pwd and ./rosetta/flags 
core.init: Rosetta version: rosetta.binary.ubuntu.release-408 r408 2025.37+release.df75a9c48e df75a9c48e763e52a7aa3f5dfba077f4da88dbf5 https://www.rosettacommons.org 2025-09-10T02:14:08.564791
core.init: Rosetta extras: []
core.init: command: /home/gbiuser/Downloads/rosetta.binary.ubuntu.release-408/main/source/bin/relax.default.linuxgccrelease -s ../1-loopmodel/target.BL00250001.pdb -relax:thorough -relax:constrain_relax_to_start_coords -constraints:cst_file cst.cst -nstruct 5 -out:suffix _1 -out:file:silent relax_1.silent -out:file:silent_struct_type binary
basic.random.init_random_generator: 'RNG device' seed mode, using '/dev/urandom', seed=-106794813 seed_offset=0 real_seed=-106794813
basic.random.init_random_generator: RandomGenerator:init: Normal mode, seed=-106794813 RG_type=mt19937
core.init: Resolved executable path: /home/gbiuser/Downloads/rosetta.binary.ubuntu.release-408/main/source/build/src/release/linux/6.8/64/x86/gcc/11/default/relax.default.linuxgccrelease
core.init: Looking for database based on location of executable: /home/gbiuser/Downloads/rosetta.binary.ubuntu.release-408/main/database/
core.scoring.ScoreFunctionFactory: SCOREFUNCTION: ref2015
core.scoring.etable: Starting energy table calculation
core.scoring.etable: smooth_etable: changing atr/rep split to bottom of energy well
core.scoring.etable: smooth_etable: spline smoothing lj etables (maxdis = 6)
core.scoring.etable: smooth_etable: spline smoothing solvation etables (max_dis = 6)
core.scoring.etable: Finished calculating energy tables.
basic.io.database: Database file opened: scoring/score_functions/hbonds/ref2015_params/HBPoly1D.csv
basic.io.database: Database file opened: scoring/score_functions/hbonds/ref2015_params/HBFadeIntervals.csv
basic.io.database: Database file opened: scoring/score_functions/hbonds/ref2015_params/HBEval.csv
basic.io.database: Database file opened: scoring/score_functions/hbonds/ref2015_params/DonStrength.csv
basic.io.database: Database file opened: scoring/score_functions/hbonds/ref2015_params/AccStrength.csv
core.chemical.GlobalResidueTypeSet: Finished initializing fa_standard residue type set.  Created 985 residue types
core.chemical.GlobalResidueTypeSet: Total time to initialize 1.28244 seconds.
basic.io.database: Database file opened: scoring/score_functions/rama/fd/all.ramaProb
basic.io.database: Database file opened: scoring/score_functions/rama/fd/prepro.ramaProb
basic.io.database: Database file opened: scoring/score_functions/omega/omega_ppdep.all.txt
basic.io.database: Database file opened: scoring/score_functions/omega/omega_ppdep.gly.txt
basic.io.database: Database file opened: scoring/score_functions/omega/omega_ppdep.pro.txt
basic.io.database: Database file opened: scoring/score_functions/omega/omega_ppdep.valile.txt
basic.io.database: Database file opened: scoring/score_functions/P_AA_pp/P_AA
basic.io.database: Database file opened: scoring/score_functions/P_AA_pp/P_AA_n
core.scoring.P_AA: shapovalov_lib::shap_p_aa_pp_smooth_level of 1( aka low_smooth ) got activated.
basic.io.database: Database file opened: scoring/score_functions/P_AA_pp/shapovalov/10deg/kappa131/a20.prop
protocols.relax.RelaxScriptManager: Reading relax scripts list from database.
protocols.relax.RelaxScriptManager: Looking for MonomerRelax2019.txt
protocols.relax.RelaxScriptManager: ================== Reading script file: /home/gbiuser/Downloads/rosetta.binary.ubuntu.release-408/main/database/sampling/relax_scripts/MonomerRelax2019.txt ==================
protocols.relax.RelaxScriptManager: repeat %%nrepeats%%
protocols.relax.RelaxScriptManager: coord_cst_weight 1.0
protocols.relax.RelaxScriptManager: scale:fa_rep 0.040
protocols.relax.RelaxScriptManager: repack
protocols.relax.RelaxScriptManager: scale:fa_rep 0.051
protocols.relax.RelaxScriptManager: min 0.01
protocols.relax.RelaxScriptManager: coord_cst_weight 0.5
protocols.relax.RelaxScriptManager: scale:fa_rep 0.265
protocols.relax.RelaxScriptManager: repack
protocols.relax.RelaxScriptManager: scale:fa_rep 0.280
protocols.relax.RelaxScriptManager: min 0.01
protocols.relax.RelaxScriptManager: coord_cst_weight 0.0
protocols.relax.RelaxScriptManager: scale:fa_rep 0.559
protocols.relax.RelaxScriptManager: repack
protocols.relax.RelaxScriptManager: scale:fa_rep 0.581
protocols.relax.RelaxScriptManager: min 0.01
protocols.relax.RelaxScriptManager: coord_cst_weight 0.0
protocols.relax.RelaxScriptManager: scale:fa_rep 1
protocols.relax.RelaxScriptManager: repack
protocols.relax.RelaxScriptManager: min 0.00001
protocols.relax.RelaxScriptManager: accept_to_best
protocols.relax.RelaxScriptManager: endrepeat
core.scoring.constraints.util: Constraint choice: cst.cst
protocols.jd2.PDBJobInputter: Instantiate PDBJobInputter
protocols.jd2.PDBJobInputter: PDBJobInputter::fill_jobs
protocols.jd2.PDBJobInputter: pushed ../1-loopmodel/target.BL00250001.pdb nstruct indices 1 - 5
protocols.evaluation.ChiWellRmsdEvaluatorCreator: Evaluation Creator active ... 
protocols.jd2.PDBJobInputter: PDBJobInputter::pose_from_job
protocols.jd2.PDBJobInputter: filling pose from PDB ../1-loopmodel/target.BL00250001.pdb
core.import_pose.import_pose: File '../1-loopmodel/target.BL00250001.pdb' automatically determined to be of type PDB from contents.
core.io.rcsb.ExperimentalTechnique: [ ERROR ] Unrecognized experimental technique string 'THEORETICAL MODEL, MODELLER 10.8 2026/07/05 01:19:35'
core.scoring.constraints.ConstraintsIO: read constraints from cst.cst
core.scoring.constraints.ConstraintsIO: Read in 18 constraints
basic.io.database: Database file opened: scoring/score_functions/elec_cp_reps.dat
core.scoring.elec.util: Read 40 countpair representative atoms
core.pack.dunbrack.RotamerLibrary: shapovalov_lib_fixes_enable option is true.
core.pack.dunbrack.RotamerLibrary: shapovalov_lib::shap_dun10_smooth_level of 1( aka lowest_smooth ) got activated.
core.pack.dunbrack.RotamerLibrary: Binary rotamer library selected: /home/gbiuser/Downloads/rosetta.binary.ubuntu.release-408/main/database/rotamer/shapovalov/StpDwn_0-0-0/Dunbrack10.lib.bin
core.pack.dunbrack.RotamerLibrary: Using Dunbrack library binary file '/home/gbiuser/Downloads/rosetta.binary.ubuntu.release-408/main/database/rotamer/shapovalov/StpDwn_0-0-0/Dunbrack10.lib.bin'.
core.pack.dunbrack.RotamerLibrary: Dunbrack 2010 library took 0.197608 seconds to load from binary
protocols.relax.FastRelax: CMD: repeat  9380.92  0  0  0.55
protocols.relax.FastRelax: CMD: coord_cst_weight  9380.92  0  0  0.55
protocols.relax.FastRelax: CMD: scale:fa_rep  838.481  0  0  0.022
core.pack.task: Packer task: initialize from command line() 
core.pack.pack_rotamers: built 8126 rotamers at 493 positions.
core.pack.interaction_graph.interaction_graph_factory: Instantiating DensePDInteractionGraph
protocols.relax.FastRelax: CMD: repack  -794.884  0  0  0.022
protocols.relax.FastRelax: CMD: scale:fa_rep  -708.297  0  0  0.02805
core.optimization.Minimizer: [ WARNING ] LBFGS MAX CYCLES 2000 EXCEEDED, BUT FUNC NOT CONVERGED!
protocols.relax.FastRelax: CMD: min  -1297.36  0.158577  0.158577  0.02805
protocols.relax.FastRelax: CMD: coord_cst_weight  -1349.53  0.158577  0.158577  0.02805
protocols.relax.FastRelax: CMD: scale:fa_rep  -598.262  0.158577  0.158577  0.14575
core.pack.task: Packer task: initialize from command line() 
core.pack.pack_rotamers: built 7358 rotamers at 493 positions.
core.pack.interaction_graph.interaction_graph_factory: Instantiating DensePDInteractionGraph
protocols.relax.FastRelax: CMD: repack  -631.4  0.158577  0.158577  0.14575
protocols.relax.FastRelax: CMD: scale:fa_rep  -583.872  0.158577  0.158577  0.154
core.optimization.Minimizer: [ WARNING ] LBFGS MAX CYCLES 2000 EXCEEDED, BUT FUNC NOT CONVERGED!
protocols.relax.FastRelax: CMD: min  -1015.53  0.259333  0.259333  0.154
protocols.relax.FastRelax: CMD: coord_cst_weight  -1152.42  0.259333  0.259333  0.154
protocols.relax.FastRelax: CMD: scale:fa_rep  -841.159  0.259333  0.259333  0.30745
core.pack.task: Packer task: initialize from command line() 
core.pack.pack_rotamers: built 7135 rotamers at 493 positions.
core.pack.interaction_graph.interaction_graph_factory: Instantiating DensePDInteractionGraph
protocols.relax.FastRelax: CMD: repack  -846.13  0.259333  0.259333  0.30745
protocols.relax.FastRelax: CMD: scale:fa_rep  -821.781  0.259333  0.259333  0.31955
protocols.relax.FastRelax: CMD: min  -143.557  3.46571  3.46571  0.31955
protocols.relax.FastRelax: CMD: coord_cst_weight  -143.557  3.46571  3.46571  0.31955
protocols.relax.FastRelax: CMD: scale:fa_rep  851.922  3.46571  3.46571  0.55
core.pack.task: Packer task: initialize from command line() 
core.pack.pack_rotamers: built 7102 rotamers at 493 positions.
core.pack.interaction_graph.interaction_graph_factory: Instantiating DensePDInteractionGraph
protocols.relax.FastRelax: CMD: repack  -117.736  3.46571  3.46571  0.55
protocols.relax.FastRelax: CMD: min  -1085.91  3.60107  3.60107  0.55
protocols.relax.FastRelax: MRP: 0  -1085.91  -1085.91  3.60107  3.60107  
protocols.relax.FastRelax: CMD: accept_to_best  -1085.91  3.60107  3.60107  0.55
protocols.relax.FastRelax: CMD: endrepeat  -1085.91  3.60107  3.60107  0.55
protocols.relax.FastRelax: CMD: coord_cst_weight  230800  3.60107  3.60107  0.55
protocols.relax.FastRelax: CMD: scale:fa_rep  230454  3.60107  3.60107  0.022
core.pack.task: Packer task: initialize from command line() 
core.pack.pack_rotamers: built 7995 rotamers at 493 positions.
core.pack.interaction_graph.interaction_graph_factory: Instantiating DensePDInteractionGraph
protocols.relax.FastRelax: CMD: repack  230419  3.60107  3.60107  0.022
protocols.relax.FastRelax: CMD: scale:fa_rep  230434  3.60107  3.60107  0.02805
core.optimization.Minimizer: [ WARNING ] LBFGS MAX CYCLES 2000 EXCEEDED, BUT FUNC NOT CONVERGED!
protocols.relax.FastRelax: CMD: min  -1167.13  0.228019  0.228019  0.02805
protocols.relax.FastRelax: CMD: coord_cst_weight  -1273.57  0.228019  0.228019  0.02805
protocols.relax.FastRelax: CMD: scale:fa_rep  -441.002  0.228019  0.228019  0.14575
core.pack.task: Packer task: initialize from command line() 
core.pack.pack_rotamers: built 7244 rotamers at 493 positions.
core.pack.interaction_graph.interaction_graph_factory: Instantiating DensePDInteractionGraph
protocols.relax.FastRelax: CMD: repack  -570.331  0.228019  0.228019  0.14575
protocols.relax.FastRelax: CMD: scale:fa_rep  -519.914  0.228019  0.228019  0.154
core.optimization.Minimizer: [ WARNING ] LBFGS MAX CYCLES 2000 EXCEEDED, BUT FUNC NOT CONVERGED!
protocols.relax.FastRelax: CMD: min  -1029.28  0.29794  0.29794  0.154
protocols.relax.FastRelax: CMD: coord_cst_weight  -1203.81  0.29794  0.29794  0.154
protocols.relax.FastRelax: CMD: scale:fa_rep  -893.067  0.29794  0.29794  0.30745
core.pack.task: Packer task: initialize from command line() 
core.pack.pack_rotamers: built 7143 rotamers at 493 positions.
core.pack.interaction_graph.interaction_graph_factory: Instantiating DensePDInteractionGraph
protocols.relax.FastRelax: CMD: repack  -895.266  0.29794  0.29794  0.30745
protocols.relax.FastRelax: CMD: scale:fa_rep  -871.165  0.29794  0.29794  0.31955
protocols.relax.FastRelax: CMD: min  737.731  3.54938  3.54938  0.31955
protocols.relax.FastRelax: CMD: coord_cst_weight  737.731  3.54938  3.54938  0.31955
protocols.relax.FastRelax: CMD: scale:fa_rep  2406.66  3.54938  3.54938  0.55
core.pack.task: Packer task: initialize from command line() 
core.pack.pack_rotamers: built 7119 rotamers at 493 positions.
core.pack.interaction_graph.interaction_graph_factory: Instantiating DensePDInteractionGraph
protocols.relax.FastRelax: CMD: repack  468.076  3.54938  3.54938  0.55
protocols.relax.FastRelax: CMD: min  -1112.53  4.15285  4.15285  0.55
protocols.relax.FastRelax: MRP: 1  -1112.53  -1112.53  4.15285  4.15285  
protocols.relax.FastRelax: CMD: accept_to_best  -1112.53  4.15285  4.15285  0.55
protocols.relax.FastRelax: CMD: endrepeat  -1112.53  4.15285  4.15285  0.55
protocols.relax.FastRelax: CMD: coord_cst_weight  242095  4.15285  4.15285  0.55
protocols.relax.FastRelax: CMD: scale:fa_rep  241740  4.15285  4.15285  0.022
core.pack.task: Packer task: initialize from command line() 
core.pack.pack_rotamers: built 7992 rotamers at 493 positions.
core.pack.interaction_graph.interaction_graph_factory: Instantiating DensePDInteractionGraph
protocols.relax.FastRelax: CMD: repack  241699  4.15285  4.15285  0.022
protocols.relax.FastRelax: CMD: scale:fa_rep  241716  4.15285  4.15285  0.02805
core.optimization.Minimizer: [ WARNING ] LBFGS MAX CYCLES 2000 EXCEEDED, BUT FUNC NOT CONVERGED!
protocols.relax.FastRelax: CMD: min  -1216.72  0.23088  0.23088  0.02805
protocols.relax.FastRelax: CMD: coord_cst_weight  -1320.91  0.23088  0.23088  0.02805
protocols.relax.FastRelax: CMD: scale:fa_rep  -454.932  0.23088  0.23088  0.14575
core.pack.task: Packer task: initialize from command line() 
core.pack.pack_rotamers: built 7367 rotamers at 493 positions.
core.pack.interaction_graph.interaction_graph_factory: Instantiating DensePDInteractionGraph
protocols.relax.FastRelax: CMD: repack  -575.971  0.23088  0.23088  0.14575
protocols.relax.FastRelax: CMD: scale:fa_rep  -525.001  0.23088  0.23088  0.154
core.optimization.Minimizer: [ WARNING ] LBFGS MAX CYCLES 2000 EXCEEDED, BUT FUNC NOT CONVERGED!
protocols.relax.FastRelax: CMD: min  -1015.56  0.30597  0.30597  0.154
protocols.relax.FastRelax: CMD: coord_cst_weight  -1200.73  0.30597  0.30597  0.154
protocols.relax.FastRelax: CMD: scale:fa_rep  -883.219  0.30597  0.30597  0.30745
core.pack.task: Packer task: initialize from command line() 
core.pack.pack_rotamers: built 7160 rotamers at 493 positions.
core.pack.interaction_graph.interaction_graph_factory: Instantiating DensePDInteractionGraph
protocols.relax.FastRelax: CMD: repack  -886.302  0.30597  0.30597  0.30745
protocols.relax.FastRelax: CMD: scale:fa_rep  -861.432  0.30597  0.30597  0.31955
protocols.relax.FastRelax: CMD: min  -276.697  3.2977  3.2977  0.31955
protocols.relax.FastRelax: CMD: coord_cst_weight  -276.697  3.2977  3.2977  0.31955
protocols.relax.FastRelax: CMD: scale:fa_rep  642.82  3.2977  3.2977  0.55
core.pack.task: Packer task: initialize from command line() 
core.pack.pack_rotamers: built 7031 rotamers at 493 positions.
core.pack.interaction_graph.interaction_graph_factory: Instantiating DensePDInteractionGraph
protocols.relax.FastRelax: CMD: repack  -348.412  3.2977  3.2977  0.55
protocols.relax.FastRelax: CMD: min  -1078.11  4.72417  4.72417  0.55
protocols.relax.FastRelax: MRP: 2  -1078.11  -1112.53  4.15285  4.15285  
protocols.relax.FastRelax: CMD: accept_to_best  -1078.11  4.72417  4.72417  0.55
protocols.relax.FastRelax: CMD: endrepeat  -1078.11  4.72417  4.72417  0.55
protocols.relax.FastRelax: CMD: coord_cst_weight  190194  4.72417  4.72417  0.55
protocols.relax.FastRelax: CMD: scale:fa_rep  189845  4.72417  4.72417  0.022
core.pack.task: Packer task: initialize from command line() 
core.pack.pack_rotamers: built 7998 rotamers at 493 positions.
core.pack.interaction_graph.interaction_graph_factory: Instantiating DensePDInteractionGraph
protocols.relax.FastRelax: CMD: repack  189816  4.72417  4.72417  0.022
protocols.relax.FastRelax: CMD: scale:fa_rep  189836  4.72417  4.72417  0.02805
core.optimization.Minimizer: [ WARNING ] LBFGS MAX CYCLES 2000 EXCEEDED, BUT FUNC NOT CONVERGED!
protocols.relax.FastRelax: CMD: min  -1187.48  0.241889  0.241889  0.02805
protocols.relax.FastRelax: CMD: coord_cst_weight  -1304.97  0.241889  0.241889  0.02805
protocols.relax.FastRelax: CMD: scale:fa_rep  -470.032  0.241889  0.241889  0.14575
core.pack.task: Packer task: initialize from command line() 
core.pack.pack_rotamers: built 7317 rotamers at 493 positions.
core.pack.interaction_graph.interaction_graph_factory: Instantiating DensePDInteractionGraph
protocols.relax.FastRelax: CMD: repack  -567.207  0.241889  0.241889  0.14575
protocols.relax.FastRelax: CMD: scale:fa_rep  -517.987  0.241889  0.241889  0.154
core.optimization.Minimizer: [ WARNING ] LBFGS MAX CYCLES 2000 EXCEEDED, BUT FUNC NOT CONVERGED!
protocols.relax.FastRelax: CMD: min  -1007.81  0.307489  0.307489  0.154
protocols.relax.FastRelax: CMD: coord_cst_weight  -1193.95  0.307489  0.307489  0.154
protocols.relax.FastRelax: CMD: scale:fa_rep  -878.191  0.307489  0.307489  0.30745
core.pack.task: Packer task: initialize from command line() 
core.pack.pack_rotamers: built 7128 rotamers at 493 positions.
core.pack.interaction_graph.interaction_graph_factory: Instantiating DensePDInteractionGraph
protocols.relax.FastRelax: CMD: repack  -874.992  0.307489  0.307489  0.30745
protocols.relax.FastRelax: CMD: scale:fa_rep  -850.242  0.307489  0.307489  0.31955
protocols.relax.FastRelax: CMD: min  410.99  3.86202  3.86202  0.31955
protocols.relax.FastRelax: CMD: coord_cst_weight  410.99  3.86202  3.86202  0.31955
protocols.relax.FastRelax: CMD: scale:fa_rep  1823.04  3.86202  3.86202  0.55
core.pack.task: Packer task: initialize from command line() 
core.pack.pack_rotamers: built 7035 rotamers at 493 positions.
core.pack.interaction_graph.interaction_graph_factory: Instantiating DensePDInteractionGraph
protocols.relax.FastRelax: CMD: repack  -390.675  3.86202  3.86202  0.55
protocols.relax.FastRelax: CMD: min  -1103.72  3.97734  3.97734  0.55
protocols.relax.FastRelax: MRP: 3  -1103.72  -1112.53  4.15285  4.15285  
protocols.relax.FastRelax: CMD: accept_to_best  -1103.72  3.97734  3.97734  0.55
protocols.relax.FastRelax: CMD: endrepeat  -1103.72  3.97734  3.97734  0.55
protocols.relax.FastRelax: CMD: coord_cst_weight  77591  3.97734  3.97734  0.55
protocols.relax.FastRelax: CMD: scale:fa_rep  77239.7  3.97734  3.97734  0.022
core.pack.task: Packer task: initialize from command line() 
core.pack.pack_rotamers: built 7887 rotamers at 493 positions.
core.pack.interaction_graph.interaction_graph_factory: Instantiating DensePDInteractionGraph
protocols.relax.FastRelax: CMD: repack  77201.4  3.97734  3.97734  0.022
protocols.relax.FastRelax: CMD: scale:fa_rep  77218.6  3.97734  3.97734  0.02805
core.optimization.Minimizer: [ WARNING ] LBFGS MAX CYCLES 2000 EXCEEDED, BUT FUNC NOT CONVERGED!
protocols.relax.FastRelax: CMD: min  -1202.72  0.239178  0.239178  0.02805
protocols.relax.FastRelax: CMD: coord_cst_weight  -1312.7  0.239178  0.239178  0.02805
protocols.relax.FastRelax: CMD: scale:fa_rep  -464.735  0.239178  0.239178  0.14575
core.pack.task: Packer task: initialize from command line() 
core.pack.pack_rotamers: built 7449 rotamers at 493 positions.
core.pack.interaction_graph.interaction_graph_factory: Instantiating DensePDInteractionGraph
protocols.relax.FastRelax: CMD: repack  -576.183  0.239178  0.239178  0.14575
protocols.relax.FastRelax: CMD: scale:fa_rep  -526.036  0.239178  0.239178  0.154
core.optimization.Minimizer: [ WARNING ] LBFGS MAX CYCLES 2000 EXCEEDED, BUT FUNC NOT CONVERGED!
protocols.relax.FastRelax: CMD: min  -997.798  0.320767  0.320767  0.154
protocols.relax.FastRelax: CMD: coord_cst_weight  -1200.24  0.320767  0.320767  0.154
protocols.relax.FastRelax: CMD: scale:fa_rep  -875.56  0.320767  0.320767  0.30745
core.pack.task: Packer task: initialize from command line() 
core.pack.pack_rotamers: built 7161 rotamers at 493 positions.
core.pack.interaction_graph.interaction_graph_factory: Instantiating DensePDInteractionGraph
protocols.relax.FastRelax: CMD: repack  -878.654  0.320767  0.320767  0.30745
protocols.relax.FastRelax: CMD: scale:fa_rep  -853.089  0.320767  0.320767  0.31955
protocols.relax.FastRelax: CMD: min  475.434  3.03516  3.03516  0.31955
protocols.relax.FastRelax: CMD: coord_cst_weight  475.434  3.03516  3.03516  0.31955
protocols.relax.FastRelax: CMD: scale:fa_rep  1948.3  3.03516  3.03516  0.55
core.pack.task: Packer task: initialize from command line() 
core.pack.pack_rotamers: built 7047 rotamers at 493 positions.
core.pack.interaction_graph.interaction_graph_factory: Instantiating DensePDInteractionGraph
protocols.relax.FastRelax: CMD: repack  513.606  3.03516  3.03516  0.55
protocols.relax.FastRelax: CMD: min  -1110.88  3.05547  3.05547  0.55
protocols.relax.FastRelax: MRP: 4  -1110.88  -1112.53  4.15285  4.15285  
protocols.relax.FastRelax: CMD: accept_to_best  -1110.88  3.05547  3.05547  0.55
protocols.relax.FastRelax: CMD: endrepeat  -1110.88  3.05547  3.05547  0.55
protocols.relax.FastRelax: CMD: coord_cst_weight  59767  3.05547  3.05547  0.55
protocols.relax.FastRelax: CMD: scale:fa_rep  59411.1  3.05547  3.05547  0.022
core.pack.task: Packer task: initialize from command line() 
core.pack.pack_rotamers: built 7947 rotamers at 493 positions.
core.pack.interaction_graph.interaction_graph_factory: Instantiating DensePDInteractionGraph
protocols.relax.FastRelax: CMD: repack  59364.9  3.05547  3.05547  0.022
protocols.relax.FastRelax: CMD: scale:fa_rep  59378.9  3.05547  3.05547  0.02805
core.optimization.Minimizer: [ WARNING ] LBFGS MAX CYCLES 2000 EXCEEDED, BUT FUNC NOT CONVERGED!
protocols.relax.FastRelax: CMD: min  -1208.47  0.244057  0.244057  0.02805
protocols.relax.FastRelax: CMD: coord_cst_weight  -1325.53  0.244057  0.244057  0.02805
protocols.relax.FastRelax: CMD: scale:fa_rep  -480.729  0.244057  0.244057  0.14575
core.pack.task: Packer task: initialize from command line() 
core.pack.pack_rotamers: built 7310 rotamers at 493 positions.
core.pack.interaction_graph.interaction_graph_factory: Instantiating DensePDInteractionGraph
protocols.relax.FastRelax: CMD: repack  -582.115  0.244057  0.244057  0.14575
protocols.relax.FastRelax: CMD: scale:fa_rep  -531.689  0.244057  0.244057  0.154
core.optimization.Minimizer: [ WARNING ] LBFGS MAX CYCLES 2000 EXCEEDED, BUT FUNC NOT CONVERGED!
protocols.relax.FastRelax: CMD: min  -1016.88  0.31861  0.31861  0.154
protocols.relax.FastRelax: CMD: coord_cst_weight  -1216.27  0.31861  0.31861  0.154
protocols.relax.FastRelax: CMD: scale:fa_rep  -897.453  0.31861  0.31861  0.30745
core.pack.task: Packer task: initialize from command line() 
core.pack.pack_rotamers: built 7165 rotamers at 493 positions.
core.pack.interaction_graph.interaction_graph_factory: Instantiating DensePDInteractionGraph
protocols.relax.FastRelax: CMD: repack  -898.336  0.31861  0.31861  0.30745
protocols.relax.FastRelax: CMD: scale:fa_rep  -873.294  0.31861  0.31861  0.31955
protocols.relax.FastRelax: CMD: min  -201.938  2.85966  2.85966  0.31955
protocols.relax.FastRelax: CMD: coord_cst_weight  -201.938  2.85966  2.85966  0.31955
protocols.relax.FastRelax: CMD: scale:fa_rep  776.204  2.85966  2.85966  0.55
core.pack.task: Packer task: initialize from command line() 
core.pack.pack_rotamers: built 7105 rotamers at 493 positions.
core.pack.interaction_graph.interaction_graph_factory: Instantiating DensePDInteractionGraph
protocols.relax.FastRelax: CMD: repack  -939.519  2.85966  2.85966  0.55
protocols.relax.FastRelax: CMD: min  -1114.79  3.18881  3.18881  0.55
protocols.relax.FastRelax: MRP: 5  -1114.79  -1114.79  3.18881  3.18881  
protocols.relax.FastRelax: CMD: accept_to_best  -1114.79  3.18881  3.18881  0.55
protocols.relax.FastRelax: CMD: endrepeat  -1114.79  3.18881  3.18881  0.55
protocols.relax.FastRelax: CMD: coord_cst_weight  102298  3.18881  3.18881  0.55
protocols.relax.FastRelax: CMD: scale:fa_rep  101943  3.18881  3.18881  0.022
core.pack.task: Packer task: initialize from command line() 
core.pack.pack_rotamers: built 7951 rotamers at 493 positions.
core.pack.interaction_graph.interaction_graph_factory: Instantiating DensePDInteractionGraph
protocols.relax.FastRelax: CMD: repack  101919  3.18881  3.18881  0.022
protocols.relax.FastRelax: CMD: scale:fa_rep  101929  3.18881  3.18881  0.02805
core.optimization.Minimizer: [ WARNING ] LBFGS MAX CYCLES 2000 EXCEEDED, BUT FUNC NOT CONVERGED!
protocols.relax.FastRelax: CMD: min  -1016.01  0.279763  0.279763  0.02805
protocols.relax.FastRelax: CMD: coord_cst_weight  -1163.4  0.279763  0.279763  0.02805
protocols.relax.FastRelax: CMD: scale:fa_rep  -57.1985  0.279763  0.279763  0.14575
core.pack.task: Packer task: initialize from command line() 
core.pack.pack_rotamers: built 7299 rotamers at 493 positions.
core.pack.interaction_graph.interaction_graph_factory: Instantiating DensePDInteractionGraph
protocols.relax.FastRelax: CMD: repack  -588.089  0.279763  0.279763  0.14575
protocols.relax.FastRelax: CMD: scale:fa_rep  -541.478  0.279763  0.279763  0.154
protocols.relax.FastRelax: CMD: min  -1002.56  0.3339  0.3339  0.154
protocols.relax.FastRelax: CMD: coord_cst_weight  -1214.6  0.3339  0.3339  0.154
protocols.relax.FastRelax: CMD: scale:fa_rep  -900.045  0.3339  0.3339  0.30745
core.pack.task: Packer task: initialize from command line() 
core.pack.pack_rotamers: built 7130 rotamers at 493 positions.
core.pack.interaction_graph.interaction_graph_factory: Instantiating DensePDInteractionGraph
protocols.relax.FastRelax: CMD: repack  -902.433  0.3339  0.3339  0.30745
protocols.relax.FastRelax: CMD: scale:fa_rep  -877.784  0.3339  0.3339  0.31955
protocols.relax.FastRelax: CMD: min  -806.141  3.20416  3.20416  0.31955
protocols.relax.FastRelax: CMD: coord_cst_weight  -806.141  3.20416  3.20416  0.31955
protocols.relax.FastRelax: CMD: scale:fa_rep  -260.971  3.20416  3.20416  0.55
core.pack.task: Packer task: initialize from command line() 
core.pack.pack_rotamers: built 7127 rotamers at 493 positions.
core.pack.interaction_graph.interaction_graph_factory: Instantiating DensePDInteractionGraph
protocols.relax.FastRelax: CMD: repack  -1001.69  3.20416  3.20416  0.55
protocols.relax.FastRelax: CMD: min  -1090.96  3.74496  3.74496  0.55
protocols.relax.FastRelax: MRP: 6  -1090.96  -1114.79  3.18881  3.18881  
protocols.relax.FastRelax: CMD: accept_to_best  -1090.96  3.74496  3.74496  0.55
protocols.relax.FastRelax: CMD: endrepeat  -1090.96  3.74496  3.74496  0.55
protocols.relax.FastRelax: CMD: coord_cst_weight  90819.5  3.74496  3.74496  0.55
protocols.relax.FastRelax: CMD: scale:fa_rep  90458.3  3.74496  3.74496  0.022
core.pack.task: Packer task: initialize from command line() 
core.pack.pack_rotamers: built 7941 rotamers at 493 positions.
core.pack.interaction_graph.interaction_graph_factory: Instantiating DensePDInteractionGraph
protocols.relax.FastRelax: CMD: repack  90429.1  3.74496  3.74496  0.022
protocols.relax.FastRelax: CMD: scale:fa_rep  90441.4  3.74496  3.74496  0.02805
core.optimization.Minimizer: [ WARNING ] LBFGS MAX CYCLES 2000 EXCEEDED, BUT FUNC NOT CONVERGED!
protocols.relax.FastRelax: CMD: min  -1204.92  0.242884  0.242884  0.02805
protocols.relax.FastRelax: CMD: coord_cst_weight  -1317.56  0.242884  0.242884  0.02805
protocols.relax.FastRelax: CMD: scale:fa_rep  -548.462  0.242884  0.242884  0.14575
core.pack.task: Packer task: initialize from command line() 
core.pack.pack_rotamers: built 7328 rotamers at 493 positions.
core.pack.interaction_graph.interaction_graph_factory: Instantiating DensePDInteractionGraph
protocols.relax.FastRelax: CMD: repack  -601.884  0.242884  0.242884  0.14575
protocols.relax.FastRelax: CMD: scale:fa_rep  -552.598  0.242884  0.242884  0.154
protocols.relax.FastRelax: CMD: min  -997.153  0.325987  0.325987  0.154
protocols.relax.FastRelax: CMD: coord_cst_weight  -1203.82  0.325987  0.325987  0.154
protocols.relax.FastRelax: CMD: scale:fa_rep  -889.414  0.325987  0.325987  0.30745
core.pack.task: Packer task: initialize from command line() 
core.pack.pack_rotamers: built 7097 rotamers at 493 positions.
core.pack.interaction_graph.interaction_graph_factory: Instantiating DensePDInteractionGraph
protocols.relax.FastRelax: CMD: repack  -890.743  0.325987  0.325987  0.30745
protocols.relax.FastRelax: CMD: scale:fa_rep  -866.068  0.325987  0.325987  0.31955
protocols.relax.FastRelax: CMD: min  -1260.55  3.37195  3.37195  0.31955
protocols.relax.FastRelax: CMD: coord_cst_weight  -1260.55  3.37195  3.37195  0.31955
protocols.relax.FastRelax: CMD: scale:fa_rep  -1035.97  3.37195  3.37195  0.55
core.pack.task: Packer task: initialize from command line() 
core.pack.pack_rotamers: built 7065 rotamers at 493 positions.
core.pack.interaction_graph.interaction_graph_factory: Instantiating DensePDInteractionGraph
protocols.relax.FastRelax: CMD: repack  -1046.99  3.37195  3.37195  0.55
protocols.relax.FastRelax: CMD: min  -1114.46  3.82391  3.82391  0.55
protocols.relax.FastRelax: MRP: 7  -1114.46  -1114.79  3.18881  3.18881  
protocols.relax.FastRelax: CMD: accept_to_best  -1114.46  3.82391  3.82391  0.55
protocols.relax.FastRelax: CMD: endrepeat  -1114.46  3.82391  3.82391  0.55
protocols.relax.FastRelax: CMD: coord_cst_weight  126838  3.82391  3.82391  0.55
protocols.relax.FastRelax: CMD: scale:fa_rep  126485  3.82391  3.82391  0.022
core.pack.task: Packer task: initialize from command line() 
core.pack.pack_rotamers: built 7933 rotamers at 493 positions.
core.pack.interaction_graph.interaction_graph_factory: Instantiating DensePDInteractionGraph
protocols.relax.FastRelax: CMD: repack  126458  3.82391  3.82391  0.022
protocols.relax.FastRelax: CMD: scale:fa_rep  126470  3.82391  3.82391  0.02805
core.optimization.Minimizer: [ WARNING ] LBFGS MAX CYCLES 2000 EXCEEDED, BUT FUNC NOT CONVERGED!
protocols.relax.FastRelax: CMD: min  -1132.15  0.265199  0.265199  0.02805
protocols.relax.FastRelax: CMD: coord_cst_weight  -1270.47  0.265199  0.265199  0.02805
protocols.relax.FastRelax: CMD: scale:fa_rep  -455.181  0.265199  0.265199  0.14575
core.pack.task: Packer task: initialize from command line() 
core.pack.pack_rotamers: built 7282 rotamers at 493 positions.
core.pack.interaction_graph.interaction_graph_factory: Instantiating DensePDInteractionGraph
protocols.relax.FastRelax: CMD: repack  -527.298  0.265199  0.265199  0.14575
protocols.relax.FastRelax: CMD: scale:fa_rep  -475.636  0.265199  0.265199  0.154
core.optimization.Minimizer: [ WARNING ] LBFGS MAX CYCLES 2000 EXCEEDED, BUT FUNC NOT CONVERGED!
protocols.relax.FastRelax: CMD: min  -995.027  0.330163  0.330163  0.154
protocols.relax.FastRelax: CMD: coord_cst_weight  -1204.95  0.330163  0.330163  0.154
protocols.relax.FastRelax: CMD: scale:fa_rep  -891.251  0.330163  0.330163  0.30745
core.pack.task: Packer task: initialize from command line() 
core.pack.pack_rotamers: built 7155 rotamers at 493 positions.
core.pack.interaction_graph.interaction_graph_factory: Instantiating DensePDInteractionGraph
protocols.relax.FastRelax: CMD: repack  -893.702  0.330163  0.330163  0.30745
protocols.relax.FastRelax: CMD: scale:fa_rep  -869.222  0.330163  0.330163  0.31955
protocols.relax.FastRelax: CMD: min  -1267.18  3.19136  3.19136  0.31955
protocols.relax.FastRelax: CMD: coord_cst_weight  -1267.18  3.19136  3.19136  0.31955
protocols.relax.FastRelax: CMD: scale:fa_rep  -1046.37  3.19136  3.19136  0.55
core.pack.task: Packer task: initialize from command line() 
core.pack.pack_rotamers: built 7088 rotamers at 493 positions.
core.pack.interaction_graph.interaction_graph_factory: Instantiating DensePDInteractionGraph
protocols.relax.FastRelax: CMD: repack  -1055.91  3.19136  3.19136  0.55
protocols.relax.FastRelax: CMD: min  -1118.21  3.52343  3.52343  0.55
protocols.relax.FastRelax: MRP: 8  -1118.21  -1118.21  3.52343  3.52343  
protocols.relax.FastRelax: CMD: accept_to_best  -1118.21  3.52343  3.52343  0.55
protocols.relax.FastRelax: CMD: endrepeat  -1118.21  3.52343  3.52343  0.55
protocols.relax.FastRelax: CMD: coord_cst_weight  143891  3.52343  3.52343  0.55
protocols.relax.FastRelax: CMD: scale:fa_rep  143538  3.52343  3.52343  0.022
core.pack.task: Packer task: initialize from command line() 
core.pack.pack_rotamers: built 7969 rotamers at 493 positions.
core.pack.interaction_graph.interaction_graph_factory: Instantiating DensePDInteractionGraph
protocols.relax.FastRelax: CMD: repack  143517  3.52343  3.52343  0.022
protocols.relax.FastRelax: CMD: scale:fa_rep  143530  3.52343  3.52343  0.02805
core.optimization.Minimizer: [ WARNING ] LBFGS MAX CYCLES 2000 EXCEEDED, BUT FUNC NOT CONVERGED!
protocols.relax.FastRelax: CMD: min  -1115.19  0.257985  0.257985  0.02805
protocols.relax.FastRelax: CMD: coord_cst_weight  -1249.86  0.257985  0.257985  0.02805
protocols.relax.FastRelax: CMD: scale:fa_rep  -357.395  0.257985  0.257985  0.14575
core.pack.task: Packer task: initialize from command line() 
core.pack.pack_rotamers: built 7292 rotamers at 493 positions.
core.pack.interaction_graph.interaction_graph_factory: Instantiating DensePDInteractionGraph
protocols.relax.FastRelax: CMD: repack  -496.622  0.257985  0.257985  0.14575
protocols.relax.FastRelax: CMD: scale:fa_rep  -443.526  0.257985  0.257985  0.154
core.optimization.Minimizer: [ WARNING ] LBFGS MAX CYCLES 2000 EXCEEDED, BUT FUNC NOT CONVERGED!
protocols.relax.FastRelax: CMD: min  -993.203  0.332224  0.332224  0.154
protocols.relax.FastRelax: CMD: coord_cst_weight  -1206.94  0.332224  0.332224  0.154
protocols.relax.FastRelax: CMD: scale:fa_rep  -895.794  0.332224  0.332224  0.30745
core.pack.task: Packer task: initialize from command line() 
core.pack.pack_rotamers: built 7187 rotamers at 493 positions.
core.pack.interaction_graph.interaction_graph_factory: Instantiating DensePDInteractionGraph
protocols.relax.FastRelax: CMD: repack  -897.73  0.332224  0.332224  0.30745
protocols.relax.FastRelax: CMD: scale:fa_rep  -873.325  0.332224  0.332224  0.31955
protocols.relax.FastRelax: CMD: min  -1247.97  3.35668  3.35668  0.31955
protocols.relax.FastRelax: CMD: coord_cst_weight  -1247.97  3.35668  3.35668  0.31955
protocols.relax.FastRelax: CMD: scale:fa_rep  -1016.66  3.35668  3.35668  0.55
core.pack.task: Packer task: initialize from command line() 
core.pack.pack_rotamers: built 7134 rotamers at 493 positions.
core.pack.interaction_graph.interaction_graph_factory: Instantiating DensePDInteractionGraph
protocols.relax.FastRelax: CMD: repack  -1044.56  3.35668  3.35668  0.55
protocols.relax.FastRelax: CMD: min  -1117.4  3.35717  3.35717  0.55
protocols.relax.FastRelax: MRP: 9  -1117.4  -1118.21  3.52343  3.52343  
protocols.relax.FastRelax: CMD: accept_to_best  -1117.4  3.35717  3.35717  0.55
protocols.relax.FastRelax: CMD: endrepeat  -1117.4  3.35717  3.35717  0.55
protocols.relax.FastRelax: CMD: coord_cst_weight  205921  3.35717  3.35717  0.55
protocols.relax.FastRelax: CMD: scale:fa_rep  205563  3.35717  3.35717  0.022
core.pack.task: Packer task: initialize from command line() 
core.pack.pack_rotamers: built 7952 rotamers at 493 positions.
core.pack.interaction_graph.interaction_graph_factory: Instantiating DensePDInteractionGraph
protocols.relax.FastRelax: CMD: repack  205528  3.35717  3.35717  0.022
protocols.relax.FastRelax: CMD: scale:fa_rep  205539  3.35717  3.35717  0.02805
core.optimization.Minimizer: [ WARNING ] LBFGS MAX CYCLES 2000 EXCEEDED, BUT FUNC NOT CONVERGED!
protocols.relax.FastRelax: CMD: min  -1167.71  0.258011  0.258011  0.02805
protocols.relax.FastRelax: CMD: coord_cst_weight  -1301.17  0.258011  0.258011  0.02805
protocols.relax.FastRelax: CMD: scale:fa_rep  -478.589  0.258011  0.258011  0.14575
core.pack.task: Packer task: initialize from command line() 
core.pack.pack_rotamers: built 7317 rotamers at 493 positions.
core.pack.interaction_graph.interaction_graph_factory: Instantiating DensePDInteractionGraph
protocols.relax.FastRelax: CMD: repack  -578.068  0.258011  0.258011  0.14575
protocols.relax.FastRelax: CMD: scale:fa_rep  -528.643  0.258011  0.258011  0.154
core.optimization.Minimizer: [ WARNING ] LBFGS MAX CYCLES 2000 EXCEEDED, BUT FUNC NOT CONVERGED!
protocols.relax.FastRelax: CMD: min  -1013.44  0.329783  0.329783  0.154
protocols.relax.FastRelax: CMD: coord_cst_weight  -1225.47  0.329783  0.329783  0.154
protocols.relax.FastRelax: CMD: scale:fa_rep  -920.676  0.329783  0.329783  0.30745
core.pack.task: Packer task: initialize from command line() 
core.pack.pack_rotamers: built 7152 rotamers at 493 positions.
core.pack.interaction_graph.interaction_graph_factory: Instantiating DensePDInteractionGraph
protocols.relax.FastRelax: CMD: repack  -922.654  0.329783  0.329783  0.30745
protocols.relax.FastRelax: CMD: scale:fa_rep  -898.839  0.329783  0.329783  0.31955
protocols.relax.FastRelax: CMD: min  -1250.1  3.18931  3.18931  0.31955
protocols.relax.FastRelax: CMD: coord_cst_weight  -1250.1  3.18931  3.18931  0.31955
protocols.relax.FastRelax: CMD: scale:fa_rep  -1019.54  3.18931  3.18931  0.55
core.pack.task: Packer task: initialize from command line() 
core.pack.pack_rotamers: built 7085 rotamers at 493 positions.
core.pack.interaction_graph.interaction_graph_factory: Instantiating DensePDInteractionGraph
protocols.relax.FastRelax: CMD: repack  -1036.98  3.18931  3.18931  0.55
protocols.relax.FastRelax: CMD: min  -1096.69  3.10208  3.10208  0.55
protocols.relax.FastRelax: MRP: 10  -1096.69  -1118.21  3.52343  3.52343  
protocols.relax.FastRelax: CMD: accept_to_best  -1096.69  3.10208  3.10208  0.55
protocols.relax.FastRelax: CMD: endrepeat  -1096.69  3.10208  3.10208  0.55
protocols.relax.FastRelax: CMD: coord_cst_weight  195429  3.10208  3.10208  0.55
protocols.relax.FastRelax: CMD: scale:fa_rep  195069  3.10208  3.10208  0.022
core.pack.task: Packer task: initialize from command line() 
core.pack.pack_rotamers: built 7908 rotamers at 493 positions.
core.pack.interaction_graph.interaction_graph_factory: Instantiating DensePDInteractionGraph
protocols.relax.FastRelax: CMD: repack  195027  3.10208  3.10208  0.022
protocols.relax.FastRelax: CMD: scale:fa_rep  195042  3.10208  3.10208  0.02805
core.optimization.Minimizer: [ WARNING ] LBFGS MAX CYCLES 2000 EXCEEDED, BUT FUNC NOT CONVERGED!
protocols.relax.FastRelax: CMD: min  -1181.16  0.256928  0.256928  0.02805
protocols.relax.FastRelax: CMD: coord_cst_weight  -1312.34  0.256928  0.256928  0.02805
protocols.relax.FastRelax: CMD: scale:fa_rep  -497.96  0.256928  0.256928  0.14575
core.pack.task: Packer task: initialize from command line() 
core.pack.pack_rotamers: built 7297 rotamers at 493 positions.
core.pack.interaction_graph.interaction_graph_factory: Instantiating DensePDInteractionGraph
protocols.relax.FastRelax: CMD: repack  -585.48  0.256928  0.256928  0.14575
protocols.relax.FastRelax: CMD: scale:fa_rep  -535.671  0.256928  0.256928  0.154
core.optimization.Minimizer: [ WARNING ] LBFGS MAX CYCLES 2000 EXCEEDED, BUT FUNC NOT CONVERGED!
protocols.relax.FastRelax: CMD: min  -1027.09  0.330256  0.330256  0.154
protocols.relax.FastRelax: CMD: coord_cst_weight  -1238.54  0.330256  0.330256  0.154
protocols.relax.FastRelax: CMD: scale:fa_rep  -934.273  0.330256  0.330256  0.30745
core.pack.task: Packer task: initialize from command line() 
core.pack.pack_rotamers: built 7192 rotamers at 493 positions.
core.pack.interaction_graph.interaction_graph_factory: Instantiating DensePDInteractionGraph
protocols.relax.FastRelax: CMD: repack  -936.081  0.330256  0.330256  0.30745
protocols.relax.FastRelax: CMD: scale:fa_rep  -912.378  0.330256  0.330256  0.31955
protocols.relax.FastRelax: CMD: min  -1260.71  3.03663  3.03663  0.31955
protocols.relax.FastRelax: CMD: coord_cst_weight  -1260.71  3.03663  3.03663  0.31955
protocols.relax.FastRelax: CMD: scale:fa_rep  -1031.64  3.03663  3.03663  0.55
core.pack.task: Packer task: initialize from command line() 
core.pack.pack_rotamers: built 7200 rotamers at 493 positions.
core.pack.interaction_graph.interaction_graph_factory: Instantiating DensePDInteractionGraph
protocols.relax.FastRelax: CMD: repack  -1042.61  3.03663  3.03663  0.55
protocols.relax.FastRelax: CMD: min  -1111.38  3.24687  3.24687  0.55
protocols.relax.FastRelax: MRP: 11  -1111.38  -1118.21  3.52343  3.52343  
protocols.relax.FastRelax: CMD: accept_to_best  -1111.38  3.24687  3.24687  0.55
protocols.relax.FastRelax: CMD: endrepeat  -1111.38  3.24687  3.24687  0.55
protocols.relax.FastRelax: CMD: coord_cst_weight  168489  3.24687  3.24687  0.55
protocols.relax.FastRelax: CMD: scale:fa_rep  168129  3.24687  3.24687  0.022
core.pack.task: Packer task: initialize from command line() 
core.pack.pack_rotamers: built 8062 rotamers at 493 positions.
core.pack.interaction_graph.interaction_graph_factory: Instantiating DensePDInteractionGraph
protocols.relax.FastRelax: CMD: repack  168106  3.24687  3.24687  0.022
protocols.relax.FastRelax: CMD: scale:fa_rep  168119  3.24687  3.24687  0.02805
core.optimization.Minimizer: [ WARNING ] LBFGS MAX CYCLES 2000 EXCEEDED, BUT FUNC NOT CONVERGED!
protocols.relax.FastRelax: CMD: min  -1206.92  0.248346  0.248346  0.02805
protocols.relax.FastRelax: CMD: coord_cst_weight  -1329.26  0.248346  0.248346  0.02805
protocols.relax.FastRelax: CMD: scale:fa_rep  -564.749  0.248346  0.248346  0.14575
core.pack.task: Packer task: initialize from command line() 
core.pack.pack_rotamers: built 7406 rotamers at 493 positions.
core.pack.interaction_graph.interaction_graph_factory: Instantiating DensePDInteractionGraph
protocols.relax.FastRelax: CMD: repack  -624.086  0.248346  0.248346  0.14575
protocols.relax.FastRelax: CMD: scale:fa_rep  -575.615  0.248346  0.248346  0.154
core.optimization.Minimizer: [ WARNING ] LBFGS MAX CYCLES 2000 EXCEEDED, BUT FUNC NOT CONVERGED!
protocols.relax.FastRelax: CMD: min  -1035.31  0.33464  0.33464  0.154
protocols.relax.FastRelax: CMD: coord_cst_weight  -1253.58  0.33464  0.33464  0.154
protocols.relax.FastRelax: CMD: scale:fa_rep  -954.677  0.33464  0.33464  0.30745
core.pack.task: Packer task: initialize from command line() 
core.pack.pack_rotamers: built 7194 rotamers at 493 positions.
core.pack.interaction_graph.interaction_graph_factory: Instantiating DensePDInteractionGraph
protocols.relax.FastRelax: CMD: repack  -956.678  0.33464  0.33464  0.30745
protocols.relax.FastRelax: CMD: scale:fa_rep  -933.339  0.33464  0.33464  0.31955
protocols.relax.FastRelax: CMD: min  -1154.34  2.98402  2.98402  0.31955
protocols.relax.FastRelax: CMD: coord_cst_weight  -1154.34  2.98402  2.98402  0.31955
protocols.relax.FastRelax: CMD: scale:fa_rep  -849.973  2.98402  2.98402  0.55
core.pack.task: Packer task: initialize from command line() 
core.pack.pack_rotamers: built 7240 rotamers at 493 positions.
core.pack.interaction_graph.interaction_graph_factory: Instantiating DensePDInteractionGraph
protocols.relax.FastRelax: CMD: repack  -1041.57  2.98402  2.98402  0.55
protocols.relax.FastRelax: CMD: min  -1104.85  3.27339  3.27339  0.55
protocols.relax.FastRelax: MRP: 12  -1104.85  -1118.21  3.52343  3.52343  
protocols.relax.FastRelax: CMD: accept_to_best  -1104.85  3.27339  3.27339  0.55
protocols.relax.FastRelax: CMD: endrepeat  -1104.85  3.27339  3.27339  0.55
protocols.relax.FastRelax: CMD: coord_cst_weight  178008  3.27339  3.27339  0.55
protocols.relax.FastRelax: CMD: scale:fa_rep  177654  3.27339  3.27339  0.022
core.pack.task: Packer task: initialize from command line() 
core.pack.pack_rotamers: built 8063 rotamers at 493 positions.
core.pack.interaction_graph.interaction_graph_factory: Instantiating DensePDInteractionGraph
protocols.relax.FastRelax: CMD: repack  177619  3.27339  3.27339  0.022
protocols.relax.FastRelax: CMD: scale:fa_rep  177631  3.27339  3.27339  0.02805
core.optimization.Minimizer: [ WARNING ] LBFGS MAX CYCLES 2000 EXCEEDED, BUT FUNC NOT CONVERGED!
protocols.relax.FastRelax: CMD: min  -1192.04  0.256657  0.256657  0.02805
protocols.relax.FastRelax: CMD: coord_cst_weight  -1324.26  0.256657  0.256657  0.02805
protocols.relax.FastRelax: CMD: scale:fa_rep  -562.252  0.256657  0.256657  0.14575
core.pack.task: Packer task: initialize from command line() 
core.pack.pack_rotamers: built 7373 rotamers at 493 positions.
core.pack.interaction_graph.interaction_graph_factory: Instantiating DensePDInteractionGraph
protocols.relax.FastRelax: CMD: repack  -623.234  0.256657  0.256657  0.14575
protocols.relax.FastRelax: CMD: scale:fa_rep  -575.074  0.256657  0.256657  0.154
core.optimization.Minimizer: [ WARNING ] LBFGS MAX CYCLES 2000 EXCEEDED, BUT FUNC NOT CONVERGED!
protocols.relax.FastRelax: CMD: min  -1028.02  0.335167  0.335167  0.154
protocols.relax.FastRelax: CMD: coord_cst_weight  -1246.17  0.335167  0.335167  0.154
protocols.relax.FastRelax: CMD: scale:fa_rep  -946.081  0.335167  0.335167  0.30745
core.pack.task: Packer task: initialize from command line() 
core.pack.pack_rotamers: built 7169 rotamers at 493 positions.
core.pack.interaction_graph.interaction_graph_factory: Instantiating DensePDInteractionGraph
protocols.relax.FastRelax: CMD: repack  -947.13  0.335167  0.335167  0.30745
protocols.relax.FastRelax: CMD: scale:fa_rep  -923.616  0.335167  0.335167  0.31955
protocols.relax.FastRelax: CMD: min  -1254.97  3.5765  3.5765  0.31955
protocols.relax.FastRelax: CMD: coord_cst_weight  -1254.97  3.5765  3.5765  0.31955
protocols.relax.FastRelax: CMD: scale:fa_rep  -1019.46  3.5765  3.5765  0.55
core.pack.task: Packer task: initialize from command line() 
core.pack.pack_rotamers: built 7214 rotamers at 493 positions.
core.pack.interaction_graph.interaction_graph_factory: Instantiating DensePDInteractionGraph
protocols.relax.FastRelax: CMD: repack  -1049.63  3.5765  3.5765  0.55
protocols.relax.FastRelax: CMD: min  -1111.71  3.9182  3.9182  0.55
protocols.relax.FastRelax: MRP: 13  -1111.71  -1118.21  3.52343  3.52343  
protocols.relax.FastRelax: CMD: accept_to_best  -1111.71  3.9182  3.9182  0.55
protocols.relax.FastRelax: CMD: endrepeat  -1111.71  3.9182  3.9182  0.55
protocols.relax.FastRelax: CMD: coord_cst_weight  175076  3.9182  3.9182  0.55
protocols.relax.FastRelax: CMD: scale:fa_rep  174716  3.9182  3.9182  0.022
core.pack.task: Packer task: initialize from command line() 
core.pack.pack_rotamers: built 8092 rotamers at 493 positions.
core.pack.interaction_graph.interaction_graph_factory: Instantiating DensePDInteractionGraph
protocols.relax.FastRelax: CMD: repack  174673  3.9182  3.9182  0.022
protocols.relax.FastRelax: CMD: scale:fa_rep  174685  3.9182  3.9182  0.02805
core.optimization.Minimizer: [ WARNING ] LBFGS MAX CYCLES 2000 EXCEEDED, BUT FUNC NOT CONVERGED!
protocols.relax.FastRelax: CMD: min  -1184.32  0.257501  0.257501  0.02805
protocols.relax.FastRelax: CMD: coord_cst_weight  -1317.8  0.257501  0.257501  0.02805
protocols.relax.FastRelax: CMD: scale:fa_rep  -564.958  0.257501  0.257501  0.14575
core.pack.task: Packer task: initialize from command line() 
core.pack.pack_rotamers: built 7342 rotamers at 493 positions.
core.pack.interaction_graph.interaction_graph_factory: Instantiating DensePDInteractionGraph
protocols.relax.FastRelax: CMD: repack  -605.64  0.257501  0.257501  0.14575
protocols.relax.FastRelax: CMD: scale:fa_rep  -557.093  0.257501  0.257501  0.154
core.optimization.Minimizer: [ WARNING ] LBFGS MAX CYCLES 2000 EXCEEDED, BUT FUNC NOT CONVERGED!
protocols.relax.FastRelax: CMD: min  -1032.01  0.33413  0.33413  0.154
protocols.relax.FastRelax: CMD: coord_cst_weight  -1248.64  0.33413  0.33413  0.154
protocols.relax.FastRelax: CMD: scale:fa_rep  -952.361  0.33413  0.33413  0.30745
core.pack.task: Packer task: initialize from command line() 
core.pack.pack_rotamers: built 7185 rotamers at 493 positions.
core.pack.interaction_graph.interaction_graph_factory: Instantiating DensePDInteractionGraph
protocols.relax.FastRelax: CMD: repack  -953.354  0.33413  0.33413  0.30745
protocols.relax.FastRelax: CMD: scale:fa_rep  -930.081  0.33413  0.33413  0.31955
protocols.relax.FastRelax: CMD: min  -1254.38  3.53256  3.53256  0.31955
protocols.relax.FastRelax: CMD: coord_cst_weight  -1254.38  3.53256  3.53256  0.31955
protocols.relax.FastRelax: CMD: scale:fa_rep  -1012.74  3.53256  3.53256  0.55
core.pack.task: Packer task: initialize from command line() 
core.pack.pack_rotamers: built 7184 rotamers at 493 positions.
core.pack.interaction_graph.interaction_graph_factory: Instantiating DensePDInteractionGraph
protocols.relax.FastRelax: CMD: repack  -1067.19  3.53256  3.53256  0.55
protocols.relax.FastRelax: CMD: min  -1128.56  3.44775  3.44775  0.55
protocols.relax.FastRelax: MRP: 14  -1128.56  -1128.56  3.44775  3.44775  
protocols.relax.FastRelax: CMD: accept_to_best  -1128.56  3.44775  3.44775  0.55
protocols.relax.FastRelax: CMD: endrepeat  -1128.56  3.44775  3.44775  0.55
protocols::checkpoint: Deleting checkpoints of FastRelax
protocols.jd2.JobDistributor: target.BL00250001_1_0001 reported success in 17525 seconds
protocols.jd2.PDBJobInputter: PDBJobInputter::pose_from_job
protocols.jd2.PDBJobInputter: filling pose from saved copy ../1-loopmodel/target.BL00250001.pdb
protocols.relax.FastRelax: CMD: repeat  9380.92  0  0  0.55
protocols.relax.FastRelax: CMD: coord_cst_weight  9380.92  0  0  0.55
protocols.relax.FastRelax: CMD: scale:fa_rep  838.481  0  0  0.022
core.pack.task: Packer task: initialize from command line() 
core.pack.pack_rotamers: built 8126 rotamers at 493 positions.
core.pack.interaction_graph.interaction_graph_factory: Instantiating DensePDInteractionGraph
protocols.relax.FastRelax: CMD: repack  -786.089  0  0  0.022
protocols.relax.FastRelax: CMD: scale:fa_rep  -695.896  0  0  0.02805
core.optimization.Minimizer: [ WARNING ] LBFGS MAX CYCLES 2000 EXCEEDED, BUT FUNC NOT CONVERGED!
protocols.relax.FastRelax: CMD: min  -1293.08  0.158791  0.158791  0.02805
protocols.relax.FastRelax: CMD: coord_cst_weight  -1345.44  0.158791  0.158791  0.02805
protocols.relax.FastRelax: CMD: scale:fa_rep  -576.705  0.158791  0.158791  0.14575
core.pack.task: Packer task: initialize from command line() 
core.pack.pack_rotamers: built 7336 rotamers at 493 positions.
core.pack.interaction_graph.interaction_graph_factory: Instantiating DensePDInteractionGraph
protocols.relax.FastRelax: CMD: repack  -610.808  0.158791  0.158791  0.14575
protocols.relax.FastRelax: CMD: scale:fa_rep  -561.397  0.158791  0.158791  0.154
core.optimization.Minimizer: [ WARNING ] LBFGS MAX CYCLES 2000 EXCEEDED, BUT FUNC NOT CONVERGED!
protocols.relax.FastRelax: CMD: min  -993.483  0.259032  0.259032  0.154
protocols.relax.FastRelax: CMD: coord_cst_weight  -1129.94  0.259032  0.259032  0.154
protocols.relax.FastRelax: CMD: scale:fa_rep  -811.663  0.259032  0.259032  0.30745
core.pack.task: Packer task: initialize from command line() 
core.pack.pack_rotamers: built 7121 rotamers at 493 positions.
core.pack.interaction_graph.interaction_graph_factory: Instantiating DensePDInteractionGraph
protocols.relax.FastRelax: CMD: repack  -819.208  0.259032  0.259032  0.30745
protocols.relax.FastRelax: CMD: scale:fa_rep  -794.272  0.259032  0.259032  0.31955
protocols.relax.FastRelax: CMD: min  -177.392  4.74625  4.74625  0.31955
protocols.relax.FastRelax: CMD: coord_cst_weight  -177.392  4.74625  4.74625  0.31955
protocols.relax.FastRelax: CMD: scale:fa_rep  784.688  4.74625  4.74625  0.55
core.pack.task: Packer task: initialize from command line() 
core.pack.pack_rotamers: built 6975 rotamers at 493 positions.
core.pack.interaction_graph.interaction_graph_factory: Instantiating DensePDInteractionGraph
protocols.relax.FastRelax: CMD: repack  -229.461  4.74625  4.74625  0.55
protocols.relax.FastRelax: CMD: min  -1078.45  5.04164  5.04164  0.55
protocols.relax.FastRelax: MRP: 0  -1078.45  -1078.45  5.04164  5.04164  
protocols.relax.FastRelax: CMD: accept_to_best  -1078.45  5.04164  5.04164  0.55
protocols.relax.FastRelax: CMD: endrepeat  -1078.45  5.04164  5.04164  0.55
protocols.relax.FastRelax: CMD: coord_cst_weight  145777  5.04164  5.04164  0.55
protocols.relax.FastRelax: CMD: scale:fa_rep  145436  5.04164  5.04164  0.022
core.pack.task: Packer task: initialize from command line() 
core.pack.pack_rotamers: built 7869 rotamers at 493 positions.
core.pack.interaction_graph.interaction_graph_factory: Instantiating DensePDInteractionGraph
protocols.relax.FastRelax: CMD: repack  145386  5.04164  5.04164  0.022
protocols.relax.FastRelax: CMD: scale:fa_rep  145398  5.04164  5.04164  0.02805
core.optimization.Minimizer: [ WARNING ] LBFGS MAX CYCLES 2000 EXCEEDED, BUT FUNC NOT CONVERGED!
protocols.relax.FastRelax: CMD: min  -1251.67  0.214549  0.214549  0.02805
protocols.relax.FastRelax: CMD: coord_cst_weight  -1345.26  0.214549  0.214549  0.02805
protocols.relax.FastRelax: CMD: scale:fa_rep  -609.927  0.214549  0.214549  0.14575
core.pack.task: Packer task: initialize from command line() 
core.pack.pack_rotamers: built 7368 rotamers at 493 positions.
core.pack.interaction_graph.interaction_graph_factory: Instantiating DensePDInteractionGraph
protocols.relax.FastRelax: CMD: repack  -674.071  0.214549  0.214549  0.14575
protocols.relax.FastRelax: CMD: scale:fa_rep  -627.68  0.214549  0.214549  0.154
core.optimization.Minimizer: [ WARNING ] LBFGS MAX CYCLES 2000 EXCEEDED, BUT FUNC NOT CONVERGED!
protocols.relax.FastRelax: CMD: min  -1053.56  0.285599  0.285599  0.154
protocols.relax.FastRelax: CMD: coord_cst_weight  -1219.3  0.285599  0.285599  0.154
protocols.relax.FastRelax: CMD: scale:fa_rep  -909.162  0.285599  0.285599  0.30745
core.pack.task: Packer task: initialize from command line() 
core.pack.pack_rotamers: built 7139 rotamers at 493 positions.
core.pack.interaction_graph.interaction_graph_factory: Instantiating DensePDInteractionGraph
protocols.relax.FastRelax: CMD: repack  -910.491  0.285599  0.285599  0.30745
protocols.relax.FastRelax: CMD: scale:fa_rep  -886.374  0.285599  0.285599  0.31955
protocols.relax.FastRelax: CMD: min  -1270.48  4.40922  4.40922  0.31955
protocols.relax.FastRelax: CMD: coord_cst_weight  -1270.48  4.40922  4.40922  0.31955
protocols.relax.FastRelax: CMD: scale:fa_rep  -1049.69  4.40922  4.40922  0.55
core.pack.task: Packer task: initialize from command line() 
core.pack.pack_rotamers: built 7102 rotamers at 493 positions.
core.pack.interaction_graph.interaction_graph_factory: Instantiating DensePDInteractionGraph
protocols.relax.FastRelax: CMD: repack  -1059.12  4.40922  4.40922  0.55
protocols.relax.FastRelax: CMD: min  -1125.22  5.55062  5.55062  0.55
protocols.relax.FastRelax: MRP: 1  -1125.22  -1125.22  5.55062  5.55062  
protocols.relax.FastRelax: CMD: accept_to_best  -1125.22  5.55062  5.55062  0.55
protocols.relax.FastRelax: CMD: endrepeat  -1125.22  5.55062  5.55062  0.55
protocols.relax.FastRelax: CMD: coord_cst_weight  128056  5.55062  5.55062  0.55
protocols.relax.FastRelax: CMD: scale:fa_rep  127709  5.55062  5.55062  0.022
core.pack.task: Packer task: initialize from command line() 
core.pack.pack_rotamers: built 7920 rotamers at 493 positions.
core.pack.interaction_graph.interaction_graph_factory: Instantiating DensePDInteractionGraph
protocols.relax.FastRelax: CMD: repack  127679  5.55062  5.55062  0.022
protocols.relax.FastRelax: CMD: scale:fa_rep  127688  5.55062  5.55062  0.02805
core.optimization.Minimizer: [ WARNING ] LBFGS MAX CYCLES 2000 EXCEEDED, BUT FUNC NOT CONVERGED!
protocols.relax.FastRelax: CMD: min  -1277.76  0.215118  0.215118  0.02805
protocols.relax.FastRelax: CMD: coord_cst_weight  -1375.19  0.215118  0.215118  0.02805
protocols.relax.FastRelax: CMD: scale:fa_rep  -681.493  0.215118  0.215118  0.14575
core.pack.task: Packer task: initialize from command line() 
core.pack.pack_rotamers: built 7284 rotamers at 493 positions.
core.pack.interaction_graph.interaction_graph_factory: Instantiating DensePDInteractionGraph
protocols.relax.FastRelax: CMD: repack  -730.453  0.215118  0.215118  0.14575
protocols.relax.FastRelax: CMD: scale:fa_rep  -686.258  0.215118  0.215118  0.154
core.optimization.Minimizer: [ WARNING ] LBFGS MAX CYCLES 2000 EXCEEDED, BUT FUNC NOT CONVERGED!
protocols.relax.FastRelax: CMD: min  -1066.8  0.2963  0.2963  0.154
protocols.relax.FastRelax: CMD: coord_cst_weight  -1243.88  0.2963  0.2963  0.154
protocols.relax.FastRelax: CMD: scale:fa_rep  -931.159  0.2963  0.2963  0.30745
core.pack.task: Packer task: initialize from command line() 
core.pack.pack_rotamers: built 7121 rotamers at 493 positions.
core.pack.interaction_graph.interaction_graph_factory: Instantiating DensePDInteractionGraph
protocols.relax.FastRelax: CMD: repack  -934.772  0.2963  0.2963  0.30745
protocols.relax.FastRelax: CMD: scale:fa_rep  -910.28  0.2963  0.2963  0.31955
protocols.relax.FastRelax: CMD: min  98.6033  3.64008  3.64008  0.31955
protocols.relax.FastRelax: CMD: coord_cst_weight  98.6033  3.64008  3.64008  0.31955
protocols.relax.FastRelax: CMD: scale:fa_rep  1331.1  3.64008  3.64008  0.55
core.pack.task: Packer task: initialize from command line() 
core.pack.pack_rotamers: built 7010 rotamers at 493 positions.
core.pack.interaction_graph.interaction_graph_factory: Instantiating DensePDInteractionGraph
protocols.relax.FastRelax: CMD: repack  -275.897  3.64008  3.64008  0.55
protocols.relax.FastRelax: CMD: min  -1118.41  5.32448  5.32448  0.55
protocols.relax.FastRelax: MRP: 2  -1118.41  -1125.22  5.55062  5.55062  
protocols.relax.FastRelax: CMD: accept_to_best  -1118.41  5.32448  5.32448  0.55
protocols.relax.FastRelax: CMD: endrepeat  -1118.41  5.32448  5.32448  0.55
protocols.relax.FastRelax: CMD: coord_cst_weight  251098  5.32448  5.32448  0.55
protocols.relax.FastRelax: CMD: scale:fa_rep  250747  5.32448  5.32448  0.022
core.pack.task: Packer task: initialize from command line() 
core.pack.pack_rotamers: built 7926 rotamers at 493 positions.
core.pack.interaction_graph.interaction_graph_factory: Instantiating DensePDInteractionGraph
protocols.relax.FastRelax: CMD: repack  250718  5.32448  5.32448  0.022
protocols.relax.FastRelax: CMD: scale:fa_rep  250730  5.32448  5.32448  0.02805
core.optimization.Minimizer: [ WARNING ] LBFGS MAX CYCLES 2000 EXCEEDED, BUT FUNC NOT CONVERGED!
protocols.relax.FastRelax: CMD: min  -923.219  0.309469  0.309469  0.02805
protocols.relax.FastRelax: CMD: coord_cst_weight  -1126.15  0.309469  0.309469  0.02805
protocols.relax.FastRelax: CMD: scale:fa_rep  -136.835  0.309469  0.309469  0.14575
core.pack.task: Packer task: initialize from command line() 
core.pack.pack_rotamers: built 7336 rotamers at 493 positions.
core.pack.interaction_graph.interaction_graph_factory: Instantiating DensePDInteractionGraph
protocols.relax.FastRelax: CMD: repack  -275.432  0.309469  0.309469  0.14575
protocols.relax.FastRelax: CMD: scale:fa_rep  -214.512  0.309469  0.309469  0.154
core.optimization.Minimizer: [ WARNING ] LBFGS MAX CYCLES 2000 EXCEEDED, BUT FUNC NOT CONVERGED!
protocols.relax.FastRelax: CMD: min  -902.81  0.3787  0.3787  0.154
protocols.relax.FastRelax: CMD: coord_cst_weight  -1188.39  0.3787  0.3787  0.154
protocols.relax.FastRelax: CMD: scale:fa_rep  -874.526  0.3787  0.3787  0.30745
core.pack.task: Packer task: initialize from command line() 
core.pack.pack_rotamers: built 7197 rotamers at 493 positions.
core.pack.interaction_graph.interaction_graph_factory: Instantiating DensePDInteractionGraph
protocols.relax.FastRelax: CMD: repack  -877.339  0.3787  0.3787  0.30745
protocols.relax.FastRelax: CMD: scale:fa_rep  -852.996  0.3787  0.3787  0.31955
protocols.relax.FastRelax: CMD: min  -1251.86  2.55072  2.55072  0.31955
protocols.relax.FastRelax: CMD: coord_cst_weight  -1251.86  2.55072  2.55072  0.31955
protocols.relax.FastRelax: CMD: scale:fa_rep  -1025.1  2.55072  2.55072  0.55
core.pack.task: Packer task: initialize from command line() 
core.pack.pack_rotamers: built 7024 rotamers at 493 positions.
core.pack.interaction_graph.interaction_graph_factory: Instantiating DensePDInteractionGraph
protocols.relax.FastRelax: CMD: repack  -1031.8  2.55072  2.55072  0.55
protocols.relax.FastRelax: CMD: min  -1091.43  2.67245  2.67245  0.55
protocols.relax.FastRelax: MRP: 3  -1091.43  -1125.22  5.55062  5.55062  
protocols.relax.FastRelax: CMD: accept_to_best  -1091.43  2.67245  2.67245  0.55
protocols.relax.FastRelax: CMD: endrepeat  -1091.43  2.67245  2.67245  0.55
protocols.relax.FastRelax: CMD: coord_cst_weight  56804.3  2.67245  2.67245  0.55
protocols.relax.FastRelax: CMD: scale:fa_rep  56445.1  2.67245  2.67245  0.022
core.pack.task: Packer task: initialize from command line() 
core.pack.pack_rotamers: built 7871 rotamers at 493 positions.
core.pack.interaction_graph.interaction_graph_factory: Instantiating DensePDInteractionGraph
protocols.relax.FastRelax: CMD: repack  56400.6  2.67245  2.67245  0.022
protocols.relax.FastRelax: CMD: scale:fa_rep  56414.8  2.67245  2.67245  0.02805
core.optimization.Minimizer: [ WARNING ] LBFGS MAX CYCLES 2000 EXCEEDED, BUT FUNC NOT CONVERGED!
protocols.relax.FastRelax: CMD: min  -1038.61  0.298641  0.298641  0.02805
protocols.relax.FastRelax: CMD: coord_cst_weight  -1225.41  0.298641  0.298641  0.02805
protocols.relax.FastRelax: CMD: scale:fa_rep  -364.553  0.298641  0.298641  0.14575
core.pack.task: Packer task: initialize from command line() 
core.pack.pack_rotamers: built 7326 rotamers at 493 positions.
core.pack.interaction_graph.interaction_graph_factory: Instantiating DensePDInteractionGraph
protocols.relax.FastRelax: CMD: repack  -503.857  0.298641  0.298641  0.14575
protocols.relax.FastRelax: CMD: scale:fa_rep  -452.755  0.298641  0.298641  0.154
core.optimization.Minimizer: [ WARNING ] LBFGS MAX CYCLES 2000 EXCEEDED, BUT FUNC NOT CONVERGED!
protocols.relax.FastRelax: CMD: min  -940.148  0.372915  0.372915  0.154
protocols.relax.FastRelax: CMD: coord_cst_weight  -1216.79  0.372915  0.372915  0.154
protocols.relax.FastRelax: CMD: scale:fa_rep  -902.24  0.372915  0.372915  0.30745
core.pack.task: Packer task: initialize from command line() 
core.pack.pack_rotamers: built 7155 rotamers at 493 positions.
core.pack.interaction_graph.interaction_graph_factory: Instantiating DensePDInteractionGraph
protocols.relax.FastRelax: CMD: repack  -913.244  0.372915  0.372915  0.30745
protocols.relax.FastRelax: CMD: scale:fa_rep  -888.732  0.372915  0.372915  0.31955
protocols.relax.FastRelax: CMD: min  -1264.47  2.16054  2.16054  0.31955
protocols.relax.FastRelax: CMD: coord_cst_weight  -1264.47  2.16054  2.16054  0.31955
protocols.relax.FastRelax: CMD: scale:fa_rep  -1041.58  2.16054  2.16054  0.55
core.pack.task: Packer task: initialize from command line() 
core.pack.pack_rotamers: built 7109 rotamers at 493 positions.
core.pack.interaction_graph.interaction_graph_factory: Instantiating DensePDInteractionGraph
protocols.relax.FastRelax: CMD: repack  -1051.98  2.16054  2.16054  0.55
protocols.relax.FastRelax: CMD: min  -1115.51  3.21535  3.21535  0.55
protocols.relax.FastRelax: MRP: 4  -1115.51  -1125.22  5.55062  5.55062  
protocols.relax.FastRelax: CMD: accept_to_best  -1115.51  3.21535  3.21535  0.55
protocols.relax.FastRelax: CMD: endrepeat  -1115.51  3.21535  3.21535  0.55
protocols.relax.FastRelax: CMD: coord_cst_weight  84706.3  3.21535  3.21535  0.55
protocols.relax.FastRelax: CMD: scale:fa_rep  84351.7  3.21535  3.21535  0.022
core.pack.task: Packer task: initialize from command line() 
core.pack.pack_rotamers: built 7876 rotamers at 493 positions.
core.pack.interaction_graph.interaction_graph_factory: Instantiating DensePDInteractionGraph
protocols.relax.FastRelax: CMD: repack  84316  3.21535  3.21535  0.022
protocols.relax.FastRelax: CMD: scale:fa_rep  84328.1  3.21535  3.21535  0.02805
core.optimization.LineMinimizer: Inaccurate G in step= 9.53674e-09 Deriv= -2172.58 Finite Diff= 4.33005e+09
core.optimization.LineMinimizer: Inaccurate G in step= 9.20709e-09 Deriv= -2146.59 Finite Diff= 4.48508e+09
core.optimization.LineMinimizer: Inaccurate G in step= 5.99039e-09 Deriv= -168.013 Finite Diff= 6.89318e+09
core.optimization.LineMinimizer: Inaccurate G in step= 5.96617e-09 Deriv= -171971 Finite Diff= 6.92079e+09
core.optimization.LineMinimizer: Inaccurate G in step= 4.79416e-08 Deriv= -25325.3 Finite Diff= 8.61265e+08
core.optimization.Minimizer: Line search failed even after resetting Hessian; aborting at iter#1616
protocols.relax.FastRelax: CMD: min  -1047.47  0.284543  0.284543  0.02805
protocols.relax.FastRelax: CMD: coord_cst_weight  -1216.48  0.284543  0.284543  0.02805
protocols.relax.FastRelax: CMD: scale:fa_rep  -357.679  0.284543  0.284543  0.14575
core.pack.task: Packer task: initialize from command line() 
core.pack.pack_rotamers: built 7286 rotamers at 493 positions.
core.pack.interaction_graph.interaction_graph_factory: Instantiating DensePDInteractionGraph
protocols.relax.FastRelax: CMD: repack  -453.354  0.284543  0.284543  0.14575
protocols.relax.FastRelax: CMD: scale:fa_rep  -400.317  0.284543  0.284543  0.154
core.optimization.LineMinimizer: Inaccurate G in step= 9.53674e-09 Deriv= -1096.69 Finite Diff= 4.32426e+09
core.optimization.LineMinimizer: Inaccurate G in step= 1.80617e-08 Deriv= -178428 Finite Diff= 2.28307e+09
core.optimization.Minimizer: Line search failed even after resetting Hessian; aborting at iter#57
protocols.relax.FastRelax: CMD: min  -695.076  0.38928  0.38928  0.154
protocols.relax.FastRelax: CMD: coord_cst_weight  -996.401  0.38928  0.38928  0.154
protocols.relax.FastRelax: CMD: scale:fa_rep  -521.033  0.38928  0.38928  0.30745
core.pack.task: Packer task: initialize from command line() 
core.pack.pack_rotamers: built 7180 rotamers at 493 positions.
core.pack.interaction_graph.interaction_graph_factory: Instantiating DensePDInteractionGraph
protocols.relax.FastRelax: CMD: repack  -530.246  0.38928  0.38928  0.30745
protocols.relax.FastRelax: CMD: scale:fa_rep  -494.081  0.38928  0.38928  0.31955
core.optimization.LineMinimizer: Inaccurate G in step= 3.8147e-08 Deriv= -488619 Finite Diff= 1.08058e+09
core.optimization.LineMinimizer: Inaccurate G in step= 2.72863e-09 Deriv= -164764 Finite Diff= 1.51129e+10
core.optimization.LineMinimizer: Inaccurate G in step= 1.09171e-08 Deriv= -488393 Finite Diff= 3.77691e+09
core.optimization.Minimizer: Line search failed even after resetting Hessian; aborting at iter#5
protocols.relax.FastRelax: CMD: min  -494.089  0.389282  0.389282  0.31955
protocols.relax.FastRelax: CMD: coord_cst_weight  -494.089  0.389282  0.389282  0.31955
protocols.relax.FastRelax: CMD: scale:fa_rep  194.686  0.389282  0.389282  0.55
core.pack.task: Packer task: initialize from command line() 
core.pack.pack_rotamers: built 7012 rotamers at 493 positions.
core.pack.interaction_graph.interaction_graph_factory: Instantiating DensePDInteractionGraph
protocols.relax.FastRelax: CMD: repack  186.012  0.389282  0.389282  0.55
protocols.relax.FastRelax: CMD: min  -1082.52  2.75507  2.75507  0.55
protocols.relax.FastRelax: MRP: 5  -1082.52  -1125.22  5.55062  5.55062  
protocols.relax.FastRelax: CMD: accept_to_best  -1082.52  2.75507  2.75507  0.55
protocols.relax.FastRelax: CMD: endrepeat  -1082.52  2.75507  2.75507  0.55
protocols.relax.FastRelax: CMD: coord_cst_weight  48507.5  2.75507  2.75507  0.55
protocols.relax.FastRelax: CMD: scale:fa_rep  48166.8  2.75507  2.75507  0.022
core.pack.task: Packer task: initialize from command line() 
core.pack.pack_rotamers: built 7913 rotamers at 493 positions.
core.pack.interaction_graph.interaction_graph_factory: Instantiating DensePDInteractionGraph
protocols.relax.FastRelax: CMD: repack  48096.4  2.75507  2.75507  0.022
protocols.relax.FastRelax: CMD: scale:fa_rep  48111.7  2.75507  2.75507  0.02805
core.optimization.Minimizer: [ WARNING ] LBFGS MAX CYCLES 2000 EXCEEDED, BUT FUNC NOT CONVERGED!
protocols.relax.FastRelax: CMD: min  -1067.12  0.281017  0.281017  0.02805
protocols.relax.FastRelax: CMD: coord_cst_weight  -1227.84  0.281017  0.281017  0.02805
protocols.relax.FastRelax: CMD: scale:fa_rep  -327.145  0.281017  0.281017  0.14575
core.pack.task: Packer task: initialize from command line() 
core.pack.pack_rotamers: built 7393 rotamers at 493 positions.
core.pack.interaction_graph.interaction_graph_factory: Instantiating DensePDInteractionGraph
protocols.relax.FastRelax: CMD: repack  -461.479  0.281017  0.281017  0.14575
protocols.relax.FastRelax: CMD: scale:fa_rep  -407.229  0.281017  0.281017  0.154
core.optimization.Minimizer: [ WARNING ] LBFGS MAX CYCLES 2000 EXCEEDED, BUT FUNC NOT CONVERGED!
protocols.relax.FastRelax: CMD: min  -950.228  0.356004  0.356004  0.154
protocols.relax.FastRelax: CMD: coord_cst_weight  -1201.94  0.356004  0.356004  0.154
protocols.relax.FastRelax: CMD: scale:fa_rep  -886.116  0.356004  0.356004  0.30745
core.pack.task: Packer task: initialize from command line() 
core.pack.pack_rotamers: built 7201 rotamers at 493 positions.
core.pack.interaction_graph.interaction_graph_factory: Instantiating DensePDInteractionGraph
protocols.relax.FastRelax: CMD: repack  -898.705  0.356004  0.356004  0.30745
protocols.relax.FastRelax: CMD: scale:fa_rep  -873.963  0.356004  0.356004  0.31955
protocols.relax.FastRelax: CMD: min  -1278.97  1.90631  1.90631  0.31955
protocols.relax.FastRelax: CMD: coord_cst_weight  -1278.97  1.90631  1.90631  0.31955
protocols.relax.FastRelax: CMD: scale:fa_rep  -1056.9  1.90631  1.90631  0.55
core.pack.task: Packer task: initialize from command line() 
core.pack.pack_rotamers: built 7153 rotamers at 493 positions.
core.pack.interaction_graph.interaction_graph_factory: Instantiating DensePDInteractionGraph
protocols.relax.FastRelax: CMD: repack  -1063.33  1.90631  1.90631  0.55
protocols.relax.FastRelax: CMD: min  -1116.34  2.19003  2.19003  0.55
protocols.relax.FastRelax: MRP: 6  -1116.34  -1125.22  5.55062  5.55062  
protocols.relax.FastRelax: CMD: accept_to_best  -1116.34  2.19003  2.19003  0.55
protocols.relax.FastRelax: CMD: endrepeat  -1116.34  2.19003  2.19003  0.55
protocols.relax.FastRelax: CMD: coord_cst_weight  38575.3  2.19003  2.19003  0.55
protocols.relax.FastRelax: CMD: scale:fa_rep  38217.7  2.19003  2.19003  0.022
core.pack.task: Packer task: initialize from command line() 
core.pack.pack_rotamers: built 7981 rotamers at 493 positions.
core.pack.interaction_graph.interaction_graph_factory: Instantiating DensePDInteractionGraph
protocols.relax.FastRelax: CMD: repack  38181.3  2.19003  2.19003  0.022
protocols.relax.FastRelax: CMD: scale:fa_rep  38196.3  2.19003  2.19003  0.02805
core.optimization.Minimizer: [ WARNING ] LBFGS MAX CYCLES 2000 EXCEEDED, BUT FUNC NOT CONVERGED!
protocols.relax.FastRelax: CMD: min  -1115.62  0.275287  0.275287  0.02805
protocols.relax.FastRelax: CMD: coord_cst_weight  -1263.59  0.275287  0.275287  0.02805
protocols.relax.FastRelax: CMD: scale:fa_rep  -305.258  0.275287  0.275287  0.14575
core.pack.task: Packer task: initialize from command line() 
core.pack.pack_rotamers: built 7348 rotamers at 493 positions.
core.pack.interaction_graph.interaction_graph_factory: Instantiating DensePDInteractionGraph
protocols.relax.FastRelax: CMD: repack  -495.502  0.275287  0.275287  0.14575
protocols.relax.FastRelax: CMD: scale:fa_rep  -441.848  0.275287  0.275287  0.154
protocols.relax.FastRelax: CMD: min  -975.961  0.355955  0.355955  0.154
protocols.relax.FastRelax: CMD: coord_cst_weight  -1222.81  0.355955  0.355955  0.154
protocols.relax.FastRelax: CMD: scale:fa_rep  -911.811  0.355955  0.355955  0.30745
core.pack.task: Packer task: initialize from command line() 
core.pack.pack_rotamers: built 7180 rotamers at 493 positions.
core.pack.interaction_graph.interaction_graph_factory: Instantiating DensePDInteractionGraph
protocols.relax.FastRelax: CMD: repack  -913.268  0.355955  0.355955  0.30745
protocols.relax.FastRelax: CMD: scale:fa_rep  -888.85  0.355955  0.355955  0.31955
protocols.relax.FastRelax: CMD: min  -1271.78  2.56691  2.56691  0.31955
protocols.relax.FastRelax: CMD: coord_cst_weight  -1271.78  2.56691  2.56691  0.31955
protocols.relax.FastRelax: CMD: scale:fa_rep  -1050.81  2.56691  2.56691  0.55
core.pack.task: Packer task: initialize from command line() 
core.pack.pack_rotamers: built 7118 rotamers at 493 positions.
core.pack.interaction_graph.interaction_graph_factory: Instantiating DensePDInteractionGraph
protocols.relax.FastRelax: CMD: repack  -1062.83  2.56691  2.56691  0.55
protocols.relax.FastRelax: CMD: min  -1124.6  2.88262  2.88262  0.55
protocols.relax.FastRelax: MRP: 7  -1124.6  -1125.22  5.55062  5.55062  
protocols.relax.FastRelax: CMD: accept_to_best  -1124.6  2.88262  2.88262  0.55
protocols.relax.FastRelax: CMD: endrepeat  -1124.6  2.88262  2.88262  0.55
protocols.relax.FastRelax: CMD: coord_cst_weight  67540.7  2.88262  2.88262  0.55
protocols.relax.FastRelax: CMD: scale:fa_rep  67185.7  2.88262  2.88262  0.022
core.pack.task: Packer task: initialize from command line() 
core.pack.pack_rotamers: built 7915 rotamers at 493 positions.
core.pack.interaction_graph.interaction_graph_factory: Instantiating DensePDInteractionGraph
protocols.relax.FastRelax: CMD: repack  67152.4  2.88262  2.88262  0.022
protocols.relax.FastRelax: CMD: scale:fa_rep  67164.5  2.88262  2.88262  0.02805
core.optimization.Minimizer: [ WARNING ] LBFGS MAX CYCLES 2000 EXCEEDED, BUT FUNC NOT CONVERGED!
protocols.relax.FastRelax: CMD: min  -1154.8  0.268792  0.268792  0.02805
protocols.relax.FastRelax: CMD: coord_cst_weight  -1298.95  0.268792  0.268792  0.02805
protocols.relax.FastRelax: CMD: scale:fa_rep  -448.677  0.268792  0.268792  0.14575
core.pack.task: Packer task: initialize from command line() 
core.pack.pack_rotamers: built 7311 rotamers at 493 positions.
core.pack.interaction_graph.interaction_graph_factory: Instantiating DensePDInteractionGraph
protocols.relax.FastRelax: CMD: repack  -589.954  0.268792  0.268792  0.14575
protocols.relax.FastRelax: CMD: scale:fa_rep  -541.116  0.268792  0.268792  0.154
core.optimization.Minimizer: [ WARNING ] LBFGS MAX CYCLES 2000 EXCEEDED, BUT FUNC NOT CONVERGED!
protocols.relax.FastRelax: CMD: min  -1001.02  0.34435  0.34435  0.154
protocols.relax.FastRelax: CMD: coord_cst_weight  -1236.69  0.34435  0.34435  0.154
protocols.relax.FastRelax: CMD: scale:fa_rep  -930.45  0.34435  0.34435  0.30745
core.pack.task: Packer task: initialize from command line() 
core.pack.pack_rotamers: built 7171 rotamers at 493 positions.
core.pack.interaction_graph.interaction_graph_factory: Instantiating DensePDInteractionGraph
protocols.relax.FastRelax: CMD: repack  -933.409  0.34435  0.34435  0.30745
protocols.relax.FastRelax: CMD: scale:fa_rep  -909.523  0.34435  0.34435  0.31955
protocols.relax.FastRelax: CMD: min  -1295.18  2.55889  2.55889  0.31955
protocols.relax.FastRelax: CMD: coord_cst_weight  -1295.18  2.55889  2.55889  0.31955
protocols.relax.FastRelax: CMD: scale:fa_rep  -1073.72  2.55889  2.55889  0.55
core.pack.task: Packer task: initialize from command line() 
core.pack.pack_rotamers: built 7021 rotamers at 493 positions.
core.pack.interaction_graph.interaction_graph_factory: Instantiating DensePDInteractionGraph
protocols.relax.FastRelax: CMD: repack  -1076.74  2.55889  2.55889  0.55
protocols.relax.FastRelax: CMD: min  -1130.51  3.19218  3.19218  0.55
protocols.relax.FastRelax: MRP: 8  -1130.51  -1130.51  3.19218  3.19218  
protocols.relax.FastRelax: CMD: accept_to_best  -1130.51  3.19218  3.19218  0.55
protocols.relax.FastRelax: CMD: endrepeat  -1130.51  3.19218  3.19218  0.55
protocols.relax.FastRelax: CMD: coord_cst_weight  65640.9  3.19218  3.19218  0.55
protocols.relax.FastRelax: CMD: scale:fa_rep  65285.7  3.19218  3.19218  0.022
core.pack.task: Packer task: initialize from command line() 
core.pack.pack_rotamers: built 7932 rotamers at 493 positions.
core.pack.interaction_graph.interaction_graph_factory: Instantiating DensePDInteractionGraph
protocols.relax.FastRelax: CMD: repack  65262.9  3.19218  3.19218  0.022
protocols.relax.FastRelax: CMD: scale:fa_rep  65274.8  3.19218  3.19218  0.02805
core.optimization.Minimizer: [ WARNING ] LBFGS MAX CYCLES 2000 EXCEEDED, BUT FUNC NOT CONVERGED!
protocols.relax.FastRelax: CMD: min  -1175.33  0.253323  0.253323  0.02805
protocols.relax.FastRelax: CMD: coord_cst_weight  -1307.24  0.253323  0.253323  0.02805
protocols.relax.FastRelax: CMD: scale:fa_rep  -518.968  0.253323  0.253323  0.14575
core.pack.task: Packer task: initialize from command line() 
core.pack.pack_rotamers: built 7315 rotamers at 493 positions.
core.pack.interaction_graph.interaction_graph_factory: Instantiating DensePDInteractionGraph
protocols.relax.FastRelax: CMD: repack  -587.198  0.253323  0.253323  0.14575
protocols.relax.FastRelax: CMD: scale:fa_rep  -537.633  0.253323  0.253323  0.154
protocols.relax.FastRelax: CMD: min  -1001.3  0.33902  0.33902  0.154
protocols.relax.FastRelax: CMD: coord_cst_weight  -1233.28  0.33902  0.33902  0.154
protocols.relax.FastRelax: CMD: scale:fa_rep  -929.823  0.33902  0.33902  0.30745
core.pack.task: Packer task: initialize from command line() 
core.pack.pack_rotamers: built 7171 rotamers at 493 positions.
core.pack.interaction_graph.interaction_graph_factory: Instantiating DensePDInteractionGraph
protocols.relax.FastRelax: CMD: repack  -930.654  0.33902  0.33902  0.30745
protocols.relax.FastRelax: CMD: scale:fa_rep  -906.872  0.33902  0.33902  0.31955
protocols.relax.FastRelax: CMD: min  -1284.67  2.61407  2.61407  0.31955
protocols.relax.FastRelax: CMD: coord_cst_weight  -1284.67  2.61407  2.61407  0.31955
protocols.relax.FastRelax: CMD: scale:fa_rep  -1063.76  2.61407  2.61407  0.55
core.pack.task: Packer task: initialize from command line() 
core.pack.pack_rotamers: built 7053 rotamers at 493 positions.
core.pack.interaction_graph.interaction_graph_factory: Instantiating DensePDInteractionGraph
protocols.relax.FastRelax: CMD: repack  -1068.07  2.61407  2.61407  0.55
protocols.relax.FastRelax: CMD: min  -1123.62  2.96581  2.96581  0.55
protocols.relax.FastRelax: MRP: 9  -1123.62  -1130.51  3.19218  3.19218  
protocols.relax.FastRelax: CMD: accept_to_best  -1123.62  2.96581  2.96581  0.55
protocols.relax.FastRelax: CMD: endrepeat  -1123.62  2.96581  2.96581  0.55
protocols.relax.FastRelax: CMD: coord_cst_weight  85150.5  2.96581  2.96581  0.55
protocols.relax.FastRelax: CMD: scale:fa_rep  84795.4  2.96581  2.96581  0.022
core.pack.task: Packer task: initialize from command line() 
core.pack.pack_rotamers: built 7944 rotamers at 493 positions.
core.pack.interaction_graph.interaction_graph_factory: Instantiating DensePDInteractionGraph
protocols.relax.FastRelax: CMD: repack  84768.8  2.96581  2.96581  0.022
protocols.relax.FastRelax: CMD: scale:fa_rep  84780.8  2.96581  2.96581  0.02805
core.optimiza