********  (C) Copyright Rosetta Commons Member Institutions.  ***************
* Use of Rosetta for commercial purposes may require purchase of a license. *
********  See LICENSE.md or email license@uw.edu for more details. **********
core.init: Checking for fconfig files in pwd and ./rosetta/flags 
core.init: Rosetta version: rosetta.binary.ubuntu.release-408 r408 2025.37+release.df75a9c48e df75a9c48e763e52a7aa3f5dfba077f4da88dbf5 https://www.rosettacommons.org 2025-09-10T02:14:08.564791
core.init: Rosetta extras: []
core.init: command: /home/gbiuser/Downloads/rosetta.binary.ubuntu.release-408/main/source/bin/relax.default.linuxgccrelease -s ../1-loopmodel/target.BL00250001.pdb -relax:thorough -relax:constrain_relax_to_start_coords -constraints:cst_file cst.cst -nstruct 5 -out:suffix _5 -out:file:silent relax_5.silent -out:file:silent_struct_type binary
basic.random.init_random_generator: 'RNG device' seed mode, using '/dev/urandom', seed=958362226 seed_offset=0 real_seed=958362226
basic.random.init_random_generator: RandomGenerator:init: Normal mode, seed=958362226 RG_type=mt19937
core.init: Resolved executable path: /home/gbiuser/Downloads/rosetta.binary.ubuntu.release-408/main/source/build/src/release/linux/6.8/64/x86/gcc/11/default/relax.default.linuxgccrelease
core.init: Looking for database based on location of executable: /home/gbiuser/Downloads/rosetta.binary.ubuntu.release-408/main/database/
core.scoring.ScoreFunctionFactory: SCOREFUNCTION: ref2015
core.scoring.etable: Starting energy table calculation
core.scoring.etable: smooth_etable: changing atr/rep split to bottom of energy well
core.scoring.etable: smooth_etable: spline smoothing lj etables (maxdis = 6)
core.scoring.etable: smooth_etable: spline smoothing solvation etables (max_dis = 6)
core.scoring.etable: Finished calculating energy tables.
basic.io.database: Database file opened: scoring/score_functions/hbonds/ref2015_params/HBPoly1D.csv
basic.io.database: Database file opened: scoring/score_functions/hbonds/ref2015_params/HBFadeIntervals.csv
basic.io.database: Database file opened: scoring/score_functions/hbonds/ref2015_params/HBEval.csv
basic.io.database: Database file opened: scoring/score_functions/hbonds/ref2015_params/DonStrength.csv
basic.io.database: Database file opened: scoring/score_functions/hbonds/ref2015_params/AccStrength.csv
core.chemical.GlobalResidueTypeSet: Finished initializing fa_standard residue type set.  Created 985 residue types
core.chemical.GlobalResidueTypeSet: Total time to initialize 1.24711 seconds.
basic.io.database: Database file opened: scoring/score_functions/rama/fd/all.ramaProb
basic.io.database: Database file opened: scoring/score_functions/rama/fd/prepro.ramaProb
basic.io.database: Database file opened: scoring/score_functions/omega/omega_ppdep.all.txt
basic.io.database: Database file opened: scoring/score_functions/omega/omega_ppdep.gly.txt
basic.io.database: Database file opened: scoring/score_functions/omega/omega_ppdep.pro.txt
basic.io.database: Database file opened: scoring/score_functions/omega/omega_ppdep.valile.txt
basic.io.database: Database file opened: scoring/score_functions/P_AA_pp/P_AA
basic.io.database: Database file opened: scoring/score_functions/P_AA_pp/P_AA_n
core.scoring.P_AA: shapovalov_lib::shap_p_aa_pp_smooth_level of 1( aka low_smooth ) got activated.
basic.io.database: Database file opened: scoring/score_functions/P_AA_pp/shapovalov/10deg/kappa131/a20.prop
protocols.relax.RelaxScriptManager: Reading relax scripts list from database.
protocols.relax.RelaxScriptManager: Looking for MonomerRelax2019.txt
protocols.relax.RelaxScriptManager: ================== Reading script file: /home/gbiuser/Downloads/rosetta.binary.ubuntu.release-408/main/database/sampling/relax_scripts/MonomerRelax2019.txt ==================
protocols.relax.RelaxScriptManager: repeat %%nrepeats%%
protocols.relax.RelaxScriptManager: coord_cst_weight 1.0
protocols.relax.RelaxScriptManager: scale:fa_rep 0.040
protocols.relax.RelaxScriptManager: repack
protocols.relax.RelaxScriptManager: scale:fa_rep 0.051
protocols.relax.RelaxScriptManager: min 0.01
protocols.relax.RelaxScriptManager: coord_cst_weight 0.5
protocols.relax.RelaxScriptManager: scale:fa_rep 0.265
protocols.relax.RelaxScriptManager: repack
protocols.relax.RelaxScriptManager: scale:fa_rep 0.280
protocols.relax.RelaxScriptManager: min 0.01
protocols.relax.RelaxScriptManager: coord_cst_weight 0.0
protocols.relax.RelaxScriptManager: scale:fa_rep 0.559
protocols.relax.RelaxScriptManager: repack
protocols.relax.RelaxScriptManager: scale:fa_rep 0.581
protocols.relax.RelaxScriptManager: min 0.01
protocols.relax.RelaxScriptManager: coord_cst_weight 0.0
protocols.relax.RelaxScriptManager: scale:fa_rep 1
protocols.relax.RelaxScriptManager: repack
protocols.relax.RelaxScriptManager: min 0.00001
protocols.relax.RelaxScriptManager: accept_to_best
protocols.relax.RelaxScriptManager: endrepeat
core.scoring.constraints.util: Constraint choice: cst.cst
protocols.jd2.PDBJobInputter: Instantiate PDBJobInputter
protocols.jd2.PDBJobInputter: PDBJobInputter::fill_jobs
protocols.jd2.PDBJobInputter: pushed ../1-loopmodel/target.BL00250001.pdb nstruct indices 1 - 5
protocols.evaluation.ChiWellRmsdEvaluatorCreator: Evaluation Creator active ... 
protocols.jd2.PDBJobInputter: PDBJobInputter::pose_from_job
protocols.jd2.PDBJobInputter: filling pose from PDB ../1-loopmodel/target.BL00250001.pdb
core.import_pose.import_pose: File '../1-loopmodel/target.BL00250001.pdb' automatically determined to be of type PDB from contents.
core.io.rcsb.ExperimentalTechnique: [ ERROR ] Unrecognized experimental technique string 'THEORETICAL MODEL, MODELLER 10.8 2026/07/05 01:19:35'
core.scoring.constraints.ConstraintsIO: read constraints from cst.cst
core.scoring.constraints.ConstraintsIO: Read in 18 constraints
basic.io.database: Database file opened: scoring/score_functions/elec_cp_reps.dat
core.scoring.elec.util: Read 40 countpair representative atoms
core.pack.dunbrack.RotamerLibrary: shapovalov_lib_fixes_enable option is true.
core.pack.dunbrack.RotamerLibrary: shapovalov_lib::shap_dun10_smooth_level of 1( aka lowest_smooth ) got activated.
core.pack.dunbrack.RotamerLibrary: Binary rotamer library selected: /home/gbiuser/Downloads/rosetta.binary.ubuntu.release-408/main/database/rotamer/shapovalov/StpDwn_0-0-0/Dunbrack10.lib.bin
core.pack.dunbrack.RotamerLibrary: Using Dunbrack library binary file '/home/gbiuser/Downloads/rosetta.binary.ubuntu.release-408/main/database/rotamer/shapovalov/StpDwn_0-0-0/Dunbrack10.lib.bin'.
core.pack.dunbrack.RotamerLibrary: Dunbrack 2010 library took 0.225213 seconds to load from binary
protocols.relax.FastRelax: CMD: repeat  9380.92  0  0  0.55
protocols.relax.FastRelax: CMD: coord_cst_weight  9380.92  0  0  0.55
protocols.relax.FastRelax: CMD: scale:fa_rep  838.481  0  0  0.022
core.pack.task: Packer task: initialize from command line() 
core.pack.pack_rotamers: built 8126 rotamers at 493 positions.
core.pack.interaction_graph.interaction_graph_factory: Instantiating DensePDInteractionGraph
protocols.relax.FastRelax: CMD: repack  -793.068  0  0  0.022
protocols.relax.FastRelax: CMD: scale:fa_rep  -703.47  0  0  0.02805
core.optimization.Minimizer: [ WARNING ] LBFGS MAX CYCLES 2000 EXCEEDED, BUT FUNC NOT CONVERGED!
protocols.relax.FastRelax: CMD: min  -1300.04  0.156798  0.156798  0.02805
protocols.relax.FastRelax: CMD: coord_cst_weight  -1351.89  0.156798  0.156798  0.02805
protocols.relax.FastRelax: CMD: scale:fa_rep  -596.459  0.156798  0.156798  0.14575
core.pack.task: Packer task: initialize from command line() 
core.pack.pack_rotamers: built 7363 rotamers at 493 positions.
core.pack.interaction_graph.interaction_graph_factory: Instantiating DensePDInteractionGraph
protocols.relax.FastRelax: CMD: repack  -619.831  0.156798  0.156798  0.14575
protocols.relax.FastRelax: CMD: scale:fa_rep  -571.183  0.156798  0.156798  0.154
core.optimization.Minimizer: [ WARNING ] LBFGS MAX CYCLES 2000 EXCEEDED, BUT FUNC NOT CONVERGED!
protocols.relax.FastRelax: CMD: min  -1006.28  0.255072  0.255072  0.154
protocols.relax.FastRelax: CMD: coord_cst_weight  -1140.28  0.255072  0.255072  0.154
protocols.relax.FastRelax: CMD: scale:fa_rep  -822.657  0.255072  0.255072  0.30745
core.pack.task: Packer task: initialize from command line() 
core.pack.pack_rotamers: built 7140 rotamers at 493 positions.
core.pack.interaction_graph.interaction_graph_factory: Instantiating DensePDInteractionGraph
protocols.relax.FastRelax: CMD: repack  -825.363  0.255072  0.255072  0.30745
protocols.relax.FastRelax: CMD: scale:fa_rep  -800.57  0.255072  0.255072  0.31955
protocols.relax.FastRelax: CMD: min  -407.5  5.0114  5.0114  0.31955
protocols.relax.FastRelax: CMD: coord_cst_weight  -407.5  5.0114  5.0114  0.31955
protocols.relax.FastRelax: CMD: scale:fa_rep  389.748  5.0114  5.0114  0.55
core.pack.task: Packer task: initialize from command line() 
core.pack.pack_rotamers: built 7040 rotamers at 493 positions.
core.pack.interaction_graph.interaction_graph_factory: Instantiating DensePDInteractionGraph
protocols.relax.FastRelax: CMD: repack  -256.987  5.0114  5.0114  0.55
protocols.relax.FastRelax: CMD: min  -1055  5.07185  5.07185  0.55
protocols.relax.FastRelax: MRP: 0  -1055  -1055  5.07185  5.07185  
protocols.relax.FastRelax: CMD: accept_to_best  -1055  5.07185  5.07185  0.55
protocols.relax.FastRelax: CMD: endrepeat  -1055  5.07185  5.07185  0.55
protocols.relax.FastRelax: CMD: coord_cst_weight  134140  5.07185  5.07185  0.55
protocols.relax.FastRelax: CMD: scale:fa_rep  133795  5.07185  5.07185  0.022
core.pack.task: Packer task: initialize from command line() 
core.pack.pack_rotamers: built 7917 rotamers at 493 positions.
core.pack.interaction_graph.interaction_graph_factory: Instantiating DensePDInteractionGraph
protocols.relax.FastRelax: CMD: repack  133753  5.07185  5.07185  0.022
protocols.relax.FastRelax: CMD: scale:fa_rep  133769  5.07185  5.07185  0.02805
core.optimization.Minimizer: [ WARNING ] LBFGS MAX CYCLES 2000 EXCEEDED, BUT FUNC NOT CONVERGED!
protocols.relax.FastRelax: CMD: min  -1221.29  0.220899  0.220899  0.02805
protocols.relax.FastRelax: CMD: coord_cst_weight  -1320.12  0.220899  0.220899  0.02805
protocols.relax.FastRelax: CMD: scale:fa_rep  -556.687  0.220899  0.220899  0.14575
core.pack.task: Packer task: initialize from command line() 
core.pack.pack_rotamers: built 7311 rotamers at 493 positions.
core.pack.interaction_graph.interaction_graph_factory: Instantiating DensePDInteractionGraph
protocols.relax.FastRelax: CMD: repack  -629.869  0.220899  0.220899  0.14575
protocols.relax.FastRelax: CMD: scale:fa_rep  -582.877  0.220899  0.220899  0.154
core.optimization.Minimizer: [ WARNING ] LBFGS MAX CYCLES 2000 EXCEEDED, BUT FUNC NOT CONVERGED!
protocols.relax.FastRelax: CMD: min  -1050.68  0.282921  0.282921  0.154
protocols.relax.FastRelax: CMD: coord_cst_weight  -1213.72  0.282921  0.282921  0.154
protocols.relax.FastRelax: CMD: scale:fa_rep  -905.927  0.282921  0.282921  0.30745
core.pack.task: Packer task: initialize from command line() 
core.pack.pack_rotamers: built 7144 rotamers at 493 positions.
core.pack.interaction_graph.interaction_graph_factory: Instantiating DensePDInteractionGraph
protocols.relax.FastRelax: CMD: repack  -907.017  0.282921  0.282921  0.30745
protocols.relax.FastRelax: CMD: scale:fa_rep  -882.94  0.282921  0.282921  0.31955
protocols.relax.FastRelax: CMD: min  102.348  3.85258  3.85258  0.31955
protocols.relax.FastRelax: CMD: coord_cst_weight  102.348  3.85258  3.85258  0.31955
protocols.relax.FastRelax: CMD: scale:fa_rep  1307.42  3.85258  3.85258  0.55
core.pack.task: Packer task: initialize from command line() 
core.pack.pack_rotamers: built 7050 rotamers at 493 positions.
core.pack.interaction_graph.interaction_graph_factory: Instantiating DensePDInteractionGraph
protocols.relax.FastRelax: CMD: repack  -822.6  3.85258  3.85258  0.55
protocols.relax.FastRelax: CMD: min  -1115.59  4.3185  4.3185  0.55
protocols.relax.FastRelax: MRP: 1  -1115.59  -1115.59  4.3185  4.3185  
protocols.relax.FastRelax: CMD: accept_to_best  -1115.59  4.3185  4.3185  0.55
protocols.relax.FastRelax: CMD: endrepeat  -1115.59  4.3185  4.3185  0.55
protocols.relax.FastRelax: CMD: coord_cst_weight  105111  4.3185  4.3185  0.55
protocols.relax.FastRelax: CMD: scale:fa_rep  104764  4.3185  4.3185  0.022
core.pack.task: Packer task: initialize from command line() 
core.pack.pack_rotamers: built 8051 rotamers at 493 positions.
core.pack.interaction_graph.interaction_graph_factory: Instantiating DensePDInteractionGraph
protocols.relax.FastRelax: CMD: repack  104726  4.3185  4.3185  0.022
protocols.relax.FastRelax: CMD: scale:fa_rep  104742  4.3185  4.3185  0.02805
core.optimization.Minimizer: [ WARNING ] LBFGS MAX CYCLES 2000 EXCEEDED, BUT FUNC NOT CONVERGED!
protocols.relax.FastRelax: CMD: min  -1263.79  0.215769  0.215769  0.02805
protocols.relax.FastRelax: CMD: coord_cst_weight  -1361.09  0.215769  0.215769  0.02805
protocols.relax.FastRelax: CMD: scale:fa_rep  -647.719  0.215769  0.215769  0.14575
core.pack.task: Packer task: initialize from command line() 
core.pack.pack_rotamers: built 7402 rotamers at 493 positions.
core.pack.interaction_graph.interaction_graph_factory: Instantiating DensePDInteractionGraph
protocols.relax.FastRelax: CMD: repack  -747.321  0.215769  0.215769  0.14575
protocols.relax.FastRelax: CMD: scale:fa_rep  -705.266  0.215769  0.215769  0.154
core.optimization.Minimizer: [ WARNING ] LBFGS MAX CYCLES 2000 EXCEEDED, BUT FUNC NOT CONVERGED!
protocols.relax.FastRelax: CMD: min  -1061.38  0.285426  0.285426  0.154
protocols.relax.FastRelax: CMD: coord_cst_weight  -1229.76  0.285426  0.285426  0.154
protocols.relax.FastRelax: CMD: scale:fa_rep  -920.231  0.285426  0.285426  0.30745
core.pack.task: Packer task: initialize from command line() 
core.pack.pack_rotamers: built 7198 rotamers at 493 positions.
core.pack.interaction_graph.interaction_graph_factory: Instantiating DensePDInteractionGraph
protocols.relax.FastRelax: CMD: repack  -920.983  0.285426  0.285426  0.30745
protocols.relax.FastRelax: CMD: scale:fa_rep  -896.721  0.285426  0.285426  0.31955
protocols.relax.FastRelax: CMD: min  -1284.03  4.11606  4.11606  0.31955
protocols.relax.FastRelax: CMD: coord_cst_weight  -1284.03  4.11606  4.11606  0.31955
protocols.relax.FastRelax: CMD: scale:fa_rep  -1061.72  4.11606  4.11606  0.55
core.pack.task: Packer task: initialize from command line() 
core.pack.pack_rotamers: built 7105 rotamers at 493 positions.
core.pack.interaction_graph.interaction_graph_factory: Instantiating DensePDInteractionGraph
protocols.relax.FastRelax: CMD: repack  -1078.74  4.11606  4.11606  0.55
protocols.relax.FastRelax: CMD: min  -1141.65  4.60246  4.60246  0.55
protocols.relax.FastRelax: MRP: 2  -1141.65  -1141.65  4.60246  4.60246  
protocols.relax.FastRelax: CMD: accept_to_best  -1141.65  4.60246  4.60246  0.55
protocols.relax.FastRelax: CMD: endrepeat  -1141.65  4.60246  4.60246  0.55
protocols.relax.FastRelax: CMD: coord_cst_weight  87415.9  4.60246  4.60246  0.55
protocols.relax.FastRelax: CMD: scale:fa_rep  87066.5  4.60246  4.60246  0.022
core.pack.task: Packer task: initialize from command line() 
core.pack.pack_rotamers: built 8037 rotamers at 493 positions.
core.pack.interaction_graph.interaction_graph_factory: Instantiating DensePDInteractionGraph
protocols.relax.FastRelax: CMD: repack  87035.6  4.60246  4.60246  0.022
protocols.relax.FastRelax: CMD: scale:fa_rep  87046.9  4.60246  4.60246  0.02805
core.optimization.Minimizer: [ WARNING ] LBFGS MAX CYCLES 2000 EXCEEDED, BUT FUNC NOT CONVERGED!
protocols.relax.FastRelax: CMD: min  -1143.61  0.254834  0.254834  0.02805
protocols.relax.FastRelax: CMD: coord_cst_weight  -1275.71  0.254834  0.254834  0.02805
protocols.relax.FastRelax: CMD: scale:fa_rep  -447.371  0.254834  0.254834  0.14575
core.pack.task: Packer task: initialize from command line() 
core.pack.pack_rotamers: built 7255 rotamers at 493 positions.
core.pack.interaction_graph.interaction_graph_factory: Instantiating DensePDInteractionGraph
protocols.relax.FastRelax: CMD: repack  -504.825  0.254834  0.254834  0.14575
protocols.relax.FastRelax: CMD: scale:fa_rep  -452.389  0.254834  0.254834  0.154
core.optimization.Minimizer: [ WARNING ] LBFGS MAX CYCLES 2000 EXCEEDED, BUT FUNC NOT CONVERGED!
protocols.relax.FastRelax: CMD: min  -990.872  0.33331  0.33331  0.154
protocols.relax.FastRelax: CMD: coord_cst_weight  -1206.6  0.33331  0.33331  0.154
protocols.relax.FastRelax: CMD: scale:fa_rep  -899.343  0.33331  0.33331  0.30745
core.pack.task: Packer task: initialize from command line() 
core.pack.pack_rotamers: built 7184 rotamers at 493 positions.
core.pack.interaction_graph.interaction_graph_factory: Instantiating DensePDInteractionGraph
protocols.relax.FastRelax: CMD: repack  -902.022  0.33331  0.33331  0.30745
protocols.relax.FastRelax: CMD: scale:fa_rep  -877.91  0.33331  0.33331  0.31955
protocols.relax.FastRelax: CMD: min  -1261.7  2.37282  2.37282  0.31955
protocols.relax.FastRelax: CMD: coord_cst_weight  -1261.7  2.37282  2.37282  0.31955
protocols.relax.FastRelax: CMD: scale:fa_rep  -1044.36  2.37282  2.37282  0.55
core.pack.task: Packer task: initialize from command line() 
core.pack.pack_rotamers: built 7129 rotamers at 493 positions.
core.pack.interaction_graph.interaction_graph_factory: Instantiating DensePDInteractionGraph
protocols.relax.FastRelax: CMD: repack  -1053.03  2.37282  2.37282  0.55
protocols.relax.FastRelax: CMD: min  -1119.95  2.99573  2.99573  0.55
protocols.relax.FastRelax: MRP: 3  -1119.95  -1141.65  4.60246  4.60246  
protocols.relax.FastRelax: CMD: accept_to_best  -1119.95  2.99573  2.99573  0.55
protocols.relax.FastRelax: CMD: endrepeat  -1119.95  2.99573  2.99573  0.55
protocols.relax.FastRelax: CMD: coord_cst_weight  76038.8  2.99573  2.99573  0.55
protocols.relax.FastRelax: CMD: scale:fa_rep  75691.9  2.99573  2.99573  0.022
core.pack.task: Packer task: initialize from command line() 
core.pack.pack_rotamers: built 7945 rotamers at 493 positions.
core.pack.interaction_graph.interaction_graph_factory: Instantiating DensePDInteractionGraph
protocols.relax.FastRelax: CMD: repack  75651.1  2.99573  2.99573  0.022
protocols.relax.FastRelax: CMD: scale:fa_rep  75663.7  2.99573  2.99573  0.02805
core.optimization.Minimizer: [ WARNING ] LBFGS MAX CYCLES 2000 EXCEEDED, BUT FUNC NOT CONVERGED!
protocols.relax.FastRelax: CMD: min  -1176.57  0.251286  0.251286  0.02805
protocols.relax.FastRelax: CMD: coord_cst_weight  -1304.59  0.251286  0.251286  0.02805
protocols.relax.FastRelax: CMD: scale:fa_rep  -525.169  0.251286  0.251286  0.14575
core.pack.task: Packer task: initialize from command line() 
core.pack.pack_rotamers: built 7328 rotamers at 493 positions.
core.pack.interaction_graph.interaction_graph_factory: Instantiating DensePDInteractionGraph
protocols.relax.FastRelax: CMD: repack  -621.718  0.251286  0.251286  0.14575
protocols.relax.FastRelax: CMD: scale:fa_rep  -574.608  0.251286  0.251286  0.154
core.optimization.Minimizer: [ WARNING ] LBFGS MAX CYCLES 2000 EXCEEDED, BUT FUNC NOT CONVERGED!
protocols.relax.FastRelax: CMD: min  -1008.43  0.336324  0.336324  0.154
protocols.relax.FastRelax: CMD: coord_cst_weight  -1231.37  0.336324  0.336324  0.154
protocols.relax.FastRelax: CMD: scale:fa_rep  -921.452  0.336324  0.336324  0.30745
core.pack.task: Packer task: initialize from command line() 
core.pack.pack_rotamers: built 7163 rotamers at 493 positions.
core.pack.interaction_graph.interaction_graph_factory: Instantiating DensePDInteractionGraph
protocols.relax.FastRelax: CMD: repack  -926.372  0.336324  0.336324  0.30745
protocols.relax.FastRelax: CMD: scale:fa_rep  -902.136  0.336324  0.336324  0.31955
protocols.relax.FastRelax: CMD: min  -1273.4  2.03335  2.03335  0.31955
protocols.relax.FastRelax: CMD: coord_cst_weight  -1273.4  2.03335  2.03335  0.31955
protocols.relax.FastRelax: CMD: scale:fa_rep  -1052.1  2.03335  2.03335  0.55
core.pack.task: Packer task: initialize from command line() 
core.pack.pack_rotamers: built 7108 rotamers at 493 positions.
core.pack.interaction_graph.interaction_graph_factory: Instantiating DensePDInteractionGraph
protocols.relax.FastRelax: CMD: repack  -1054.91  2.03335  2.03335  0.55
protocols.relax.FastRelax: CMD: min  -1124.46  2.71145  2.71145  0.55
protocols.relax.FastRelax: MRP: 4  -1124.46  -1141.65  4.60246  4.60246  
protocols.relax.FastRelax: CMD: accept_to_best  -1124.46  2.71145  2.71145  0.55
protocols.relax.FastRelax: CMD: endrepeat  -1124.46  2.71145  2.71145  0.55
protocols.relax.FastRelax: CMD: coord_cst_weight  60123.9  2.71145  2.71145  0.55
protocols.relax.FastRelax: CMD: scale:fa_rep  59775.8  2.71145  2.71145  0.022
core.pack.task: Packer task: initialize from command line() 
core.pack.pack_rotamers: built 7950 rotamers at 493 positions.
core.pack.interaction_graph.interaction_graph_factory: Instantiating DensePDInteractionGraph
protocols.relax.FastRelax: CMD: repack  59742.1  2.71145  2.71145  0.022
protocols.relax.FastRelax: CMD: scale:fa_rep  59753.1  2.71145  2.71145  0.02805
core.optimization.Minimizer: [ WARNING ] LBFGS MAX CYCLES 2000 EXCEEDED, BUT FUNC NOT CONVERGED!
protocols.relax.FastRelax: CMD: min  -1194.91  0.245579  0.245579  0.02805
protocols.relax.FastRelax: CMD: coord_cst_weight  -1315.4  0.245579  0.245579  0.02805
protocols.relax.FastRelax: CMD: scale:fa_rep  -581.604  0.245579  0.245579  0.14575
core.pack.task: Packer task: initialize from command line() 
core.pack.pack_rotamers: built 7277 rotamers at 493 positions.
core.pack.interaction_graph.interaction_graph_factory: Instantiating DensePDInteractionGraph
protocols.relax.FastRelax: CMD: repack  -670.141  0.245579  0.245579  0.14575
protocols.relax.FastRelax: CMD: scale:fa_rep  -625.064  0.245579  0.245579  0.154
core.optimization.Minimizer: [ WARNING ] LBFGS MAX CYCLES 2000 EXCEEDED, BUT FUNC NOT CONVERGED!
protocols.relax.FastRelax: CMD: min  -1033.97  0.326854  0.326854  0.154
protocols.relax.FastRelax: CMD: coord_cst_weight  -1241.31  0.326854  0.326854  0.154
protocols.relax.FastRelax: CMD: scale:fa_rep  -935.289  0.326854  0.326854  0.30745
core.pack.task: Packer task: initialize from command line() 
core.pack.pack_rotamers: built 7171 rotamers at 493 positions.
core.pack.interaction_graph.interaction_graph_factory: Instantiating DensePDInteractionGraph
protocols.relax.FastRelax: CMD: repack  -933.492  0.326854  0.326854  0.30745
protocols.relax.FastRelax: CMD: scale:fa_rep  -909.763  0.326854  0.326854  0.31955
protocols.relax.FastRelax: CMD: min  -1276.21  2.58215  2.58215  0.31955
protocols.relax.FastRelax: CMD: coord_cst_weight  -1276.21  2.58215  2.58215  0.31955
protocols.relax.FastRelax: CMD: scale:fa_rep  -1055.33  2.58215  2.58215  0.55
core.pack.task: Packer task: initialize from command line() 
core.pack.pack_rotamers: built 7084 rotamers at 493 positions.
core.pack.interaction_graph.interaction_graph_factory: Instantiating DensePDInteractionGraph
protocols.relax.FastRelax: CMD: repack  -1059.8  2.58215  2.58215  0.55
protocols.relax.FastRelax: CMD: min  -1122.17  3.03333  3.03333  0.55
protocols.relax.FastRelax: MRP: 5  -1122.17  -1141.65  4.60246  4.60246  
protocols.relax.FastRelax: CMD: accept_to_best  -1122.17  3.03333  3.03333  0.55
protocols.relax.FastRelax: CMD: endrepeat  -1122.17  3.03333  3.03333  0.55
protocols.relax.FastRelax: CMD: coord_cst_weight  79138.9  3.03333  3.03333  0.55
protocols.relax.FastRelax: CMD: scale:fa_rep  78788.1  3.03333  3.03333  0.022
core.pack.task: Packer task: initialize from command line() 
core.pack.pack_rotamers: built 7946 rotamers at 493 positions.
core.pack.interaction_graph.interaction_graph_factory: Instantiating DensePDInteractionGraph
protocols.relax.FastRelax: CMD: repack  78758.7  3.03333  3.03333  0.022
protocols.relax.FastRelax: CMD: scale:fa_rep  78769.7  3.03333  3.03333  0.02805
core.optimization.Minimizer: [ WARNING ] LBFGS MAX CYCLES 2000 EXCEEDED, BUT FUNC NOT CONVERGED!
protocols.relax.FastRelax: CMD: min  -1206.33  0.251998  0.251998  0.02805
protocols.relax.FastRelax: CMD: coord_cst_weight  -1330.56  0.251998  0.251998  0.02805
protocols.relax.FastRelax: CMD: scale:fa_rep  -617.096  0.251998  0.251998  0.14575
core.pack.task: Packer task: initialize from command line() 
core.pack.pack_rotamers: built 7272 rotamers at 493 positions.
core.pack.interaction_graph.interaction_graph_factory: Instantiating DensePDInteractionGraph
protocols.relax.FastRelax: CMD: repack  -660.123  0.251998  0.251998  0.14575
protocols.relax.FastRelax: CMD: scale:fa_rep  -615.137  0.251998  0.251998  0.154
core.optimization.Minimizer: [ WARNING ] LBFGS MAX CYCLES 2000 EXCEEDED, BUT FUNC NOT CONVERGED!
protocols.relax.FastRelax: CMD: min  -1030.23  0.328771  0.328771  0.154
protocols.relax.FastRelax: CMD: coord_cst_weight  -1237.52  0.328771  0.328771  0.154
protocols.relax.FastRelax: CMD: scale:fa_rep  -935.503  0.328771  0.328771  0.30745
core.pack.task: Packer task: initialize from command line() 
core.pack.pack_rotamers: built 7190 rotamers at 493 positions.
core.pack.interaction_graph.interaction_graph_factory: Instantiating DensePDInteractionGraph
protocols.relax.FastRelax: CMD: repack  -933.484  0.328771  0.328771  0.30745
protocols.relax.FastRelax: CMD: scale:fa_rep  -909.932  0.328771  0.328771  0.31955
protocols.relax.FastRelax: CMD: min  -1276.02  2.93704  2.93704  0.31955
protocols.relax.FastRelax: CMD: coord_cst_weight  -1276.02  2.93704  2.93704  0.31955
protocols.relax.FastRelax: CMD: scale:fa_rep  -1043.25  2.93704  2.93704  0.55
core.pack.task: Packer task: initialize from command line() 
core.pack.pack_rotamers: built 7108 rotamers at 493 positions.
core.pack.interaction_graph.interaction_graph_factory: Instantiating DensePDInteractionGraph
protocols.relax.FastRelax: CMD: repack  -1067.03  2.93704  2.93704  0.55
protocols.relax.FastRelax: CMD: min  -1137.44  3.24568  3.24568  0.55
protocols.relax.FastRelax: MRP: 6  -1137.44  -1141.65  4.60246  4.60246  
protocols.relax.FastRelax: CMD: accept_to_best  -1137.44  3.24568  3.24568  0.55
protocols.relax.FastRelax: CMD: endrepeat  -1137.44  3.24568  3.24568  0.55
protocols.relax.FastRelax: CMD: coord_cst_weight  64441.1  3.24568  3.24568  0.55
protocols.relax.FastRelax: CMD: scale:fa_rep  64085.6  3.24568  3.24568  0.022
core.pack.task: Packer task: initialize from command line() 
core.pack.pack_rotamers: built 8024 rotamers at 493 positions.
core.pack.interaction_graph.interaction_graph_factory: Instantiating DensePDInteractionGraph
protocols.relax.FastRelax: CMD: repack  64051.9  3.24568  3.24568  0.022
protocols.relax.FastRelax: CMD: scale:fa_rep  64063.7  3.24568  3.24568  0.02805
core.optimization.Minimizer: [ WARNING ] LBFGS MAX CYCLES 2000 EXCEEDED, BUT FUNC NOT CONVERGED!
protocols.relax.FastRelax: CMD: min  -1167.15  0.258205  0.258205  0.02805
protocols.relax.FastRelax: CMD: coord_cst_weight  -1296.68  0.258205  0.258205  0.02805
protocols.relax.FastRelax: CMD: scale:fa_rep  -526.196  0.258205  0.258205  0.14575
core.pack.task: Packer task: initialize from command line() 
core.pack.pack_rotamers: built 7346 rotamers at 493 positions.
core.pack.interaction_graph.interaction_graph_factory: Instantiating DensePDInteractionGraph
protocols.relax.FastRelax: CMD: repack  -602.163  0.258205  0.258205  0.14575
protocols.relax.FastRelax: CMD: scale:fa_rep  -554.211  0.258205  0.258205  0.154
core.optimization.Minimizer: [ WARNING ] LBFGS MAX CYCLES 2000 EXCEEDED, BUT FUNC NOT CONVERGED!
protocols.relax.FastRelax: CMD: min  -1013.06  0.340624  0.340624  0.154
protocols.relax.FastRelax: CMD: coord_cst_weight  -1242  0.340624  0.340624  0.154
protocols.relax.FastRelax: CMD: scale:fa_rep  -931.55  0.340624  0.340624  0.30745
core.pack.task: Packer task: initialize from command line() 
core.pack.pack_rotamers: built 7276 rotamers at 493 positions.
core.pack.interaction_graph.interaction_graph_factory: Instantiating DensePDInteractionGraph
protocols.relax.FastRelax: CMD: repack  -927.931  0.340624  0.340624  0.30745
protocols.relax.FastRelax: CMD: scale:fa_rep  -903.792  0.340624  0.340624  0.31955
protocols.relax.FastRelax: CMD: min  -1286.83  2.47681  2.47681  0.31955
protocols.relax.FastRelax: CMD: coord_cst_weight  -1286.83  2.47681  2.47681  0.31955
protocols.relax.FastRelax: CMD: scale:fa_rep  -1065.09  2.47681  2.47681  0.55
core.pack.task: Packer task: initialize from command line() 
core.pack.pack_rotamers: built 7120 rotamers at 493 positions.
core.pack.interaction_graph.interaction_graph_factory: Instantiating DensePDInteractionGraph
protocols.relax.FastRelax: CMD: repack  -1066.43  2.47681  2.47681  0.55
protocols.relax.FastRelax: CMD: min  -1124.93  3.04979  3.04979  0.55
protocols.relax.FastRelax: MRP: 7  -1124.93  -1141.65  4.60246  4.60246  
protocols.relax.FastRelax: CMD: accept_to_best  -1124.93  3.04979  3.04979  0.55
protocols.relax.FastRelax: CMD: endrepeat  -1124.93  3.04979  3.04979  0.55
protocols.relax.FastRelax: CMD: coord_cst_weight  51223.9  3.04979  3.04979  0.55
protocols.relax.FastRelax: CMD: scale:fa_rep  50871.4  3.04979  3.04979  0.022
core.pack.task: Packer task: initialize from command line() 
core.pack.pack_rotamers: built 8010 rotamers at 493 positions.
core.pack.interaction_graph.interaction_graph_factory: Instantiating DensePDInteractionGraph
protocols.relax.FastRelax: CMD: repack  50833.6  3.04979  3.04979  0.022
protocols.relax.FastRelax: CMD: scale:fa_rep  50845.9  3.04979  3.04979  0.02805
core.optimization.Minimizer: [ WARNING ] LBFGS MAX CYCLES 2000 EXCEEDED, BUT FUNC NOT CONVERGED!
protocols.relax.FastRelax: CMD: min  -1189.43  0.25579  0.25579  0.02805
protocols.relax.FastRelax: CMD: coord_cst_weight  -1316.23  0.25579  0.25579  0.02805
protocols.relax.FastRelax: CMD: scale:fa_rep  -557.937  0.25579  0.25579  0.14575
core.pack.task: Packer task: initialize from command line() 
core.pack.pack_rotamers: built 7333 rotamers at 493 positions.
core.pack.interaction_graph.interaction_graph_factory: Instantiating DensePDInteractionGraph
protocols.relax.FastRelax: CMD: repack  -609.531  0.25579  0.25579  0.14575
protocols.relax.FastRelax: CMD: scale:fa_rep  -561.228  0.25579  0.25579  0.154
core.optimization.Minimizer: [ WARNING ] LBFGS MAX CYCLES 2000 EXCEEDED, BUT FUNC NOT CONVERGED!
protocols.relax.FastRelax: CMD: min  -999.38  0.346703  0.346703  0.154
protocols.relax.FastRelax: CMD: coord_cst_weight  -1233.23  0.346703  0.346703  0.154
protocols.relax.FastRelax: CMD: scale:fa_rep  -925.064  0.346703  0.346703  0.30745
core.pack.task: Packer task: initialize from command line() 
core.pack.pack_rotamers: built 7198 rotamers at 493 positions.
core.pack.interaction_graph.interaction_graph_factory: Instantiating DensePDInteractionGraph
protocols.relax.FastRelax: CMD: repack  -926.169  0.346703  0.346703  0.30745
protocols.relax.FastRelax: CMD: scale:fa_rep  -901.934  0.346703  0.346703  0.31955
protocols.relax.FastRelax: CMD: min  -1295.11  2.79112  2.79112  0.31955
protocols.relax.FastRelax: CMD: coord_cst_weight  -1295.11  2.79112  2.79112  0.31955
protocols.relax.FastRelax: CMD: scale:fa_rep  -1071.05  2.79112  2.79112  0.55
core.pack.task: Packer task: initialize from command line() 
core.pack.pack_rotamers: built 7103 rotamers at 493 positions.
core.pack.interaction_graph.interaction_graph_factory: Instantiating DensePDInteractionGraph
protocols.relax.FastRelax: CMD: repack  -1082.69  2.79112  2.79112  0.55
protocols.relax.FastRelax: CMD: min  -1136.32  3.14126  3.14126  0.55
protocols.relax.FastRelax: MRP: 8  -1136.32  -1141.65  4.60246  4.60246  
protocols.relax.FastRelax: CMD: accept_to_best  -1136.32  3.14126  3.14126  0.55
protocols.relax.FastRelax: CMD: endrepeat  -1136.32  3.14126  3.14126  0.55
protocols.relax.FastRelax: CMD: coord_cst_weight  99551.7  3.14126  3.14126  0.55
protocols.relax.FastRelax: CMD: scale:fa_rep  99199.7  3.14126  3.14126  0.022
core.pack.task: Packer task: initialize from command line() 
core.pack.pack_rotamers: built 7988 rotamers at 493 positions.
core.pack.interaction_graph.interaction_graph_factory: Instantiating DensePDInteractionGraph
protocols.relax.FastRelax: CMD: repack  99167.8  3.14126  3.14126  0.022
protocols.relax.FastRelax: CMD: scale:fa_rep  99180.9  3.14126  3.14126  0.02805
core.optimization.Minimizer: [ WARNING ] LBFGS MAX CYCLES 2000 EXCEEDED, BUT FUNC NOT CONVERGED!
protocols.relax.FastRelax: CMD: min  -1179.57  0.258189  0.258189  0.02805
protocols.relax.FastRelax: CMD: coord_cst_weight  -1309.29  0.258189  0.258189  0.02805
protocols.relax.FastRelax: CMD: scale:fa_rep  -534.334  0.258189  0.258189  0.14575
core.pack.task: Packer task: initialize from command line() 
core.pack.pack_rotamers: built 7370 rotamers at 493 positions.
core.pack.interaction_graph.interaction_graph_factory: Instantiating DensePDInteractionGraph
protocols.relax.FastRelax: CMD: repack  -579.738  0.258189  0.258189  0.14575
protocols.relax.FastRelax: CMD: scale:fa_rep  -530.157  0.258189  0.258189  0.154
core.optimization.Minimizer: [ WARNING ] LBFGS MAX CYCLES 2000 EXCEEDED, BUT FUNC NOT CONVERGED!
protocols.relax.FastRelax: CMD: min  -991.679  0.346548  0.346548  0.154
protocols.relax.FastRelax: CMD: coord_cst_weight  -1225.37  0.346548  0.346548  0.154
protocols.relax.FastRelax: CMD: scale:fa_rep  -912.837  0.346548  0.346548  0.30745
core.pack.task: Packer task: initialize from command line() 
core.pack.pack_rotamers: built 7194 rotamers at 493 positions.
core.pack.interaction_graph.interaction_graph_factory: Instantiating DensePDInteractionGraph
protocols.relax.FastRelax: CMD: repack  -914.91  0.346548  0.346548  0.30745
protocols.relax.FastRelax: CMD: scale:fa_rep  -890.478  0.346548  0.346548  0.31955
protocols.relax.FastRelax: CMD: min  -1283.93  4.38871  4.38871  0.31955
protocols.relax.FastRelax: CMD: coord_cst_weight  -1283.93  4.38871  4.38871  0.31955
protocols.relax.FastRelax: CMD: scale:fa_rep  -1060.9  4.38871  4.38871  0.55
core.pack.task: Packer task: initialize from command line() 
core.pack.pack_rotamers: built 7114 rotamers at 493 positions.
core.pack.interaction_graph.interaction_graph_factory: Instantiating DensePDInteractionGraph
protocols.relax.FastRelax: CMD: repack  -1069  4.38871  4.38871  0.55
protocols.relax.FastRelax: CMD: min  -1140.85  4.39876  4.39876  0.55
protocols.relax.FastRelax: MRP: 9  -1140.85  -1141.65  4.60246  4.60246  
protocols.relax.FastRelax: CMD: accept_to_best  -1140.85  4.39876  4.39876  0.55
protocols.relax.FastRelax: CMD: endrepeat  -1140.85  4.39876  4.39876  0.55
protocols.relax.FastRelax: CMD: coord_cst_weight  91825.4  4.39876  4.39876  0.55
protocols.relax.FastRelax: CMD: scale:fa_rep  91470.5  4.39876  4.39876  0.022
core.pack.task: Packer task: initialize from command line() 
core.pack.pack_rotamers: built 8001 rotamers at 493 positions.
core.pack.interaction_graph.interaction_graph_factory: Instantiating DensePDInteractionGraph
protocols.relax.FastRelax: CMD: repack  91432.1  4.39876  4.39876  0.022
protocols.relax.FastRelax: CMD: scale:fa_rep  91441.8  4.39876  4.39876  0.02805
core.optimization.Minimizer: [ WARNING ] LBFGS MAX CYCLES 2000 EXCEEDED, BUT FUNC NOT CONVERGED!
protocols.relax.FastRelax: CMD: min  -1170.12  0.26252  0.26252  0.02805
protocols.relax.FastRelax: CMD: coord_cst_weight  -1310.38  0.26252  0.26252  0.02805
protocols.relax.FastRelax: CMD: scale:fa_rep  -520.51  0.26252  0.26252  0.14575
core.pack.task: Packer task: initialize from command line() 
core.pack.pack_rotamers: built 7398 rotamers at 493 positions.
core.pack.interaction_graph.interaction_graph_factory: Instantiating DensePDInteractionGraph
protocols.relax.FastRelax: CMD: repack  -590.579  0.26252  0.26252  0.14575
protocols.relax.FastRelax: CMD: scale:fa_rep  -540.56  0.26252  0.26252  0.154
core.optimization.Minimizer: [ WARNING ] LBFGS MAX CYCLES 2000 EXCEEDED, BUT FUNC NOT CONVERGED!
protocols.relax.FastRelax: CMD: min  -1016.54  0.336632  0.336632  0.154
protocols.relax.FastRelax: CMD: coord_cst_weight  -1245.2  0.336632  0.336632  0.154
protocols.relax.FastRelax: CMD: scale:fa_rep  -924.557  0.336632  0.336632  0.30745
core.pack.task: Packer task: initialize from command line() 
core.pack.pack_rotamers: built 7177 rotamers at 493 positions.
core.pack.interaction_graph.interaction_graph_factory: Instantiating DensePDInteractionGraph
protocols.relax.FastRelax: CMD: repack  -924.657  0.336632  0.336632  0.30745
protocols.relax.FastRelax: CMD: scale:fa_rep  -899.519  0.336632  0.336632  0.31955
protocols.relax.FastRelax: CMD: min  -1285.37  3.51589  3.51589  0.31955
protocols.relax.FastRelax: CMD: coord_cst_weight  -1285.37  3.51589  3.51589  0.31955
protocols.relax.FastRelax: CMD: scale:fa_rep  -1064.82  3.51589  3.51589  0.55
core.pack.task: Packer task: initialize from command line() 
core.pack.pack_rotamers: built 7148 rotamers at 493 positions.
core.pack.interaction_graph.interaction_graph_factory: Instantiating DensePDInteractionGraph
protocols.relax.FastRelax: CMD: repack  -1066.03  3.51589  3.51589  0.55
protocols.relax.FastRelax: CMD: min  -1129.9  3.6639  3.6639  0.55
protocols.relax.FastRelax: MRP: 10  -1129.9  -1141.65  4.60246  4.60246  
protocols.relax.FastRelax: CMD: accept_to_best  -1129.9  3.6639  3.6639  0.55
protocols.relax.FastRelax: CMD: endrepeat  -1129.9  3.6639  3.6639  0.55
protocols.relax.FastRelax: CMD: coord_cst_weight  65567.2  3.6639  3.6639  0.55
protocols.relax.FastRelax: CMD: scale:fa_rep  65212.7  3.6639  3.6639  0.022
core.pack.task: Packer task: initialize from command line() 
core.pack.pack_rotamers: built 7965 rotamers at 493 positions.
core.pack.interaction_graph.interaction_graph_factory: Instantiating DensePDInteractionGraph
protocols.relax.FastRelax: CMD: repack  65179.3  3.6639  3.6639  0.022
protocols.relax.FastRelax: CMD: scale:fa_rep  65188.8  3.6639  3.6639  0.02805
core.optimization.Minimizer: [ WARNING ] LBFGS MAX CYCLES 2000 EXCEEDED, BUT FUNC NOT CONVERGED!
protocols.relax.FastRelax: CMD: min  -1202.45  0.252691  0.252691  0.02805
protocols.relax.FastRelax: CMD: coord_cst_weight  -1336.45  0.252691  0.252691  0.02805
protocols.relax.FastRelax: CMD: scale:fa_rep  -531.444  0.252691  0.252691  0.14575
core.pack.task: Packer task: initialize from command line() 
core.pack.pack_rotamers: built 7338 rotamers at 493 positions.
core.pack.interaction_graph.interaction_graph_factory: Instantiating DensePDInteractionGraph
protocols.relax.FastRelax: CMD: repack  -608.869  0.252691  0.252691  0.14575
protocols.relax.FastRelax: CMD: scale:fa_rep  -559.311  0.252691  0.252691  0.154
protocols.relax.FastRelax: CMD: min  -1013.91  0.335873  0.335873  0.154
protocols.relax.FastRelax: CMD: coord_cst_weight  -1242.05  0.335873  0.335873  0.154
protocols.relax.FastRelax: CMD: scale:fa_rep  -927.554  0.335873  0.335873  0.30745
core.pack.task: Packer task: initialize from command line() 
core.pack.pack_rotamers: built 7181 rotamers at 493 positions.
core.pack.interaction_graph.interaction_graph_factory: Instantiating DensePDInteractionGraph
protocols.relax.FastRelax: CMD: repack  -928.911  0.335873  0.335873  0.30745
protocols.relax.FastRelax: CMD: scale:fa_rep  -904.341  0.335873  0.335873  0.31955
protocols.relax.FastRelax: CMD: min  -1292.23  3.68258  3.68258  0.31955
protocols.relax.FastRelax: CMD: coord_cst_weight  -1292.23  3.68258  3.68258  0.31955
protocols.relax.FastRelax: CMD: scale:fa_rep  -1073.51  3.68258  3.68258  0.55
core.pack.task: Packer task: initialize from command line() 
core.pack.pack_rotamers: built 7095 rotamers at 493 positions.
core.pack.interaction_graph.interaction_graph_factory: Instantiating DensePDInteractionGraph
protocols.relax.FastRelax: CMD: repack  -1078.91  3.68258  3.68258  0.55
protocols.relax.FastRelax: CMD: min  -1141.35  4.17162  4.17162  0.55
protocols.relax.FastRelax: MRP: 11  -1141.35  -1141.65  4.60246  4.60246  
protocols.relax.FastRelax: CMD: accept_to_best  -1141.35  4.17162  4.17162  0.55
protocols.relax.FastRelax: CMD: endrepeat  -1141.35  4.17162  4.17162  0.55
protocols.relax.FastRelax: CMD: coord_cst_weight  77833  4.17162  4.17162  0.55
protocols.relax.FastRelax: CMD: scale:fa_rep  77479.6  4.17162  4.17162  0.022
core.pack.task: Packer task: initialize from command line() 
core.pack.pack_rotamers: built 7950 rotamers at 493 positions.
core.pack.interaction_graph.interaction_graph_factory: Instantiating DensePDInteractionGraph
protocols.relax.FastRelax: CMD: repack  77445.1  4.17162  4.17162  0.022
protocols.relax.FastRelax: CMD: scale:fa_rep  77454.5  4.17162  4.17162  0.02805
core.optimization.Minimizer: [ WARNING ] LBFGS MAX CYCLES 2000 EXCEEDED, BUT FUNC NOT CONVERGED!
protocols.relax.FastRelax: CMD: min  -1189.97  0.257792  0.257792  0.02805
protocols.relax.FastRelax: CMD: coord_cst_weight  -1328.88  0.257792  0.257792  0.02805
protocols.relax.FastRelax: CMD: scale:fa_rep  -561.395  0.257792  0.257792  0.14575
core.pack.task: Packer task: initialize from command line() 
core.pack.pack_rotamers: built 7259 rotamers at 493 positions.
core.pack.interaction_graph.interaction_graph_factory: Instantiating DensePDInteractionGraph
protocols.relax.FastRelax: CMD: repack  -624.773  0.257792  0.257792  0.14575
protocols.relax.FastRelax: CMD: scale:fa_rep  -576.406  0.257792  0.257792  0.154
protocols.relax.FastRelax: CMD: min  -1006.21  0.33755  0.33755  0.154
protocols.relax.FastRelax: CMD: coord_cst_weight  -1236.47  0.33755  0.33755  0.154
protocols.relax.FastRelax: CMD: scale:fa_rep  -914.761  0.33755  0.33755  0.30745
core.pack.task: Packer task: initialize from command line() 
core.pack.pack_rotamers: built 7213 rotamers at 493 positions.
core.pack.interaction_graph.interaction_graph_factory: Instantiating DensePDInteractionGraph
protocols.relax.FastRelax: CMD: repack  -915.285  0.33755  0.33755  0.30745
protocols.relax.FastRelax: CMD: scale:fa_rep  -890.283  0.33755  0.33755  0.31955
protocols.relax.FastRelax: CMD: min  -1283.05  3.44661  3.44661  0.31955
protocols.relax.FastRelax: CMD: coord_cst_weight  -1283.05  3.44661  3.44661  0.31955
protocols.relax.FastRelax: CMD: scale:fa_rep  -1063.33  3.44661  3.44661  0.55
core.pack.task: Packer task: initialize from command line() 
core.pack.pack_rotamers: built 7124 rotamers at 493 positions.
core.pack.interaction_graph.interaction_graph_factory: Instantiating DensePDInteractionGraph
protocols.relax.FastRelax: CMD: repack  -1070.29  3.44661  3.44661  0.55
protocols.relax.FastRelax: CMD: min  -1132.8  3.83979  3.83979  0.55
protocols.relax.FastRelax: MRP: 12  -1132.8  -1141.65  4.60246  4.60246  
protocols.relax.FastRelax: CMD: accept_to_best  -1132.8  3.83979  3.83979  0.55
protocols.relax.FastRelax: CMD: endrepeat  -1132.8  3.83979  3.83979  0.55
protocols.relax.FastRelax: CMD: coord_cst_weight  89878.9  3.83979  3.83979  0.55
protocols.relax.FastRelax: CMD: scale:fa_rep  89527  3.83979  3.83979  0.022
core.pack.task: Packer task: initialize from command line() 
core.pack.pack_rotamers: built 7939 rotamers at 493 positions.
core.pack.interaction_graph.interaction_graph_factory: Instantiating DensePDInteractionGraph
protocols.relax.FastRelax: CMD: repack  89517.5  3.83979  3.83979  0.022
protocols.relax.FastRelax: CMD: scale:fa_rep  89532.8  3.83979  3.83979  0.02805
core.optimization.Minimizer: [ WARNING ] LBFGS MAX CYCLES 2000 EXCEEDED, BUT FUNC NOT CONVERGED!
protocols.relax.FastRelax: CMD: min  -1186.5  0.251939  0.251939  0.02805
protocols.relax.FastRelax: CMD: coord_cst_weight  -1318.75  0.251939  0.251939  0.02805
protocols.relax.FastRelax: CMD: scale:fa_rep  -477.946  0.251939  0.251939  0.14575
core.pack.task: Packer task: initialize from command line() 
core.pack.pack_rotamers: built 7335 rotamers at 493 positions.
core.pack.interaction_graph.interaction_graph_factory: Instantiating DensePDInteractionGraph
protocols.relax.FastRelax: CMD: repack  -548.976  0.251939  0.251939  0.14575
protocols.relax.FastRelax: CMD: scale:fa_rep  -495.388  0.251939  0.251939  0.154
core.optimization.Minimizer: [ WARNING ] LBFGS MAX CYCLES 2000 EXCEEDED, BUT FUNC NOT CONVERGED!
protocols.relax.FastRelax: CMD: min  -998.694  0.335605  0.335605  0.154
protocols.relax.FastRelax: CMD: coord_cst_weight  -1223.42  0.335605  0.335605  0.154
protocols.relax.FastRelax: CMD: scale:fa_rep  -901.806  0.335605  0.335605  0.30745
core.pack.task: Packer task: initialize from command line() 
core.pack.pack_rotamers: built 7144 rotamers at 493 positions.
core.pack.interaction_graph.interaction_graph_factory: Instantiating DensePDInteractionGraph
protocols.relax.FastRelax: CMD: repack  -902.877  0.335605  0.335605  0.30745
protocols.relax.FastRelax: CMD: scale:fa_rep  -877.898  0.335605  0.335605  0.31955
protocols.relax.FastRelax: CMD: min  -1247.26  4.36467  4.36467  0.31955
protocols.relax.FastRelax: CMD: coord_cst_weight  -1247.26  4.36467  4.36467  0.31955
protocols.relax.FastRelax: CMD: scale:fa_rep  -979.561  4.36467  4.36467  0.55
core.pack.task: Packer task: initialize from command line() 
core.pack.pack_rotamers: built 6995 rotamers at 493 positions.
core.pack.interaction_graph.interaction_graph_factory: Instantiating DensePDInteractionGraph
protocols.relax.FastRelax: CMD: repack  -1075.99  4.36467  4.36467  0.55
protocols.relax.FastRelax: CMD: min  -1151.06  4.45905  4.45905  0.55
protocols.relax.FastRelax: MRP: 13  -1151.06  -1151.06  4.45905  4.45905  
protocols.relax.FastRelax: CMD: accept_to_best  -1151.06  4.45905  4.45905  0.55
protocols.relax.FastRelax: CMD: endrepeat  -1151.06  4.45905  4.45905  0.55
protocols.relax.FastRelax: CMD: coord_cst_weight  149197  4.45905  4.45905  0.55
protocols.relax.FastRelax: CMD: scale:fa_rep  148842  4.45905  4.45905  0.022
core.pack.task: Packer task: initialize from command line() 
core.pack.pack_rotamers: built 7917 rotamers at 493 positions.
core.pack.interaction_graph.interaction_graph_factory: Instantiating DensePDInteractionGraph
protocols.relax.FastRelax: CMD: repack  148805  4.45905  4.45905  0.022
protocols.relax.FastRelax: CMD: scale:fa_rep  148817  4.45905  4.45905  0.02805
core.optimization.Minimizer: [ WARNING ] LBFGS MAX CYCLES 2000 EXCEEDED, BUT FUNC NOT CONVERGED!
protocols.relax.FastRelax: CMD: min  -1177  0.256599  0.256599  0.02805
protocols.relax.FastRelax: CMD: coord_cst_weight  -1310.92  0.256599  0.256599  0.02805
protocols.relax.FastRelax: CMD: scale:fa_rep  -450.528  0.256599  0.256599  0.14575
core.pack.task: Packer task: initialize from command line() 
core.pack.pack_rotamers: built 7206 rotamers at 493 positions.
core.pack.interaction_graph.interaction_graph_factory: Instantiating DensePDInteractionGraph
protocols.relax.FastRelax: CMD: repack  -567.417  0.256599  0.256599  0.14575
protocols.relax.FastRelax: CMD: scale:fa_rep  -514.274  0.256599  0.256599  0.154
core.optimization.Minimizer: [ WARNING ] LBFGS MAX CYCLES 2000 EXCEEDED, BUT FUNC NOT CONVERGED!
protocols.relax.FastRelax: CMD: min  -1024.09  0.335489  0.335489  0.154
protocols.relax.FastRelax: CMD: coord_cst_weight  -1245.84  0.335489  0.335489  0.154
protocols.relax.FastRelax: CMD: scale:fa_rep  -922.669  0.335489  0.335489  0.30745
core.pack.task: Packer task: initialize from command line() 
core.pack.pack_rotamers: built 7112 rotamers at 493 positions.
core.pack.interaction_graph.interaction_graph_factory: Instantiating DensePDInteractionGraph
protocols.relax.FastRelax: CMD: repack  -925.689  0.335489  0.335489  0.30745
protocols.relax.FastRelax: CMD: scale:fa_rep  -900.598  0.335489  0.335489  0.31955
protocols.relax.FastRelax: CMD: min  -1038.06  3.961  3.961  0.31955
protocols.relax.FastRelax: CMD: coord_cst_weight  -1038.06  3.961  3.961  0.31955
protocols.relax.FastRelax: CMD: scale:fa_rep  -627.224  3.961  3.961  0.55
core.pack.task: Packer task: initialize from command line() 
core.pack.pack_rotamers: built 7146 rotamers at 493 positions.
core.pack.interaction_graph.interaction_graph_factory: Instantiating DensePDInteractionGraph
protocols.relax.FastRelax: CMD: repack  -1056.25  3.961  3.961  0.55
protocols.relax.FastRelax: CMD: min  -1152.73  4.32541  4.32541  0.55
protocols.relax.FastRelax: MRP: 14  -1152.73  -1152.73  4.32541  4.32541  
protocols.relax.FastRelax: CMD: accept_to_best  -1152.73  4.32541  4.32541  0.55
protocols.relax.FastRelax: CMD: endrepeat  -1152.73  4.32541  4.32541  0.55
protocols::checkpoint: Deleting checkpoints of FastRelax
protocols.jd2.JobDistributor: target.BL00250001_5_0001 reported success in 15852 seconds
protocols.jd2.PDBJobInputter: PDBJobInputter::pose_from_job
protocols.jd2.PDBJobInputter: filling pose from saved copy ../1-loopmodel/target.BL00250001.pdb
protocols.relax.FastRelax: CMD: repeat  9380.92  0  0  0.55
protocols.relax.FastRelax: CMD: coord_cst_weight  9380.92  0  0  0.55
protocols.relax.FastRelax: CMD: scale:fa_rep  838.481  0  0  0.022
core.pack.task: Packer task: initialize from command line() 
core.pack.pack_rotamers: built 8126 rotamers at 493 positions.
core.pack.interaction_graph.interaction_graph_factory: Instantiating DensePDInteractionGraph
protocols.relax.FastRelax: CMD: repack  -788.277  0  0  0.022
protocols.relax.FastRelax: CMD: scale:fa_rep  -700.495  0  0  0.02805
core.optimization.Minimizer: [ WARNING ] LBFGS MAX CYCLES 2000 EXCEEDED, BUT FUNC NOT CONVERGED!
protocols.relax.FastRelax: CMD: min  -1286.3  0.159213  0.159213  0.02805
protocols.relax.FastRelax: CMD: coord_cst_weight  -1338.56  0.159213  0.159213  0.02805
protocols.relax.FastRelax: CMD: scale:fa_rep  -577.412  0.159213  0.159213  0.14575
core.pack.task: Packer task: initialize from command line() 
core.pack.pack_rotamers: built 7344 rotamers at 493 positions.
core.pack.interaction_graph.interaction_graph_factory: Instantiating DensePDInteractionGraph
protocols.relax.FastRelax: CMD: repack  -612.46  0.159213  0.159213  0.14575
protocols.relax.FastRelax: CMD: scale:fa_rep  -563.926  0.159213  0.159213  0.154
core.optimization.Minimizer: [ WARNING ] LBFGS MAX CYCLES 2000 EXCEEDED, BUT FUNC NOT CONVERGED!
protocols.relax.FastRelax: CMD: min  -1010.41  0.257279  0.257279  0.154
protocols.relax.FastRelax: CMD: coord_cst_weight  -1145.78  0.257279  0.257279  0.154
protocols.relax.FastRelax: CMD: scale:fa_rep  -833.464  0.257279  0.257279  0.30745
core.pack.task: Packer task: initialize from command line() 
core.pack.pack_rotamers: built 7128 rotamers at 493 positions.
core.pack.interaction_graph.interaction_graph_factory: Instantiating DensePDInteractionGraph
protocols.relax.FastRelax: CMD: repack  -836.119  0.257279  0.257279  0.30745
protocols.relax.FastRelax: CMD: scale:fa_rep  -811.741  0.257279  0.257279  0.31955
protocols.relax.FastRelax: CMD: min  -179.338  5.23701  5.23701  0.31955
protocols.relax.FastRelax: CMD: coord_cst_weight  -179.338  5.23701  5.23701  0.31955
protocols.relax.FastRelax: CMD: scale:fa_rep  786.026  5.23701  5.23701  0.55
core.pack.task: Packer task: initialize from command line() 
core.pack.pack_rotamers: built 7039 rotamers at 493 positions.
core.pack.interaction_graph.interaction_graph_factory: Instantiating DensePDInteractionGraph
protocols.relax.FastRelax: CMD: repack  -127.573  5.23701  5.23701  0.55
protocols.relax.FastRelax: CMD: min  -1088.59  5.41623  5.41623  0.55
protocols.relax.FastRelax: MRP: 0  -1088.59  -1088.59  5.41623  5.41623  
protocols.relax.FastRelax: CMD: accept_to_best  -1088.59  5.41623  5.41623  0.55
protocols.relax.FastRelax: CMD: endrepeat  -1088.59  5.41623  5.41623  0.55
protocols.relax.FastRelax: CMD: coord_cst_weight  215184  5.41623  5.41623  0.55
protocols.relax.FastRelax: CMD: scale:fa_rep  214841  5.41623  5.41623  0.022
core.pack.task: Packer task: initialize from command line() 
core.pack.pack_rotamers: built 7932 rotamers at 493 positions.
core.pack.interaction_graph.interaction_graph_factory: Instantiating DensePDInteractionGraph
protocols.relax.FastRelax: CMD: repack  214803  5.41623  5.41623  0.022
protocols.relax.FastRelax: CMD: scale:fa_rep  214823  5.41623  5.41623  0.02805
core.optimization.Minimizer: [ WARNING ] LBFGS MAX CYCLES 2000 EXCEEDED, BUT FUNC NOT CONVERGED!
protocols.relax.FastRelax: CMD: min  -1122.65  0.257229  0.257229  0.02805
protocols.relax.FastRelax: CMD: coord_cst_weight  -1252.8  0.257229  0.257229  0.02805
protocols.relax.FastRelax: CMD: scale:fa_rep  -354.734  0.257229  0.257229  0.14575
core.pack.task: Packer task: initialize from command line() 
core.pack.pack_rotamers: built 7359 rotamers at 493 positions.
core.pack.interaction_graph.interaction_graph_factory: Instantiating DensePDInteractionGraph
protocols.relax.FastRelax: CMD: repack  -478.55  0.257229  0.257229  0.14575
protocols.relax.FastRelax: CMD: scale:fa_rep  -424.549  0.257229  0.257229  0.154
core.optimization.Minimizer: [ WARNING ] LBFGS MAX CYCLES 2000 EXCEEDED, BUT FUNC NOT CONVERGED!
protocols.relax.FastRelax: CMD: min  -976.828  0.330698  0.330698  0.154
protocols.relax.FastRelax: CMD: coord_cst_weight  -1187.25  0.330698  0.330698  0.154
protocols.relax.FastRelax: CMD: scale:fa_rep  -870.904  0.330698  0.330698  0.30745
core.pack.task: Packer task: initialize from command line() 
core.pack.pack_rotamers: built 7237 rotamers at 493 positions.
core.pack.interaction_graph.interaction_graph_factory: Instantiating DensePDInteractionGraph
protocols.relax.FastRelax: CMD: repack  -872.7  0.330698  0.330698  0.30745
protocols.relax.FastRelax: CMD: scale:fa_rep  -847.993  0.330698  0.330698  0.31955
protocols.relax.FastRelax: CMD: min  -1258.04  3.25376  3.25376  0.31955
protocols.relax.FastRelax: CMD: coord_cst_weight  -1258.04  3.25376  3.25376  0.31955
protocols.relax.FastRelax: CMD: scale:fa_rep  -1034.84  3.25376  3.25376  0.55
core.pack.task: Packer task: initialize from command line() 
core.pack.pack_rotamers: built 7067 rotamers at 493 positions.
core.pack.interaction_graph.interaction_graph_factory: Instantiating DensePDInteractionGraph
protocols.relax.FastRelax: CMD: repack  -1041.48  3.25376  3.25376  0.55
protocols.relax.FastRelax: CMD: min  -1109.38  4.17649  4.17649  0.55
protocols.relax.FastRelax: MRP: 1  -1109.38  -1109.38  4.17649  4.17649  
protocols.relax.FastRelax: CMD: accept_to_best  -1109.38  4.17649  4.17649  0.55
protocols.relax.FastRelax: CMD: endrepeat  -1109.38  4.17649  4.17649  0.55
protocols.relax.FastRelax: CMD: coord_cst_weight  159347  4.17649  4.17649  0.55
protocols.relax.FastRelax: CMD: scale:fa_rep  158993  4.17649  4.17649  0.022
core.pack.task: Packer task: initialize from command line() 
core.pack.pack_rotamers: built 7951 rotamers at 493 positions.
core.pack.interaction_graph.interaction_graph_factory: Instantiating DensePDInteractionGraph
protocols.relax.FastRelax: CMD: repack  158962  4.17649  4.17649  0.022
protocols.relax.FastRelax: CMD: scale:fa_rep  158975  4.17649  4.17649  0.02805
core.optimization.Minimizer: [ WARNING ] LBFGS MAX CYCLES 2000 EXCEEDED, BUT FUNC NOT CONVERGED!
protocols.relax.FastRelax: CMD: min  -1050.44  0.274759  0.274759  0.02805
protocols.relax.FastRelax: CMD: coord_cst_weight  -1199.14  0.274759  0.274759  0.02805
protocols.relax.FastRelax: CMD: scale:fa_rep  -148.225  0.274759  0.274759  0.14575
core.pack.task: Packer task: initialize from command line() 
core.pack.pack_rotamers: built 7381 rotamers at 493 positions.
core.pack.interaction_graph.interaction_graph_factory: Instantiating DensePDInteractionGraph
protocols.relax.FastRelax: CMD: repack  -511.705  0.274759  0.274759  0.14575
protocols.relax.FastRelax: CMD: scale:fa_rep  -461.492  0.274759  0.274759  0.154
core.optimization.Minimizer: [ WARNING ] LBFGS MAX CYCLES 2000 EXCEEDED, BUT FUNC NOT CONVERGED!
protocols.relax.FastRelax: CMD: min  -984.674  0.328676  0.328676  0.154
protocols.relax.FastRelax: CMD: coord_cst_weight  -1202.64  0.328676  0.328676  0.154
protocols.relax.FastRelax: CMD: scale:fa_rep  -894.245  0.328676  0.328676  0.30745
core.pack.task: Packer task: initialize from command line() 
core.pack.pack_rotamers: built 7259 rotamers at 493 positions.
core.pack.interaction_graph.interaction_graph_factory: Instantiating DensePDInteractionGraph
protocols.relax.FastRelax: CMD: repack  -896.001  0.328676  0.328676  0.30745
protocols.relax.FastRelax: CMD: scale:fa_rep  -871.79  0.328676  0.328676  0.31955
protocols.relax.FastRelax: CMD: min  -1274.17  5.07119  5.07119  0.31955
protocols.relax.FastRelax: CMD: coord_cst_weight  -1274.17  5.07119  5.07119  0.31955
protocols.relax.FastRelax: CMD: scale:fa_rep  -1051.31  5.07119  5.07119  0.55
core.pack.task: Packer task: initialize from command line() 
core.pack.pack_rotamers: built 7088 rotamers at 493 positions.
core.pack.interaction_graph.interaction_graph_factory: Instantiating DensePDInteractionGraph
protocols.relax.FastRelax: CMD: repack  -1063.25  5.07119  5.07119  0.55
protocols.relax.FastRelax: CMD: min  -1125.42  5.24913  5.24913  0.55
protocols.relax.FastRelax: MRP: 2  -1125.42  -1125.42  5.24913  5.24913  
protocols.relax.FastRelax: CMD: accept_to_best  -1125.42  5.24913  5.24913  0.55
protocols.relax.FastRelax: CMD: endrepeat  -1125.42  5.24913  5.24913  0.55
protocols.relax.FastRelax: CMD: coord_cst_weight  261870  5.24913  5.24913  0.55
protocols.relax.FastRelax: CMD: scale:fa_rep  261516  5.24913  5.24913  0.022
core.pack.task: Packer task: initialize from command line() 
core.pack.pack_rotamers: built 8039 rotamers at 493 positions.
core.pack.interaction_graph.interaction_graph_factory: Instantiating DensePDInteractionGraph
protocols.relax.FastRelax: CMD: repack  261485  5.24913  5.24913  0.022
protocols.relax.FastRelax: CMD: scale:fa_rep  261498  5.24913  5.24913  0.02805
core.optimization.Minimizer: [ WARNING ] LBFGS MAX CYCLES 2000 EXCEEDED, BUT FUNC NOT CONVERGED!
protocols.relax.FastRelax: CMD: min  -1061.75  0.2717  0.2717  0.02805
protocols.relax.FastRelax: CMD: coord_cst_weight  -1211.94  0.2717  0.2717  0.02805
protocols.relax.FastRelax: CMD: scale:fa_rep  -350.848  0.2717  0.2717  0.14575
core.pack.task: Packer task: initialize from command line() 
core.pack.pack_rotamers: built 7394 rotamers at 493 positions.
core.pack.interaction_graph.interaction_graph_factory: Instantiating DensePDInteractionGraph
protocols.relax.FastRelax: CMD: repack  -496.638  0.2717  0.2717  0.14575
protocols.relax.FastRelax: CMD: scale:fa_rep  -447.599  0.2717  0.2717  0.154
core.optimization.Minimizer: [ WARNING ] LBFGS MAX CYCLES 2000 EXCEEDED, BUT FUNC NOT CONVERGED!
protocols.relax.FastRelax: CMD: min  -966.758  0.336426  0.336426  0.154
protocols.relax.FastRelax: CMD: coord_cst_weight  -1190.02  0.336426  0.336426  0.154
protocols.relax.FastRelax: CMD: scale:fa_rep  -883.978  0.336426  0.336426  0.30745
core.pack.task: Packer task: initialize from command line() 
core.pack.pack_rotamers: built 7255 rotamers at 493 positions.
core.pack.interaction_graph.interaction_graph_factory: Instantiating DensePDInteractionGraph
protocols.relax.FastRelax: CMD: repack  -886.034  0.336426  0.336426  0.30745
protocols.relax.FastRelax: CMD: scale:fa_rep  -862.168  0.336426  0.336426  0.31955
protocols.relax.FastRelax: CMD: min  -1264.17  3.9549  3.9549  0.31955
protocols.relax.FastRelax: CMD: coord_cst_weight  -1264.17  3.9549  3.9549  0.31955
protocols.relax.FastRelax: CMD: scale:fa_rep  -1044.96  3.9549  3.9549  0.55
core.pack.task: Packer task: initialize from command line() 
core.pack.pack_rotamers: built 7024 rotamers at 493 positions.
core.pack.interaction_graph.interaction_graph_factory: Instantiating DensePDInteractionGraph
protocols.relax.FastRelax: CMD: repack  -1049.65  3.9549  3.9549  0.55
protocols.relax.FastRelax: CMD: min  -1115.12  4.12998  4.12998  0.55
protocols.relax.FastRelax: MRP: 3  -1115.12  -1125.42  5.24913  5.24913  
protocols.relax.FastRelax: CMD: accept_to_best  -1115.12  4.12998  4.12998  0.55
protocols.relax.FastRelax: CMD: endrepeat  -1115.12  4.12998  4.12998  0.55
protocols.relax.FastRelax: CMD: coord_cst_weight  185954  4.12998  4.12998  0.55
protocols.relax.FastRelax: CMD: scale:fa_rep  185610  4.12998  4.12998  0.022
core.pack.task: Packer task: initialize from command line() 
core.pack.pack_rotamers: built 7943 rotamers at 493 positions.
core.pack.interaction_graph.interaction_graph_factory: Instantiating DensePDInteractionGraph
protocols.relax.FastRelax: CMD: repack  185572  4.12998  4.12998  0.022
protocols.relax.FastRelax: CMD: scale:fa_rep  185585  4.12998  4.12998  0.02805
core.optimization.Minimizer: [ WARNING ] LBFGS MAX CYCLES 2000 EXCEEDED, BUT FUNC NOT CONVERGED!
protocols.relax.FastRelax: CMD: min  -948.736  0.277428  0.277428  0.02805
protocols.relax.FastRelax: CMD: coord_cst_weight  -1098.21  0.277428  0.277428  0.02805
protocols.relax.FastRelax: CMD: scale:fa_rep  188.298  0.277428  0.277428  0.14575
core.pack.task: Packer task: initialize from command line() 
core.pack.pack_rotamers: built 7397 rotamers at 493 positions.
core.pack.interaction_graph.interaction_graph_factory: Instantiating DensePDInteractionGraph
protocols.relax.FastRelax: CMD: repack  -390.39  0.277428  0.277428  0.14575
protocols.relax.FastRelax: CMD: scale:fa_rep  -334.564  0.277428  0.277428  0.154
core.optimization.Minimizer: [ WARNING ] LBFGS MAX CYCLES 2000 EXCEEDED, BUT FUNC NOT CONVERGED!
protocols.relax.FastRelax: CMD: min  -943.474  0.357708  0.357708  0.154
protocols.relax.FastRelax: CMD: coord_cst_weight  -1188.85  0.357708  0.357708  0.154
protocols.relax.FastRelax: CMD: scale:fa_rep  -885.565  0.357708  0.357708  0.30745
core.pack.task: Packer task: initialize from command line() 
core.pack.pack_rotamers: built 7210 rotamers at 493 positions.
core.pack.interaction_graph.interaction_graph_factory: Instantiating DensePDInteractionGraph
protocols.relax.FastRelax: CMD: repack  -889.208  0.357708  0.357708  0.30745
protocols.relax.FastRelax: CMD: scale:fa_rep  -865.393  0.357708  0.357708  0.31955
protocols.relax.FastRelax: CMD: min  -1248.06  3.08403  3.08403  0.31955
protocols.relax.FastRelax: CMD: coord_cst_weight  -1248.06  3.08403  3.08403  0.31955
protocols.relax.FastRelax: CMD: scale:fa_rep  -1033.49  3.08403  3.08403  0.55
core.pack.task: Packer task: initialize from command line() 
core.pack.pack_rotamers: built 7236 rotamers at 493 positions.
core.pack.interaction_graph.interaction_graph_factory: Instantiating DensePDInteractionGraph
protocols.relax.FastRelax: CMD: repack  -1041.6  3.08403  3.08403  0.55
protocols.relax.FastRelax: CMD: min  -1105.53  3.53143  3.53143  0.55
protocols.relax.FastRelax: MRP: 4  -1105.53  -1125.42  5.24913  5.24913  
protocols.relax.FastRelax: CMD: accept_to_best  -1105.53  3.53143  3.53143  0.55
protocols.relax.FastRelax: CMD: endrepeat  -1105.53  3.53143  3.53143  0.55
protocols.relax.FastRelax: CMD: coord_cst_weight  90768.4  3.53143  3.53143  0.55
protocols.relax.FastRelax: CMD: scale:fa_rep  90428.5  3.53143  3.53143  0.022
core.pack.task: Packer task: initialize from command line() 
core.pack.pack_rotamers: built 7957 rotamers at 493 positions.
core.pack.interaction_graph.interaction_graph_factory: Instantiating DensePDInteractionGraph
protocols.relax.FastRelax: CMD: repack  90392.7  3.53143  3.53143  0.022
protocols.relax.FastRelax: CMD: scale:fa_rep  90405.8  3.53143  3.53143  0.02805
core.optimization.Minimizer: [ WARNING ] LBFGS MAX CYCLES 2000 EXCEEDED, BUT FUNC NOT CONVERGED!
protocols.relax.FastRelax: CMD: min  -1113.31  0.263441  0.263441  0.02805
protocols.relax.FastRelax: CMD: coord_cst_weight  -1252.09  0.263441  0.263441  0.02805
protocols.relax.FastRelax: CMD: scale:fa_rep  -404.499  0.263441  0.263441  0.14575
core.pack.task: Packer task: initialize from command line() 
core.pack.pack_rotamers: built 7361 rotamers at 493 positions.
core.pack.interaction_graph.interaction_graph_factory: Instantiating DensePDInteractionGraph
protocols.relax.FastRelax: CMD: repack  -492.287  0.263441  0.263441  0.14575
protocols.relax.FastRelax: CMD: scale:fa_rep  -440.363  0.263441  0.263441  0.154
core.optimization.Minimizer: [ WARNING ] LBFGS MAX CYCLES 2000 EXCEEDED, BUT FUNC NOT CONVERGED!
protocols.relax.FastRelax: CMD: min  -943.678  0.3605  0.3605  0.154
protocols.relax.FastRelax: CMD: coord_cst_weight  -1191.49  0.3605  0.3605  0.154
protocols.relax.FastRelax: CMD: scale:fa_rep  -880.997  0.3605  0.3605  0.30745
core.pack.task: Packer task: initialize from command line() 
core.pack.pack_rotamers: built 7211 rotamers at 493 positions.
core.pack.interaction_graph.interaction_graph_factory: Instantiating DensePDInteractionGraph
protocols.relax.FastRelax: CMD: repack  -884.933  0.3605  0.3605  0.30745
protocols.relax.FastRelax: CMD: scale:fa_rep  -860.613  0.3605  0.3605  0.31955
protocols.relax.FastRelax: CMD: min  -1264.01  3.16566  3.16566  0.31955
protocols.relax.FastRelax: CMD: coord_cst_weight  -1264.01  3.16566  3.16566  0.31955
protocols.relax.FastRelax: CMD: scale:fa_rep  -1047.51  3.16566  3.16566  0.55
core.pack.task: Packer task: initialize from command line() 
core.pack.pack_rotamers: built 7224 rotamers at 493 positions.
core.pack.interaction_graph.interaction_graph_factory: Instantiating DensePDInteractionGraph
protocols.relax.FastRelax: CMD: repack  -1057.86  3.16566  3.16566  0.55
protocols.relax.FastRelax: CMD: min  -1117.29  3.67038  3.67038  0.55
protocols.relax.FastRelax: MRP: 5  -1117.29  -1125.42  5.24913  5.24913  
protocols.relax.FastRelax: CMD: accept_to_best  -1117.29  3.67038  3.67038  0.55
protocols.relax.FastRelax: CMD: endrepeat  -1117.29  3.67038  3.67038  0.55
protocols.relax.FastRelax: CMD: coord_cst_weight  121274  3.67038  3.67038  0.55
protocols.relax.FastRelax: CMD: scale:fa_rep  120930  3.67038  3.67038  0.022
core.pack.task: Packer task: initialize from command line() 
core.pack.pack_rotamers: built 7987 rotamers at 493 positions.
core.pack.interaction_graph.interaction_graph_factory: Instantiating DensePDInteractionGraph
protocols.relax.FastRelax: CMD: repack  120928  3.67038  3.67038  0.022
protocols.relax.FastRelax: CMD: scale:fa_rep  120949  3.67038  3.67038  0.02805
core.optimization.Minimizer: [ WARNING ] LBFGS MAX CYCLES 2000 EXCEEDED, BUT FUNC NOT CONVERGED!
protocols.relax.FastRelax: CMD: min  -1104.66  0.266314  0.266314  0.02805
protocols.relax.FastRelax: CMD: coord_cst_weight  -1246.5  0.266314  0.266314  0.02805
protocols.relax.FastRelax: CMD: scale:fa_rep  -375.694  0.266314  0.266314  0.14575
core.pack.task: Packer task: initialize from command line() 
core.pack.pack_rotamers: built 7340 rotamers at 493 positions.
core.pack.interaction_graph.interaction_graph_factory: Instantiating DensePDInteractionGraph
protocols.relax.FastRelax: CMD: repack  -461.968  0.266314  0.266314  0.14575
protocols.relax.FastRelax: CMD: scale:fa_rep  -408.178  0.266314  0.266314  0.154
core.optimization.Minimizer: [ WARNING ] LBFGS MAX CYCLES 2000 EXCEEDED, BUT FUNC NOT CONVERGED!
protocols.relax.FastRelax: CMD: min  -936.511  0.363435  0.363435  0.154
protocols.relax.FastRelax: CMD: coord_cst_weight  -1190.74  0.363435  0.363435  0.154
protocols.relax.FastRelax: CMD: scale:fa_rep  -868.528  0.363435  0.363435  0.30745
core.pack.task: Packer task: initialize from command line() 
core.pack.pack_rotamers: built 7210 rotamers at 493 positions.
core.pack.interaction_graph.interaction_graph_factory: Instantiating DensePDInteractionGraph
protocols.relax.FastRelax: CMD: repack  -871.601  0.363435  0.363435  0.30745
protocols.relax.FastRelax: CMD: scale:fa_rep  -846.461  0.363435  0.363435  0.31955
protocols.relax.FastRelax: CMD: min  -1272.66  3.03121  3.03121  0.31955
protocols.relax.FastRelax: CMD: coord_cst_weight  -1272.66  3.03121  3.03121  0.31955
protocols.relax.FastRelax: CMD: scale:fa_rep  -1058.94  3.03121  3.03121  0.55
core.pack.task: Packer task: initialize from command line() 
core.pack.pack_rotamers: built 7210 rotamers at 493 positions.
core.pack.interaction_graph.interaction_graph_factory: Instantiating DensePDInteractionGraph
protocols.relax.FastRelax: CMD: repack  -1068.68  3.03121  3.03121  0.55
protocols.relax.FastRelax: CMD: min  -1124.01  3.30588  3.30588  0.55
protocols.relax.FastRelax: MRP: 6  -1124.01  -1125.42  5.24913  5.24913  
protocols.relax.FastRelax: CMD: accept_to_best  -1124.01  3.30588  3.30588  0.55
protocols.relax.FastRelax: CMD: endrepeat  -1124.01  3.30588  3.30588  0.55
protocols.relax.FastRelax: CMD: coord_cst_weight  116030  3.30588  3.30588  0.55
protocols.relax.FastRelax: CMD: scale:fa_rep  115691  3.30588  3.30588  0.022
core.pack.task: Packer task: initialize from command line() 
core.pack.pack_rotamers: built 8037 rotamers at 493 positions.
core.pack.interaction_graph.interaction_graph_factory: Instantiating DensePDInteractionGraph
protocols.relax.FastRelax: CMD: repack  115663  3.30588  3.30588  0.022
protocols.relax.FastRelax: CMD: scale:fa_rep  115679  3.30588  3.30588  0.02805
core.optimization.Minimizer: [ WARNING ] LBFGS MAX CYCLES 2000 EXCEEDED, BUT FUNC NOT CONVERGED!
protocols.relax.FastRelax: CMD: min  -1086.15  0.284805  0.284805  0.02805
protocols.relax.FastRelax: CMD: coord_cst_weight  -1241.87  0.284805  0.284805  0.02805
protocols.relax.FastRelax: CMD: scale:fa_rep  -377.7  0.284805  0.284805  0.14575
core.pack.task: Packer task: initialize from command line() 
core.pack.pack_rotamers: built 7345 rotamers at 493 positions.
core.pack.interaction_graph.interaction_graph_factory: Instantiating DensePDInteractionGraph
protocols.relax.FastRelax: CMD: repack  -489.189  0.284805  0.284805  0.14575
protocols.relax.FastRelax: CMD: scale:fa_rep  -436.521  0.284805  0.284805  0.154
core.optimization.Minimizer: [ WARNING ] LBFGS MAX CYCLES 2000 EXCEEDED, BUT FUNC NOT CONVERGED!
protocols.relax.FastRelax: CMD: min  -947.721  0.368506  0.368506  0.154
protocols.relax.FastRelax: CMD: coord_cst_weight  -1206.14  0.368506  0.368506  0.154
protocols.relax.FastRelax: CMD: scale:fa_rep  -885.732  0.368506  0.368506  0.30745
core.pack.task: Packer task: initialize from command line() 
core.pack.pack_rotamers: built 7198 rotamers at 493 positions.
core.pack.interaction_graph.interaction_graph_factory: Instantiating DensePDInteractionGraph
protocols.relax.FastRelax: CMD: repack  -886.842  0.368506  0.368506  0.30745
protocols.relax.FastRelax: CMD: scale:fa_rep  -861.728  0.368506  0.368506  0.31955
protocols.relax.FastRelax: CMD: min  -1278.65  2.36793  2.36793  0.31955
protocols.relax.FastRelax: CMD: coord_cst_weight  -1278.65  2.36793  2.36793  0.31955
protocols.relax.FastRelax: CMD: scale:fa_rep  -1056.05  2.36793  2.36793  0.55
core.pack.task: Packer task: initialize from command line() 
core.pack.pack_rotamers: built 7135 rotamers at 493 positions.
core.pack.interaction_graph.interaction_graph_factory: Instantiating DensePDInteractionGraph
protocols.relax.FastRelax: CMD: repack  -1060.69  2.36793  2.36793  0.55
core.optimization.LineMinimizer: Inaccurate G in step= 9.53674e-09 Deriv= -13.6832 Finite Diff= 1.88442e+08
core.optimization.LineMinimizer: Inaccurate G in step= 8.27999e-07 Deriv= -84.9025 Finite Diff= 2.17035e+06
core.optimization.Minimizer: Line search failed even after resetting Hessian; aborting at iter#100
protocols.relax.FastRelax: CMD: min  -1112.09  2.41748  2.41748  0.55
protocols.relax.FastRelax: MRP: 7  -1112.09  -1125.42  5.24913  5.24913  
protocols.relax.FastRelax: CMD: accept_to_best  -1112.09  2.41748  2.41748  0.55
protocols.relax.FastRelax: CMD: endrepeat  -1112.09  2.41748  2.41748  0.55
protocols.relax.FastRelax: CMD: coord_cst_weight  40662.3  2.41748  2.41748  0.55
protocols.relax.FastRelax: CMD: scale:fa_rep  40303  2.41748  2.41748  0.022
core.pack.task: Packer task: initialize from command line() 
core.pack.pack_rotamers: built 7923 rotamers at 493 positions.
core.pack.interaction_graph.interaction_graph_factory: Instantiating DensePDInteractionGraph
protocols.relax.FastRelax: CMD: repack  40271.7  2.41748  2.41748  0.022
protocols.relax.FastRelax: CMD: scale:fa_rep  40286.2  2.41748  2.41748  0.02805
core.optimization.LineMinimizer: Inaccurate G in step= 9.53674e-09 Deriv= -156.77 Finite Diff= 3.97382e+09
core.optimization.LineMinimizer: Inaccurate G in step= 7.56415e-09 Deriv= -7390.41 Finite Diff= 5.00962e+09
core.optimization.LineMinimizer: Inaccurate G in step= 3.98071e-09 Deriv= -7295.09 Finite Diff= 9.52014e+09
core.optimization.LineMinimizer: Inaccurate G in step= 6.70421e-08 Deriv= -12950.4 Finite Diff= 5.65258e+08
core.optimization.Minimizer: Line search failed even after resetting Hessian; aborting at iter#1765
protocols.relax.FastRelax: CMD: min  -1115.89  0.276091  0.276091  0.02805
protocols.relax.FastRelax: CMD: coord_cst_weight  -1264.31  0.276091  0.276091  0.02805
protocols.relax.FastRelax: CMD: scale:fa_rep  -450.049  0.276091  0.276091  0.14575
core.pack.task: Packer task: initialize from command line() 
core.pack.pack_rotamers: built 7292 rotamers at 493 positions.
core.pack.interaction_graph.interaction_graph_factory: Instantiating DensePDInteractionGraph
protocols.relax.FastRelax: CMD: repack  -540.264  0.276091  0.276091  0.14575
protocols.relax.FastRelax: CMD: scale:fa_rep  -490.21  0.276091  0.276091  0.154
core.optimization.LineMinimizer: Inaccurate G in step= 9.53674e-09 Deriv= -502903 Finite Diff= 3.96792e+09
core.optimization.LineMinimizer: Inaccurate G in step= 6.75178e-09 Deriv= -1.27686e+06 Finite Diff= 5.60404e+09
core.optimization.Minimizer: Line search failed even after resetting Hessian; aborting at iter#3
protocols.relax.FastRelax: CMD: min  -490.261  0.276095  0.276095  0.154
protocols.relax.FastRelax: CMD: coord_cst_weight  -638.683  0.276095  0.276095  0.154
protocols.relax.FastRelax: CMD: scale:fa_rep  292.267  0.276095  0.276095  0.30745
core.pack.task: Packer task: initialize from command line() 
core.pack.pack_rotamers: built 7081 rotamers at 493 positions.
core.pack.interaction_graph.interaction_graph_factory: Instantiating DensePDInteractionGraph
protocols.relax.FastRelax: CMD: repack  272.739  0.276095  0.276095  0.30745
protocols.relax.FastRelax: CMD: scale:fa_rep  341.292  0.276095  0.276095  0.31955
protocols.relax.FastRelax: CMD: min  -1246.09  3.01376  3.01376  0.31955
protocols.relax.FastRelax: CMD: coord_cst_weight  -1246.09  3.01376  3.01376  0.31955
protocols.relax.FastRelax: CMD: scale:fa_rep  -1029.24  3.01376  3.01376  0.55
core.pack.task: Packer task: initialize from command line() 
core.pack.pack_rotamers: built 7084 rotamers at 493 positions.
core.pack.interaction_graph.interaction_graph_factory: Instantiating DensePDInteractionGraph
protocols.relax.FastRelax: CMD: repack  -1053.21  3.01376  3.01376  0.55
protocols.relax.FastRelax: CMD: min  -1125.22  3.11221  3.11221  0.55
protocols.relax.FastRelax: MRP: 8  -1125.22  -1125.42  5.24913  5.24913  
protocols.relax.FastRelax: CMD: accept_to_best  -1125.22  3.11221  3.11221  0.55
protocols.relax.FastRelax: CMD: endrepeat  -1125.22  3.11221  3.11221  0.55
protocols.relax.FastRelax: CMD: coord_cst_weight  47416.4  3.11221  3.11221  0.55
protocols.relax.FastRelax: CMD: scale:fa_rep  47067.5  3.11221  3.11221  0.022
core.pack.task: Packer task: initialize from command line() 
core.pack.pack_rotamers: built 7837 rotamers at 493 positions.
core.pack.interaction_graph.interaction_graph_factory: Instantiating DensePDInteractionGraph
protocols.relax.FastRelax: CMD: repack  47015  3.11221  3.11221  0.022
protocols.relax.FastRelax: CMD: scale:fa_rep  47031.7  3.11221  3.11221  0.02805
core.optimization.Minimizer: [ WARNING ] LBFGS MAX CYCLES 2000 EXCEEDED, BUT FUNC NOT CONVERGED!
protocols.relax.FastRelax: CMD: min  -1092.11  0.280402  0.280402  0.02805
protocols.relax.FastRelax: CMD: coord_cst_weight  -1243.93  0.280402  0.280402  0.02805
protocols.relax.FastRelax: CMD: scale:fa_rep  -342.399  0.280402  0.280402  0.14575
core.pack.task: Packer task: initialize from command line() 
core.pack.pack_rotamers: built 7376 rotamers at 493 positions.
core.pack.interaction_graph.interaction_graph_factory: Instantiating DensePDInteractionGraph
protocols.relax.FastRelax: CMD: repack  -429.042  0.280402  0.280402  0.14575
protocols.relax.FastRelax: CMD: scale:fa_rep  -372.729  0.280402  0.280402  0.154
core.optimization.Minimizer: [ WARNING ] LBFGS MAX CYCLES 2000 EXCEEDED, BUT FUNC NOT CONVERGED!
protocols.relax.FastRelax: CMD: min  -920.693  0.386248  0.386248  0.154
protocols.relax.FastRelax: CMD: coord_cst_weight  -1204.15  0.386248  0.386248  0.154
protocols.relax.FastRelax: CMD: scale:fa_rep  -875.686  0.386248  0.386248  0.30745
core.pack.task: Packer task: initialize from command line() 
core.pack.pack_rotamers: built 7260 rotamers at 493 positions.
core.pack.interaction_graph.interaction_graph_factory: Instantiating DensePDInteractionGraph
protocols.relax.FastRelax: CMD: repack  -875.832  0.386248  0.386248  0.30745
protocols.relax.FastRelax: CMD: scale:fa_rep  -850.319  0.386248  0.386248  0.31955
protocols.relax.FastRelax: CMD: min  -1295.51  3.01932  3.01932  0.31955
protocols.relax.FastRelax: CMD: coord_cst_weight  -1295.51  3.01932  3.01932  0.31955
protocols.relax.FastRelax: CMD: scale:fa_rep  -1074.02  3.01932  3.01932  0.55
core.pack.task: Packer task: initialize from command line() 
core.pack.pack_rotamers: built 7157 rotamers at 493 positions.
core.pack.interaction_graph.interaction_graph_factory: Instantiating DensePDInteractionGraph
protocols.relax.FastRelax: CMD: repack  -1084.11  3.01932  3.01932  0.55
protocols.relax.FastRelax: CMD: min  -1136.46  3.41516  3.41516  0.55
protocols.relax.FastRelax: MRP: 9  -1136.46  -1136.46  3.41516  3.41516  
protocols.relax.FastRelax: CMD: accept_to_best  -1136.46  3.41516  3.41516  0.55
protocols.relax.FastRelax: CMD: endrepeat  -1136.46  3.41516  3.41516  0.55
protocols.relax.FastRelax: CMD: coord_cst_weight  138533  3.41516  3.41516  0.55
protocols.relax.FastRelax: CMD: scale:fa_rep  138182  3.41516  3.41516  0.022
core.pack.task: Packer task: initialize from command line() 
core.pack.pack_rotamers: built 7978 rotamers at 493 positions.
core.pack.interaction_graph.interaction_graph_factory: Instantiating DensePDInteractionGraph
protocols.relax.FastRelax: CMD: repack  138152  3.41516  3.41516  0.022
protocols.relax.FastRelax: CMD: scale:fa_rep  138163  3.41516  3.41516  0.02805
core.optimization.Minimizer: [ WARNING ] LBFGS MAX CYCLES 2000 EXCEEDED, BUT FUNC NOT CONVERGED!
protocols.relax.FastRelax: CMD: min  -1103.82  0.279985  0.279985  0.02805
protocols.relax.FastRelax: CMD: coord_cst_weight  -1255.57  0.279985  0.279985  0.02805
protocols.relax.FastRelax: CMD: scale:fa_rep  -429.093  0.279985  0.279985  0.14575
core.pack.task: Packer task: initialize from command line() 
core.pack.pack_rotamers: built 7435 rotamers at 493 positions.
core.pack.interaction_graph.interaction_graph_factory: Instantiating DensePDInteractionGraph
protocols.relax.FastRelax: CMD: repack  -500.368  0.279985  0.279985  0.14575
protocols.relax.FastRelax: CMD: scale:fa_rep  -449.076  0.279985  0.279985  0.154
core.optimization.Minimizer: [ WARNING ] LBFGS MAX CYCLES 2000 EXCEEDED, BUT FUNC NOT CONVERGED!
protocols.relax.FastRelax: CMD: min  -963.947  0.36757  0.36757  0.154
protocols.relax.FastRelax: CMD: coord_cst_weight  -1222.32  0.36757  0.36757  0.154
protocols.relax.FastRelax: CMD: scale:fa_rep  -918.241  0.36757  0.36757  0.30745
core.pack.task: Packer task: initialize from command line() 
core.pack.pack_rotamers: built 7222 rotamers at 493 positions.
core.pack.interaction_graph.interaction_graph_factory: Instantiating DensePDInteractionGraph
protocols.relax.FastRelax: CMD: repack  -920.669  0.36757  0.36757  0.30745
protocols.relax.FastRelax: CMD: scale:fa_rep  -896.94  0.36757  0.36757  0.31955
protocols.relax.FastRelax: CMD: min  -1295.32  2.75547  2.75547  0.31955
protocols.relax.FastRelax: CMD: coord_cst_weight  -1295.32  2.75547  2.75547  0.31955
protocols.relax.FastRelax: CMD: scale:fa_rep  -1078.21  2.75547  2.75547  0.55
core.pack.task: Packer task: initialize from command line() 
core.pack.pack_rotamers: built 7152 rotamers at 493 positions.
core.pack.interaction_graph.interaction_graph_factory: Instantiating DensePDInteractionGraph
protocols.relax.FastRelax: CMD: repack  -1088.81  2.75547  2.75547  0.55
protocols.relax.FastRelax: CMD: min  -1155.4  3.01704  3.01704  0.55
protocols.relax.FastRelax: MRP: 10  -1155.4  -1155.4  3.01704  3.01704  
protocols.relax.FastRelax: CMD: accept_to_best  -1155.4  3.01704  3.01704  0.55
protocols.relax.FastRelax: CMD: endrepeat  -1155.4  3.01704  3.01704  0.55
protocols.relax.FastRelax: CMD: coord_cst_weight  132882  3.01704  3.01704  0.55
protocols.relax.FastRelax: CMD: scale:fa_rep  132539  3.01704  3.01704  0.022
core.pack.task: Packer task: initialize from command line() 
core.pack.pack_rotamers: built 7932 rotamers at 493 positions.
core.pack.interaction_graph.interaction_graph_factory: Instantiating DensePDInteractionGraph
protocols.relax.FastRelax: CMD: repack  132513  3.01704  3.01704  0.022
protocols.relax.FastRelax: CMD: scale:fa_rep  132524  3.01704  3.01704  0.02805
core.optimization.Minimizer: [ WARNING ] LBFGS MAX CYCLES 2000 EXCEEDED, BUT FUNC NOT CONVERGED!
protocols.relax.FastRelax: CMD: min  -1110.74  0.277562  0.277562  0.02805
protocols.relax.FastRelax: CMD: coord_cst_weight  -1259.48  0.277562  0.277562  0.02805
protocols.relax.FastRelax: CMD: scale:fa_rep  -440.7  0.277562  0.277562  0.14575
core.pack.task: Packer task: initialize from command line() 
core.pack.pack_rotamers: built 7343 rotamers at 493 positions.
core.pack.interaction_graph.interaction_graph_factory: Instantiating DensePDInteractionGraph
protocols.relax.FastRelax: CMD: repack  -521.985  0.277562  0.277562  0.14575
protocols.relax.FastRelax: CMD: scale:fa_rep  -471.019  0.277562  0.277562  0.154
protocols.relax.FastRelax: CMD: min  -959.028  0.37214  0.37214  0.154
protocols.relax.FastRelax: CMD: coord_cst_weight  -1223.16  0.37214  0.37214  0.154
protocols.relax.FastRelax: CMD: scale:fa_rep  -913.397  0.37214  0.37214  0.30745
core.pack.task: Packer task: initialize from command line() 
core.pack.pack_rotamers: built 7247 rotamers at 493 positions.
core.pack.interaction_graph.interaction_graph_factory: Instantiating DensePDInteractionGraph
protocols.relax.FastRelax: CMD: repack  -917.679  0.37214  0.37214  0.30745
protocols.relax.FastRelax: CMD: scale:fa_rep  -893.483  0.37214  0.37