********  (C) Copyright Rosetta Commons Member Institutions.  ***************
* Use of Rosetta for commercial purposes may require purchase of a license. *
********  See LICENSE.md or email license@uw.edu for more details. **********
core.init: Checking for fconfig files in pwd and ./rosetta/flags 
core.init: Rosetta version: rosetta.binary.ubuntu.release-408 r408 2025.37+release.df75a9c48e df75a9c48e763e52a7aa3f5dfba077f4da88dbf5 https://www.rosettacommons.org 2025-09-10T02:14:08.564791
core.init: Rosetta extras: []
core.init: command: /home/gbiuser/Downloads/rosetta.binary.ubuntu.release-408/main/source/bin/relax.default.linuxgccrelease -s ../1-loopmodel/target.BL00250001.pdb -relax:thorough -relax:constrain_relax_to_start_coords -constraints:cst_file cst.cst -nstruct 5 -out:suffix _3 -out:file:silent relax_3.silent -out:file:silent_struct_type binary
basic.random.init_random_generator: 'RNG device' seed mode, using '/dev/urandom', seed=1023507792 seed_offset=0 real_seed=1023507792
basic.random.init_random_generator: RandomGenerator:init: Normal mode, seed=1023507792 RG_type=mt19937
core.init: Resolved executable path: /home/gbiuser/Downloads/rosetta.binary.ubuntu.release-408/main/source/build/src/release/linux/6.8/64/x86/gcc/11/default/relax.default.linuxgccrelease
core.init: Looking for database based on location of executable: /home/gbiuser/Downloads/rosetta.binary.ubuntu.release-408/main/database/
core.scoring.ScoreFunctionFactory: SCOREFUNCTION: ref2015
core.scoring.etable: Starting energy table calculation
core.scoring.etable: smooth_etable: changing atr/rep split to bottom of energy well
core.scoring.etable: smooth_etable: spline smoothing lj etables (maxdis = 6)
core.scoring.etable: smooth_etable: spline smoothing solvation etables (max_dis = 6)
core.scoring.etable: Finished calculating energy tables.
basic.io.database: Database file opened: scoring/score_functions/hbonds/ref2015_params/HBPoly1D.csv
basic.io.database: Database file opened: scoring/score_functions/hbonds/ref2015_params/HBFadeIntervals.csv
basic.io.database: Database file opened: scoring/score_functions/hbonds/ref2015_params/HBEval.csv
basic.io.database: Database file opened: scoring/score_functions/hbonds/ref2015_params/DonStrength.csv
basic.io.database: Database file opened: scoring/score_functions/hbonds/ref2015_params/AccStrength.csv
core.chemical.GlobalResidueTypeSet: Finished initializing fa_standard residue type set.  Created 985 residue types
core.chemical.GlobalResidueTypeSet: Total time to initialize 1.19096 seconds.
basic.io.database: Database file opened: scoring/score_functions/rama/fd/all.ramaProb
basic.io.database: Database file opened: scoring/score_functions/rama/fd/prepro.ramaProb
basic.io.database: Database file opened: scoring/score_functions/omega/omega_ppdep.all.txt
basic.io.database: Database file opened: scoring/score_functions/omega/omega_ppdep.gly.txt
basic.io.database: Database file opened: scoring/score_functions/omega/omega_ppdep.pro.txt
basic.io.database: Database file opened: scoring/score_functions/omega/omega_ppdep.valile.txt
basic.io.database: Database file opened: scoring/score_functions/P_AA_pp/P_AA
basic.io.database: Database file opened: scoring/score_functions/P_AA_pp/P_AA_n
core.scoring.P_AA: shapovalov_lib::shap_p_aa_pp_smooth_level of 1( aka low_smooth ) got activated.
basic.io.database: Database file opened: scoring/score_functions/P_AA_pp/shapovalov/10deg/kappa131/a20.prop
protocols.relax.RelaxScriptManager: Reading relax scripts list from database.
protocols.relax.RelaxScriptManager: Looking for MonomerRelax2019.txt
protocols.relax.RelaxScriptManager: ================== Reading script file: /home/gbiuser/Downloads/rosetta.binary.ubuntu.release-408/main/database/sampling/relax_scripts/MonomerRelax2019.txt ==================
protocols.relax.RelaxScriptManager: repeat %%nrepeats%%
protocols.relax.RelaxScriptManager: coord_cst_weight 1.0
protocols.relax.RelaxScriptManager: scale:fa_rep 0.040
protocols.relax.RelaxScriptManager: repack
protocols.relax.RelaxScriptManager: scale:fa_rep 0.051
protocols.relax.RelaxScriptManager: min 0.01
protocols.relax.RelaxScriptManager: coord_cst_weight 0.5
protocols.relax.RelaxScriptManager: scale:fa_rep 0.265
protocols.relax.RelaxScriptManager: repack
protocols.relax.RelaxScriptManager: scale:fa_rep 0.280
protocols.relax.RelaxScriptManager: min 0.01
protocols.relax.RelaxScriptManager: coord_cst_weight 0.0
protocols.relax.RelaxScriptManager: scale:fa_rep 0.559
protocols.relax.RelaxScriptManager: repack
protocols.relax.RelaxScriptManager: scale:fa_rep 0.581
protocols.relax.RelaxScriptManager: min 0.01
protocols.relax.RelaxScriptManager: coord_cst_weight 0.0
protocols.relax.RelaxScriptManager: scale:fa_rep 1
protocols.relax.RelaxScriptManager: repack
protocols.relax.RelaxScriptManager: min 0.00001
protocols.relax.RelaxScriptManager: accept_to_best
protocols.relax.RelaxScriptManager: endrepeat
core.scoring.constraints.util: Constraint choice: cst.cst
protocols.jd2.PDBJobInputter: Instantiate PDBJobInputter
protocols.jd2.PDBJobInputter: PDBJobInputter::fill_jobs
protocols.jd2.PDBJobInputter: pushed ../1-loopmodel/target.BL00250001.pdb nstruct indices 1 - 5
protocols.evaluation.ChiWellRmsdEvaluatorCreator: Evaluation Creator active ... 
protocols.jd2.PDBJobInputter: PDBJobInputter::pose_from_job
protocols.jd2.PDBJobInputter: filling pose from PDB ../1-loopmodel/target.BL00250001.pdb
core.import_pose.import_pose: File '../1-loopmodel/target.BL00250001.pdb' automatically determined to be of type PDB from contents.
core.io.rcsb.ExperimentalTechnique: [ ERROR ] Unrecognized experimental technique string 'THEORETICAL MODEL, MODELLER 10.8 2026/07/05 01:19:35'
core.scoring.constraints.ConstraintsIO: read constraints from cst.cst
core.scoring.constraints.ConstraintsIO: Read in 18 constraints
basic.io.database: Database file opened: scoring/score_functions/elec_cp_reps.dat
core.scoring.elec.util: Read 40 countpair representative atoms
core.pack.dunbrack.RotamerLibrary: shapovalov_lib_fixes_enable option is true.
core.pack.dunbrack.RotamerLibrary: shapovalov_lib::shap_dun10_smooth_level of 1( aka lowest_smooth ) got activated.
core.pack.dunbrack.RotamerLibrary: Binary rotamer library selected: /home/gbiuser/Downloads/rosetta.binary.ubuntu.release-408/main/database/rotamer/shapovalov/StpDwn_0-0-0/Dunbrack10.lib.bin
core.pack.dunbrack.RotamerLibrary: Using Dunbrack library binary file '/home/gbiuser/Downloads/rosetta.binary.ubuntu.release-408/main/database/rotamer/shapovalov/StpDwn_0-0-0/Dunbrack10.lib.bin'.
core.pack.dunbrack.RotamerLibrary: Dunbrack 2010 library took 0.201411 seconds to load from binary
protocols.relax.FastRelax: CMD: repeat  9380.92  0  0  0.55
protocols.relax.FastRelax: CMD: coord_cst_weight  9380.92  0  0  0.55
protocols.relax.FastRelax: CMD: scale:fa_rep  838.481  0  0  0.022
core.pack.task: Packer task: initialize from command line() 
core.pack.pack_rotamers: built 8126 rotamers at 493 positions.
core.pack.interaction_graph.interaction_graph_factory: Instantiating DensePDInteractionGraph
protocols.relax.FastRelax: CMD: repack  -788.426  0  0  0.022
protocols.relax.FastRelax: CMD: scale:fa_rep  -697.913  0  0  0.02805
core.optimization.Minimizer: [ WARNING ] LBFGS MAX CYCLES 2000 EXCEEDED, BUT FUNC NOT CONVERGED!
protocols.relax.FastRelax: CMD: min  -1300.86  0.157716  0.157716  0.02805
protocols.relax.FastRelax: CMD: coord_cst_weight  -1353.61  0.157716  0.157716  0.02805
protocols.relax.FastRelax: CMD: scale:fa_rep  -592.058  0.157716  0.157716  0.14575
core.pack.task: Packer task: initialize from command line() 
core.pack.pack_rotamers: built 7369 rotamers at 493 positions.
core.pack.interaction_graph.interaction_graph_factory: Instantiating DensePDInteractionGraph
protocols.relax.FastRelax: CMD: repack  -617.295  0.157716  0.157716  0.14575
protocols.relax.FastRelax: CMD: scale:fa_rep  -567.968  0.157716  0.157716  0.154
core.optimization.Minimizer: [ WARNING ] LBFGS MAX CYCLES 2000 EXCEEDED, BUT FUNC NOT CONVERGED!
protocols.relax.FastRelax: CMD: min  -1004.17  0.254735  0.254735  0.154
protocols.relax.FastRelax: CMD: coord_cst_weight  -1137.94  0.254735  0.254735  0.154
protocols.relax.FastRelax: CMD: scale:fa_rep  -817.372  0.254735  0.254735  0.30745
core.pack.task: Packer task: initialize from command line() 
core.pack.pack_rotamers: built 7155 rotamers at 493 positions.
core.pack.interaction_graph.interaction_graph_factory: Instantiating DensePDInteractionGraph
protocols.relax.FastRelax: CMD: repack  -822.463  0.254735  0.254735  0.30745
protocols.relax.FastRelax: CMD: scale:fa_rep  -797.277  0.254735  0.254735  0.31955
protocols.relax.FastRelax: CMD: min  -861.579  4.8244  4.8244  0.31955
protocols.relax.FastRelax: CMD: coord_cst_weight  -861.579  4.8244  4.8244  0.31955
protocols.relax.FastRelax: CMD: scale:fa_rep  -385.541  4.8244  4.8244  0.55
core.pack.task: Packer task: initialize from command line() 
core.pack.pack_rotamers: built 7022 rotamers at 493 positions.
core.pack.interaction_graph.interaction_graph_factory: Instantiating DensePDInteractionGraph
protocols.relax.FastRelax: CMD: repack  -472.216  4.8244  4.8244  0.55
protocols.relax.FastRelax: CMD: min  -1072.58  5.43197  5.43197  0.55
protocols.relax.FastRelax: MRP: 0  -1072.58  -1072.58  5.43197  5.43197  
protocols.relax.FastRelax: CMD: accept_to_best  -1072.58  5.43197  5.43197  0.55
protocols.relax.FastRelax: CMD: endrepeat  -1072.58  5.43197  5.43197  0.55
protocols.relax.FastRelax: CMD: coord_cst_weight  193871  5.43197  5.43197  0.55
protocols.relax.FastRelax: CMD: scale:fa_rep  193517  5.43197  5.43197  0.022
core.pack.task: Packer task: initialize from command line() 
core.pack.pack_rotamers: built 7890 rotamers at 493 positions.
core.pack.interaction_graph.interaction_graph_factory: Instantiating DensePDInteractionGraph
protocols.relax.FastRelax: CMD: repack  193481  5.43197  5.43197  0.022
protocols.relax.FastRelax: CMD: scale:fa_rep  193498  5.43197  5.43197  0.02805
core.optimization.Minimizer: [ WARNING ] LBFGS MAX CYCLES 2000 EXCEEDED, BUT FUNC NOT CONVERGED!
protocols.relax.FastRelax: CMD: min  -1212.76  0.219655  0.219655  0.02805
protocols.relax.FastRelax: CMD: coord_cst_weight  -1312.35  0.219655  0.219655  0.02805
protocols.relax.FastRelax: CMD: scale:fa_rep  -531.812  0.219655  0.219655  0.14575
core.pack.task: Packer task: initialize from command line() 
core.pack.pack_rotamers: built 7321 rotamers at 493 positions.
core.pack.interaction_graph.interaction_graph_factory: Instantiating DensePDInteractionGraph
protocols.relax.FastRelax: CMD: repack  -600.645  0.219655  0.219655  0.14575
protocols.relax.FastRelax: CMD: scale:fa_rep  -551.45  0.219655  0.219655  0.154
core.optimization.Minimizer: [ WARNING ] LBFGS MAX CYCLES 2000 EXCEEDED, BUT FUNC NOT CONVERGED!
protocols.relax.FastRelax: CMD: min  -1048.79  0.288475  0.288475  0.154
protocols.relax.FastRelax: CMD: coord_cst_weight  -1217.67  0.288475  0.288475  0.154
protocols.relax.FastRelax: CMD: scale:fa_rep  -914.699  0.288475  0.288475  0.30745
core.pack.task: Packer task: initialize from command line() 
core.pack.pack_rotamers: built 7121 rotamers at 493 positions.
core.pack.interaction_graph.interaction_graph_factory: Instantiating DensePDInteractionGraph
protocols.relax.FastRelax: CMD: repack  -917.275  0.288475  0.288475  0.30745
protocols.relax.FastRelax: CMD: scale:fa_rep  -893.486  0.288475  0.288475  0.31955
protocols.relax.FastRelax: CMD: min  1167.6  4.18354  4.18354  0.31955
protocols.relax.FastRelax: CMD: coord_cst_weight  1167.6  4.18354  4.18354  0.31955
protocols.relax.FastRelax: CMD: scale:fa_rep  3160.07  4.18354  4.18354  0.55
core.pack.task: Packer task: initialize from command line() 
core.pack.pack_rotamers: built 7006 rotamers at 493 positions.
core.pack.interaction_graph.interaction_graph_factory: Instantiating DensePDInteractionGraph
protocols.relax.FastRelax: CMD: repack  -830.73  4.18354  4.18354  0.55
protocols.relax.FastRelax: CMD: min  -1119.82  4.60813  4.60813  0.55
protocols.relax.FastRelax: MRP: 1  -1119.82  -1119.82  4.60813  4.60813  
protocols.relax.FastRelax: CMD: accept_to_best  -1119.82  4.60813  4.60813  0.55
protocols.relax.FastRelax: CMD: endrepeat  -1119.82  4.60813  4.60813  0.55
protocols.relax.FastRelax: CMD: coord_cst_weight  118509  4.60813  4.60813  0.55
protocols.relax.FastRelax: CMD: scale:fa_rep  118148  4.60813  4.60813  0.022
core.pack.task: Packer task: initialize from command line() 
core.pack.pack_rotamers: built 8014 rotamers at 493 positions.
core.pack.interaction_graph.interaction_graph_factory: Instantiating DensePDInteractionGraph
protocols.relax.FastRelax: CMD: repack  118124  4.60813  4.60813  0.022
protocols.relax.FastRelax: CMD: scale:fa_rep  118142  4.60813  4.60813  0.02805
core.optimization.Minimizer: [ WARNING ] LBFGS MAX CYCLES 2000 EXCEEDED, BUT FUNC NOT CONVERGED!
protocols.relax.FastRelax: CMD: min  -1215.15  0.228027  0.228027  0.02805
protocols.relax.FastRelax: CMD: coord_cst_weight  -1319.42  0.228027  0.228027  0.02805
protocols.relax.FastRelax: CMD: scale:fa_rep  -450.793  0.228027  0.228027  0.14575
core.pack.task: Packer task: initialize from command line() 
core.pack.pack_rotamers: built 7327 rotamers at 493 positions.
core.pack.interaction_graph.interaction_graph_factory: Instantiating DensePDInteractionGraph
protocols.relax.FastRelax: CMD: repack  -622.349  0.228027  0.228027  0.14575
protocols.relax.FastRelax: CMD: scale:fa_rep  -574.049  0.228027  0.228027  0.154
core.optimization.Minimizer: [ WARNING ] LBFGS MAX CYCLES 2000 EXCEEDED, BUT FUNC NOT CONVERGED!
protocols.relax.FastRelax: CMD: min  -1056.26  0.305153  0.305153  0.154
protocols.relax.FastRelax: CMD: coord_cst_weight  -1242.77  0.305153  0.305153  0.154
protocols.relax.FastRelax: CMD: scale:fa_rep  -940.57  0.305153  0.305153  0.30745
core.pack.task: Packer task: initialize from command line() 
core.pack.pack_rotamers: built 7140 rotamers at 493 positions.
core.pack.interaction_graph.interaction_graph_factory: Instantiating DensePDInteractionGraph
protocols.relax.FastRelax: CMD: repack  -942.523  0.305153  0.305153  0.30745
protocols.relax.FastRelax: CMD: scale:fa_rep  -918.891  0.305153  0.305153  0.31955
protocols.relax.FastRelax: CMD: min  -1171.21  3.80866  3.80866  0.31955
protocols.relax.FastRelax: CMD: coord_cst_weight  -1171.21  3.80866  3.80866  0.31955
protocols.relax.FastRelax: CMD: scale:fa_rep  -868.957  3.80866  3.80866  0.55
core.pack.task: Packer task: initialize from command line() 
core.pack.pack_rotamers: built 7145 rotamers at 493 positions.
core.pack.interaction_graph.interaction_graph_factory: Instantiating DensePDInteractionGraph
protocols.relax.FastRelax: CMD: repack  -1061.19  3.80866  3.80866  0.55
protocols.relax.FastRelax: CMD: min  -1133.42  4.05962  4.05962  0.55
protocols.relax.FastRelax: MRP: 2  -1133.42  -1133.42  4.05962  4.05962  
protocols.relax.FastRelax: CMD: accept_to_best  -1133.42  4.05962  4.05962  0.55
protocols.relax.FastRelax: CMD: endrepeat  -1133.42  4.05962  4.05962  0.55
protocols.relax.FastRelax: CMD: coord_cst_weight  102545  4.05962  4.05962  0.55
protocols.relax.FastRelax: CMD: scale:fa_rep  102187  4.05962  4.05962  0.022
core.pack.task: Packer task: initialize from command line() 
core.pack.pack_rotamers: built 7968 rotamers at 493 positions.
core.pack.interaction_graph.interaction_graph_factory: Instantiating DensePDInteractionGraph
protocols.relax.FastRelax: CMD: repack  102155  4.05962  4.05962  0.022
protocols.relax.FastRelax: CMD: scale:fa_rep  102169  4.05962  4.05962  0.02805
core.optimization.Minimizer: [ WARNING ] LBFGS MAX CYCLES 2000 EXCEEDED, BUT FUNC NOT CONVERGED!
protocols.relax.FastRelax: CMD: min  -1253.06  0.218855  0.218855  0.02805
protocols.relax.FastRelax: CMD: coord_cst_weight  -1350.65  0.218855  0.218855  0.02805
protocols.relax.FastRelax: CMD: scale:fa_rep  -591.165  0.218855  0.218855  0.14575
core.pack.task: Packer task: initialize from command line() 
core.pack.pack_rotamers: built 7301 rotamers at 493 positions.
core.pack.interaction_graph.interaction_graph_factory: Instantiating DensePDInteractionGraph
protocols.relax.FastRelax: CMD: repack  -673.659  0.218855  0.218855  0.14575
protocols.relax.FastRelax: CMD: scale:fa_rep  -627.404  0.218855  0.218855  0.154
core.optimization.Minimizer: [ WARNING ] LBFGS MAX CYCLES 2000 EXCEEDED, BUT FUNC NOT CONVERGED!
protocols.relax.FastRelax: CMD: min  -1061.3  0.300856  0.300856  0.154
protocols.relax.FastRelax: CMD: coord_cst_weight  -1241.34  0.300856  0.300856  0.154
protocols.relax.FastRelax: CMD: scale:fa_rep  -943.911  0.300856  0.300856  0.30745
core.pack.task: Packer task: initialize from command line() 
core.pack.pack_rotamers: built 7146 rotamers at 493 positions.
core.pack.interaction_graph.interaction_graph_factory: Instantiating DensePDInteractionGraph
protocols.relax.FastRelax: CMD: repack  -943.76  0.300856  0.300856  0.30745
protocols.relax.FastRelax: CMD: scale:fa_rep  -920.449  0.300856  0.300856  0.31955
protocols.relax.FastRelax: CMD: min  -263.957  3.50295  3.50295  0.31955
protocols.relax.FastRelax: CMD: coord_cst_weight  -263.957  3.50295  3.50295  0.31955
protocols.relax.FastRelax: CMD: scale:fa_rep  692.913  3.50295  3.50295  0.55
core.pack.task: Packer task: initialize from command line() 
core.pack.pack_rotamers: built 7092 rotamers at 493 positions.
core.pack.interaction_graph.interaction_graph_factory: Instantiating DensePDInteractionGraph
protocols.relax.FastRelax: CMD: repack  -881.444  3.50295  3.50295  0.55
protocols.relax.FastRelax: CMD: min  -1120.14  3.58834  3.58834  0.55
protocols.relax.FastRelax: MRP: 3  -1120.14  -1133.42  4.05962  4.05962  
protocols.relax.FastRelax: CMD: accept_to_best  -1120.14  3.58834  3.58834  0.55
protocols.relax.FastRelax: CMD: endrepeat  -1120.14  3.58834  3.58834  0.55
protocols.relax.FastRelax: CMD: coord_cst_weight  107831  3.58834  3.58834  0.55
protocols.relax.FastRelax: CMD: scale:fa_rep  107476  3.58834  3.58834  0.022
core.pack.task: Packer task: initialize from command line() 
core.pack.pack_rotamers: built 7977 rotamers at 493 positions.
core.pack.interaction_graph.interaction_graph_factory: Instantiating DensePDInteractionGraph
protocols.relax.FastRelax: CMD: repack  107446  3.58834  3.58834  0.022
protocols.relax.FastRelax: CMD: scale:fa_rep  107457  3.58834  3.58834  0.02805
core.optimization.Minimizer: [ WARNING ] LBFGS MAX CYCLES 2000 EXCEEDED, BUT FUNC NOT CONVERGED!
protocols.relax.FastRelax: CMD: min  -1241.8  0.22605  0.22605  0.02805
protocols.relax.FastRelax: CMD: coord_cst_weight  -1342.35  0.22605  0.22605  0.02805
protocols.relax.FastRelax: CMD: scale:fa_rep  -601.531  0.22605  0.22605  0.14575
core.pack.task: Packer task: initialize from command line() 
core.pack.pack_rotamers: built 7333 rotamers at 493 positions.
core.pack.interaction_graph.interaction_graph_factory: Instantiating DensePDInteractionGraph
protocols.relax.FastRelax: CMD: repack  -657.928  0.22605  0.22605  0.14575
protocols.relax.FastRelax: CMD: scale:fa_rep  -611.468  0.22605  0.22605  0.154
core.optimization.Minimizer: [ WARNING ] LBFGS MAX CYCLES 2000 EXCEEDED, BUT FUNC NOT CONVERGED!
protocols.relax.FastRelax: CMD: min  -1041.86  0.303351  0.303351  0.154
protocols.relax.FastRelax: CMD: coord_cst_weight  -1223.1  0.303351  0.303351  0.154
protocols.relax.FastRelax: CMD: scale:fa_rep  -918.74  0.303351  0.303351  0.30745
core.pack.task: Packer task: initialize from command line() 
core.pack.pack_rotamers: built 7123 rotamers at 493 positions.
core.pack.interaction_graph.interaction_graph_factory: Instantiating DensePDInteractionGraph
protocols.relax.FastRelax: CMD: repack  -920.003  0.303351  0.303351  0.30745
protocols.relax.FastRelax: CMD: scale:fa_rep  -896.173  0.303351  0.303351  0.31955
protocols.relax.FastRelax: CMD: min  -1127.2  3.21475  3.21475  0.31955
protocols.relax.FastRelax: CMD: coord_cst_weight  -1127.2  3.21475  3.21475  0.31955
protocols.relax.FastRelax: CMD: scale:fa_rep  -776.784  3.21475  3.21475  0.55
core.pack.task: Packer task: initialize from command line() 
core.pack.pack_rotamers: built 7135 rotamers at 493 positions.
core.pack.interaction_graph.interaction_graph_factory: Instantiating DensePDInteractionGraph
protocols.relax.FastRelax: CMD: repack  -861.695  3.21475  3.21475  0.55
protocols.relax.FastRelax: CMD: min  -1146  3.27148  3.27148  0.55
protocols.relax.FastRelax: MRP: 4  -1146  -1146  3.27148  3.27148  
protocols.relax.FastRelax: CMD: accept_to_best  -1146  3.27148  3.27148  0.55
protocols.relax.FastRelax: CMD: endrepeat  -1146  3.27148  3.27148  0.55
protocols.relax.FastRelax: CMD: coord_cst_weight  157291  3.27148  3.27148  0.55
protocols.relax.FastRelax: CMD: scale:fa_rep  156935  3.27148  3.27148  0.022
core.pack.task: Packer task: initialize from command line() 
core.pack.pack_rotamers: built 7960 rotamers at 493 positions.
core.pack.interaction_graph.interaction_graph_factory: Instantiating DensePDInteractionGraph
protocols.relax.FastRelax: CMD: repack  156921  3.27148  3.27148  0.022
protocols.relax.FastRelax: CMD: scale:fa_rep  156935  3.27148  3.27148  0.02805
core.optimization.Minimizer: [ WARNING ] LBFGS MAX CYCLES 2000 EXCEEDED, BUT FUNC NOT CONVERGED!
protocols.relax.FastRelax: CMD: min  -1233.93  0.222259  0.222259  0.02805
protocols.relax.FastRelax: CMD: coord_cst_weight  -1334.98  0.222259  0.222259  0.02805
protocols.relax.FastRelax: CMD: scale:fa_rep  -575.428  0.222259  0.222259  0.14575
core.pack.task: Packer task: initialize from command line() 
core.pack.pack_rotamers: built 7299 rotamers at 493 positions.
core.pack.interaction_graph.interaction_graph_factory: Instantiating DensePDInteractionGraph
protocols.relax.FastRelax: CMD: repack  -643.602  0.222259  0.222259  0.14575
protocols.relax.FastRelax: CMD: scale:fa_rep  -596.275  0.222259  0.222259  0.154
protocols.relax.FastRelax: CMD: min  -1042.59  0.308775  0.308775  0.154
protocols.relax.FastRelax: CMD: coord_cst_weight  -1230.4  0.308775  0.308775  0.154
protocols.relax.FastRelax: CMD: scale:fa_rep  -928.602  0.308775  0.308775  0.30745
core.pack.task: Packer task: initialize from command line() 
core.pack.pack_rotamers: built 7115 rotamers at 493 positions.
core.pack.interaction_graph.interaction_graph_factory: Instantiating DensePDInteractionGraph
protocols.relax.FastRelax: CMD: repack  -928.901  0.308775  0.308775  0.30745
protocols.relax.FastRelax: CMD: scale:fa_rep  -905.278  0.308775  0.308775  0.31955
protocols.relax.FastRelax: CMD: min  -2.99902  3.30813  3.30813  0.31955
protocols.relax.FastRelax: CMD: coord_cst_weight  -2.99902  3.30813  3.30813  0.31955
protocols.relax.FastRelax: CMD: scale:fa_rep  1147.59  3.30813  3.30813  0.55
core.pack.task: Packer task: initialize from command line() 
core.pack.pack_rotamers: built 7038 rotamers at 493 positions.
core.pack.interaction_graph.interaction_graph_factory: Instantiating DensePDInteractionGraph
protocols.relax.FastRelax: CMD: repack  -871.911  3.30813  3.30813  0.55
protocols.relax.FastRelax: CMD: min  -1137.07  3.41586  3.41586  0.55
protocols.relax.FastRelax: MRP: 5  -1137.07  -1146  3.27148  3.27148  
protocols.relax.FastRelax: CMD: accept_to_best  -1137.07  3.41586  3.41586  0.55
protocols.relax.FastRelax: CMD: endrepeat  -1137.07  3.41586  3.41586  0.55
protocols.relax.FastRelax: CMD: coord_cst_weight  162598  3.41586  3.41586  0.55
protocols.relax.FastRelax: CMD: scale:fa_rep  162241  3.41586  3.41586  0.022
core.pack.task: Packer task: initialize from command line() 
core.pack.pack_rotamers: built 7932 rotamers at 493 positions.
core.pack.interaction_graph.interaction_graph_factory: Instantiating DensePDInteractionGraph
protocols.relax.FastRelax: CMD: repack  162210  3.41586  3.41586  0.022
protocols.relax.FastRelax: CMD: scale:fa_rep  162221  3.41586  3.41586  0.02805
core.optimization.Minimizer: [ WARNING ] LBFGS MAX CYCLES 2000 EXCEEDED, BUT FUNC NOT CONVERGED!
protocols.relax.FastRelax: CMD: min  -1243.57  0.22731  0.22731  0.02805
protocols.relax.FastRelax: CMD: coord_cst_weight  -1347.27  0.22731  0.22731  0.02805
protocols.relax.FastRelax: CMD: scale:fa_rep  -594.03  0.22731  0.22731  0.14575
core.pack.task: Packer task: initialize from command line() 
core.pack.pack_rotamers: built 7326 rotamers at 493 positions.
core.pack.interaction_graph.interaction_graph_factory: Instantiating DensePDInteractionGraph
protocols.relax.FastRelax: CMD: repack  -658.602  0.22731  0.22731  0.14575
protocols.relax.FastRelax: CMD: scale:fa_rep  -611.302  0.22731  0.22731  0.154
protocols.relax.FastRelax: CMD: min  -1067.81  0.300445  0.300445  0.154
protocols.relax.FastRelax: CMD: coord_cst_weight  -1247.01  0.300445  0.300445  0.154
protocols.relax.FastRelax: CMD: scale:fa_rep  -943.821  0.300445  0.300445  0.30745
core.pack.task: Packer task: initialize from command line() 
core.pack.pack_rotamers: built 7131 rotamers at 493 positions.
core.pack.interaction_graph.interaction_graph_factory: Instantiating DensePDInteractionGraph
protocols.relax.FastRelax: CMD: repack  -945.008  0.300445  0.300445  0.30745
protocols.relax.FastRelax: CMD: scale:fa_rep  -921.253  0.300445  0.300445  0.31955
protocols.relax.FastRelax: CMD: min  18.4225  3.39316  3.39316  0.31955
protocols.relax.FastRelax: CMD: coord_cst_weight  18.4225  3.39316  3.39316  0.31955
protocols.relax.FastRelax: CMD: scale:fa_rep  1198.27  3.39316  3.39316  0.55
core.pack.task: Packer task: initialize from command line() 
core.pack.pack_rotamers: built 7055 rotamers at 493 positions.
core.pack.interaction_graph.interaction_graph_factory: Instantiating DensePDInteractionGraph
protocols.relax.FastRelax: CMD: repack  -905.209  3.39316  3.39316  0.55
protocols.relax.FastRelax: CMD: min  -1153.67  3.50914  3.50914  0.55
protocols.relax.FastRelax: MRP: 6  -1153.67  -1153.67  3.50914  3.50914  
protocols.relax.FastRelax: CMD: accept_to_best  -1153.67  3.50914  3.50914  0.55
protocols.relax.FastRelax: CMD: endrepeat  -1153.67  3.50914  3.50914  0.55
protocols.relax.FastRelax: CMD: coord_cst_weight  172043  3.50914  3.50914  0.55
protocols.relax.FastRelax: CMD: scale:fa_rep  171688  3.50914  3.50914  0.022
core.pack.task: Packer task: initialize from command line() 
core.pack.pack_rotamers: built 7967 rotamers at 493 positions.
core.pack.interaction_graph.interaction_graph_factory: Instantiating DensePDInteractionGraph
protocols.relax.FastRelax: CMD: repack  171675  3.50914  3.50914  0.022
protocols.relax.FastRelax: CMD: scale:fa_rep  171690  3.50914  3.50914  0.02805
core.optimization.Minimizer: [ WARNING ] LBFGS MAX CYCLES 2000 EXCEEDED, BUT FUNC NOT CONVERGED!
protocols.relax.FastRelax: CMD: min  -1236.31  0.231732  0.231732  0.02805
protocols.relax.FastRelax: CMD: coord_cst_weight  -1344.03  0.231732  0.231732  0.02805
protocols.relax.FastRelax: CMD: scale:fa_rep  -604.844  0.231732  0.231732  0.14575
core.pack.task: Packer task: initialize from command line() 
core.pack.pack_rotamers: built 7304 rotamers at 493 positions.
core.pack.interaction_graph.interaction_graph_factory: Instantiating DensePDInteractionGraph
protocols.relax.FastRelax: CMD: repack  -664.654  0.231732  0.231732  0.14575
protocols.relax.FastRelax: CMD: scale:fa_rep  -617.832  0.231732  0.231732  0.154
core.optimization.Minimizer: [ WARNING ] LBFGS MAX CYCLES 2000 EXCEEDED, BUT FUNC NOT CONVERGED!
protocols.relax.FastRelax: CMD: min  -1056.61  0.303289  0.303289  0.154
protocols.relax.FastRelax: CMD: coord_cst_weight  -1237.73  0.303289  0.303289  0.154
protocols.relax.FastRelax: CMD: scale:fa_rep  -931.136  0.303289  0.303289  0.30745
core.pack.task: Packer task: initialize from command line() 
core.pack.pack_rotamers: built 7158 rotamers at 493 positions.
core.pack.interaction_graph.interaction_graph_factory: Instantiating DensePDInteractionGraph
protocols.relax.FastRelax: CMD: repack  -931.712  0.303289  0.303289  0.30745
protocols.relax.FastRelax: CMD: scale:fa_rep  -907.699  0.303289  0.303289  0.31955
protocols.relax.FastRelax: CMD: min  -647.618  4.49523  4.49523  0.31955
protocols.relax.FastRelax: CMD: coord_cst_weight  -647.618  4.49523  4.49523  0.31955
protocols.relax.FastRelax: CMD: scale:fa_rep  38.1403  4.49523  4.49523  0.55
core.pack.task: Packer task: initialize from command line() 
core.pack.pack_rotamers: built 7087 rotamers at 493 positions.
core.pack.interaction_graph.interaction_graph_factory: Instantiating DensePDInteractionGraph
protocols.relax.FastRelax: CMD: repack  -332.44  4.49523  4.49523  0.55
protocols.relax.FastRelax: CMD: min  -1144.34  4.22916  4.22916  0.55
protocols.relax.FastRelax: MRP: 7  -1144.34  -1153.67  3.50914  3.50914  
protocols.relax.FastRelax: CMD: accept_to_best  -1144.34  4.22916  4.22916  0.55
protocols.relax.FastRelax: CMD: endrepeat  -1144.34  4.22916  4.22916  0.55
protocols.relax.FastRelax: CMD: coord_cst_weight  157031  4.22916  4.22916  0.55
protocols.relax.FastRelax: CMD: scale:fa_rep  156679  4.22916  4.22916  0.022
core.pack.task: Packer task: initialize from command line() 
core.pack.pack_rotamers: built 7891 rotamers at 493 positions.
core.pack.interaction_graph.interaction_graph_factory: Instantiating DensePDInteractionGraph
protocols.relax.FastRelax: CMD: repack  156665  4.22916  4.22916  0.022
protocols.relax.FastRelax: CMD: scale:fa_rep  156678  4.22916  4.22916  0.02805
core.optimization.Minimizer: [ WARNING ] LBFGS MAX CYCLES 2000 EXCEEDED, BUT FUNC NOT CONVERGED!
protocols.relax.FastRelax: CMD: min  -1152.25  0.25892  0.25892  0.02805
protocols.relax.FastRelax: CMD: coord_cst_weight  -1284.74  0.25892  0.25892  0.02805
protocols.relax.FastRelax: CMD: scale:fa_rep  -474.027  0.25892  0.25892  0.14575
core.pack.task: Packer task: initialize from command line() 
core.pack.pack_rotamers: built 7359 rotamers at 493 positions.
core.pack.interaction_graph.interaction_graph_factory: Instantiating DensePDInteractionGraph
protocols.relax.FastRelax: CMD: repack  -604.224  0.25892  0.25892  0.14575
protocols.relax.FastRelax: CMD: scale:fa_rep  -556.262  0.25892  0.25892  0.154
core.optimization.Minimizer: [ WARNING ] LBFGS MAX CYCLES 2000 EXCEEDED, BUT FUNC NOT CONVERGED!
protocols.relax.FastRelax: CMD: min  -1034.61  0.315926  0.315926  0.154
protocols.relax.FastRelax: CMD: coord_cst_weight  -1232.71  0.315926  0.315926  0.154
protocols.relax.FastRelax: CMD: scale:fa_rep  -918.963  0.315926  0.315926  0.30745
core.pack.task: Packer task: initialize from command line() 
core.pack.pack_rotamers: built 7168 rotamers at 493 positions.
core.pack.interaction_graph.interaction_graph_factory: Instantiating DensePDInteractionGraph
protocols.relax.FastRelax: CMD: repack  -923.475  0.315926  0.315926  0.30745
protocols.relax.FastRelax: CMD: scale:fa_rep  -898.908  0.315926  0.315926  0.31955
protocols.relax.FastRelax: CMD: min  -1157.29  3.46228  3.46228  0.31955
protocols.relax.FastRelax: CMD: coord_cst_weight  -1157.29  3.46228  3.46228  0.31955
protocols.relax.FastRelax: CMD: scale:fa_rep  -840.363  3.46228  3.46228  0.55
core.pack.task: Packer task: initialize from command line() 
core.pack.pack_rotamers: built 7084 rotamers at 493 positions.
core.pack.interaction_graph.interaction_graph_factory: Instantiating DensePDInteractionGraph
protocols.relax.FastRelax: CMD: repack  -1079.47  3.46228  3.46228  0.55
protocols.relax.FastRelax: CMD: min  -1146.86  3.5109  3.5109  0.55
protocols.relax.FastRelax: MRP: 8  -1146.86  -1153.67  3.50914  3.50914  
protocols.relax.FastRelax: CMD: accept_to_best  -1146.86  3.5109  3.5109  0.55
protocols.relax.FastRelax: CMD: endrepeat  -1146.86  3.5109  3.5109  0.55
protocols.relax.FastRelax: CMD: coord_cst_weight  108342  3.5109  3.5109  0.55
protocols.relax.FastRelax: CMD: scale:fa_rep  107992  3.5109  3.5109  0.022
core.pack.task: Packer task: initialize from command line() 
core.pack.pack_rotamers: built 7921 rotamers at 493 positions.
core.pack.interaction_graph.interaction_graph_factory: Instantiating DensePDInteractionGraph
protocols.relax.FastRelax: CMD: repack  107968  3.5109  3.5109  0.022
protocols.relax.FastRelax: CMD: scale:fa_rep  107981  3.5109  3.5109  0.02805
core.optimization.Minimizer: [ WARNING ] LBFGS MAX CYCLES 2000 EXCEEDED, BUT FUNC NOT CONVERGED!
protocols.relax.FastRelax: CMD: min  -1241.75  0.238997  0.238997  0.02805
protocols.relax.FastRelax: CMD: coord_cst_weight  -1354.2  0.238997  0.238997  0.02805
protocols.relax.FastRelax: CMD: scale:fa_rep  -650.205  0.238997  0.238997  0.14575
core.pack.task: Packer task: initialize from command line() 
core.pack.pack_rotamers: built 7346 rotamers at 493 positions.
core.pack.interaction_graph.interaction_graph_factory: Instantiating DensePDInteractionGraph
protocols.relax.FastRelax: CMD: repack  -702.703  0.238997  0.238997  0.14575
protocols.relax.FastRelax: CMD: scale:fa_rep  -658.243  0.238997  0.238997  0.154
core.optimization.Minimizer: [ WARNING ] LBFGS MAX CYCLES 2000 EXCEEDED, BUT FUNC NOT CONVERGED!
protocols.relax.FastRelax: CMD: min  -1064.13  0.309276  0.309276  0.154
protocols.relax.FastRelax: CMD: coord_cst_weight  -1253.17  0.309276  0.309276  0.154
protocols.relax.FastRelax: CMD: scale:fa_rep  -946.3  0.309276  0.309276  0.30745
core.pack.task: Packer task: initialize from command line() 
core.pack.pack_rotamers: built 7157 rotamers at 493 positions.
core.pack.interaction_graph.interaction_graph_factory: Instantiating DensePDInteractionGraph
protocols.relax.FastRelax: CMD: repack  -948.105  0.309276  0.309276  0.30745
protocols.relax.FastRelax: CMD: scale:fa_rep  -924.051  0.309276  0.309276  0.31955
protocols.relax.FastRelax: CMD: min  -1131.44  3.22486  3.22486  0.31955
protocols.relax.FastRelax: CMD: coord_cst_weight  -1131.44  3.22486  3.22486  0.31955
protocols.relax.FastRelax: CMD: scale:fa_rep  -796.649  3.22486  3.22486  0.55
core.pack.task: Packer task: initialize from command line() 
core.pack.pack_rotamers: built 7052 rotamers at 493 positions.
core.pack.interaction_graph.interaction_graph_factory: Instantiating DensePDInteractionGraph
protocols.relax.FastRelax: CMD: repack  -1065.18  3.22486  3.22486  0.55
protocols.relax.FastRelax: CMD: min  -1138.88  3.28596  3.28596  0.55
protocols.relax.FastRelax: MRP: 9  -1138.88  -1153.67  3.50914  3.50914  
protocols.relax.FastRelax: CMD: accept_to_best  -1138.88  3.28596  3.28596  0.55
protocols.relax.FastRelax: CMD: endrepeat  -1138.88  3.28596  3.28596  0.55
protocols.relax.FastRelax: CMD: coord_cst_weight  98871.3  3.28596  3.28596  0.55
protocols.relax.FastRelax: CMD: scale:fa_rep  98520.7  3.28596  3.28596  0.022
core.pack.task: Packer task: initialize from command line() 
core.pack.pack_rotamers: built 7918 rotamers at 493 positions.
core.pack.interaction_graph.interaction_graph_factory: Instantiating DensePDInteractionGraph
protocols.relax.FastRelax: CMD: repack  98491.4  3.28596  3.28596  0.022
protocols.relax.FastRelax: CMD: scale:fa_rep  98500.6  3.28596  3.28596  0.02805
core.optimization.Minimizer: [ WARNING ] LBFGS MAX CYCLES 2000 EXCEEDED, BUT FUNC NOT CONVERGED!
protocols.relax.FastRelax: CMD: min  -1256.63  0.228281  0.228281  0.02805
protocols.relax.FastRelax: CMD: coord_cst_weight  -1362.16  0.228281  0.228281  0.02805
protocols.relax.FastRelax: CMD: scale:fa_rep  -633.245  0.228281  0.228281  0.14575
core.pack.task: Packer task: initialize from command line() 
core.pack.pack_rotamers: built 7334 rotamers at 493 positions.
core.pack.interaction_graph.interaction_graph_factory: Instantiating DensePDInteractionGraph
protocols.relax.FastRelax: CMD: repack  -699.129  0.228281  0.228281  0.14575
protocols.relax.FastRelax: CMD: scale:fa_rep  -653.598  0.228281  0.228281  0.154
core.optimization.Minimizer: [ WARNING ] LBFGS MAX CYCLES 2000 EXCEEDED, BUT FUNC NOT CONVERGED!
protocols.relax.FastRelax: CMD: min  -1065.49  0.31046  0.31046  0.154
protocols.relax.FastRelax: CMD: coord_cst_weight  -1256.49  0.31046  0.31046  0.154
protocols.relax.FastRelax: CMD: scale:fa_rep  -949.36  0.31046  0.31046  0.30745
core.pack.task: Packer task: initialize from command line() 
core.pack.pack_rotamers: built 7171 rotamers at 493 positions.
core.pack.interaction_graph.interaction_graph_factory: Instantiating DensePDInteractionGraph
protocols.relax.FastRelax: CMD: repack  -950.683  0.31046  0.31046  0.30745
protocols.relax.FastRelax: CMD: scale:fa_rep  -926.658  0.31046  0.31046  0.31955
protocols.relax.FastRelax: CMD: min  -1141.68  3.22361  3.22361  0.31955
protocols.relax.FastRelax: CMD: coord_cst_weight  -1141.68  3.22361  3.22361  0.31955
protocols.relax.FastRelax: CMD: scale:fa_rep  -803.05  3.22361  3.22361  0.55
core.pack.task: Packer task: initialize from command line() 
core.pack.pack_rotamers: built 7103 rotamers at 493 positions.
core.pack.interaction_graph.interaction_graph_factory: Instantiating DensePDInteractionGraph
protocols.relax.FastRelax: CMD: repack  -1066.62  3.22361  3.22361  0.55
protocols.relax.FastRelax: CMD: min  -1147.8  3.15469  3.15469  0.55
protocols.relax.FastRelax: MRP: 10  -1147.8  -1153.67  3.50914  3.50914  
protocols.relax.FastRelax: CMD: accept_to_best  -1147.8  3.15469  3.15469  0.55
protocols.relax.FastRelax: CMD: endrepeat  -1147.8  3.15469  3.15469  0.55
protocols.relax.FastRelax: CMD: coord_cst_weight  123209  3.15469  3.15469  0.55
protocols.relax.FastRelax: CMD: scale:fa_rep  122860  3.15469  3.15469  0.022
core.pack.task: Packer task: initialize from command line() 
core.pack.pack_rotamers: built 7951 rotamers at 493 positions.
core.pack.interaction_graph.interaction_graph_factory: Instantiating DensePDInteractionGraph
protocols.relax.FastRelax: CMD: repack  122824  3.15469  3.15469  0.022
protocols.relax.FastRelax: CMD: scale:fa_rep  122835  3.15469  3.15469  0.02805
core.optimization.Minimizer: [ WARNING ] LBFGS MAX CYCLES 2000 EXCEEDED, BUT FUNC NOT CONVERGED!
protocols.relax.FastRelax: CMD: min  -1255.7  0.230179  0.230179  0.02805
protocols.relax.FastRelax: CMD: coord_cst_weight  -1362.41  0.230179  0.230179  0.02805
protocols.relax.FastRelax: CMD: scale:fa_rep  -667.235  0.230179  0.230179  0.14575
core.pack.task: Packer task: initialize from command line() 
core.pack.pack_rotamers: built 7329 rotamers at 493 positions.
core.pack.interaction_graph.interaction_graph_factory: Instantiating DensePDInteractionGraph
protocols.relax.FastRelax: CMD: repack  -730.375  0.230179  0.230179  0.14575
protocols.relax.FastRelax: CMD: scale:fa_rep  -687.073  0.230179  0.230179  0.154
protocols.relax.FastRelax: CMD: min  -1066.76  0.3059  0.3059  0.154
protocols.relax.FastRelax: CMD: coord_cst_weight  -1252.35  0.3059  0.3059  0.154
protocols.relax.FastRelax: CMD: scale:fa_rep  -946.637  0.3059  0.3059  0.30745
core.pack.task: Packer task: initialize from command line() 
core.pack.pack_rotamers: built 7158 rotamers at 493 positions.
core.pack.interaction_graph.interaction_graph_factory: Instantiating DensePDInteractionGraph
protocols.relax.FastRelax: CMD: repack  -948.615  0.3059  0.3059  0.30745
protocols.relax.FastRelax: CMD: scale:fa_rep  -924.698  0.3059  0.3059  0.31955
protocols.relax.FastRelax: CMD: min  -1232.77  3.94001  3.94001  0.31955
protocols.relax.FastRelax: CMD: coord_cst_weight  -1232.77  3.94001  3.94001  0.31955
protocols.relax.FastRelax: CMD: scale:fa_rep  -973.332  3.94001  3.94001  0.55
core.pack.task: Packer task: initialize from command line() 
core.pack.pack_rotamers: built 7089 rotamers at 493 positions.
core.pack.interaction_graph.interaction_graph_factory: Instantiating DensePDInteractionGraph
protocols.relax.FastRelax: CMD: repack  -1081.73  3.94001  3.94001  0.55
protocols.relax.FastRelax: CMD: min  -1142.74  3.98756  3.98756  0.55
protocols.relax.FastRelax: MRP: 11  -1142.74  -1153.67  3.50914  3.50914  
protocols.relax.FastRelax: CMD: accept_to_best  -1142.74  3.98756  3.98756  0.55
protocols.relax.FastRelax: CMD: endrepeat  -1142.74  3.98756  3.98756  0.55
protocols.relax.FastRelax: CMD: coord_cst_weight  146091  3.98756  3.98756  0.55
protocols.relax.FastRelax: CMD: scale:fa_rep  145739  3.98756  3.98756  0.022
core.pack.task: Packer task: initialize from command line() 
core.pack.pack_rotamers: built 7922 rotamers at 493 positions.
core.pack.interaction_graph.interaction_graph_factory: Instantiating DensePDInteractionGraph
protocols.relax.FastRelax: CMD: repack  145735  3.98756  3.98756  0.022
protocols.relax.FastRelax: CMD: scale:fa_rep  145751  3.98756  3.98756  0.02805
core.optimization.Minimizer: [ WARNING ] LBFGS MAX CYCLES 2000 EXCEEDED, BUT FUNC NOT CONVERGED!
protocols.relax.FastRelax: CMD: min  -1200.95  0.241569  0.241569  0.02805
protocols.relax.FastRelax: CMD: coord_cst_weight  -1315.78  0.241569  0.241569  0.02805
protocols.relax.FastRelax: CMD: scale:fa_rep  -525.624  0.241569  0.241569  0.14575
core.pack.task: Packer task: initialize from command line() 
core.pack.pack_rotamers: built 7237 rotamers at 493 positions.
core.pack.interaction_graph.interaction_graph_factory: Instantiating DensePDInteractionGraph
protocols.relax.FastRelax: CMD: repack  -678.243  0.241569  0.241569  0.14575
protocols.relax.FastRelax: CMD: scale:fa_rep  -633.692  0.241569  0.241569  0.154
core.optimization.Minimizer: [ WARNING ] LBFGS MAX CYCLES 2000 EXCEEDED, BUT FUNC NOT CONVERGED!
protocols.relax.FastRelax: CMD: min  -1056.84  0.304573  0.304573  0.154
protocols.relax.FastRelax: CMD: coord_cst_weight  -1241.05  0.304573  0.304573  0.154
protocols.relax.FastRelax: CMD: scale:fa_rep  -933.078  0.304573  0.304573  0.30745
core.pack.task: Packer task: initialize from command line() 
core.pack.pack_rotamers: built 7122 rotamers at 493 positions.
core.pack.interaction_graph.interaction_graph_factory: Instantiating DensePDInteractionGraph
protocols.relax.FastRelax: CMD: repack  -936.607  0.304573  0.304573  0.30745
protocols.relax.FastRelax: CMD: scale:fa_rep  -912.557  0.304573  0.304573  0.31955
protocols.relax.FastRelax: CMD: min  -1229.75  3.12265  3.12265  0.31955
protocols.relax.FastRelax: CMD: coord_cst_weight  -1229.75  3.12265  3.12265  0.31955
protocols.relax.FastRelax: CMD: scale:fa_rep  -973.21  3.12265  3.12265  0.55
core.pack.task: Packer task: initialize from command line() 
core.pack.pack_rotamers: built 7151 rotamers at 493 positions.
core.pack.interaction_graph.interaction_graph_factory: Instantiating DensePDInteractionGraph
protocols.relax.FastRelax: CMD: repack  -1061.14  3.12265  3.12265  0.55
protocols.relax.FastRelax: CMD: min  -1133.32  3.16694  3.16694  0.55
protocols.relax.FastRelax: MRP: 12  -1133.32  -1153.67  3.50914  3.50914  
protocols.relax.FastRelax: CMD: accept_to_best  -1133.32  3.16694  3.16694  0.55
protocols.relax.FastRelax: CMD: endrepeat  -1133.32  3.16694  3.16694  0.55
protocols.relax.FastRelax: CMD: coord_cst_weight  155143  3.16694  3.16694  0.55
protocols.relax.FastRelax: CMD: scale:fa_rep  154792  3.16694  3.16694  0.022
core.pack.task: Packer task: initialize from command line() 
core.pack.pack_rotamers: built 7982 rotamers at 493 positions.
core.pack.interaction_graph.interaction_graph_factory: Instantiating DensePDInteractionGraph
protocols.relax.FastRelax: CMD: repack  154779  3.16694  3.16694  0.022
protocols.relax.FastRelax: CMD: scale:fa_rep  154793  3.16694  3.16694  0.02805
core.optimization.Minimizer: [ WARNING ] LBFGS MAX CYCLES 2000 EXCEEDED, BUT FUNC NOT CONVERGED!
protocols.relax.FastRelax: CMD: min  -1242.71  0.230356  0.230356  0.02805
protocols.relax.FastRelax: CMD: coord_cst_weight  -1348.87  0.230356  0.230356  0.02805
protocols.relax.FastRelax: CMD: scale:fa_rep  -636.454  0.230356  0.230356  0.14575
core.pack.task: Packer task: initialize from command line() 
core.pack.pack_rotamers: built 7360 rotamers at 493 positions.
core.pack.interaction_graph.interaction_graph_factory: Instantiating DensePDInteractionGraph
protocols.relax.FastRelax: CMD: repack  -711.575  0.230356  0.230356  0.14575
protocols.relax.FastRelax: CMD: scale:fa_rep  -667.573  0.230356  0.230356  0.154
protocols.relax.FastRelax: CMD: min  -1054.92  0.310127  0.310127  0.154
protocols.relax.FastRelax: CMD: coord_cst_weight  -1243.33  0.310127  0.310127  0.154
protocols.relax.FastRelax: CMD: scale:fa_rep  -936.889  0.310127  0.310127  0.30745
core.pack.task: Packer task: initialize from command line() 
core.pack.pack_rotamers: built 7157 rotamers at 493 positions.
core.pack.interaction_graph.interaction_graph_factory: Instantiating DensePDInteractionGraph
protocols.relax.FastRelax: CMD: repack  -937.803  0.310127  0.310127  0.30745
protocols.relax.FastRelax: CMD: scale:fa_rep  -913.873  0.310127  0.310127  0.31955
protocols.relax.FastRelax: CMD: min  -1161.4  3.46928  3.46928  0.31955
protocols.relax.FastRelax: CMD: coord_cst_weight  -1161.4  3.46928  3.46928  0.31955
protocols.relax.FastRelax: CMD: scale:fa_rep  -843.973  3.46928  3.46928  0.55
core.pack.task: Packer task: initialize from command line() 
core.pack.pack_rotamers: built 7071 rotamers at 493 positions.
core.pack.interaction_graph.interaction_graph_factory: Instantiating DensePDInteractionGraph
protocols.relax.FastRelax: CMD: repack  -1063.78  3.46928  3.46928  0.55
protocols.relax.FastRelax: CMD: min  -1142.66  3.40716  3.40716  0.55
protocols.relax.FastRelax: MRP: 13  -1142.66  -1153.67  3.50914  3.50914  
protocols.relax.FastRelax: CMD: accept_to_best  -1142.66  3.40716  3.40716  0.55
protocols.relax.FastRelax: CMD: endrepeat  -1142.66  3.40716  3.40716  0.55
protocols.relax.FastRelax: CMD: coord_cst_weight  126404  3.40716  3.40716  0.55
protocols.relax.FastRelax: CMD: scale:fa_rep  126053  3.40716  3.40716  0.022
core.pack.task: Packer task: initialize from command line() 
core.pack.pack_rotamers: built 7963 rotamers at 493 positions.
core.pack.interaction_graph.interaction_graph_factory: Instantiating DensePDInteractionGraph
protocols.relax.FastRelax: CMD: repack  126018  3.40716  3.40716  0.022
protocols.relax.FastRelax: CMD: scale:fa_rep  126028  3.40716  3.40716  0.02805
core.optimization.Minimizer: [ WARNING ] LBFGS MAX CYCLES 2000 EXCEEDED, BUT FUNC NOT CONVERGED!
protocols.relax.FastRelax: CMD: min  -1256.93  0.230228  0.230228  0.02805
protocols.relax.FastRelax: CMD: coord_cst_weight  -1361.44  0.230228  0.230228  0.02805
protocols.relax.FastRelax: CMD: scale:fa_rep  -646.544  0.230228  0.230228  0.14575
core.pack.task: Packer task: initialize from command line() 
core.pack.pack_rotamers: built 7302 rotamers at 493 positions.
core.pack.interaction_graph.interaction_graph_factory: Instantiating DensePDInteractionGraph
protocols.relax.FastRelax: CMD: repack  -723.669  0.230228  0.230228  0.14575
protocols.relax.FastRelax: CMD: scale:fa_rep  -680.502  0.230228  0.230228  0.154
protocols.relax.FastRelax: CMD: min  -1067.21  0.301514  0.301514  0.154
protocols.relax.FastRelax: CMD: coord_cst_weight  -1246.99  0.301514  0.301514  0.154
protocols.relax.FastRelax: CMD: scale:fa_rep  -944.142  0.301514  0.301514  0.30745
core.pack.task: Packer task: initialize from command line() 
core.pack.pack_rotamers: built 7137 rotamers at 493 positions.
core.pack.interaction_graph.interaction_graph_factory: Instantiating DensePDInteractionGraph
protocols.relax.FastRelax: CMD: repack  -926.01  0.301514  0.301514  0.30745
protocols.relax.FastRelax: CMD: scale:fa_rep  -901.932  0.301514  0.301514  0.31955
protocols.relax.FastRelax: CMD: min  -1261.18  3.63355  3.63355  0.31955
protocols.relax.FastRelax: CMD: coord_cst_weight  -1261.18  3.63355  3.63355  0.31955
protocols.relax.FastRelax: CMD: scale:fa_rep  -1036.83  3.63355  3.63355  0.55
core.pack.task: Packer task: initialize from command line() 
core.pack.pack_rotamers: built 7154 rotamers at 493 positions.
core.pack.interaction_graph.interaction_graph_factory: Instantiating DensePDInteractionGraph
protocols.relax.FastRelax: CMD: repack  -1037.85  3.63355  3.63355  0.55
protocols.relax.FastRelax: CMD: min  -1111.59  3.71428  3.71428  0.55
protocols.relax.FastRelax: MRP: 14  -1111.59  -1153.67  3.50914  3.50914  
protocols.relax.FastRelax: CMD: accept_to_best  -1111.59  3.71428  3.71428  0.55
protocols.relax.FastRelax: CMD: endrepeat  -1111.59  3.71428  3.71428  0.55
protocols::checkpoint: Deleting checkpoints of FastRelax
protocols.jd2.JobDistributor: target.BL00250001_3_0001 reported success in 19259 seconds
protocols.jd2.PDBJobInputter: PDBJobInputter::pose_from_job
protocols.jd2.PDBJobInputter: filling pose from saved copy ../1-loopmodel/target.BL00250001.pdb
protocols.relax.FastRelax: CMD: repeat  9380.92  0  0  0.55
protocols.relax.FastRelax: CMD: coord_cst_weight  9380.92  0  0  0.55
protocols.relax.FastRelax: CMD: scale:fa_rep  838.481  0  0  0.022
core.pack.task: Packer task: initialize from command line() 
core.pack.pack_rotamers: built 8126 rotamers at 493 positions.
core.pack.interaction_graph.interaction_graph_factory: Instantiating DensePDInteractionGraph
protocols.relax.FastRelax: CMD: repack  -786.413  0  0  0.022
protocols.relax.FastRelax: CMD: scale:fa_rep  -698.518  0  0  0.02805
core.optimization.Minimizer: [ WARNING ] LBFGS MAX CYCLES 2000 EXCEEDED, BUT FUNC NOT CONVERGED!
protocols.relax.FastRelax: CMD: min  -1291.11  0.15521  0.15521  0.02805
protocols.relax.FastRelax: CMD: coord_cst_weight  -1342.44  0.15521  0.15521  0.02805
protocols.relax.FastRelax: CMD: scale:fa_rep  -590.861  0.15521  0.15521  0.14575
core.pack.task: Packer task: initialize from command line() 
core.pack.pack_rotamers: built 7379 rotamers at 493 positions.
core.pack.interaction_graph.interaction_graph_factory: Instantiating DensePDInteractionGraph
protocols.relax.FastRelax: CMD: repack  -633.441  0.15521  0.15521  0.14575
protocols.relax.FastRelax: CMD: scale:fa_rep  -585.767  0.15521  0.15521  0.154
core.optimization.Minimizer: [ WARNING ] LBFGS MAX CYCLES 2000 EXCEEDED, BUT FUNC NOT CONVERGED!
protocols.relax.FastRelax: CMD: min  -1011.74  0.248964  0.248964  0.154
protocols.relax.FastRelax: CMD: coord_cst_weight  -1140.64  0.248964  0.248964  0.154
protocols.relax.FastRelax: CMD: scale:fa_rep  -828.751  0.248964  0.248964  0.30745
core.pack.task: Packer task: initialize from command line() 
core.pack.pack_rotamers: built 7175 rotamers at 493 positions.
core.pack.interaction_graph.interaction_graph_factory: Instantiating DensePDInteractionGraph
protocols.relax.FastRelax: CMD: repack  -834.977  0.248964  0.248964  0.30745
protocols.relax.FastRelax: CMD: scale:fa_rep  -810.474  0.248964  0.248964  0.31955
protocols.relax.FastRelax: CMD: min  -205.956  4.43217  4.43217  0.31955
protocols.relax.FastRelax: CMD: coord_cst_weight  -205.956  4.43217  4.43217  0.31955
protocols.relax.FastRelax: CMD: scale:fa_rep  741.603  4.43217  4.43217  0.55
core.pack.task: Packer task: initialize from command line() 
core.pack.pack_rotamers: built 7034 rotamers at 493 positions.
core.pack.interaction_graph.interaction_graph_factory: Instantiating DensePDInteractionGraph
protocols.relax.FastRelax: CMD: repack  -220.441  4.43217  4.43217  0.55
protocols.relax.FastRelax: CMD: min  -1053.83  3.95703  3.95703  0.55
protocols.relax.FastRelax: MRP: 0  -1053.83  -1053.83  3.95703  3.95703  
protocols.relax.FastRelax: CMD: accept_to_best  -1053.83  3.95703  3.95703  0.55
protocols.relax.FastRelax: CMD: endrepeat  -1053.83  3.95703  3.95703  0.55
protocols.relax.FastRelax: CMD: coord_cst_weight  93929.3  3.95703  3.95703  0.55
protocols.relax.FastRelax: CMD: scale:fa_rep  93566.7  3.95703  3.95703  0.022
core.pack.task: Packer task: initialize from command line() 
core.pack.pack_rotamers: built 7940 rotamers at 493 positions.
core.pack.interaction_graph.interaction_graph_factory: Instantiating DensePDInteractionGraph
protocols.relax.FastRelax: CMD: repack  93510.9  3.95703  3.95703  0.022
protocols.relax.FastRelax: CMD: scale:fa_rep  93526.1  3.95703  3.95703  0.02805
core.optimization.Minimizer: [ WARNING ] LBFGS MAX CYCLES 2000 EXCEEDED, BUT FUNC NOT CONVERGED!
protocols.relax.FastRelax: CMD: min  -1115.21  0.243316  0.243316  0.02805
protocols.relax.FastRelax: CMD: coord_cst_weight  -1238.57  0.243316  0.243316  0.02805
protocols.relax.FastRelax: CMD: scale:fa_rep  -345.5  0.243316  0.243316  0.14575
core.pack.task: Packer task: initialize from command line() 
core.pack.pack_rotamers: built 7329 rotamers at 493 positions.
core.pack.interaction_graph.interaction_graph_factory: Instantiating DensePDInteractionGraph
protocols.relax.FastRelax: CMD: repack  -418.616  0.243316  0.243316  0.14575
protocols.relax.FastRelax: CMD: scale:fa_rep  -361.31  0.243316  0.243316  0.154
core.optimization.Minimizer: [ WARNING ] LBFGS MAX CYCLES 2000 EXCEEDED, BUT FUNC NOT CONVERGED!
protocols.relax.FastRelax: CMD: min  -970.06  0.335191  0.335191  0.154
protocols.relax.FastRelax: CMD: coord_cst_weight  -1191.51  0.335191  0.335191  0.154
protocols.relax.FastRelax: CMD: scale:fa_rep  -881.303  0.335191  0.335191  0.30745
core.pack.task: Packer task: initialize from command line() 
core.pack.pack_rotamers: built 7234 rotamers at 493 positions.
core.pack.interaction_graph.interaction_graph_factory: Instantiating DensePDInteractionGraph
protocols.relax.FastRelax: CMD: repack  -870.585  0.335191  0.335191  0.30745
protocols.relax.FastRelax: CMD: scale:fa_rep  -846.253  0.335191  0.335191  0.31955
protocols.relax.FastRelax: CMD: min  -1268.04  3.46325  3.46325  0.31955
protocols.relax.FastRelax: CMD: coord_cst_weight  -1268.04  3.46325  3.46325  0.31955
protocols.relax.FastRelax: CMD: scale:fa_rep  -1050.18  3.46325  3.46325  0.55
core.pack.task: Packer task: initialize from command line() 
core.pack.pack_rotamers: built 7132 rotamers at 493 positions.
core.pack.interaction_graph.interaction_graph_factory: Instantiating DensePDInteractionGraph
protocols.relax.FastRelax: CMD: repack  -1059.64  3.46325  3.46325  0.55
protocols.relax.FastRelax: CMD: min  -1119.93  4.03503  4.03503  0.55
protocols.relax.FastRelax: MRP: 1  -1119.93  -1119.93  4.03503  4.03503  
protocols.relax.FastRelax: CMD: accept_to_best  -1119.93  4.03503  4.03503  0.55
protocols.relax.FastRelax: CMD: endrepeat  -1119.93  4.03503  4.03503  0.55
protocols.relax.FastRelax: CMD: coord_cst_weight  67915.2  4.03503  4.03503  0.55
protocols.relax.FastRelax: CMD: scale:fa_rep  67563.2  4.03503  4.03503  0.022
core.pack.task: Packer task: initialize from command line() 
core.pack.pack_rotamers: built 7924 rotamers at 493 positions.
core.pack.interaction_graph.interaction_graph_factory: Instantiating DensePDInteractionGraph
protocols.relax.FastRelax: CMD: repack  67541  4.03503  4.03503  0.022
protocols.relax.FastRelax: CMD: scale:fa_rep  67555.4  4.03503  4.03503  0.02805
core.optimization.Minimizer: [ WARNING ] LBFGS MAX CYCLES 2000 EXCEEDED, BUT FUNC NOT CONVERGED!
protocols.relax.FastRelax: CMD: min  -1130.24  0.263655  0.263655  0.02805
protocols.relax.FastRelax: CMD: coord_cst_weight  -1267.22  0.263655  0.263655  0.02805
protocols.relax.FastRelax: CMD: scale:fa_rep  -444.424  0.263655  0.263655  0.14575
core.pack.task: Packer task: initialize from command line() 
core.pack.pack_rotamers: built 7283 rotamers at 493 positions.
core.pack.interaction_graph.interaction_graph_factory: Instantiating DensePDInteractionGraph
protocols.relax.FastRelax: CMD: repack  -527.543  0.263655  0.263655  0.14575
protocols.relax.FastRelax: CMD: scale:fa_rep  -476.135  0.263655  0.263655  0.154
core.optimization.Minimizer: [ WARNING ] LBFGS MAX CYCLES 2000 EXCEEDED, BUT FUNC NOT CONVERGED!
protocols.relax.FastRelax: CMD: min  -974.771  0.341243  0.341243  0.154
protocols.relax.FastRelax: CMD: coord_cst_weight  -1201.25  0.341243  0.341243  0.154
protocols.relax.FastRelax: CMD: scale:fa_rep  -887.78  0.341243  0.341243  0.30745
core.pack.task: Packer task: initialize from command line() 
core.pack.pack_rotamers: built 7173 rotamers at 493 positions.
core.pack.interaction_graph.interaction_graph_factory: Instantiating DensePDInteractionGraph
protocols.relax.FastRelax: CMD: repack  -889.582  0.341243  0.341243  0.30745
protocols.relax.FastRelax: CMD: scale:fa_rep  -864.959  0.341243  0.341243  0.31955
protocols.relax.FastRelax: CMD: min  -1267.18  2.59133  2.59133  0.31955
protocols.relax.FastRelax: CMD: coord_cst_weight  -1267.18  2.59133  2.59133  0.31955
protocols.relax.FastRelax: CMD: scale:fa_rep  -1046.14  2.59133  2.59133  0.55
core.pack.task: Packer task: initialize from command line() 
core.pack.pack_rotamers: built 7072 rotamers at 493 positions.
core.pack.interaction_graph.interaction_graph_factory: Instantiating DensePDInteractionGraph
protocols.relax.FastRelax: CMD: repack  -1055.57  2.59133  2.59133  0.55
protocols.relax.FastRelax: CMD: min  -1125.6  3.72253  3.72253  0.55
protocols.relax.FastRelax: MRP: 2  -1125.6  -1125.6  3.72253  3.72253  
protocols.relax.FastRelax: CMD: accept_to_best  -1125.6  3.72253  3.72253  0.55
protocols.relax.FastRelax: CMD: endrepeat  -1125.6  3.72253  3.72253  0.55
protocols.relax.FastRelax: CMD: coord_cst_weight  67112.8  3.72253  3.72253  0.55
protocols.relax.FastRelax: CMD: scale:fa_rep  66761.6  3.72253  3.72253  0.022
core.pack.task: Packer task: initialize from command line() 
core.pack.pack_rotamers: built 7910 rotamers at 493 positions.
core.pack.interaction_graph.interaction_graph_factory: Instantiating DensePDInteractionGraph
protocols.relax.FastRelax: CMD: repack  66734.7  3.72253  3.72253  0.022
protocols.relax.FastRelax: CMD: scale:fa_rep  66744.3  3.72253  3.72253  0.02805
core.optimization.Minimizer: [ WARNING ] LBFGS MAX CYCLES 2000 EXCEEDED, BUT FUNC NOT CONVERGED!
protocols.relax.FastRelax: CMD: min  -1131.53  0.265954  0.265954  0.02805
protocols.relax.FastRelax: CMD: coord_cst_weight  -1268.34  0.265954  0.265954  0.02805
protocols.relax.FastRelax: CMD: scale:fa_rep  -466.978  0.265954  0.265954  0.14575
core.pack.task: Packer task: initialize from command line() 
core.pack.pack_rotamers: built 7360 rotamers at 493 positions.
core.pack.interaction_graph.interaction_graph_factory: Instantiating DensePDInteractionGraph
protocols.relax.FastRelax: CMD: repack  -619.942  0.265954  0.265954  0.14575
protocols.relax.FastRelax: CMD: scale:fa_rep  -575.309  0.265954  0.265954  0.154
protocols.relax.FastRelax: CMD: min  -1005.67  0.323989  0.323989  0.154
protocols.relax.FastRelax: CMD: coord_cst_weight  -1214.41  0.323989  0.323989  0.154
protocols.relax.FastRelax: CMD: scale:fa_rep  -909.864  0.323989  0.323989  0.30745
core.pack.task: Packer task: initialize from command line() 
core.pack.pack_rotamers: built 7130 rotamers at 493 positions.
core.pack.interaction_graph.interaction_graph_factory: Instantiating DensePDInteractionGraph
protocols.relax.FastRelax: CMD: repack  -913.504  0.323989  0.323989  0.30745
protocols.relax.FastRelax: CMD: scale:fa_rep  -889.674  0.323989  0.323989  0.31955
protocols.relax.FastRelax: CMD: min  -1282.03  2.87042  2.87042  0.31955
protocols.relax.FastRelax: CMD: coord_cst_weight  -1282.03  2.87042  2.87042  0.31955
protocols.relax.FastRelax: CMD: scale:fa_rep  -1062.29  2.87042  2.87042  0.55
core.pack.task: Packer task: initialize from command line() 
core.pack.pack_rotamers: built 7103 rotamers at 493 positions.
core.pack.interaction_graph.interaction_graph_factory: Instantiating DensePDInteractionGraph
protocols.relax.FastRelax: CMD: repack  -1075.09  2.87042  2.87042  0.55
protocols.relax.FastRelax: CMD: min  -1136.94  3.16026  3.16026  0.55
protocols.relax.FastRelax: MRP: 3  -1136.94  -1136.94  3.16026  3.16026  
protocols.relax.FastRelax: CMD: accept_to_best  -1136.94  3.16026  3.16026  0.55
protocols.relax.FastRelax: CMD: endrepeat  -1136.94  3.16026  3.16026  0.55
protocols.relax.FastRelax: CMD: coord_cst_weight  70258.6  3.16026  3.16026  0.55
protocols.relax.FastRelax: CMD: scale:fa_rep  69908.6  3.16026  3.16026  0.022
core.pack.task: Packer task: initialize from command line() 
core.pack.pack_rotamers: built 7934 rotamers at 493 positions.
core.pack.interaction_graph.interaction_graph_factory: Instantiating DensePDInteractionGraph
protocols.relax.FastRelax: CMD: repack  69883.2  3.16026  3.16026  0.022
protocols.relax.FastRelax: CMD: scale:fa_rep  69894.7  3.16026  3.16026  0.02805
core.optimization.Minimizer: [ WARNING ] LBFGS MAX CYCLES 2000 EXCEEDED, BUT FUNC NOT CONVERGED!
protocols.relax.FastRelax: CMD: min  -1196.41  0.239374  0.239374  0.02805
protocols.relax.FastRelax: CMD: coord_cst_weight  -1312.8  0.239374  0.239374  0.02805
protocols.relax.FastRelax: CMD: scale:fa_rep  -545.178  0.239374  0.239374  0.14575
core.pack.task: Packer task: initialize from command line() 
core.pack.pack_rotamers: built 7366 rotamers at 493 positions.
core.pack.interaction_graph.interaction_graph_factory: Instantiating DensePDInteractionGraph
protocols.relax.FastRelax: CMD: repack  -620.872  0.239374  0.239374  0.14575
protocols.relax.FastRelax: CMD: scale:fa_rep  -573.98  0.239374  0.239374  0.154
protocols.relax.FastRelax: CMD: min  -995.727  0.324462  0.324462  0.154
protocols.relax.FastRelax: CMD: coord_cst_weight  -1205.64  0.324462  0.324462  0.154
protocols.relax.FastRelax: CMD: scale:fa_rep  -897.66  0.324462  0.324462  0.30745
core.pack.task: Packer task: initialize from command line() 
core.pack.pack_rotamers: built 7168 rotamers at 493 positions.
core.pack.interaction_graph.interaction_graph_factory: Instantiating DensePDInteractionGraph
protocols.relax.FastRelax: CMD: repack  -899.343  0.324462  0.324462  0.30745
protocols.relax.FastRelax: CMD: scale:fa_rep  -875.161  0.324462  0.324462  0.31955
protocols.relax.FastRelax: CMD: min  -1290.41  2.81301  2.81301  0.31955
protocols.relax.FastRelax: CMD: coord_cst_weight  -1290.41  2.81301  2.81301  0.31955
protocols.relax.FastRelax: CMD: scale:fa_rep  -1069.94  2.81301  2.81301  0.55
core.pack.task: Packer task: initialize from command line() 
core.pack.pack_rotamers: built 7098 rotamers at 493 positions.
core.pack.interaction_graph.interaction_graph_factory: Instantiating DensePDInteractionGraph
protocols.relax.FastRelax: CMD: repack  -1075.69  2.81301  2.81301  0.55
protocols.relax.FastRelax: CMD: min  -1134.42  3.21552  3.21552  0.55
protocols.relax.FastRelax: MRP: 4  -1134.42  -1136.94  3.16026  3.16026  
protocols.relax.FastRelax: CMD: accept_to_best  -1134.42  3.21552  3.21552  0.55
protocols.relax.FastRelax: CMD: endrepeat  -1134.42  3.21552  3.21552  0.55
protocols.relax.FastRelax: CMD: coord_cst_weight  47679.5  3.21552  3.21552  0.55
protocols.relax.FastRelax: CMD: scale:fa_rep  47329  3.21552  3.21552  0.022
core.pack.task: Packer task: initialize from command line() 
core.pack.pack_rotamers: built 7932 rotamers at 493 positions.
core.pack.interaction_graph.interaction_graph_factory: Instantiating DensePDInteractionGraph
protocols.relax.FastRelax: CMD: repack  47290.2  3.21552  3.21552  0.022
protocols.relax.FastRelax: CMD: scale:fa_rep  47303.3  3.21552  3.21552  0.02805
core.optimization.Minimizer: [ WARNING ] LBFGS MAX CYCLES 2000 EXCEEDED, BUT FUNC NOT CONVERGED!
protocols.relax.FastRelax: CMD: min  -1180.34  0.247952  0.247952  0.02805
protocols.relax.FastRelax: CMD: coord_cst_weight  -1304.07  0.247952  0.247952  0.02805
protocols.relax.FastRelax: CMD: scale:fa_rep  -504.763  0.247952  0.247952  0.14575
core.pack.task: Packer task: initialize from command line() 
core.pack.pack_rotamers: built 7303 rotamers at 493 positions.
core.pack.interaction_graph.interaction_graph_factory: Instantiating DensePDInteractionGraph
protocols.relax.FastRelax: CMD: repack  -571.741  0.247952  0.247952  0.14575
protocols.relax.FastRelax: CMD: scale:fa_rep  -521.918  0.247952  0.247952  0.154
core.optimization.Minimizer: [ WARNING ] LBFGS MAX CYCLES 2000 EXCEEDED, BUT FUNC NOT CONVERGED!
protocols.relax.FastRelax: CMD: min  -1002.82  0.329602  0.329602  0.154
protocols.relax.FastRelax: CMD: coord_cst_weight  -1218.42  0.329602  0.329602  0.154
protocols.relax.FastRelax: CMD: scale:fa_rep  -912.238  0.329602  0.329602  0.30745
core.pack.task: Packer task: initialize from command line() 
core.pack.pack_rotamers: built 7182 rotamers at 493 positions.
core.pack.interaction_graph.interaction_graph_factory: Instantiating DensePDInteractionGraph
protocols.relax.FastRelax: CMD: repack  -913.935  0.329602  0.329602  0.30745
protocols.relax.FastRelax: CMD: scale:fa_rep  -890.02  0.329602  0.329602  0.31955
protocols.relax.FastRelax: CMD: min  -1282.43  2.84517  2.84517  0.31955
protocols.relax.FastRelax: CMD: coord_cst_weight  -1282.43  2.84517  2.84517  0.31955
protocols.relax.FastRelax: CMD: scale:fa_rep  -1063.78  2.84517  2.84517  0.55
core.pack.task: Packer task: initialize from command line() 
core.pack.pack_rotamers: built 7155 rotamers at 493 positions.
core.pack.interaction_graph.interaction_graph_factory: Instantiating DensePDInteractionGraph
protocols.relax.FastRelax: CMD: repack  -1068.26  2.84517  2.84517  0.55
protocols.relax.FastRelax: CMD: min  -1130.46  3.12255  3.12255  0.55
protocols.relax.FastRelax: MRP: 5  -1130.46  -1136.94  3.16026  3.16026  
protocols.relax.FastRelax: CMD: accept_to_best  -1130.46  3.12255  3.12255  0.55
protocols.relax.FastRelax: CMD: endrepeat  -1130.46  3.12255  3.12255  0.55
protocols.relax.FastRelax: CMD: coord_cst_weight  65789.2  3.12255  3.12255  0.55
protocols.relax.FastRelax: CMD: scale:fa_rep  65440.9  3.12255  3.12255  0.022
core.pack.task: Packer task: initialize from command line() 
core.pack.pack_rotamers: built 7965 rotamers at 493 positions.
core.pack.interaction_graph.interaction_graph_factory: Instantiating DensePDInteractionGraph
protocols.relax.FastRelax: CMD: repack  65411.7  3.12255  3.12255  0.022
protocols.relax.FastRelax: CMD: scale:fa_rep  65424.1  3.12255  3.12255  0.02805
core.optimization.Minimizer: [ WARNING ] LBFGS MAX CYCLES 2000 EXCEEDED, BUT FUNC NOT CONVERGED!
protocols.relax.FastRelax: CMD: min  -1155.06  0.249811  0.249811  0.02805
protocols.relax.FastRelax: CMD: coord_cst_weight  -1283.81  0.249811  0.249811  0.02805
protocols.relax.FastRelax: CMD: scale:fa_rep  -426.213  0.249811  0.249811  0.14575
core.pack.task: Packer task: initialize from command line() 
core.pack.pack_rotamers: built 7352 rotamers at 493 positions.
core.pack.interaction_graph.interaction_graph_factory: Instantiating DensePDInteractionGraph
protocols.relax.FastRelax: CMD: repack  -514.716  0.249811  0.249811  0.14575
protocols.relax.FastRelax: CMD: scale:fa_rep  -462.17  0.249811  0.249811  0.154
core.optimization.Minimizer: [ WARNING ] LBFGS MAX CYCLES 2000 EXCEEDED, BUT FUNC NOT CONVERGED!
protocols.relax.FastRelax: CMD: min  -985.777  0.339479  0.339479  0.154
protocols.relax.FastRelax: CMD: coord_cst_weight  -1217.75  0.339479  0.339479  0.154
protocols.relax.FastRelax: CMD: scale:fa_rep  -908.993  0.339479  0.339479  0.30745
core.pack.task: Packer task: initialize from command line() 
core.pack.pack_rotamers: built 7189 rotamers at 493 positions.
core.pack.interaction_graph.interaction_graph_factory: Instantiating DensePDInteractionGraph
protocols.relax.FastRelax: CMD: repack  -908.475  0.339479  0.339479  0.30745
protocols.relax.FastRelax: CMD: scale:fa_rep  -884.196  0.339479  0.339479  0.31955
protocols.relax.FastRelax: CMD: min  -1297.55  2.58385  2.58385  0.31955
protocols.relax.FastRelax: CMD: coord_cst_weight  -1297.55  2.58385  2.58385  0.31955
protocols.relax.FastRelax: CMD: scale:fa_rep  -1080.35  2.58385  2.58385  0.55
core.pack.task: Packer task: initialize from command line() 
core.pack.pack_rotamers: built 7160 rotamers at 493 positions.
core.pack.interaction_graph.interaction_graph_factory: Instantiating DensePDInteractionGraph
protocols.relax.FastRelax: CMD: repack  -1085.85  2.58385  2.58385  0.55
protocols.relax.FastRelax: CMD: min  -1140.01  3.02946  3.02946  0.55
protocols.relax.FastRelax: MRP: 6  -1140.01  -1140.01  3.02946  3.02946  
protocols.relax.FastRelax: CMD: accept_to_best  -1140.01  3.02946  3.02946  0.55
protocols.relax.FastRelax: CMD: endrepeat  -1140.01  3.02946  3.02946  0.55
protocols.relax.FastRelax: CMD: coord_cst_weight  44210.4  3.02946  3.02946  0.55
protocols.relax.FastRelax: CMD: scale:fa_rep  43862.7  3.02946  3.02946  0.022
core.pack.task: Packer task: initialize from command line() 
core.pack.pack_rotamers: built 8000 rotamers at 493 positions.
core.pack.interaction_graph.interaction_graph_factory: Instantiating DensePDInteractionGraph
protocols.relax.FastRelax: CMD: repack  43817.9  3.02946  3.02946  0.022
protocols.relax.FastRelax: CMD: scale:fa_rep  43829  3.02946  3.02946  0.02805
core.optimization.Minimizer: [ WARNING ] LBFGS MAX CYCLES 2000 EXCEEDED, BUT FUNC NOT CONVERGED!
protocols.relax.FastRelax: CMD: min  -1172.94  0.245937  0.245937  0.02805
protocols.relax.FastRelax: CMD: coord_cst_weight  -1296.8  0.245937  0.245937  0.02805
protocols.relax.FastRelax: CMD: scale:fa_rep  -485.459  0.245937  0.245937  0.14575
core.pack.task: Packer task: initialize from command line() 
core.pack.pack_rotamers: built 7285 rotamers at 493 positions.
core.pack.interaction_graph.interaction_graph_factory: Instantiating DensePDInteractionGraph
protocols.relax.FastRelax: CMD: repack  -552.173  0.245937  0.245937  0.14575
protocols.relax.FastRelax: CMD: scale:fa_rep  -501.798  0.245937  0.245937  0.154
core.optimization.Minimizer: [ WARNING ] LBFGS MAX CYCLES 2000 EXCEEDED, BUT FUNC NOT CONVERGED!
protocols.relax.FastRelax: CMD: min  -985.199  0.341817  0.341817  0.154
protocols.relax.FastRelax: CMD: coord_cst_weight  -1218.31  0.341817  0.341817  0.154
protocols.relax.FastRelax: CMD: scale:fa_rep  -916.293  0.341817  0.341817  0.30745
core.pack.task: Packer task: initialize from command line() 
core.pack.pack_rotamers: built 7202 rotamers at 493 positions.
core.pack.interaction_graph.interaction_graph_factory: Instantiating DensePDInteractionGraph
protocols.relax.FastRelax: CMD: repack  -917.883  0.341817  0.341817  0.30745
protocols.relax.FastRelax: CMD: scale:fa_rep  -894.178  0.341817  0.341817  0.31955
protocols.relax.FastRelax: CMD: min  -1276.62  2.37464  2.37464  0.31955
protocols.relax.FastRelax: CMD: coord_cst_weight  -1276.62  2.37464  2.37464  0.31955
protocols.relax.Fas