********  (C) Copyright Rosetta Commons Member Institutions.  ***************
* Use of Rosetta for commercial purposes may require purchase of a license. *
********  See LICENSE.md or email license@uw.edu for more details. **********
core.init: Checking for fconfig files in pwd and ./rosetta/flags 
core.init: Rosetta version: rosetta.binary.ubuntu.release-408 r408 2025.37+release.df75a9c48e df75a9c48e763e52a7aa3f5dfba077f4da88dbf5 https://www.rosettacommons.org 2025-09-10T02:14:08.564791
core.init: Rosetta extras: []
core.init: command: /home/gbiuser/Downloads/rosetta.binary.ubuntu.release-408/main/source/bin/relax.default.linuxgccrelease -s ../1-loopmodel/PDE4B_modeller.pdb -relax:thorough -relax:constrain_relax_to_start_coords -constraints:cst_file cst.cst -nstruct 5 -out:suffix _11 -out:file:silent relax_11.silent -out:file:silent_struct_type binary
basic.random.init_random_generator: 'RNG device' seed mode, using '/dev/urandom', seed=497484505 seed_offset=0 real_seed=497484505
basic.random.init_random_generator: RandomGenerator:init: Normal mode, seed=497484505 RG_type=mt19937
core.init: Resolved executable path: /home/gbiuser/Downloads/rosetta.binary.ubuntu.release-408/main/source/build/src/release/linux/6.8/64/x86/gcc/11/default/relax.default.linuxgccrelease
core.init: Looking for database based on location of executable: /home/gbiuser/Downloads/rosetta.binary.ubuntu.release-408/main/database/
core.scoring.ScoreFunctionFactory: SCOREFUNCTION: ref2015
core.scoring.etable: Starting energy table calculation
core.scoring.etable: smooth_etable: changing atr/rep split to bottom of energy well
core.scoring.etable: smooth_etable: spline smoothing lj etables (maxdis = 6)
core.scoring.etable: smooth_etable: spline smoothing solvation etables (max_dis = 6)
core.scoring.etable: Finished calculating energy tables.
basic.io.database: Database file opened: scoring/score_functions/hbonds/ref2015_params/HBPoly1D.csv
basic.io.database: Database file opened: scoring/score_functions/hbonds/ref2015_params/HBFadeIntervals.csv
basic.io.database: Database file opened: scoring/score_functions/hbonds/ref2015_params/HBEval.csv
basic.io.database: Database file opened: scoring/score_functions/hbonds/ref2015_params/DonStrength.csv
basic.io.database: Database file opened: scoring/score_functions/hbonds/ref2015_params/AccStrength.csv
core.chemical.GlobalResidueTypeSet: Finished initializing fa_standard residue type set.  Created 985 residue types
core.chemical.GlobalResidueTypeSet: Total time to initialize 1.23785 seconds.
basic.io.database: Database file opened: scoring/score_functions/rama/fd/all.ramaProb
basic.io.database: Database file opened: scoring/score_functions/rama/fd/prepro.ramaProb
basic.io.database: Database file opened: scoring/score_functions/omega/omega_ppdep.all.txt
basic.io.database: Database file opened: scoring/score_functions/omega/omega_ppdep.gly.txt
basic.io.database: Database file opened: scoring/score_functions/omega/omega_ppdep.pro.txt
basic.io.database: Database file opened: scoring/score_functions/omega/omega_ppdep.valile.txt
basic.io.database: Database file opened: scoring/score_functions/P_AA_pp/P_AA
basic.io.database: Database file opened: scoring/score_functions/P_AA_pp/P_AA_n
core.scoring.P_AA: shapovalov_lib::shap_p_aa_pp_smooth_level of 1( aka low_smooth ) got activated.
basic.io.database: Database file opened: scoring/score_functions/P_AA_pp/shapovalov/10deg/kappa131/a20.prop
protocols.relax.RelaxScriptManager: Reading relax scripts list from database.
protocols.relax.RelaxScriptManager: Looking for MonomerRelax2019.txt
protocols.relax.RelaxScriptManager: ================== Reading script file: /home/gbiuser/Downloads/rosetta.binary.ubuntu.release-408/main/database/sampling/relax_scripts/MonomerRelax2019.txt ==================
protocols.relax.RelaxScriptManager: repeat %%nrepeats%%
protocols.relax.RelaxScriptManager: coord_cst_weight 1.0
protocols.relax.RelaxScriptManager: scale:fa_rep 0.040
protocols.relax.RelaxScriptManager: repack
protocols.relax.RelaxScriptManager: scale:fa_rep 0.051
protocols.relax.RelaxScriptManager: min 0.01
protocols.relax.RelaxScriptManager: coord_cst_weight 0.5
protocols.relax.RelaxScriptManager: scale:fa_rep 0.265
protocols.relax.RelaxScriptManager: repack
protocols.relax.RelaxScriptManager: scale:fa_rep 0.280
protocols.relax.RelaxScriptManager: min 0.01
protocols.relax.RelaxScriptManager: coord_cst_weight 0.0
protocols.relax.RelaxScriptManager: scale:fa_rep 0.559
protocols.relax.RelaxScriptManager: repack
protocols.relax.RelaxScriptManager: scale:fa_rep 0.581
protocols.relax.RelaxScriptManager: min 0.01
protocols.relax.RelaxScriptManager: coord_cst_weight 0.0
protocols.relax.RelaxScriptManager: scale:fa_rep 1
protocols.relax.RelaxScriptManager: repack
protocols.relax.RelaxScriptManager: min 0.00001
protocols.relax.RelaxScriptManager: accept_to_best
protocols.relax.RelaxScriptManager: endrepeat
core.scoring.constraints.util: Constraint choice: cst.cst
protocols.jd2.PDBJobInputter: Instantiate PDBJobInputter
protocols.jd2.PDBJobInputter: PDBJobInputter::fill_jobs
protocols.jd2.PDBJobInputter: pushed ../1-loopmodel/PDE4B_modeller.pdb nstruct indices 1 - 5
protocols.evaluation.ChiWellRmsdEvaluatorCreator: Evaluation Creator active ... 
protocols.jd2.PDBJobInputter: PDBJobInputter::pose_from_job
protocols.jd2.PDBJobInputter: filling pose from PDB ../1-loopmodel/PDE4B_modeller.pdb
core.import_pose.import_pose: File '../1-loopmodel/PDE4B_modeller.pdb' automatically determined to be of type PDB from contents.
core.io.rcsb.ExperimentalTechnique: [ ERROR ] Unrecognized experimental technique string 'THEORETICAL MODEL, MODELLER 10.8 2026/07/02 21:08:38'
core.io.pose_from_sfr.PoseFromSFRBuilder: [ WARNING ] discarding 3 atoms at position 1 in file ../1-loopmodel/PDE4B_modeller.pdb. Best match rsd_type:  VAL:NtermProteinFull
core.io.pose_from_sfr.PoseFromSFRBuilder: [ WARNING ] discarding 1 atoms at position 245 in file ../1-loopmodel/PDE4B_modeller.pdb. Best match rsd_type:  HIS
core.scoring.constraints.ConstraintsIO: read constraints from cst.cst
core.scoring.constraints.ConstraintsIO: Read in 15 constraints
basic.io.database: Database file opened: scoring/score_functions/elec_cp_reps.dat
core.scoring.elec.util: Read 40 countpair representative atoms
core.pack.dunbrack.RotamerLibrary: shapovalov_lib_fixes_enable option is true.
core.pack.dunbrack.RotamerLibrary: shapovalov_lib::shap_dun10_smooth_level of 1( aka lowest_smooth ) got activated.
core.pack.dunbrack.RotamerLibrary: Binary rotamer library selected: /home/gbiuser/Downloads/rosetta.binary.ubuntu.release-408/main/database/rotamer/shapovalov/StpDwn_0-0-0/Dunbrack10.lib.bin
core.pack.dunbrack.RotamerLibrary: Using Dunbrack library binary file '/home/gbiuser/Downloads/rosetta.binary.ubuntu.release-408/main/database/rotamer/shapovalov/StpDwn_0-0-0/Dunbrack10.lib.bin'.
core.pack.dunbrack.RotamerLibrary: Dunbrack 2010 library took 0.305886 seconds to load from binary
protocols.relax.FastRelax: CMD: repeat  3311.98  0  0  0.55
protocols.relax.FastRelax: CMD: coord_cst_weight  3311.98  0  0  0.55
protocols.relax.FastRelax: CMD: scale:fa_rep  895.021  0  0  0.022
core.pack.task: Packer task: initialize from command line() 
core.pack.pack_rotamers: built 8348 rotamers at 493 positions.
core.pack.interaction_graph.interaction_graph_factory: Instantiating DensePDInteractionGraph
protocols.relax.FastRelax: CMD: repack  -845.4  0  0  0.022
protocols.relax.FastRelax: CMD: scale:fa_rep  -807.727  0  0  0.02805
core.optimization.Minimizer: [ WARNING ] LBFGS MAX CYCLES 2000 EXCEEDED, BUT FUNC NOT CONVERGED!
protocols.relax.FastRelax: CMD: min  -1259.28  0.155094  0.155094  0.02805
protocols.relax.FastRelax: CMD: coord_cst_weight  -1310.12  0.155094  0.155094  0.02805
protocols.relax.FastRelax: CMD: scale:fa_rep  -904.361  0.155094  0.155094  0.14575
core.pack.task: Packer task: initialize from command line() 
core.pack.pack_rotamers: built 7498 rotamers at 493 positions.
core.pack.interaction_graph.interaction_graph_factory: Instantiating DensePDInteractionGraph
protocols.relax.FastRelax: CMD: repack  -930.41  0.155094  0.155094  0.14575
protocols.relax.FastRelax: CMD: scale:fa_rep  -906.673  0.155094  0.155094  0.154
core.optimization.Minimizer: [ WARNING ] LBFGS MAX CYCLES 2000 EXCEEDED, BUT FUNC NOT CONVERGED!
protocols.relax.FastRelax: CMD: min  -1113.24  0.218088  0.218088  0.154
protocols.relax.FastRelax: CMD: coord_cst_weight  -1212.57  0.218088  0.218088  0.154
protocols.relax.FastRelax: CMD: scale:fa_rep  -1014.02  0.218088  0.218088  0.30745
core.pack.task: Packer task: initialize from command line() 
core.pack.pack_rotamers: built 7322 rotamers at 493 positions.
core.pack.interaction_graph.interaction_graph_factory: Instantiating DensePDInteractionGraph
protocols.relax.FastRelax: CMD: repack  -1017.95  0.218088  0.218088  0.30745
protocols.relax.FastRelax: CMD: scale:fa_rep  -1002.58  0.218088  0.218088  0.31955
protocols.relax.FastRelax: CMD: min  -1209.43  2.34059  2.34059  0.31955
protocols.relax.FastRelax: CMD: coord_cst_weight  -1209.43  2.34059  2.34059  0.31955
protocols.relax.FastRelax: CMD: scale:fa_rep  -985.551  2.34059  2.34059  0.55
core.pack.task: Packer task: initialize from command line() 
core.pack.pack_rotamers: built 7121 rotamers at 493 positions.
core.pack.interaction_graph.interaction_graph_factory: Instantiating DensePDInteractionGraph
protocols.relax.FastRelax: CMD: repack  -998.414  2.34059  2.34059  0.55
protocols.relax.FastRelax: CMD: min  -1086.46  3.08727  3.08727  0.55
protocols.relax.FastRelax: MRP: 0  -1086.46  -1086.46  3.08727  3.08727  
protocols.relax.FastRelax: CMD: accept_to_best  -1086.46  3.08727  3.08727  0.55
protocols.relax.FastRelax: CMD: endrepeat  -1086.46  3.08727  3.08727  0.55
protocols.relax.FastRelax: CMD: coord_cst_weight  100354  3.08727  3.08727  0.55
protocols.relax.FastRelax: CMD: scale:fa_rep  100000  3.08727  3.08727  0.022
core.pack.task: Packer task: initialize from command line() 
core.pack.pack_rotamers: built 7936 rotamers at 493 positions.
core.pack.interaction_graph.interaction_graph_factory: Instantiating DensePDInteractionGraph
protocols.relax.FastRelax: CMD: repack  99962.6  3.08727  3.08727  0.022
protocols.relax.FastRelax: CMD: scale:fa_rep  99970.8  3.08727  3.08727  0.02805
core.optimization.Minimizer: [ WARNING ] LBFGS MAX CYCLES 2000 EXCEEDED, BUT FUNC NOT CONVERGED!
protocols.relax.FastRelax: CMD: min  -1250.79  0.187394  0.187394  0.02805
protocols.relax.FastRelax: CMD: coord_cst_weight  -1328.18  0.187394  0.187394  0.02805
protocols.relax.FastRelax: CMD: scale:fa_rep  -957.966  0.187394  0.187394  0.14575
core.pack.task: Packer task: initialize from command line() 
core.pack.pack_rotamers: built 7440 rotamers at 493 positions.
core.pack.interaction_graph.interaction_graph_factory: Instantiating DensePDInteractionGraph
protocols.relax.FastRelax: CMD: repack  -1008.53  0.187394  0.187394  0.14575
protocols.relax.FastRelax: CMD: scale:fa_rep  -987.811  0.187394  0.187394  0.154
protocols.relax.FastRelax: CMD: min  -1158.52  0.235316  0.235316  0.154
protocols.relax.FastRelax: CMD: coord_cst_weight  -1278.05  0.235316  0.235316  0.154
protocols.relax.FastRelax: CMD: scale:fa_rep  -1086.2  0.235316  0.235316  0.30745
core.pack.task: Packer task: initialize from command line() 
core.pack.pack_rotamers: built 7224 rotamers at 493 positions.
core.pack.interaction_graph.interaction_graph_factory: Instantiating DensePDInteractionGraph
protocols.relax.FastRelax: CMD: repack  -1087.99  0.235316  0.235316  0.30745
protocols.relax.FastRelax: CMD: scale:fa_rep  -1073.06  0.235316  0.235316  0.31955
protocols.relax.FastRelax: CMD: min  -1272.27  2.37656  2.37656  0.31955
protocols.relax.FastRelax: CMD: coord_cst_weight  -1272.27  2.37656  2.37656  0.31955
protocols.relax.FastRelax: CMD: scale:fa_rep  -1047.95  2.37656  2.37656  0.55
core.pack.task: Packer task: initialize from command line() 
core.pack.pack_rotamers: built 7079 rotamers at 493 positions.
core.pack.interaction_graph.interaction_graph_factory: Instantiating DensePDInteractionGraph
protocols.relax.FastRelax: CMD: repack  -1046.46  2.37656  2.37656  0.55
protocols.relax.FastRelax: CMD: min  -1110.77  2.93483  2.93483  0.55
protocols.relax.FastRelax: MRP: 1  -1110.77  -1110.77  2.93483  2.93483  
protocols.relax.FastRelax: CMD: accept_to_best  -1110.77  2.93483  2.93483  0.55
protocols.relax.FastRelax: CMD: endrepeat  -1110.77  2.93483  2.93483  0.55
protocols.relax.FastRelax: CMD: coord_cst_weight  72435.8  2.93483  2.93483  0.55
protocols.relax.FastRelax: CMD: scale:fa_rep  72081  2.93483  2.93483  0.022
core.pack.task: Packer task: initialize from command line() 
core.pack.pack_rotamers: built 7869 rotamers at 493 positions.
core.pack.interaction_graph.interaction_graph_factory: Instantiating DensePDInteractionGraph
protocols.relax.FastRelax: CMD: repack  72049.5  2.93483  2.93483  0.022
protocols.relax.FastRelax: CMD: scale:fa_rep  72058.6  2.93483  2.93483  0.02805
core.optimization.Minimizer: [ WARNING ] LBFGS MAX CYCLES 2000 EXCEEDED, BUT FUNC NOT CONVERGED!
protocols.relax.FastRelax: CMD: min  -1276.62  0.192059  0.192059  0.02805
protocols.relax.FastRelax: CMD: coord_cst_weight  -1357.53  0.192059  0.192059  0.02805
protocols.relax.FastRelax: CMD: scale:fa_rep  -1010.24  0.192059  0.192059  0.14575
core.pack.task: Packer task: initialize from command line() 
core.pack.pack_rotamers: built 7525 rotamers at 493 positions.
core.pack.interaction_graph.interaction_graph_factory: Instantiating DensePDInteractionGraph
protocols.relax.FastRelax: CMD: repack  -1038.4  0.192059  0.192059  0.14575
protocols.relax.FastRelax: CMD: scale:fa_rep  -1018.08  0.192059  0.192059  0.154
protocols.relax.FastRelax: CMD: min  -1174.2  0.241598  0.241598  0.154
protocols.relax.FastRelax: CMD: coord_cst_weight  -1300.01  0.241598  0.241598  0.154
protocols.relax.FastRelax: CMD: scale:fa_rep  -1109.13  0.241598  0.241598  0.30745
core.pack.task: Packer task: initialize from command line() 
core.pack.pack_rotamers: built 7267 rotamers at 493 positions.
core.pack.interaction_graph.interaction_graph_factory: Instantiating DensePDInteractionGraph
protocols.relax.FastRelax: CMD: repack  -1107.46  0.241598  0.241598  0.30745
protocols.relax.FastRelax: CMD: scale:fa_rep  -1092.59  0.241598  0.241598  0.31955
protocols.relax.FastRelax: CMD: min  -1282.88  2.46841  2.46841  0.31955
protocols.relax.FastRelax: CMD: coord_cst_weight  -1282.88  2.46841  2.46841  0.31955
protocols.relax.FastRelax: CMD: scale:fa_rep  -1057.42  2.46841  2.46841  0.55
core.pack.task: Packer task: initialize from command line() 
core.pack.pack_rotamers: built 7031 rotamers at 493 positions.
core.pack.interaction_graph.interaction_graph_factory: Instantiating DensePDInteractionGraph
protocols.relax.FastRelax: CMD: repack  -1059.68  2.46841  2.46841  0.55
protocols.relax.FastRelax: CMD: min  -1123.53  3.15004  3.15004  0.55
protocols.relax.FastRelax: MRP: 2  -1123.53  -1123.53  3.15004  3.15004  
protocols.relax.FastRelax: CMD: accept_to_best  -1123.53  3.15004  3.15004  0.55
protocols.relax.FastRelax: CMD: endrepeat  -1123.53  3.15004  3.15004  0.55
protocols.relax.FastRelax: CMD: coord_cst_weight  92361.6  3.15004  3.15004  0.55
protocols.relax.FastRelax: CMD: scale:fa_rep  92003.8  3.15004  3.15004  0.022
core.pack.task: Packer task: initialize from command line() 
core.pack.pack_rotamers: built 7976 rotamers at 493 positions.
core.pack.interaction_graph.interaction_graph_factory: Instantiating DensePDInteractionGraph
protocols.relax.FastRelax: CMD: repack  91983.4  3.15004  3.15004  0.022
protocols.relax.FastRelax: CMD: scale:fa_rep  91990.3  3.15004  3.15004  0.02805
core.optimization.Minimizer: [ WARNING ] LBFGS MAX CYCLES 2000 EXCEEDED, BUT FUNC NOT CONVERGED!
protocols.relax.FastRelax: CMD: min  -1268.64  0.194571  0.194571  0.02805
protocols.relax.FastRelax: CMD: coord_cst_weight  -1351.77  0.194571  0.194571  0.02805
protocols.relax.FastRelax: CMD: scale:fa_rep  -1015.31  0.194571  0.194571  0.14575
core.pack.task: Packer task: initialize from command line() 
core.pack.pack_rotamers: built 7483 rotamers at 493 positions.
core.pack.interaction_graph.interaction_graph_factory: Instantiating DensePDInteractionGraph
protocols.relax.FastRelax: CMD: repack  -1038.82  0.194571  0.194571  0.14575
protocols.relax.FastRelax: CMD: scale:fa_rep  -1018.27  0.194571  0.194571  0.154
protocols.relax.FastRelax: CMD: min  -1171.21  0.241539  0.241539  0.154
protocols.relax.FastRelax: CMD: coord_cst_weight  -1296.91  0.241539  0.241539  0.154
protocols.relax.FastRelax: CMD: scale:fa_rep  -1106.47  0.241539  0.241539  0.30745
core.pack.task: Packer task: initialize from command line() 
core.pack.pack_rotamers: built 7258 rotamers at 493 positions.
core.pack.interaction_graph.interaction_graph_factory: Instantiating DensePDInteractionGraph
protocols.relax.FastRelax: CMD: repack  -1107.66  0.241539  0.241539  0.30745
protocols.relax.FastRelax: CMD: scale:fa_rep  -1092.88  0.241539  0.241539  0.31955
protocols.relax.FastRelax: CMD: min  -1286.11  2.45127  2.45127  0.31955
protocols.relax.FastRelax: CMD: coord_cst_weight  -1286.11  2.45127  2.45127  0.31955
protocols.relax.FastRelax: CMD: scale:fa_rep  -1061.93  2.45127  2.45127  0.55
core.pack.task: Packer task: initialize from command line() 
core.pack.pack_rotamers: built 7084 rotamers at 493 positions.
core.pack.interaction_graph.interaction_graph_factory: Instantiating DensePDInteractionGraph
protocols.relax.FastRelax: CMD: repack  -1064.44  2.45127  2.45127  0.55
protocols.relax.FastRelax: CMD: min  -1123.59  3.13504  3.13504  0.55
protocols.relax.FastRelax: MRP: 3  -1123.59  -1123.59  3.13504  3.13504  
protocols.relax.FastRelax: CMD: accept_to_best  -1123.59  3.13504  3.13504  0.55
protocols.relax.FastRelax: CMD: endrepeat  -1123.59  3.13504  3.13504  0.55
protocols.relax.FastRelax: CMD: coord_cst_weight  83759.9  3.13504  3.13504  0.55
protocols.relax.FastRelax: CMD: scale:fa_rep  83403.7  3.13504  3.13504  0.022
core.pack.task: Packer task: initialize from command line() 
core.pack.pack_rotamers: built 7946 rotamers at 493 positions.
core.pack.interaction_graph.interaction_graph_factory: Instantiating DensePDInteractionGraph
protocols.relax.FastRelax: CMD: repack  83372.6  3.13504  3.13504  0.022
protocols.relax.FastRelax: CMD: scale:fa_rep  83379.4  3.13504  3.13504  0.02805
core.optimization.Minimizer: [ WARNING ] LBFGS MAX CYCLES 2000 EXCEEDED, BUT FUNC NOT CONVERGED!
protocols.relax.FastRelax: CMD: min  -1275.19  0.195489  0.195489  0.02805
protocols.relax.FastRelax: CMD: coord_cst_weight  -1358.75  0.195489  0.195489  0.02805
protocols.relax.FastRelax: CMD: scale:fa_rep  -1023.27  0.195489  0.195489  0.14575
core.pack.task: Packer task: initialize from command line() 
core.pack.pack_rotamers: built 7494 rotamers at 493 positions.
core.pack.interaction_graph.interaction_graph_factory: Instantiating DensePDInteractionGraph
protocols.relax.FastRelax: CMD: repack  -1047.26  0.195489  0.195489  0.14575
protocols.relax.FastRelax: CMD: scale:fa_rep  -1026.29  0.195489  0.195489  0.154
protocols.relax.FastRelax: CMD: min  -1180.61  0.241796  0.241796  0.154
protocols.relax.FastRelax: CMD: coord_cst_weight  -1306.49  0.241796  0.241796  0.154
protocols.relax.FastRelax: CMD: scale:fa_rep  -1114.98  0.241796  0.241796  0.30745
core.pack.task: Packer task: initialize from command line() 
core.pack.pack_rotamers: built 7276 rotamers at 493 positions.
core.pack.interaction_graph.interaction_graph_factory: Instantiating DensePDInteractionGraph
protocols.relax.FastRelax: CMD: repack  -1110.11  0.241796  0.241796  0.30745
protocols.relax.FastRelax: CMD: scale:fa_rep  -1095.25  0.241796  0.241796  0.31955
protocols.relax.FastRelax: CMD: min  -1293.12  2.53458  2.53458  0.31955
protocols.relax.FastRelax: CMD: coord_cst_weight  -1293.12  2.53458  2.53458  0.31955
protocols.relax.FastRelax: CMD: scale:fa_rep  -1068.41  2.53458  2.53458  0.55
core.pack.task: Packer task: initialize from command line() 
core.pack.pack_rotamers: built 7007 rotamers at 493 positions.
core.pack.interaction_graph.interaction_graph_factory: Instantiating DensePDInteractionGraph
protocols.relax.FastRelax: CMD: repack  -1074.13  2.53458  2.53458  0.55
protocols.relax.FastRelax: CMD: min  -1132.67  3.17045  3.17045  0.55
protocols.relax.FastRelax: MRP: 4  -1132.67  -1132.67  3.17045  3.17045  
protocols.relax.FastRelax: CMD: accept_to_best  -1132.67  3.17045  3.17045  0.55
protocols.relax.FastRelax: CMD: endrepeat  -1132.67  3.17045  3.17045  0.55
protocols.relax.FastRelax: CMD: coord_cst_weight  77490.1  3.17045  3.17045  0.55
protocols.relax.FastRelax: CMD: scale:fa_rep  77133.3  3.17045  3.17045  0.022
core.pack.task: Packer task: initialize from command line() 
core.pack.pack_rotamers: built 7940 rotamers at 493 positions.
core.pack.interaction_graph.interaction_graph_factory: Instantiating DensePDInteractionGraph
protocols.relax.FastRelax: CMD: repack  77116  3.17045  3.17045  0.022
protocols.relax.FastRelax: CMD: scale:fa_rep  77122.8  3.17045  3.17045  0.02805
core.optimization.Minimizer: [ WARNING ] LBFGS MAX CYCLES 2000 EXCEEDED, BUT FUNC NOT CONVERGED!
protocols.relax.FastRelax: CMD: min  -1267.21  0.195655  0.195655  0.02805
protocols.relax.FastRelax: CMD: coord_cst_weight  -1350.72  0.195655  0.195655  0.02805
protocols.relax.FastRelax: CMD: scale:fa_rep  -1020.07  0.195655  0.195655  0.14575
core.pack.task: Packer task: initialize from command line() 
core.pack.pack_rotamers: built 7476 rotamers at 493 positions.
core.pack.interaction_graph.interaction_graph_factory: Instantiating DensePDInteractionGraph
protocols.relax.FastRelax: CMD: repack  -1049.72  0.195655  0.195655  0.14575
protocols.relax.FastRelax: CMD: scale:fa_rep  -1029.55  0.195655  0.195655  0.154
protocols.relax.FastRelax: CMD: min  -1176.37  0.244167  0.244167  0.154
protocols.relax.FastRelax: CMD: coord_cst_weight  -1305  0.244167  0.244167  0.154
protocols.relax.FastRelax: CMD: scale:fa_rep  -1115.87  0.244167  0.244167  0.30745
core.pack.task: Packer task: initialize from command line() 
core.pack.pack_rotamers: built 7238 rotamers at 493 positions.
core.pack.interaction_graph.interaction_graph_factory: Instantiating DensePDInteractionGraph
protocols.relax.FastRelax: CMD: repack  -1116.68  0.244167  0.244167  0.30745
protocols.relax.FastRelax: CMD: scale:fa_rep  -1101.9  0.244167  0.244167  0.31955
protocols.relax.FastRelax: CMD: min  -1294.82  2.534  2.534  0.31955
protocols.relax.FastRelax: CMD: coord_cst_weight  -1294.82  2.534  2.534  0.31955
protocols.relax.FastRelax: CMD: scale:fa_rep  -1071.93  2.534  2.534  0.55
core.pack.task: Packer task: initialize from command line() 
core.pack.pack_rotamers: built 6966 rotamers at 493 positions.
core.pack.interaction_graph.interaction_graph_factory: Instantiating DensePDInteractionGraph
protocols.relax.FastRelax: CMD: repack  -1076.29  2.534  2.534  0.55
protocols.relax.FastRelax: CMD: min  -1140.25  3.10639  3.10639  0.55
protocols.relax.FastRelax: MRP: 5  -1140.25  -1140.25  3.10639  3.10639  
protocols.relax.FastRelax: CMD: accept_to_best  -1140.25  3.10639  3.10639  0.55
protocols.relax.FastRelax: CMD: endrepeat  -1140.25  3.10639  3.10639  0.55
protocols.relax.FastRelax: CMD: coord_cst_weight  81597.1  3.10639  3.10639  0.55
protocols.relax.FastRelax: CMD: scale:fa_rep  81239.8  3.10639  3.10639  0.022
core.pack.task: Packer task: initialize from command line() 
core.pack.pack_rotamers: built 7945 rotamers at 493 positions.
core.pack.interaction_graph.interaction_graph_factory: Instantiating DensePDInteractionGraph
protocols.relax.FastRelax: CMD: repack  81211.7  3.10639  3.10639  0.022
protocols.relax.FastRelax: CMD: scale:fa_rep  81219.5  3.10639  3.10639  0.02805
core.optimization.Minimizer: [ WARNING ] LBFGS MAX CYCLES 2000 EXCEEDED, BUT FUNC NOT CONVERGED!
protocols.relax.FastRelax: CMD: min  -1239.54  0.210147  0.210147  0.02805
protocols.relax.FastRelax: CMD: coord_cst_weight  -1331.64  0.210147  0.210147  0.02805
protocols.relax.FastRelax: CMD: scale:fa_rep  -986.326  0.210147  0.210147  0.14575
core.pack.task: Packer task: initialize from command line() 
core.pack.pack_rotamers: built 7451 rotamers at 493 positions.
core.pack.interaction_graph.interaction_graph_factory: Instantiating DensePDInteractionGraph
protocols.relax.FastRelax: CMD: repack  -1040.74  0.210147  0.210147  0.14575
protocols.relax.FastRelax: CMD: scale:fa_rep  -1019.95  0.210147  0.210147  0.154
protocols.relax.FastRelax: CMD: min  -1176.84  0.249796  0.249796  0.154
protocols.relax.FastRelax: CMD: coord_cst_weight  -1309.32  0.249796  0.249796  0.154
protocols.relax.FastRelax: CMD: scale:fa_rep  -1117.57  0.249796  0.249796  0.30745
core.pack.task: Packer task: initialize from command line() 
core.pack.pack_rotamers: built 7242 rotamers at 493 positions.
core.pack.interaction_graph.interaction_graph_factory: Instantiating DensePDInteractionGraph
protocols.relax.FastRelax: CMD: repack  -1117.97  0.249796  0.249796  0.30745
protocols.relax.FastRelax: CMD: scale:fa_rep  -1103.01  0.249796  0.249796  0.31955
protocols.relax.FastRelax: CMD: min  -1296.44  2.37193  2.37193  0.31955
protocols.relax.FastRelax: CMD: coord_cst_weight  -1296.44  2.37193  2.37193  0.31955
protocols.relax.FastRelax: CMD: scale:fa_rep  -1073.2  2.37193  2.37193  0.55
core.pack.task: Packer task: initialize from command line() 
core.pack.pack_rotamers: built 6972 rotamers at 493 positions.
core.pack.interaction_graph.interaction_graph_factory: Instantiating DensePDInteractionGraph
protocols.relax.FastRelax: CMD: repack  -1064.68  2.37193  2.37193  0.55
protocols.relax.FastRelax: CMD: min  -1127.99  2.80293  2.80293  0.55
protocols.relax.FastRelax: MRP: 6  -1127.99  -1140.25  3.10639  3.10639  
protocols.relax.FastRelax: CMD: accept_to_best  -1127.99  2.80293  2.80293  0.55
protocols.relax.FastRelax: CMD: endrepeat  -1127.99  2.80293  2.80293  0.55
protocols.relax.FastRelax: CMD: coord_cst_weight  57918.7  2.80293  2.80293  0.55
protocols.relax.FastRelax: CMD: scale:fa_rep  57565  2.80293  2.80293  0.022
core.pack.task: Packer task: initialize from command line() 
core.pack.pack_rotamers: built 7881 rotamers at 493 positions.
core.pack.interaction_graph.interaction_graph_factory: Instantiating DensePDInteractionGraph
protocols.relax.FastRelax: CMD: repack  57543.3  2.80293  2.80293  0.022
protocols.relax.FastRelax: CMD: scale:fa_rep  57552.2  2.80293  2.80293  0.02805
core.optimization.Minimizer: [ WARNING ] LBFGS MAX CYCLES 2000 EXCEEDED, BUT FUNC NOT CONVERGED!
protocols.relax.FastRelax: CMD: min  -1266.89  0.197569  0.197569  0.02805
protocols.relax.FastRelax: CMD: coord_cst_weight  -1352.87  0.197569  0.197569  0.02805
protocols.relax.FastRelax: CMD: scale:fa_rep  -1004.88  0.197569  0.197569  0.14575
core.pack.task: Packer task: initialize from command line() 
core.pack.pack_rotamers: built 7387 rotamers at 493 positions.
core.pack.interaction_graph.interaction_graph_factory: Instantiating DensePDInteractionGraph
protocols.relax.FastRelax: CMD: repack  -1038.08  0.197569  0.197569  0.14575
protocols.relax.FastRelax: CMD: scale:fa_rep  -1017.36  0.197569  0.197569  0.154
protocols.relax.FastRelax: CMD: min  -1179.92  0.247911  0.247911  0.154
protocols.relax.FastRelax: CMD: coord_cst_weight  -1313.06  0.247911  0.247911  0.154
protocols.relax.FastRelax: CMD: scale:fa_rep  -1122.11  0.247911  0.247911  0.30745
core.pack.task: Packer task: initialize from command line() 
core.pack.pack_rotamers: built 7233 rotamers at 493 positions.
core.pack.interaction_graph.interaction_graph_factory: Instantiating DensePDInteractionGraph
protocols.relax.FastRelax: CMD: repack  -1122.74  0.247911  0.247911  0.30745
protocols.relax.FastRelax: CMD: scale:fa_rep  -1107.84  0.247911  0.247911  0.31955
protocols.relax.FastRelax: CMD: min  -1296.49  2.40514  2.40514  0.31955
protocols.relax.FastRelax: CMD: coord_cst_weight  -1296.49  2.40514  2.40514  0.31955
protocols.relax.FastRelax: CMD: scale:fa_rep  -1073.29  2.40514  2.40514  0.55
core.pack.task: Packer task: initialize from command line() 
core.pack.pack_rotamers: built 7045 rotamers at 493 positions.
core.pack.interaction_graph.interaction_graph_factory: Instantiating DensePDInteractionGraph
protocols.relax.FastRelax: CMD: repack  -1075.16  2.40514  2.40514  0.55
protocols.relax.FastRelax: CMD: min  -1134.15  2.82443  2.82443  0.55
protocols.relax.FastRelax: MRP: 7  -1134.15  -1140.25  3.10639  3.10639  
protocols.relax.FastRelax: CMD: accept_to_best  -1134.15  2.82443  2.82443  0.55
protocols.relax.FastRelax: CMD: endrepeat  -1134.15  2.82443  2.82443  0.55
protocols.relax.FastRelax: CMD: coord_cst_weight  58162.2  2.82443  2.82443  0.55
protocols.relax.FastRelax: CMD: scale:fa_rep  57808.7  2.82443  2.82443  0.022
core.pack.task: Packer task: initialize from command line() 
core.pack.pack_rotamers: built 7932 rotamers at 493 positions.
core.pack.interaction_graph.interaction_graph_factory: Instantiating DensePDInteractionGraph
protocols.relax.FastRelax: CMD: repack  57779.9  2.82443  2.82443  0.022
protocols.relax.FastRelax: CMD: scale:fa_rep  57787.3  2.82443  2.82443  0.02805
core.optimization.Minimizer: [ WARNING ] LBFGS MAX CYCLES 2000 EXCEEDED, BUT FUNC NOT CONVERGED!
protocols.relax.FastRelax: CMD: min  -1274.99  0.203197  0.203197  0.02805
protocols.relax.FastRelax: CMD: coord_cst_weight  -1363.26  0.203197  0.203197  0.02805
protocols.relax.FastRelax: CMD: scale:fa_rep  -1017.12  0.203197  0.203197  0.14575
core.pack.task: Packer task: initialize from command line() 
core.pack.pack_rotamers: built 7450 rotamers at 493 positions.
core.pack.interaction_graph.interaction_graph_factory: Instantiating DensePDInteractionGraph
protocols.relax.FastRelax: CMD: repack  -1038.46  0.203197  0.203197  0.14575
protocols.relax.FastRelax: CMD: scale:fa_rep  -1016.72  0.203197  0.203197  0.154
protocols.relax.FastRelax: CMD: min  -1180.52  0.250583  0.250583  0.154
protocols.relax.FastRelax: CMD: coord_cst_weight  -1314.41  0.250583  0.250583  0.154
protocols.relax.FastRelax: CMD: scale:fa_rep  -1118.57  0.250583  0.250583  0.30745
core.pack.task: Packer task: initialize from command line() 
core.pack.pack_rotamers: built 7263 rotamers at 493 positions.
core.pack.interaction_graph.interaction_graph_factory: Instantiating DensePDInteractionGraph
protocols.relax.FastRelax: CMD: repack  -1113.83  0.250583  0.250583  0.30745
protocols.relax.FastRelax: CMD: scale:fa_rep  -1098.52  0.250583  0.250583  0.31955
protocols.relax.FastRelax: CMD: min  -1307.1  2.44342  2.44342  0.31955
protocols.relax.FastRelax: CMD: coord_cst_weight  -1307.1  2.44342  2.44342  0.31955
protocols.relax.FastRelax: CMD: scale:fa_rep  -1083.49  2.44342  2.44342  0.55
core.pack.task: Packer task: initialize from command line() 
core.pack.pack_rotamers: built 6997 rotamers at 493 positions.
core.pack.interaction_graph.interaction_graph_factory: Instantiating DensePDInteractionGraph
protocols.relax.FastRelax: CMD: repack  -1084.76  2.44342  2.44342  0.55
protocols.relax.FastRelax: CMD: min  -1130.94  2.70855  2.70855  0.55
protocols.relax.FastRelax: MRP: 8  -1130.94  -1140.25  3.10639  3.10639  
protocols.relax.FastRelax: CMD: accept_to_best  -1130.94  2.70855  2.70855  0.55
protocols.relax.FastRelax: CMD: endrepeat  -1130.94  2.70855  2.70855  0.55
protocols.relax.FastRelax: CMD: coord_cst_weight  60071.8  2.70855  2.70855  0.55
protocols.relax.FastRelax: CMD: scale:fa_rep  59714.5  2.70855  2.70855  0.022
core.pack.task: Packer task: initialize from command line() 
core.pack.pack_rotamers: built 7841 rotamers at 493 positions.
core.pack.interaction_graph.interaction_graph_factory: Instantiating DensePDInteractionGraph
protocols.relax.FastRelax: CMD: repack  59699.9  2.70855  2.70855  0.022
protocols.relax.FastRelax: CMD: scale:fa_rep  59709.7  2.70855  2.70855  0.02805
core.optimization.Minimizer: [ WARNING ] LBFGS MAX CYCLES 2000 EXCEEDED, BUT FUNC NOT CONVERGED!
protocols.relax.FastRelax: CMD: min  -1270.85  0.201153  0.201153  0.02805
protocols.relax.FastRelax: CMD: coord_cst_weight  -1356.64  0.201153  0.201153  0.02805
protocols.relax.FastRelax: CMD: scale:fa_rep  -998.7  0.201153  0.201153  0.14575
core.pack.task: Packer task: initialize from command line() 
core.pack.pack_rotamers: built 7390 rotamers at 493 positions.
core.pack.interaction_graph.interaction_graph_factory: Instantiating DensePDInteractionGraph
protocols.relax.FastRelax: CMD: repack  -1033.02  0.201153  0.201153  0.14575
protocols.relax.FastRelax: CMD: scale:fa_rep  -1012.55  0.201153  0.201153  0.154
protocols.relax.FastRelax: CMD: min  -1172.25  0.250156  0.250156  0.154
protocols.relax.FastRelax: CMD: coord_cst_weight  -1305.85  0.250156  0.250156  0.154
protocols.relax.FastRelax: CMD: scale:fa_rep  -1114.95  0.250156  0.250156  0.30745
core.pack.task: Packer task: initialize from command line() 
core.pack.pack_rotamers: built 7270 rotamers at 493 positions.
core.pack.interaction_graph.interaction_graph_factory: Instantiating DensePDInteractionGraph
protocols.relax.FastRelax: CMD: repack  -1111.78  0.250156  0.250156  0.30745
protocols.relax.FastRelax: CMD: scale:fa_rep  -1096.94  0.250156  0.250156  0.31955
protocols.relax.FastRelax: CMD: min  -1296.72  2.12347  2.12347  0.31955
protocols.relax.FastRelax: CMD: coord_cst_weight  -1296.72  2.12347  2.12347  0.31955
protocols.relax.FastRelax: CMD: scale:fa_rep  -1074.93  2.12347  2.12347  0.55
core.pack.task: Packer task: initialize from command line() 
core.pack.pack_rotamers: built 7014 rotamers at 493 positions.
core.pack.interaction_graph.interaction_graph_factory: Instantiating DensePDInteractionGraph
protocols.relax.FastRelax: CMD: repack  -1076.38  2.12347  2.12347  0.55
protocols.relax.FastRelax: CMD: min  -1116.72  2.12493  2.12493  0.55
protocols.relax.FastRelax: MRP: 9  -1116.72  -1140.25  3.10639  3.10639  
protocols.relax.FastRelax: CMD: accept_to_best  -1116.72  2.12493  2.12493  0.55
protocols.relax.FastRelax: CMD: endrepeat  -1116.72  2.12493  2.12493  0.55
protocols.relax.FastRelax: CMD: coord_cst_weight  39029.1  2.12493  2.12493  0.55
protocols.relax.FastRelax: CMD: scale:fa_rep  38668.7  2.12493  2.12493  0.022
core.pack.task: Packer task: initialize from command line() 
core.pack.pack_rotamers: built 7897 rotamers at 493 positions.
core.pack.interaction_graph.interaction_graph_factory: Instantiating DensePDInteractionGraph
protocols.relax.FastRelax: CMD: repack  38644.9  2.12493  2.12493  0.022
protocols.relax.FastRelax: CMD: scale:fa_rep  38656.5  2.12493  2.12493  0.02805
core.optimization.Minimizer: [ WARNING ] LBFGS MAX CYCLES 2000 EXCEEDED, BUT FUNC NOT CONVERGED!
protocols.relax.FastRelax: CMD: min  -1286.27  0.202049  0.202049  0.02805
protocols.relax.FastRelax: CMD: coord_cst_weight  -1371.73  0.202049  0.202049  0.02805
protocols.relax.FastRelax: CMD: scale:fa_rep  -1007.04  0.202049  0.202049  0.14575
core.pack.task: Packer task: initialize from command line() 
core.pack.pack_rotamers: built 7380 rotamers at 493 positions.
core.pack.interaction_graph.interaction_graph_factory: Instantiating DensePDInteractionGraph
protocols.relax.FastRelax: CMD: repack  -1038.56  0.202049  0.202049  0.14575
protocols.relax.FastRelax: CMD: scale:fa_rep  -1017.31  0.202049  0.202049  0.154
protocols.relax.FastRelax: CMD: min  -1179.7  0.251369  0.251369  0.154
protocols.relax.FastRelax: CMD: coord_cst_weight  -1311.6  0.251369  0.251369  0.154
protocols.relax.FastRelax: CMD: scale:fa_rep  -1120.26  0.251369  0.251369  0.30745
core.pack.task: Packer task: initialize from command line() 
core.pack.pack_rotamers: built 7177 rotamers at 493 positions.
core.pack.interaction_graph.interaction_graph_factory: Instantiating DensePDInteractionGraph
protocols.relax.FastRelax: CMD: repack  -1112.23  0.251369  0.251369  0.30745
protocols.relax.FastRelax: CMD: scale:fa_rep  -1097.25  0.251369  0.251369  0.31955
protocols.relax.FastRelax: CMD: min  -1296.82  2.30885  2.30885  0.31955
protocols.relax.FastRelax: CMD: coord_cst_weight  -1296.82  2.30885  2.30885  0.31955
protocols.relax.FastRelax: CMD: scale:fa_rep  -1073.64  2.30885  2.30885  0.55
core.pack.task: Packer task: initialize from command line() 
core.pack.pack_rotamers: built 7003 rotamers at 493 positions.
core.pack.interaction_graph.interaction_graph_factory: Instantiating DensePDInteractionGraph
protocols.relax.FastRelax: CMD: repack  -1077.61  2.30885  2.30885  0.55
protocols.relax.FastRelax: CMD: min  -1138.17  2.6976  2.6976  0.55
protocols.relax.FastRelax: MRP: 10  -1138.17  -1140.25  3.10639  3.10639  
protocols.relax.FastRelax: CMD: accept_to_best  -1138.17  2.6976  2.6976  0.55
protocols.relax.FastRelax: CMD: endrepeat  -1138.17  2.6976  2.6976  0.55
protocols.relax.FastRelax: CMD: coord_cst_weight  53033.1  2.6976  2.6976  0.55
protocols.relax.FastRelax: CMD: scale:fa_rep  52680.3  2.6976  2.6976  0.022
core.pack.task: Packer task: initialize from command line() 
core.pack.pack_rotamers: built 7828 rotamers at 493 positions.
core.pack.interaction_graph.interaction_graph_factory: Instantiating DensePDInteractionGraph
protocols.relax.FastRelax: CMD: repack  52657.2  2.6976  2.6976  0.022
protocols.relax.FastRelax: CMD: scale:fa_rep  52666  2.6976  2.6976  0.02805
core.optimization.Minimizer: [ WARNING ] LBFGS MAX CYCLES 2000 EXCEEDED, BUT FUNC NOT CONVERGED!
protocols.relax.FastRelax: CMD: min  -1281.76  0.200156  0.200156  0.02805
protocols.relax.FastRelax: CMD: coord_cst_weight  -1367.46  0.200156  0.200156  0.02805
protocols.relax.FastRelax: CMD: scale:fa_rep  -1013.61  0.200156  0.200156  0.14575
core.pack.task: Packer task: initialize from command line() 
core.pack.pack_rotamers: built 7397 rotamers at 493 positions.
core.pack.interaction_graph.interaction_graph_factory: Instantiating DensePDInteractionGraph
protocols.relax.FastRelax: CMD: repack  -1045.25  0.200156  0.200156  0.14575
protocols.relax.FastRelax: CMD: scale:fa_rep  -1024.38  0.200156  0.200156  0.154
protocols.relax.FastRelax: CMD: min  -1185.88  0.251782  0.251782  0.154
protocols.relax.FastRelax: CMD: coord_cst_weight  -1319.46  0.251782  0.251782  0.154
protocols.relax.FastRelax: CMD: scale:fa_rep  -1128.05  0.251782  0.251782  0.30745
core.pack.task: Packer task: initialize from command line() 
core.pack.pack_rotamers: built 7247 rotamers at 493 positions.
core.pack.interaction_graph.interaction_graph_factory: Instantiating DensePDInteractionGraph
protocols.relax.FastRelax: CMD: repack  -1128.62  0.251782  0.251782  0.30745
protocols.relax.FastRelax: CMD: scale:fa_rep  -1113.73  0.251782  0.251782  0.31955
protocols.relax.FastRelax: CMD: min  -1300.98  2.12361  2.12361  0.31955
protocols.relax.FastRelax: CMD: coord_cst_weight  -1300.98  2.12361  2.12361  0.31955
protocols.relax.FastRelax: CMD: scale:fa_rep  -1077.08  2.12361  2.12361  0.55
core.pack.task: Packer task: initialize from command line() 
core.pack.pack_rotamers: built 7002 rotamers at 493 positions.
core.pack.interaction_graph.interaction_graph_factory: Instantiating DensePDInteractionGraph
protocols.relax.FastRelax: CMD: repack  -1067.53  2.12361  2.12361  0.55
protocols.relax.FastRelax: CMD: min  -1129.43  2.44843  2.44843  0.55
protocols.relax.FastRelax: MRP: 11  -1129.43  -1140.25  3.10639  3.10639  
protocols.relax.FastRelax: CMD: accept_to_best  -1129.43  2.44843  2.44843  0.55
protocols.relax.FastRelax: CMD: endrepeat  -1129.43  2.44843  2.44843  0.55
protocols.relax.FastRelax: CMD: coord_cst_weight  45469.8  2.44843  2.44843  0.55
protocols.relax.FastRelax: CMD: scale:fa_rep  45113.9  2.44843  2.44843  0.022
core.pack.task: Packer task: initialize from command line() 
core.pack.pack_rotamers: built 7836 rotamers at 493 positions.
core.pack.interaction_graph.interaction_graph_factory: Instantiating DensePDInteractionGraph
protocols.relax.FastRelax: CMD: repack  45080.4  2.44843  2.44843  0.022
protocols.relax.FastRelax: CMD: scale:fa_rep  45088.1  2.44843  2.44843  0.02805
core.optimization.Minimizer: [ WARNING ] LBFGS MAX CYCLES 2000 EXCEEDED, BUT FUNC NOT CONVERGED!
protocols.relax.FastRelax: CMD: min  -1293.57  0.197942  0.197942  0.02805
protocols.relax.FastRelax: CMD: coord_cst_weight  -1377.93  0.197942  0.197942  0.02805
protocols.relax.FastRelax: CMD: scale:fa_rep  -1030.03  0.197942  0.197942  0.14575
core.pack.task: Packer task: initialize from command line() 
core.pack.pack_rotamers: built 7404 rotamers at 493 positions.
core.pack.interaction_graph.interaction_graph_factory: Instantiating DensePDInteractionGraph
protocols.relax.FastRelax: CMD: repack  -1051.62  0.197942  0.197942  0.14575
protocols.relax.FastRelax: CMD: scale:fa_rep  -1030.99  0.197942  0.197942  0.154
protocols.relax.FastRelax: CMD: min  -1184.66  0.246591  0.246591  0.154
protocols.relax.FastRelax: CMD: coord_cst_weight  -1314.9  0.246591  0.246591  0.154
protocols.relax.FastRelax: CMD: scale:fa_rep  -1123.58  0.246591  0.246591  0.30745
core.pack.task: Packer task: initialize from command line() 
core.pack.pack_rotamers: built 7242 rotamers at 493 positions.
core.pack.interaction_graph.interaction_graph_factory: Instantiating DensePDInteractionGraph
protocols.relax.FastRelax: CMD: repack  -1124.98  0.246591  0.246591  0.30745
protocols.relax.FastRelax: CMD: scale:fa_rep  -1110.08  0.246591  0.246591  0.31955
protocols.relax.FastRelax: CMD: min  -1297.67  2.04665  2.04665  0.31955
protocols.relax.FastRelax: CMD: coord_cst_weight  -1297.67  2.04665  2.04665  0.31955
protocols.relax.FastRelax: CMD: scale:fa_rep  -1074.16  2.04665  2.04665  0.55
core.pack.task: Packer task: initialize from command line() 
core.pack.pack_rotamers: built 6970 rotamers at 493 positions.
core.pack.interaction_graph.interaction_graph_factory: Instantiating DensePDInteractionGraph
protocols.relax.FastRelax: CMD: repack  -1076.81  2.04665  2.04665  0.55
protocols.relax.FastRelax: CMD: min  -1134.46  2.50354  2.50354  0.55
protocols.relax.FastRelax: MRP: 12  -1134.46  -1140.25  3.10639  3.10639  
protocols.relax.FastRelax: CMD: accept_to_best  -1134.46  2.50354  2.50354  0.55
protocols.relax.FastRelax: CMD: endrepeat  -1134.46  2.50354  2.50354  0.55
protocols.relax.FastRelax: CMD: coord_cst_weight  49585.2  2.50354  2.50354  0.55
protocols.relax.FastRelax: CMD: scale:fa_rep  49233  2.50354  2.50354  0.022
core.pack.task: Packer task: initialize from command line() 
core.pack.pack_rotamers: built 7818 rotamers at 493 positions.
core.pack.interaction_graph.interaction_graph_factory: Instantiating DensePDInteractionGraph
protocols.relax.FastRelax: CMD: repack  49201  2.50354  2.50354  0.022
protocols.relax.FastRelax: CMD: scale:fa_rep  49209.2  2.50354  2.50354  0.02805
core.optimization.Minimizer: [ WARNING ] LBFGS MAX CYCLES 2000 EXCEEDED, BUT FUNC NOT CONVERGED!
protocols.relax.FastRelax: CMD: min  -1295.21  0.198999  0.198999  0.02805
protocols.relax.FastRelax: CMD: coord_cst_weight  -1379.95  0.198999  0.198999  0.02805
protocols.relax.FastRelax: CMD: scale:fa_rep  -1030.44  0.198999  0.198999  0.14575
core.pack.task: Packer task: initialize from command line() 
core.pack.pack_rotamers: built 7451 rotamers at 493 positions.
core.pack.interaction_graph.interaction_graph_factory: Instantiating DensePDInteractionGraph
protocols.relax.FastRelax: CMD: repack  -1058.82  0.198999  0.198999  0.14575
protocols.relax.FastRelax: CMD: scale:fa_rep  -1038.27  0.198999  0.198999  0.154
protocols.relax.FastRelax: CMD: min  -1186.46  0.246386  0.246386  0.154
protocols.relax.FastRelax: CMD: coord_cst_weight  -1315.49  0.246386  0.246386  0.154
protocols.relax.FastRelax: CMD: scale:fa_rep  -1122.76  0.246386  0.246386  0.30745
core.pack.task: Packer task: initialize from command line() 
core.pack.pack_rotamers: built 7209 rotamers at 493 positions.
core.pack.interaction_graph.interaction_graph_factory: Instantiating DensePDInteractionGraph
protocols.relax.FastRelax: CMD: repack  -1124.43  0.246386  0.246386  0.30745
protocols.relax.FastRelax: CMD: scale:fa_rep  -1109.52  0.246386  0.246386  0.31955
protocols.relax.FastRelax: CMD: min  -1304.6  2.095  2.095  0.31955
protocols.relax.FastRelax: CMD: coord_cst_weight  -1304.6  2.095  2.095  0.31955
protocols.relax.FastRelax: CMD: scale:fa_rep  -1082.11  2.095  2.095  0.55
core.pack.task: Packer task: initialize from command line() 
core.pack.pack_rotamers: built 6988 rotamers at 493 positions.
core.pack.interaction_graph.interaction_graph_factory: Instantiating DensePDInteractionGraph
protocols.relax.FastRelax: CMD: repack  -1083.38  2.095  2.095  0.55
protocols.relax.FastRelax: CMD: min  -1125.42  2.25978  2.25978  0.55
protocols.relax.FastRelax: MRP: 13  -1125.42  -1140.25  3.10639  3.10639  
protocols.relax.FastRelax: CMD: accept_to_best  -1125.42  2.25978  2.25978  0.55
protocols.relax.FastRelax: CMD: endrepeat  -1125.42  2.25978  2.25978  0.55
protocols.relax.FastRelax: CMD: coord_cst_weight  41736.5  2.25978  2.25978  0.55
protocols.relax.FastRelax: CMD: scale:fa_rep  41378.4  2.25978  2.25978  0.022
core.pack.task: Packer task: initialize from command line() 
core.pack.pack_rotamers: built 7810 rotamers at 493 positions.
core.pack.interaction_graph.interaction_graph_factory: Instantiating DensePDInteractionGraph
protocols.relax.FastRelax: CMD: repack  41349.6  2.25978  2.25978  0.022
protocols.relax.FastRelax: CMD: scale:fa_rep  41358.6  2.25978  2.25978  0.02805
core.optimization.Minimizer: [ WARNING ] LBFGS MAX CYCLES 2000 EXCEEDED, BUT FUNC NOT CONVERGED!
protocols.relax.FastRelax: CMD: min  -1294.48  0.198209  0.198209  0.02805
protocols.relax.FastRelax: CMD: coord_cst_weight  -1378.5  0.198209  0.198209  0.02805
protocols.relax.FastRelax: CMD: scale:fa_rep  -1029.73  0.198209  0.198209  0.14575
core.pack.task: Packer task: initialize from command line() 
core.pack.pack_rotamers: built 7453 rotamers at 493 positions.
core.pack.interaction_graph.interaction_graph_factory: Instantiating DensePDInteractionGraph
protocols.relax.FastRelax: CMD: repack  -1057.98  0.198209  0.198209  0.14575
protocols.relax.FastRelax: CMD: scale:fa_rep  -1037.03  0.198209  0.198209  0.154
protocols.relax.FastRelax: CMD: min  -1185.48  0.247951  0.247951  0.154
protocols.relax.FastRelax: CMD: coord_cst_weight  -1316.34  0.247951  0.247951  0.154
protocols.relax.FastRelax: CMD: scale:fa_rep  -1124.02  0.247951  0.247951  0.30745
core.pack.task: Packer task: initialize from command line() 
core.pack.pack_rotamers: built 7251 rotamers at 493 positions.
core.pack.interaction_graph.interaction_graph_factory: Instantiating DensePDInteractionGraph
protocols.relax.FastRelax: CMD: repack  -1125.98  0.247951  0.247951  0.30745
protocols.relax.FastRelax: CMD: scale:fa_rep  -1111.11  0.247951  0.247951  0.31955
protocols.relax.FastRelax: CMD: min  -1309.74  2.14481  2.14481  0.31955
protocols.relax.FastRelax: CMD: coord_cst_weight  -1309.74  2.14481  2.14481  0.31955
protocols.relax.FastRelax: CMD: scale:fa_rep  -1089.62  2.14481  2.14481  0.55
core.pack.task: Packer task: initialize from command line() 
core.pack.pack_rotamers: built 7003 rotamers at 493 positions.
core.pack.interaction_graph.interaction_graph_factory: Instantiating DensePDInteractionGraph
protocols.relax.FastRelax: CMD: repack  -1092.97  2.14481  2.14481  0.55
protocols.relax.FastRelax: CMD: min  -1134.53  2.31799  2.31799  0.55
protocols.relax.FastRelax: MRP: 14  -1134.53  -1140.25  3.10639  3.10639  
protocols.relax.FastRelax: CMD: accept_to_best  -1134.53  2.31799  2.31799  0.55
protocols.relax.FastRelax: CMD: endrepeat  -1134.53  2.31799  2.31799  0.55
protocols::checkpoint: Deleting checkpoints of FastRelax
protocols.jd2.JobDistributor: PDE4B_modeller_11_0001 reported success in 12496 seconds
protocols.jd2.PDBJobInputter: PDBJobInputter::pose_from_job
protocols.jd2.PDBJobInputter: filling pose from saved copy ../1-loopmodel/PDE4B_modeller.pdb
protocols.relax.FastRelax: CMD: repeat  3311.98  0  0  0.55
protocols.relax.FastRelax: CMD: coord_cst_weight  3311.98  0  0  0.55
protocols.relax.FastRelax: CMD: scale:fa_rep  895.021  0  0  0.022
core.pack.task: Packer task: initialize from command line() 
core.pack.pack_rotamers: built 8348 rotamers at 493 positions.
core.pack.interaction_graph.interaction_graph_factory: Instantiating DensePDInteractionGraph
protocols.relax.FastRelax: CMD: repack  -845.88  0  0  0.022
protocols.relax.FastRelax: CMD: scale:fa_rep  -807.804  0  0  0.02805
core.optimization.Minimizer: [ WARNING ] LBFGS MAX CYCLES 2000 EXCEEDED, BUT FUNC NOT CONVERGED!
protocols.relax.FastRelax: CMD: min  -1266.81  0.154633  0.154633  0.02805
protocols.relax.FastRelax: CMD: coord_cst_weight  -1318  0.154633  0.154633  0.02805
protocols.relax.FastRelax: CMD: scale:fa_rep  -911.027  0.154633  0.154633  0.14575
core.pack.task: Packer task: initialize from command line() 
core.pack.pack_rotamers: built 7481 rotamers at 493 positions.
core.pack.interaction_graph.interaction_graph_factory: Instantiating DensePDInteractionGraph
protocols.relax.FastRelax: CMD: repack  -935.511  0.154633  0.154633  0.14575
protocols.relax.FastRelax: CMD: scale:fa_rep  -911.533  0.154633  0.154633  0.154
protocols.relax.FastRelax: CMD: min  -1120.98  0.216413  0.216413  0.154
protocols.relax.FastRelax: CMD: coord_cst_weight  -1219  0.216413  0.216413  0.154
protocols.relax.FastRelax: CMD: scale:fa_rep  -1021.19  0.216413  0.216413  0.30745
core.pack.task: Packer task: initialize from command line() 
core.pack.pack_rotamers: built 7286 rotamers at 493 positions.
core.pack.interaction_graph.interaction_graph_factory: Instantiating DensePDInteractionGraph
protocols.relax.FastRelax: CMD: repack  -1016.57  0.216413  0.216413  0.30745
protocols.relax.FastRelax: CMD: scale:fa_rep  -1000.98  0.216413  0.216413  0.31955
protocols.relax.FastRelax: CMD: min  -1212.04  2.64822  2.64822  0.31955
protocols.relax.FastRelax: CMD: coord_cst_weight  -1212.04  2.64822  2.64822  0.31955
protocols.relax.FastRelax: CMD: scale:fa_rep  -987.751  2.64822  2.64822  0.55
core.pack.task: Packer task: initialize from command line() 
core.pack.pack_rotamers: built 7064 rotamers at 493 positions.
core.pack.interaction_graph.interaction_graph_factory: Instantiating DensePDInteractionGraph
protocols.relax.FastRelax: CMD: repack  -997.76  2.64822  2.64822  0.55
protocols.relax.FastRelax: CMD: min  -1086.54  3.09865  3.09865  0.55
protocols.relax.FastRelax: MRP: 0  -1086.54  -1086.54  3.09865  3.09865  
protocols.relax.FastRelax: CMD: accept_to_best  -1086.54  3.09865  3.09865  0.55
protocols.relax.FastRelax: CMD: endrepeat  -1086.54  3.09865  3.09865  0.55
protocols.relax.FastRelax: CMD: coord_cst_weight  95519.9  3.09865  3.09865  0.55
protocols.relax.FastRelax: CMD: scale:fa_rep  95163.4  3.09865  3.09865  0.022
core.pack.task: Packer task: initialize from command line() 
core.pack.pack_rotamers: built 7903 rotamers at 493 positions.
core.pack.interaction_graph.interaction_graph_factory: Instantiating DensePDInteractionGraph
protocols.relax.FastRelax: CMD: repack  95142.6  3.09865  3.09865  0.022
protocols.relax.FastRelax: CMD: scale:fa_rep  95153.6  3.09865  3.09865  0.02805
core.optimization.Minimizer: [ WARNING ] LBFGS MAX CYCLES 2000 EXCEEDED, BUT FUNC NOT CONVERGED!
protocols.relax.FastRelax: CMD: min  -1259.77  0.186151  0.186151  0.02805
protocols.relax.FastRelax: CMD: coord_cst_weight  -1334.58  0.186151  0.186151  0.02805
protocols.relax.FastRelax: CMD: scale:fa_rep  -966.881  0.186151  0.186151  0.14575
core.pack.task: Packer task: initialize from command line() 
core.pack.pack_rotamers: built 7447 rotamers at 493 positions.
core.pack.interaction_graph.interaction_graph_factory: Instantiating DensePDInteractionGraph
protocols.relax.FastRelax: CMD: repack  -1011.52  0.186151  0.186151  0.14575
protocols.relax.FastRelax: CMD: scale:fa_rep  -990.209  0.186151  0.186151  0.154
protocols.relax.FastRelax: CMD: min  -1153.58  0.235898  0.235898  0.154
protocols.relax.FastRelax: CMD: coord_cst_weight  -1270.82  0.235898  0.235898  0.154
protocols.relax.FastRelax: CMD: scale:fa_rep  -1074.22  0.235898  0.235898  0.30745
core.pack.task: Packer task: initialize from command line() 
core.pack.pack_rotamers: built 7248 rotamers at 493 positions.
core.pack.interaction_graph.interaction_graph_factory: Instantiating DensePDInteractionGraph
protocols.relax.FastRelax: CMD: repack  -1075.11  0.235898  0.235898  0.30745
protocols.relax.FastRelax: CMD: scale:fa_rep  -1059.75  0.235898  0.235898  0.31955
protocols.relax.FastRelax: CMD: min  -1250.57  2.65379  2.65379  0.31955
protocols.relax.FastRelax: CMD: coord_cst_weight  -1250.57  2.65379  2.65379  0.31955
protocols.relax.FastRelax: CMD: scale:fa_rep  -1027.76  2.65379  2.65379  0.55
core.pack.task: Packer task: initialize from command line() 
core.pack.pack_rotamers: built 7051 rotamers at 493 positions.
core.pack.interaction_graph.interaction_graph_factory: Instantiating DensePDInteractionGraph
protocols.relax.FastRelax: CMD: repack  -1031.84  2.65379  2.65379  0.55
protocols.relax.FastRelax: CMD: min  -1091.53  3.10464  3.10464  0.55
protocols.relax.FastRelax: MRP: 1  -1091.53  -1091.53  3.10464  3.10464  
protocols.relax.FastRelax: CMD: accept_to_best  -1091.53  3.10464  3.10464  0.55
protocols.relax.FastRelax: CMD: endrepeat  -1091.53  3.10464  3.10464  0.55
protocols.relax.FastRelax: CMD: coord_cst_weight  67635.7  3.10464  3.10464  0.55
protocols.relax.FastRelax: CMD: scale:fa_rep  67279.3  3.10464  3.10464  0.022
core.pack.task: Packer task: initialize from command line() 
core.pack.pack_rotamers: built 7918 rotamers at 493 positions.
core.pack.interaction_graph.interaction_graph_factory: Instantiating DensePDInteractionGraph
protocols.relax.FastRelax: CMD: repack  67245.8  3.10464  3.10464  0.022
protocols.relax.FastRelax: CMD: scale:fa_rep  67253.9  3.10464  3.10464  0.02805
core.optimization.Minimizer: [ WARNING ] LBFGS MAX CYCLES 2000 EXCEEDED, BUT FUNC NOT CONVERGED!
protocols.relax.FastRelax: CMD: min  -1281.99  0.188617  0.188617  0.02805
protocols.relax.FastRelax: CMD: coord_cst_weight  -1357.52  0.188617  0.188617  0.02805
protocols.relax.FastRelax: CMD: scale:fa_rep  -1006.81  0.188617  0.188617  0.14575
core.pack.task: Packer task: initialize from command line() 
core.pack.pack_rotamers: built 7412 rotamers at 493 positions.
core.pack.interaction_graph.interaction_graph_factory: Instantiating DensePDInteractionGraph
protocols.relax.FastRelax: CMD: repack  -1032.26  0.188617  0.188617  0.14575
protocols.relax.FastRelax: CMD: scale:fa_rep  -1011.08  0.188617  0.188617  0.154
protocols.relax.FastRelax: CMD: min  -1167.35  0.239687  0.239687  0.154
protocols.relax.FastRelax: CMD: coord_cst_weight  -1288.22  0.239687  0.239687  0.154
protocols.relax.FastRelax: CMD: scale:fa_rep  -1094.09  0.239687  0.239687  0.30745
core.pack.task: Packer task: initialize from command line() 
core.pack.pack_rotamers: built 7274 rotamers at 493 positions.
core.pack.interaction_graph.interaction_graph_factory: Instantiating DensePDInteractionGraph
protocols.relax.FastRelax: CMD: repack  -1090.56  0.239687  0.239687  0.30745
protocols.relax.FastRelax: CMD: scale:fa_rep  -1075.46  0.239687  0.239687  0.31955
protocols.relax.FastRelax: CMD: min  -1264.46  2.31844  2.31844  0.31955
protocols.relax.FastRelax: CMD: coord_cst_weight  -1264.46  2.31844  2.31844  0.31955
protocols.relax.FastRelax: CMD: scale:fa_rep  -1041.14  2.31844  2.31844  0.55
core.pack.task: Packer task: initialize from command line() 
core.pack.pack_rotamers: built 6994 rotamers at 493 positions.
core.pack.interaction_graph.interaction_graph_factory: Instantiating DensePDInteractionGraph
protocols.relax.FastRelax: CMD: repack  -1044.21  2.31844  2.31844  0.55
protocols.relax.FastRelax: CMD: min  -1112.91  2.7448  2.7448  0.55
protocols.relax.FastRelax: MRP: 2  -1112.91  -1112.91  2.7448  2.7448  
protocols.relax.FastRelax: CMD: accept_to_best  -1112.91  2.7448  2.7448  0.55
protocols.relax.FastRelax: CMD: endrepeat  -1112.91  2.7448  2.7448  0.55
protocols.relax.FastRelax: CMD: coord_cst_weight  63862.3  2.7448  2.7448  0.55
protocols.relax.FastRelax: CMD: scale:fa_rep  63504.5  2.7448  2.7448  0.022
core.pack.task: Packer task: initialize from command line() 
core.pack.pack_rotamers: built 7865 rotamers at 493 positions.
core.pack.interaction_graph.interaction_graph_factory: Instantiating DensePDInteractionGraph
protocols.relax.FastRelax: CMD: repack  63474.7  2.7448  2.7448  0.022
protocols.relax.FastRelax: CMD: scale:fa_rep  63483.9  2.7448  2.7448  0.02805
core.optimization.Minimizer: [ WARNING ] LBFGS MAX CYCLES 2000 EXCEEDED, BUT FUNC NOT CONVERGED!
protocols.relax.FastRelax: CMD: min  -1268.98  0.198241  0.198241  0.02805
protocols.relax.FastRelax: CMD: coord_cst_weight  -1351.81  0.198241  0.198241  0.02805
protocols.relax.FastRelax: CMD: scale:fa_rep  -998.399  0.198241  0.198241  0.14575
core.pack.task: Packer task: initialize from command line() 
core.pack.pack_rotamers: built 7404 rotamers at 493 positions.
core.pack.interaction_graph.interaction_graph_factory: Instantiating DensePDInteractionGraph
protocols.relax.FastRelax: CMD: repack  -1022.22  0.198241  0.198241  0.14575
protocols.relax.FastRelax: CMD: scale:fa_rep  -1000.91  0.198241  0.198241  0.154
protocols.relax.FastRelax: CMD: min  -1161.89  0.247292  0.247292  0.154
protocols.relax.FastRelax: CMD: coord_cst_weight  -1289.42  0.247292  0.247292  0.154
protocols.relax.FastRelax: CMD: scale:fa_rep  -1095.79  0.247292  0.247292  0.30745
core.pack.task: Packer task: initialize from command line() 
core.pack.pack_rotamers: built 7159 rotamers at 493 positions.
core.pack.interaction_graph.interaction_graph_factory: Instantiating DensePDInteractionGraph
protocols.relax.FastRelax: CMD: repack  -1097.39  0.247292  0.247292  0.30745
protocols.relax.FastRelax: CMD: scale:fa_rep  -1082.37  0.247292  0.247292  0.31955
protocols.relax.FastRelax: CMD: min  -1287.03  2.67815  2.67815  0.31955
protocols.relax.FastRelax: CMD: coord_cst_weight  -1287.03  2.67815  2.67815  0.31955
protocols.relax.FastRelax: CMD: scale:fa_rep  -1064.53  2.67815  2.67815  0.55
core.pack.task: Packer task: initialize from command line() 
core.pack.pack_rotamers: built 7037 rotamers at 493 positions.
core.pack.interaction_graph.interaction_graph_factory: Instantiating DensePDInteractionGraph
protocols.relax.FastRelax: CMD: repack  -1067.96  2.67815  2.67815  0.55
protocols.relax.FastRelax: CMD: min  -1126.28  3.15659  3.15659  0.55
protocols.relax.FastRelax: MRP: 3  -1126.28  -1126.28  3.15659  3.15659  
protocols.relax.FastRelax: CMD: accept_to_best  -1126.28  3.15659  3.15659  0.55
protocols.relax.FastRelax: CMD: endrepeat  -1126.28  3.15659  3.15659  0.55
protocols.relax.FastRelax: CMD: coord_cst_weight  84875.8  3.15659  3.15659  0.55
protocols.relax.FastRelax: CMD: scale:fa_rep  84515.4  3.15659  3.15659  0.022
core.pack.task: Packer task: initialize from command line() 
core.pack.pack_rotamers: built 7891 rotamers at 493 positions.
core.pack.interaction_graph.interaction_graph_factory: Instantiating DensePDInteractionGraph
protocols.relax.FastRelax: CMD: repack  84484  3.15659  3.15659  0.022
protocols.relax.FastRelax: CMD: scale:fa_rep  84493.2  3.15659  3.15659  0.02805
core.optimization.Minimizer: [ WARNING ] LBFGS MAX CYCLES 2000 EXCEEDED, BUT FUNC NOT CONVERGED!
protocols.relax.FastRelax: CMD: min  -1268.6  0.198263  0.198263  0.02805
protocols.relax.FastRelax: CMD: coord_cst_weight  -1352.66  0.198263  0.198263  0.02805
protocols.relax.FastRelax: CMD: scale:fa_rep  -1003.18  0.198263  0.198263  0.14575
core.pack.task: Packer task: initialize from command line() 
core.pack.pack_rotamers: built 7318 rotamers at 493 positions.
core.pack.interaction_graph.interaction_graph_factory: Instantiating DensePDInteractionGraph
protocols.relax.FastRelax: CMD: repack  -1031.58  0.198263  0.198263  0.14575
protocols.relax.FastRelax: CMD: scale:fa_rep  -1010.06  0.198263  0.198263  0.154
protocols.relax.FastRelax: CMD: min  -1174.1  0.248471  0.248471  0.154
protocols.relax.FastRelax: CMD: coord_cst_weight  -1303.94  0.248471  0.248471  0.154
protocols.relax.FastRelax: CMD: scale:fa_rep  -1111.32  0.248471  0.248471  0.30745
core.pack.task: Packer task: initialize from command line() 
core.pack.pack_rotamers: built 7133 rotamers at 493 positions.
core.pack.interaction_graph.interaction_graph_factory: Instantiating DensePDInteractionGraph
protocols.relax.FastRelax: CMD: repack  -1112.43  0.248471  0.248471  0.30745
protocols.relax.FastRelax: CMD: scale:fa_rep  -1097.4  0.248471  0.248471  0.31955
protocols.relax.FastRelax: CMD: min  -1296.43  3.06716  3.06716  0.31955
protocols.relax.FastRelax: CMD: coord_cst_weight  -1296.43  3.06716  3.06716  0.31955
protocols.relax.FastRelax: CMD: scale:fa_rep  -1073.93  3.06716  3.06716  0.55
core.pack.task: Packer task: initialize from command line() 
core.pack.pack_rotamers: built 7012 rotamers at 493 positions.
core.pack.interaction_graph.interaction_graph_factory: Instantiating DensePDInteractionGraph
protocols.relax.FastRelax: CMD: repack  -1073.25  3.06716  3.06716  0.55
protocols.relax.FastRelax: CMD: min  -1146.94  3.28082  3.28082  0.55
protocols.relax.FastRelax: MRP: 4  -1146.94  -1146.94  3.28082  3.28082  
protocols.relax.FastRelax: CMD: accept_to_best  -1146.94  3.28082  3.28082  0.55
protocols.relax.FastRelax: CMD: endrepeat  -1146.94  3.28082  3.28082  0.55
protocols.relax.FastRelax: CMD: coord_cst_weight  92492.2  3.28082  3.28082  0.55
protocols.relax.FastRelax: CMD: scale:fa_rep  92131.3  3.28082  3.28082  0.022
core.pack.task: Packer task: initialize from command line() 
core.pack.pack_rotamers: built 7894 rotamers at 493 positions.
core.pack.interaction_graph.interaction_graph_factory: Instantiating DensePDInteractionGraph
protocols.relax.FastRelax: CMD: repack  92103.2  3.28082  3.28082  0.022
protocols.relax.FastRelax: CMD: scale:fa_rep  92111.7  3.28082  3.28082  0.02805
core.optimization.Minimizer: [ WARNING ] LBFGS MAX CYCLES 2000 EXCEEDED, BUT FUNC NOT CONVERGED!
protocols.relax.FastRelax: CMD: min  -1280.71  0.201155  0.201155  0.02805
protocols.relax.FastRelax: CMD: coord_cst_weight  -1367.3  0.201155  0.201155  0.02805
protocols.relax.FastRelax: CMD: scale:fa_rep  -1019.44  0.201155  0.201155  0.14575
core.pack.task: Packer task: initialize from command line() 
core.pack.pack_rotamers: built 7271 rotamers at 493 positions.
core.pack.interaction_graph.interaction_graph_factory: Instantiating DensePDInteractionGraph
protocols.relax.FastRelax: CMD: repack  -1040.91  0.201155  0.201155  0.14575
protocols.relax.FastRelax: CMD: scale:fa_rep  -1019.78  0.201155  0.201155  0.154
protocols.relax.FastRelax: CMD: min  -1174.56  0.246192  0.246192  0.154
protocols.relax.FastRelax: CMD: coord_cst_weight  -1303.08  0.246192  0.246192  0.154
protocols.relax.FastRelax: CMD: scale:fa_rep  -1110.09  0.246192  0.246192  0.30745
core.pack.task: Packer task: initialize from command line() 
core.pack.pack_rotamers: built 7161 rotamers at 493 positions.
core.pack.interaction_graph.interaction_graph_factory: Instantiating DensePDInteractionGraph
protocols.relax.FastRelax: CMD: repack  -1110.92  0.246192  0.246192  0.30745
protocols.relax.FastRelax: CMD: scale:fa_rep  -1095.85  0.246192  0.246192  0.31955
protocols.relax.FastRelax: CMD: min  -1293.77  2.52588  2.52588  0.31955
protocols.relax.FastRelax: CMD: coord_cst_weight  -1293.77  2.52588  2.52588  0.31955
protocols.relax.FastRelax: CMD: scale:fa_rep  -1071.76  2.52588  2.52588  0.55
core.pack.task: Packer task: initialize from command line() 
core.pack.pack_rotamers: built 7039 rotamers at 493 positions.
core.pack.interaction_graph.interaction_graph_factory: Instantiating DensePDInteractionGraph
protocols.relax.FastRelax: CMD: repack  -1074.94  2.52588  2.52588  0.55
protocols.relax.FastRelax: CMD: min  -1140.31  3.20744  3.20744  0.55
protocols.relax.FastRelax: MRP: 5  -1140.31  -1146.94  3.28082  3.28082  
protocols.relax.FastRelax: CMD: accept_to_best  -1140.31  3.20744  3.20744  0.55
protocols.relax.FastRelax: CMD: endrepeat  -1140.31  3.20744  3.20744  0.55
protocols.relax.FastRelax: CMD: coord_cst_weight  87302.8  3.20744  3.20744  0.55
protocols.relax.FastRelax: CMD: scale:fa_rep  86942.5  3.20744  3.20744  0.022
core.pack.task: Packer task: initialize from command line() 
core.pack.pack_rotamers: built 7884 rotamers at 493 positions.
core.pack.interaction_graph.interaction_graph_factory: Instantiating DensePDInteractionGraph
protocols.relax.FastRelax: CMD: repack  86905.6  3.20744  3.20744  0.022
protocols.relax.FastRelax: CMD: scale:fa_rep  86913.5  3.20744  3.20744  0.02805
core.optimization.Minimizer: [ WARNING ] LBFGS MAX CYCLES 2000 EXCEEDED, BUT FUNC NOT CONVERGED!
protocols.relax.FastRelax: CMD: min  -1281.66  0.199421  0.199421  0.02805
protocols.relax.FastRelax: CMD: coord_cst_weight  -1367.71  0.199421  0.199421  0.02805
protocols.relax.FastRelax: CMD: scale:fa_rep  -1023.22  0.199421  0.199421  0.14575
core.pack.task: Packer task: initialize from command line() 
core.pack.pack_rotamers: built 7314 rotamers at 493 positions.
core.pack.interaction_graph.interaction_graph_factory: Instantiating DensePDInteractionGraph
protocols.relax.FastRelax: CMD: repack  -1044.37  0.199421  0.199421  0.14575
protocols.relax.FastRelax: CMD: scale:fa_rep  -1023.31  0.199421  0.199421  0.154
protocols.relax.FastRelax: CMD: min  -1178.57  0.24787  0.24787  0.154
protocols.relax.FastRelax: CMD: coord_cst_weight  -1309.08  0.24787  0.24787  0.154
protocols.relax.FastRelax: CMD: scale:fa_rep  -1117.08  0.24787  0.24787  0.30745
core.pack.task: Packer task: initialize from command line() 
core.pack.pack_rotamers: built 7145 rotamers at 493 positions.
core.pack.interaction_graph.interaction_graph_factory: Instantiating DensePDInteractionGraph
protocols.relax.FastRelax: CMD: repack  -1117.84  0.24787  0.24787  0.30745
protocols.relax.FastRelax: CMD: scale:fa_rep  -1102.84  0.24787  0.24787  0.31955
protocols.relax.FastRelax: CMD: min  -1305.03  2.76114  2.76114  0.31955
protocols.relax.FastRelax: CMD: coord_cst_weight  -1305.03  2.76114  2.76114  0.31955
protocols.relax.FastRelax: CMD: scale:fa_rep  -1083.26  2.76114  2.76114  0.55
core.pack.task: Packer task: initialize from command line() 
core.pack.pack_rotamers: built 7021 rotamers at 493 positions.
core.pack.interaction_graph.interaction_graph_factory: Instantiating DensePDInteractionGraph
protocols.relax.FastRelax: CMD: repack  -1081.35  2.76114  2.76114  0.55
protocols.relax.FastRelax: CMD: min  -1148  3.28669  3.28669  0.55
protocols.relax.FastRelax: MRP: 6  -1148  -1148  3.28669  3.28669  
protocols.relax.FastRelax: CMD: accept_to_best  -1148  3.28669  3.28669  0.55
protocols.relax.FastRelax: CMD: endrepeat  -1148  3.28669  3.28669  0.55
protocols.relax.FastRelax: CMD: coord_cst_weight  94837.9  3.28669  3.28669  0.55
protocols.relax.FastRelax: CMD: scale:fa_rep  94478.2  3.28669  3.28669  0.022
core.pack.task: Packer task: initialize from command line() 
core.pack.pack_rotamers: built 7868 rotamers at 493 positions.
core.pack.interaction_graph.interaction_graph_factory: Instantiating DensePDInteractionGraph
protocols.relax.FastRelax: CMD: repack  94462.4  3.28669  3.28669  0.022
protocols.relax.FastRelax: CMD: scale:fa_rep  94470.8  3.28669  3.28669  0.02805
core.optimization.Minimizer: [ WARNING ] LBFGS MAX CYCLES 2000 EXCEEDED, BUT FUNC NOT CONVERGED!
protocols.relax.FastRelax: CMD: min  -1269.47  0.195843  0.195843  0.02805
protocols.relax.FastRelax: CMD: coord_cst_weight  -1353.15  0.195843  0.195843  0.02805
protocols.relax.FastRelax: CMD: scale:fa_rep  -1008.23  0.195843  0.195843  0.14575
core.pack.task: Packer task: initialize from command line() 
core.pack.pack_rotamers: built 7326 rotamers at 493 positions.
core.pack.interaction_graph.interaction_graph_factory: Instantiating DensePDInteractionGraph
protocols.relax.FastRelax: CMD: repack  -1033.5  0.195843  0.195843  0.14575
protocols.relax.FastRelax: CMD: scale:fa_rep  -1012.77  0.195843  0.195843  0.154
protocols.relax.FastRelax: CMD: min  -1174.21  0.248487  0.248487  0.154
protocols.relax.FastRelax: CMD: coord_cst_weight  -1305.86  0.248487  0.248487  0.154
protocols.relax.FastRelax: CMD: scale:fa_rep  -1115.72  0.248487  0.248487  0.30745
core.pack.task: Packer task: initialize from command line() 
core.pack.pack_rotamers: built 7147 rotamers at 493 positions.
core.pack.interaction_graph.interaction_graph_factory: Instantiating DensePDInteractionGraph
protocols.relax.FastRelax: CMD: repack  -1116.34  0.248487  0.248487  0.30745
protocols.relax.FastRelax: CMD: scale:fa_rep  -1101.5  0.248487  0.248487  0.31955
protocols.relax.FastRelax: CMD: min  -1296.21  2.52082  2.52082  0.31955
protocols.relax.FastRelax: CMD: coord_cst_weight  -1296.21  2.52082  2.52082  0.31955
protocols.relax.FastRelax: CMD: scale:fa_rep  -1074.83  2.52082  2.52082  0.55
core.pack.task: Packer task: initialize from command line() 
core.pack.pack_rotamers: built 7008 rotamers at 493 positions.
core.pack.interaction_graph.interaction_graph_factory: Instantiating DensePDInteractionGraph
protocols.relax.FastRelax: CMD: repack  -1078.37  2.52082  2.52082  0.55
protocols.relax.FastRelax: CMD: min  -1140.39  3.21704  3.21704  0.55
protocols.relax.FastRelax: MRP: 7  -1140.39  -1148  3.28669  3.28669  
protocols.relax.FastRelax: CMD: accept_to_best  -1140.39  3.21704  3.21704  0.55
protocols.relax.FastRelax: CMD: endrepeat  -1140.39  3.21704  3.21704  0.55
protocols.relax.FastRelax: CMD: coord_cst_weight  91122.8  3.21704  3.21704  0.55
protocols.relax.FastRelax: CMD: scale:fa_rep  90765.1  3.21704  3.21704  0.022
core.pack.task: Packer task: initialize from command line() 
core.pack.pack_rotamers: built 7814 rotamers at 493 positions.
core.pack.interaction_graph.interaction_graph_factory: Instantiating DensePDInteractionGraph
protocols.relax.FastRelax: CMD: repack  90739.8  3.21704  3.21704  0.022
protocols.relax.FastRelax: CMD: scale:fa_rep  90748.2  3.21704  3.21704  0.02805
core.optimization.Minimizer: [ WARNING ] LBFGS MAX CYCLES 2000 EXCEEDED, BUT FUNC NOT CONVERGED!
protocols.relax.FastRelax: CMD: min  -1272.18  0.200951  0.200951  0.02805
protocols.relax.FastRelax: CMD: coord_cst_weight  -1358.98  0.200951  0.200951  0.02805
protocols.relax.FastRelax: CMD: scale:fa_rep  -1021.13  0.200951  0.200951  0.14575
core.pack.task: Packer task: initialize from command line() 
core.pack.pack_rotamers: built 7366 rotamers at 493 positions.
core.pack.interaction_graph.interaction_graph_factory: Instantiating DensePDInteractionGraph
protocols.relax.FastRelax: CMD: repack  -1044.99  0.200951  0.200951  0.14575
protocols.relax.FastRelax: CMD: scale:fa_rep  -1024.1  0.200951  0.200951  0.154
protocols.relax.FastRelax: CMD: min  -1180.03  0.249351  0.249351  0.154
protocols.relax.FastRelax: CMD: coord_cst_weight  -1312.81  0.249351  0.249351  0.154
protocols.relax.FastRelax: CMD: scale:fa_rep  -1120.84  0.249351  0.249351  0.30745
core.pack.task: Packer task: initialize from command line() 
core.pack.pack_rotamers: built 7137 rotamers at 493 positions.
core.pack.interaction_graph.interaction_graph_factory: Instantiating DensePDInteractionGraph
protocols.relax.FastRelax: CMD: repack  -1116.26  0.249351  0.249351  0.30745
protocols.relax.FastRelax: CMD: scale:fa_rep  -1101.44  0.249351  0.249351  0.31955
protocols.relax.FastRelax: CMD: min  -1294.81  2.88569  2.88569  0.31955
protocols.relax.FastRelax: CMD: coord_cst_weight  -1294.81  2.88569  2.88569  0.31955
protocols.relax.FastRelax: CMD: scale:fa_rep  -1074.14  2.88569  2.88569  0.55
core.pack.task: Packer task: initialize from command line() 
core.pack.pack_rotamers: built 7012 rotamers at 493 positions.
core.pack.interaction_graph.interaction_graph_factory: Instantiating DensePDInteractionGraph
protocols.relax.FastRelax: CMD: repack  -1077.21  2.88569  2.88569  0.55
protocols.relax.FastRelax: CMD: min  -1137.02  3.31585  3.31585  0.55
protocols.relax.FastRelax: MRP: 8  -1137.02  -1148  3.28669  3.28669  
protocols.relax.FastRelax: CMD: accept_to_best  -1137.02  3.31585  3.31585  0.55
protocols.relax.FastRelax: CMD: endrepeat  -1137.02  3.31585  3.31585  0.55
protocols.relax.FastRelax: CMD: coord_cst_weight  85786  3.31585  3.31585  0.55
protocols.relax.FastRelax: CMD: scale:fa_rep  85428.3  3.31585  3.31585  0.022
core.pack.task: Packer task: initialize from command line() 
core.pack.pack_rotamers: built 7874 rotamers at 493 positions.
core.pack.interaction_graph.interaction_graph_factory: Instantiating DensePDInteractionGraph
protocols.relax.FastRelax: CMD: repack  85395.6  3.31585  3.31585  0.022
protocols.relax.FastRelax: CMD: scale:fa_rep  85406.3  3.31585  3.31585  0.02805
core.optimization.Minimizer: [ WARNING ] LBFGS MAX CYCLES 2000 EXCEEDED, BUT FUNC NOT CONVERGED!
protocols.relax.FastRelax: CMD: min  -1284.58  0.198985  0.198985  0.02805
protocols.relax.FastRelax: CMD: coord_cst_weight  -1370.69  0.198985  0.198985  0.02805
protocols.relax.FastRelax: CMD: scale:fa_rep  -1027.53  0.198985  0.198985  0.14575
core.pack.task: Packer task: initialize from command line() 
core.pack.pack_rotamers: built 7355 rotamers at 493 positions.
core.pack.interaction_graph.interaction_graph_factory: Instantiating DensePDInteractionGraph
protocols.relax.FastRelax: CMD: repack  -1046.08  0.198985  0.198985  0.14575
protocols.relax.FastRelax: CMD: scale:fa_rep  -1024.99  0.198985  0.198985  0.154
protocols.relax.FastRelax: CMD: min  -1173.82  0.248934  0.248934  0.154
protocols.relax.FastRelax: CMD: coord_cst_weight  -1305  0.248934  0.248934  0.154
protocols.relax.FastRelax: CMD: scale:fa_rep  -1112.27  0.248934  0.248934  0.30745
core.pack.task: Packer task: initialize from command line() 
core.pack.pack_rotamers: built 7172 rotamers at 493 positions.
core.pack.interaction_graph.interaction_graph_factory: Instantiating DensePDInteractionGraph
protocols.relax.FastRelax: CMD: repack  -1112.89  0.248934  0.248934  0.30745
protocols.relax.FastRelax: CMD: scale:fa_rep  -1097.76  0.248934  0.248934  0.31955
protocols.relax.FastRelax: CMD: min  -1302.53  2.79596  2.79596  0.31955
protocols.relax.FastRelax: CMD: coord_cst_weight  -1302.53  2.79596  2.79596  0.31955
protocols.relax.FastRelax: CMD: scale:fa_rep  -1081.19  2.79596  2.79596  0.55
core.pack.task: Packer task: initialize from command line() 
core.pack.pack_rotamers: built 7015 rotamers at 493 positions.
core.pack.interaction_graph.interaction_graph_factory: Instantiating DensePDInteractionGraph
protocols.relax.FastRelax: CMD: repack  -1083.52  2.79596  2.79596  0.55
protocols.relax.FastRelax: CMD: min  -1143.59  3.22435  3.22435  0.55
protocols.relax.FastRelax: MRP: 9  -1143.59  -1148  3.28669  3.28669  
protocols.relax.FastRelax: CMD: accept_to_best  -1143.59  3.22435  3.22435  0.55
protocols.relax.FastRelax: CMD: endrepeat  -1143.59  3.22435  3.22435  0.55
protocols.relax.FastRelax: CMD: coord_cst_weight  89761.1  3.22435  3.22435  0.55
protocols.relax.FastRelax: CMD: scale:fa_rep  89402.1  3.22435  3.22435  0.022
core.pack.task: Packer task: initialize from command line() 
core.pack.pack_rotamers: built 7906 rotamers at 493 positions.
core.pack.interaction_graph.interaction_graph_factory: Instantiating DensePDInteractionGraph
protocols.relax.FastRelax: CMD: repack  89376  3.22435  3.22435  0.022
protocols.relax.FastRelax: CMD: scale:fa_rep  89384.8  3.22435  3.22435  0.02805
core.optimization.Minimizer: [ WARNING ] LBFGS MAX CYCLES 2000 EXCEEDED, BUT FUNC NOT CONVERGED!
protocols.relax.FastRelax: CMD: min  -1283.69  0.199338  0.199338  0.02805
protocols.relax.FastRelax: CMD: coord_cst_weight  -1369.01  0.199338  0.199338  0.02805
protocols.relax.FastRelax: CMD: scale:fa_rep  -1016.63  0.199338  0.199338  0.14575
core.pack.task: Packer task: initialize from command line() 
core.pack.pack_rotamers: built 7325 rotamers at 493 positions.
core.pack.interaction_graph.interaction_graph_factory: Instantiating DensePDInteractionGraph
protocols.relax.FastRelax: CMD: repack  -1030.07  0.199338  0.199338  0.14575
protocols.relax.FastRelax: CMD: scale:fa_rep  -1008.66  0.199338  0.199338  0.154
protocols.relax.FastRelax: CMD: min  -1176.71  0.245476  0.245476  0.154
protocols.relax.FastRelax: CMD: coord_cst_weight  -1305.37  0.245476  0.245476  0.154
protocols.relax.FastRelax: CMD: scale:fa_rep  -1114.24  0.245476  0.245476  0.30745
core.pack.task: Packer task: initialize from command line() 
core.pack.pack_rotamers: built 7193 rotamers at 493 positions.
core.pack.interaction_graph.interaction_graph_factory: Instantiating DensePDInteractionGraph
protocols.relax.FastRelax: CMD: repack  -1115.96  0.245476  0.245476  0.30745
protocols.relax.FastRelax: CMD: scale:fa_rep  -1101.08  0.245476  0.245476  0.31955
protocols.relax.FastRelax: CMD: min  -1291.31  2.64093  2.64093  0.31955
protocols.relax.FastRelax: CMD: coord_cst_weight  -1291.31  2.64093  2.64093  0.31955
protocols.relax.FastRelax: CMD: scale:fa_rep  -1070.63  2.64093  2.64093  0.55
core.pack.task: Packer task: initialize from command line() 
core.pack.pack_rotamers: built 6960 rotamers at 493 positions.
core.pack.interaction_graph.interaction_graph_factory: Instantiating DensePDInteractionGraph
protocols.relax.FastRelax: CMD: repack  -1074.12  2.64093  2.64093  0.55
protocols.relax.FastRelax: CMD: min  -1133.4  3.30478  3.30478  0.55
protocols.relax.FastRelax: MRP: 10  -1133.4  -1148  3.28669  3.28669  
protocols.relax.FastRelax: CMD: accept_to_best  -1133.4  3.30478  3.30478  0.55
protocols.relax.FastRelax: CMD: endrepeat  -1133.4  3.30478  3.30478  0.55
protocols.relax.FastRelax: CMD: coord_cst_weight  91719.4  3.30478  3.30478  0.55
protocols.relax.FastRelax: CMD: scale:fa_rep  91362  3.30478  3.30478  0.022
core.pack.task: Packer task: initialize from command line() 
core.pack.pack_rotamers: built 7863 rotamers at 493 positions.
core.pack.interaction_graph.interaction_graph_factory: Instantiating DensePDInteractionGraph
protocols.relax.FastRelax: CMD: repack  91338  3.30478  3.30478  0.022
protocols.relax.FastRelax: CMD: scale:fa_rep  91348  3.30478  3.30478  0.02805
core.optimization.Minimizer: [ WARNING ] LBFGS MAX CYCLES 2000 EXCEEDED, BUT FUNC NOT CONVERGED!
protocols.relax.FastRelax: CMD: min  -1275.89  0.200128  0.200128  0.02805
protocols.relax.FastRelax: CMD: coord_cst_weight  -1362.57  0.200128  0.200128  0.02805
protocols.relax.FastRelax: CMD: scale:fa_rep  -1019.16  0.200128  0.200128  0.14575
core.pack.task: Packer task: initialize from command line() 
core.pack.pack_rotamers: built 7351 rotamers at 493 positions.
core.pack.interaction_graph.interaction_graph_factory: Instantiating DensePDInteractionGraph
protocols.relax.FastRelax: CMD: repack  -1049.03  0.200128  0.200128  0.14575
protocols.relax.FastRelax: CMD: scale:fa_rep  -1028.66  0.200128  0.200128  0.154
protocols.relax.FastRelax: CMD: min  -1185.68  0.246633  0.246633  0.154
protocols.relax.FastRelax: CMD: coord_cst_weight  -1316.14  0.246633  0.246633  0.154
protocols.relax.FastRelax: CMD: scale:fa_rep  -1126.69  0.246633  0.246633  0.30745
core.pack.task: Packer task: initialize from command line() 
core.pack.pack_rotamers: built 7184 rotamers at 493 positions.
core.pack.interaction_graph.interaction_graph_factory: Instantiating DensePDInteractionGraph
protocols.relax.FastRelax: CMD: repack  -1127.49  0.246633  0.246633  0.30745
protocols.relax.FastRelax: CMD: scale:fa_rep  -1112.7  0.246633  0.246633  0.31955
protocols.relax.FastRelax: CMD: min  -1315.52  1.90291  1.90291  0.31955
protocols.relax.FastRelax: CMD: coord_cst_weight  -1315.52  1.90291  1.90291  0.31955
protocols.relax.FastRelax: CMD: scale:fa_rep  -1095.13  1.90291  1.90291  0.55
core.pack.task: Packer task: initialize from command line() 
core.pack.pack_rotamers: built 7012 rotamers at 493 positions.
core.pack.interaction_graph.interaction_graph_factory: Instantiating DensePDInteractionGraph
protocols.relax.FastRelax: CMD: repack  -1097.95  1.90291  1.90291  0.55
protocols.relax.FastRelax: CMD: min  -1140.77  2.0018  2.0018  0.55
protocols.relax.FastRelax: MRP: 11  -1140.77  -1148  3.28669  3.28669  
protocols.relax.FastRelax: CMD: accept_to_best  -1140.77  2.0018  2.0018  0.55
protocols.relax.FastRelax: CMD: endrepeat  -1140.77  2.0018  2.0018  0.55
protocols.relax.FastRelax: CMD: coord_cst_weight  27403.3  2.0018  2.0018  0.55
protocols.relax.FastRelax: CMD: scale:fa_rep  27046.6  2.0018  2.0018  0.022
core.pack.task: Packer task: initialize from command line() 
core.pack.pack_rotamers: built 7738 rotamers at 493 positions.
core.pack.interaction_graph.interaction_graph_factory: Instantiating DensePDInteractionGraph
protocols.relax.FastRelax: CMD: repack  27016  2.0018  2.0018  0.022
protocols.relax.FastRelax: CMD: scale:fa_rep  27025  2.0018  2.0018  0.02805
core.optimization.Minimizer: [ WARNING ] LBFGS MAX CYCLES 2000 EXCEEDED, BUT FUNC NOT CONVERGED!
protocols.relax.FastRelax: CMD: min  -1291.11  0.20076  0.20076  0.02805
protocols.relax.FastRelax: CMD: coord_cst_weight  -1377.5  0.20076  0.20076  0.02805
protocols.relax.FastRelax: CMD: scale:fa_rep  -1028.86  0.20076  0.20076  0.14575
core.pack.task: Packer task: initialize from command line() 
core.pack.pack_rotamers: built 7436 rotamers at 493 positions.
core.pack.interaction_graph.interaction_graph_factory: Instantiating DensePDInteractionGraph
protocols.relax.FastRelax: CMD: repack  -1058.26  0.20076  0.20076  0.14575
protocols.relax.FastRelax: CMD: scale:fa_rep  -1037.51  0.20076  0.20076  0.154
protocols.relax.FastRelax: CMD: min  -1190.75  0.250752  0.250752  0.154
protocols.relax.FastRelax: CMD: coord_cst_weight  -1324.26  0.250752  0.250752  0.154
protocols.relax.FastRelax: CMD: scale:fa_rep  -1134.67  0.250752  0.250752  0.30745
core.pack.task: Packer task: initialize from command line() 
core.pack.pack_rotamers: built 7162 rotamers at 493 positions.
core.pack.interaction_graph.interaction_graph_factory: Instantiating DensePDInteractionGraph
protocols.relax.FastRelax: CMD: repack  -1135.77  0.250752  0.250752  0.30745
protocols.relax.FastRelax: CMD: scale:fa_rep  -1120.95  0.250752  0.250752  0.31955
protocols.relax.FastRelax: CMD: min  -1318.43  1.84216  1.84216 