
                         MODELLER 10.7, 2025/05/28, r13093

     PROTEIN STRUCTURE MODELLING BY SATISFACTION OF SPATIAL RESTRAINTS


                     Copyright(c) 1989-2025 Andrej Sali
                            All Rights Reserved

                             Written by A. Sali
                               with help from
              B. Webb, M.S. Madhusudhan, M-Y. Shen, G.Q. Dong,
          M.A. Marti-Renom, N. Eswar, F. Alber, M. Topf, B. Oliva,
             A. Fiser, R. Sanchez, B. Yerkovich, A. Badretdinov,
                     F. Melo, J.P. Overington, E. Feyfant
                 University of California, San Francisco, USA
                    Rockefeller University, New York, USA
                      Harvard University, Cambridge, USA
                   Imperial Cancer Research Fund, London, UK
              Birkbeck College, University of London, London, UK


Kind, OS, HostName, Kernel, Processor: 4, Windows 8 build 9200, VSAW, SMP, x64
Date and time of compilation         : 2025/05/28 19:09:13
MODELLER executable type             : x86_64-w64
Job starting time (YY/MM/DD HH:MM:SS): 2025/06/22 16:16:01

openf___224_> Open           $(LIB)/restyp.lib
openf___224_> Open           ${MODINSTALL10v7}/modlib/restyp_cif.lib
openf___224_> Open           ${MODINSTALL10v7}/modlib/resgrp.lib
rdresgr_266_> Number of residue groups:        2
openf___224_> Open           ${MODINSTALL10v7}/modlib/sstruc.lib

Dynamically allocated memory at   amaxlibraries [B,KiB,MiB]:       194446     189.889     0.185

Dynamically allocated memory at   amaxlibraries [B,KiB,MiB]:       194974     190.404     0.186
openf___224_> Open           ${MODINSTALL10v7}/modlib/resdih.lib

Dynamically allocated memory at   amaxlibraries [B,KiB,MiB]:       243574     237.865     0.232
rdrdih__263_> Number of dihedral angle types         :        9
              Maximal number of dihedral angle optima:        3
              Dihedral angle names                   :  Alph Phi Psi Omeg chi1 chi2 chi3 chi4 chi5
openf___224_> Open           ${MODINSTALL10v7}/modlib/radii.lib

Dynamically allocated memory at   amaxlibraries [B,KiB,MiB]:       256874     250.854     0.245
openf___224_> Open           ${MODINSTALL10v7}/modlib/af_mnchdef.lib
rdwilmo_274_> Mainchain residue conformation classes:  APBLE
openf___224_> Open           ${MODINSTALL10v7}/modlib/mnch.lib
rdclass_257_> Number of classes:        5
openf___224_> Open           ${MODINSTALL10v7}/modlib/mnch1.lib
openf___224_> Open           ${MODINSTALL10v7}/modlib/mnch2.lib
openf___224_> Open           ${MODINSTALL10v7}/modlib/mnch3.lib
openf___224_> Open           ${MODINSTALL10v7}/modlib/xs4.mat
rdrrwgh_268_> Number of residue types:       21
openf___224_> Open           pdb_95.pir

Dynamically allocated memory at amaxsequence_db [B,KiB,MiB]:       301688     294.617     0.288

Dynamically allocated memory at amaxsequence_db [B,KiB,MiB]:       888822     867.990     0.848

Dynamically allocated memory at   amaxalignment [B,KiB,MiB]:       891072     870.188     0.850

Dynamically allocated memory at   amaxalignment [B,KiB,MiB]:       892522     871.604     0.851

Dynamically allocated memory at   amaxalignment [B,KiB,MiB]:       895422     874.436     0.854

Dynamically allocated memory at amaxsequence_db [B,KiB,MiB]:      3111221    3038.302     2.967

Dynamically allocated memory at   amaxalignment [B,KiB,MiB]:      3117021    3043.966     2.973

Dynamically allocated memory at   amaxalignment [B,KiB,MiB]:      3128621    3055.294     2.984

Dynamically allocated memory at   amaxalignment [B,KiB,MiB]:      3151821    3077.950     3.006

Dynamically allocated memory at amaxsequence_db [B,KiB,MiB]:      4259721    4159.884     4.062

SEQ_DATABASE_FILE         : pdb_95.pir
SEQ_DATABASE_FORMAT       : PIR
CHAINS_LIST               : ALL
CLEAN_SEQUENCES           :            T
MINMAX_DB_SEQ_LEN         :           30        4000
Number of sequences       :        11079
Number of residues        :      2436254
Length of longest sequence:         1491


SEQ_DATABASE_FILE         : pdb_95.bin
SEQ_DATABASE_FORMAT       : BINARY
SEARCH_CHAINS_LIST        : ALL
Number of sequences       :        11079
Number of residues        :      2436254
Length of longest sequence:         1491


SEQ_DATABASE_FILE         : pdb_95.bin
SEQ_DATABASE_FORMAT       : BINARY
CHAINS_LIST               : ALL
CLEAN_SEQUENCES           :            T
MINMAX_DB_SEQ_LEN         :            0      999999
Number of sequences       :        11079
Number of residues        :      2436254
Length of longest sequence:         1491

openf___224_> Open           protein.ali

Dynamically allocated memory at   amaxalignment [B,KiB,MiB]:       304016     296.891     0.290

Dynamically allocated memory at   amaxalignment [B,KiB,MiB]:       305466     298.307     0.291

Dynamically allocated memory at   amaxalignment [B,KiB,MiB]:       308366     301.139     0.294

Dynamically allocated memory at   amaxalignment [B,KiB,MiB]:       314166     306.803     0.300

Dynamically allocated memory at   amaxalignment [B,KiB,MiB]:       325766     318.131     0.311

Dynamically allocated memory at   amaxalignment [B,KiB,MiB]:       348966     340.787     0.333

Dynamically allocated memory at    amaxsequence [B,KiB,MiB]:       353182     344.904     0.337

Read the alignment from file       : protein.ali

Total number of alignment positions:  1055

  #  Code        #_Res #_Segm PDB_code    Name
-------------------------------------------------------------------------------
  1  EPHB2_HUM    1055      1 EPHB2_HUMAN

Dynamically allocated memory at     amaxprofile [B,KiB,MiB]:       357735     349.351     0.341
openf___224_> Open           ${LIB}/blosum62.sim.mat
rdrrwgh_268_> Number of residue types:       21

Dynamically allocated memory at amaxsequence_db [B,KiB,MiB]:       634205     619.341     0.605
profile_iteration_> processing sequence:       1   1055      1     0.0312500     0.0312500     0.0312500     1

Dynamically allocated memory at amaxsequence_db [B,KiB,MiB]:       643502     628.420     0.614
profile_iteration_> processing sequence:    1109   1055      1     1.3906250     0.0012539     0.0000058   797

Dynamically allocated memory at amaxsequence_db [B,KiB,MiB]:       651290     636.025     0.621
profile_iteration_> processing sequence:    2217   1055      1     2.8593750     0.0012897     0.0000058   775
profile_iteration_> processing sequence:    3325   1055      1     4.3125000     0.0012970     0.0000058   771
profile_iteration_> processing sequence:    4433   1055      1     5.7187500     0.0012900     0.0000058   775
profile_iteration_> processing sequence:    5541   1055      1     7.1562500     0.0012915     0.0000058   774
profile_iteration_> processing sequence:    6649   1055      1     8.5937500     0.0012925     0.0000058   774
profile_iteration_> processing sequence:    7757   1055      1    10.0156250     0.0012912     0.0000058   774
profile_iteration_> processing sequence:    8865   1055      1    11.5312500     0.0013008     0.0000059   769
profile_iteration_> processing sequence:    9973   1055      1    12.9062500     0.0012941     0.0000059   773
 AVERAGE RESIDUAL STANDARD ERROR:    24.83418
 AVERAGE RESIDUAL STANDARD DEVIATION:    247.0230
profile_660_> Quality of the fit between observed/expected score distributions.
              [Iteration, Chi2, nbins, KS-Stat, nscores ] =        1,        0.0541,      121,        0.0138,    11079

HISTOGRAM OF Z-SCORES:

Z:         1  -3.95000   0.00000   0.00000
Z:         1  -3.85000   0.00000   0.00000
Z:         1  -3.75000   0.00000   0.00000
Z:         1  -3.65000   0.00000   0.00000
Z:         1  -3.55000   0.00000   0.00000
Z:         1  -3.45000   0.00000   0.00000
Z:         1  -3.35000   0.00000   0.00000
Z:         1  -3.25000   0.00000   0.00000
Z:         1  -3.15000   0.00000   0.00000
Z:         1  -3.05000   0.00000   0.00000
Z:         1  -2.95000   0.00000   0.00000
Z:         1  -2.85000   0.00000   0.00000
Z:         1  -2.75000   0.00000   0.00000
Z:         1  -2.65000   0.00000   0.00000
Z:         1  -2.55000   0.00000   0.00001
Z:         1  -2.45000   0.00090   0.00004
Z:         1  -2.35000   0.00000   0.00016
Z:         1  -2.25000   0.00090   0.00055
Z:         1  -2.15000   0.00090   0.00163
Z:         1  -2.05000   0.00451   0.00416
Z:         1  -1.95000   0.01083   0.00933
Z:         1  -1.85000   0.01986   0.01872
Z:         1  -1.75000   0.03971   0.03400
Z:         1  -1.65000   0.05416   0.05658
Z:         1  -1.55000   0.06318   0.08721
Z:         1  -1.45000   0.11824   0.12565
Z:         1  -1.35000   0.19677   0.17059
Z:         1  -1.25000   0.21211   0.21981
Z:         1  -1.15000   0.26988   0.27052
Z:         1  -1.05000   0.29245   0.31973
Z:         1  -0.95000   0.36736   0.36469
Z:         1  -0.85000   0.38722   0.40316
Z:         1  -0.75000   0.43145   0.43360
Z:         1  -0.65000   0.45221   0.45519
Z:         1  -0.55000   0.46575   0.46779
Z:         1  -0.45000   0.43686   0.47182
Z:         1  -0.35000   0.43686   0.46811
Z:         1  -0.25000   0.46304   0.45775
Z:         1  -0.15000   0.42784   0.44196
Z:         1  -0.05000   0.44047   0.42194
Z:         1   0.05000   0.40527   0.39889
Z:         1   0.15000   0.40978   0.37383
Z:         1   0.25000   0.33487   0.34769
Z:         1   0.35000   0.31862   0.32121
Z:         1   0.45000   0.29696   0.29500
Z:         1   0.55000   0.27800   0.26953
Z:         1   0.65000   0.24912   0.24513
Z:         1   0.75000   0.25454   0.22205
Z:         1   0.85000   0.19496   0.20043
Z:         1   0.95000   0.15254   0.18036
Z:         1   1.05000   0.16698   0.16185
Z:         1   1.15000   0.13810   0.14489
Z:         1   1.25000   0.11914   0.12944
Z:         1   1.35000   0.11463   0.11542
Z:         1   1.45000   0.10470   0.10275
Z:         1   1.55000   0.08665   0.09133
Z:         1   1.65000   0.07311   0.08109
Z:         1   1.75000   0.07131   0.07191
Z:         1   1.85000   0.07853   0.06371
Z:         1   1.95000   0.05055   0.05639
Z:         1   2.05000   0.04513   0.04988
Z:         1   2.15000   0.03881   0.04409
Z:         1   2.25000   0.04062   0.03895
Z:         1   2.35000   0.03610   0.03439
Z:         1   2.45000   0.01715   0.03035
Z:         1   2.55000   0.02979   0.02678
Z:         1   2.65000   0.02437   0.02361
Z:         1   2.75000   0.01534   0.02082
Z:         1   2.85000   0.01805   0.01835
Z:         1   2.95000   0.01625   0.01617
Z:         1   3.05000   0.01083   0.01424
Z:         1   3.15000   0.01444   0.01255
Z:         1   3.25000   0.01264   0.01105
Z:         1   3.35000   0.01173   0.00973
Z:         1   3.45000   0.01083   0.00857
Z:         1   3.55000   0.01625   0.00754
Z:         1   3.65000   0.00632   0.00664
Z:         1   3.75000   0.01083   0.00584
Z:         1   3.85000   0.00542   0.00514
Z:         1   3.95000   0.00181   0.00453
Z:         1   4.05000   0.00181   0.00398
Z:         1   4.15000   0.00542   0.00350
Z:         1   4.25000   0.00271   0.00308
Z:         1   4.35000   0.00090   0.00271
Z:         1   4.45000   0.00271   0.00239
Z:         1   4.55000   0.00271   0.00210
Z:         1   4.65000   0.00000   0.00185
Z:         1   4.75000   0.00090   0.00163
Z:         1   4.85000   0.00451   0.00143
Z:         1   4.95000   0.00271   0.00126
Z:         1   5.05000   0.00090   0.00111
Z:         1   5.15000   0.00271   0.00097
Z:         1   5.25000   0.00361   0.00086
Z:         1   5.35000   0.00181   0.00075
Z:         1   5.45000   0.00000   0.00066
Z:         1   5.55000   0.00090   0.00058
Z:         1   5.65000   0.00181   0.00051
Z:         1   5.75000   0.00090   0.00045
Z:         1   5.85000   0.00000   0.00040
Z:         1   5.95000   0.00000   0.00035
Z:         1   6.05000   0.00090   0.00031
Z:         1   6.15000   0.00090   0.00027
Z:         1   6.25000   0.00000   0.00024
Z:         1   6.35000   0.00181   0.00021
Z:         1   6.45000   0.00090   0.00018
Z:         1   6.55000   0.00000   0.00016
Z:         1   6.65000   0.00000   0.00014
Z:         1   6.75000   0.00000   0.00013
Z:         1   6.85000   0.00271   0.00011
Z:         1   6.95000   0.00000   0.00010
Z:         1   7.05000   0.00000   0.00009
Z:         1   7.15000   0.00000   0.00007
Z:         1   7.25000   0.00090   0.00007
Z:         1   7.35000   0.00000   0.00006
Z:         1   7.45000   0.00000   0.00005
Z:         1   7.55000   0.00000   0.00004
Z:         1   7.65000   0.00000   0.00004
Z:         1   7.75000   0.00000   0.00003
Z:         1   7.85000   0.00000   0.00003
Z:         1   7.95000   0.00090   0.00003
Z:         1   8.05000   0.00000   0.00002

HITS FOUND IN ITERATION:     1


Dynamically allocated memory at     amaxprofile [B,KiB,MiB]:      1512290    1476.846     1.442
> 1a06                       1      43    7500     279    1055   25.94    0.13E-08       2   206   626   870    16   227
> 1ywrA                      1     270    7900     338    1055   31.28    0.21E-09       3   166   627   821    26   204
> 1qcfA                      1     347   29300     449    1055   42.57     0.0           4   295   575   881   141   436
> 1fgkA                      1     421   22300     278    1055   37.71     0.0           5   232   650   884    39   274
> 1rdqE                      1     609    7550     340    1055   27.20    0.13E-08       6   236   625   878    39   277
> 1gz8A                      1     624    9050     290    1055   28.65     0.0           7   184   622   821     6   190
> 1b0xA                      1     811    9000      72    1055   44.29     0.0           8    70   912   981     1    70
> 1b4fA                      1     872   18750      74    1055  100.00     0.0           9    74   910   983     1    74
> 1vjyA                      1     907    9900     299    1055   31.03     0.0          10   236   621   885     5   265
> 2bfxA                      1    1121    8150     270    1055   24.11    0.44E-10      11   219   614   847     1   224
> 1blxA                      1    1187    8000     305    1055   26.99    0.11E-09      12   214   627   852    15   240
> 2bikB                      1    1204    5700     272    1055   25.98    0.15E-04      13   180   622   827     7   210
> 1uu3A                      1    1206    7850     277    1055   25.54    0.21E-09      14   182   622   821    11   194
> 1bj8                       1    1220    4750     109    1055   32.18    0.71E-03      15    83   436   520     9    95
> 1mq4A                      1    1316    8600     261    1055   26.92    0.37E-11      16   206   622   841     9   216
> 1bquA                      1    1392    5250     208    1055   29.35    0.11E-03      17   170   325   520     4   187
> 1bygA                      1    1510   22400     246    1055   43.29     0.0          18   229   621   881     9   239
> 1cm8A                      1    1847    7500     327    1055   29.59    0.16E-08      19   264   635   932    28   321
> 1om1A                      1    2136    4800     325    1055   22.22    0.19E-02      20   267   594   885     4   300
> 1pme                       1    2878    8800     333    1055   28.71    0.25E-11      21   191   632   832    18   219
> 1f3mC                      1    3067    7400     287    1055   24.70    0.23E-08      22   240   627   896    28   278
> 1fmk                       1    3385   26200     437    1055   46.59     0.0          23   248   601   873   166   414
> 1fotA                      1    3435   10300     299    1055   28.84     0.0          24   206   622   847     7   221
> 1opjA                      1    3450   27900     287    1055   42.21     0.0          25   262   615   885    13   275
> 1fvrA                      1    3525   23100     299    1055   38.43     0.0          26   252   616   884     7   274
> 1ir3A                      1    3719   23650     300    1055   38.01     0.0          27   258   615   880    10   280
> 1gjoA                      1    3818   24300     280    1055   37.74     0.0          28   255   627   884    21   277
> 1j1bA                      1    3869    5650     354    1055   27.08    0.26E-04      29   182   625   820    26   217
> 1o6lA                      1    4037    7550     316    1055   24.15    0.12E-08      30   233   625   870    11   246
> 1oiuC                      1    4061    8400     265    1055   28.12    0.12E-10      31   189   622   821     7   198
> 1unlA                      1    4075    7350     292    1055   27.70    0.31E-08      32   201   622   845     6   218
> 1i1rA                      1    4447    5100     301    1055   30.11    0.37E-03      33   171   325   520   103   288
> 1ia8A                      1    4553    8000     272    1055   28.76    0.96E-10      34   219   625   861    12   244
> 1jksA                      1    4619    9950     280    1055   28.85     0.0          35   202   627   836    18   225
> 1pmnA                      1    5139    7950     344    1055   30.86    0.16E-09      36   233   627   890    26   268
> 1jowB                      1    5157    7900     277    1055   26.19    0.16E-09      37   199   649   856    23   232
> 1jpaA                      1    5167   69550     273    1055   99.27     0.0          38   273   594   892     1   273
> 1p4oA                      1    5183   22400     308    1055   35.82     0.0          39   257   621   880    22   289
> 1ymiA                      1    5263    5750     334    1055   25.43    0.14E-04      40   217   586   828     1   232
> 1k2pA                      1    5335   25400     258    1055   43.09     0.0          41   245   627   881    12   257
> 1k85A                      1    5411    4950      88    1055   38.36    0.20E-03      42    71   435   515     3    75
> 1k9aA                      1    5416   23250     439    1055   39.58     0.0          43   276   581   881   148   430
> 1shwB                      1    5498   48550     181    1055   98.90     0.0          44   181    19   199     1   181
> 1koa                       1    5583    7950     447    1055   23.92    0.22E-09      45   207   623   840    30   238
> 1kobA                      1    5584    8650     353    1055   27.04    0.49E-11      46   194   623   827    33   228
> 1nxkB                      1    5680    7250     283    1055   29.03    0.50E-08      47   176   625   828    25   210
> 1qpcA                      1    5820   27800     271    1055   45.70     0.0          48   255   615   881     9   264
> 1lufA                      1    5988   24350     275    1055   41.50     0.0          49   250   627   883    21   273
> 1mp8A                      1    6237   23850     252    1055   41.80     0.0          50   244   615   884     3   246
> 1o6yA                      1    6246    7200     261    1055   25.23    0.58E-08      51   208   622   857    10   223
> 1nxkA                      1    6666    7400     290    1055   30.05    0.23E-08      52   174   625   828    27   209
> 1ob3A                      1    6717    7550     277    1055   26.43    0.10E-08      53   139   668   821    48   187
> 1omwA                      1    6821    5900     614    1055   24.18    0.14E-04      54   236   623   870   165   408
> 1opkA                      1    6843   27650     449    1055   41.83     0.0          55   262   615   885   173   435
> 1phk                       1    7061    7300     277    1055   26.95    0.37E-08      56   154   661   828    50   216
> 1t46A                      1    7097   21800     297    1055   33.56     0.0          57   282   600   884     4   292
> 1qg3A                      1    7322    5550     195    1055   27.91    0.22E-04      58   121   391   517    54   182
> 1r0pA                      1    7481   22350     301    1055   38.80     0.0          59   249   621   880    29   278
> 1s9iA                      1    7794    8050     303    1055   29.19    0.84E-10      60   183   627   826    19   203
> 1s9jA                      1    7795    8200     289    1055   30.65    0.37E-10      61   184   627   826    14   199
> 1sgg                       1    7870   15500      67    1055   89.55     0.0          62    67   912   978     1    67
> 1sm2A                      1    7962   22900     245    1055   40.93     0.0          63   237   616   880     2   238
> 1tdqA                      1    8158    4950     271    1055   28.30    0.72E-03      64   156   324   504     4   162
> 1tkiA                      1    8239    7750     321    1055   28.30    0.43E-09      65   204   623   843     9   220
> 1ua2A                      1    8436    7750     286    1055   28.81    0.37E-09      66   175   627   820     6   182
> 1ucvA                      1    8454    9200      81    1055   50.00     0.0          67    66   917   982     9    74
> 1ukhA                      1    8527    7250     321    1055   31.09    0.57E-08      68   229   627   892    24   261
> 1uwhA                      1    8656   16050     264    1055   34.50     0.0          69   249   615   886     4   261
> 1vr2A                      1    8943   18650     275    1055   34.50     0.0          70   246   621   885    15   272
> 1vzoA                      1    8962    8250     319    1055   26.42    0.32E-10      71   200   613   827    18   229
> 1xbbA                      1    9265   22400     268    1055   39.58     0.0          72   240   624   876    12   251
> 1xjdA                      1    9322    8450     280    1055   24.06    0.98E-11      73   209   623   842     6   217
> 1xkkA                      1    9334   22800     289    1055   40.70     0.0          74   258   608   887     1   258
> 1mqbA                      1    9797   49750     263    1055   74.13     0.0          75   259   615   894     3   261
> 1rjbA                      1   10331   18750     298    1055   33.94     0.0          76   272   600   880    18   294
> 1t4hA                      1   10614    7650     270    1055   28.99    0.59E-09      77   196   621   832    11   217
> 1t4hB                      1   10615    4600     201    1055   28.42    0.31E-02      78    90   621   713    12   106
> 1u46A                      1   10698   19400     255    1055   37.00     0.0          79   226   633   873    18   244
> 1u59A                      1   10735   25450     282    1055   43.08     0.0          80   253   612   873     4   256
> 1u5qA                      1   10740    8450     308    1055   28.64    0.11E-10      81   199   627   842    23   228

profile_iteration__> Weight Matrix           [sec]:     0.031250
profile_iteration__> Score Collection        [sec]:    14.312500
profile_iteration__> Score Collection/Seq    [sec]:     0.001292
profile_iteration__> DP Steps per sec    [ali/sec]:   774.924561
profile_iteration__> Statistics              [sec]:     0.015625
profile_iteration__> Add to profile          [sec]:     0.312500
profile_iteration__> Overall performance    [/seq]:     0.001324
profile_iteration__> Overall performance [seq/sec]:   755.118225
openf___224_> Open           build_profile.prf

Dynamically allocated memory at   amaxalignment [B,KiB,MiB]:      2055970    2007.783     1.961

Dynamically allocated memory at    amaxsequence [B,KiB,MiB]:      2060186    2011.900     1.965

Dynamically allocated memory at    amaxsequence [B,KiB,MiB]:      2061006    2012.701     1.966

Dynamically allocated memory at    amaxsequence [B,KiB,MiB]:      2061666    2013.346     1.966

Dynamically allocated memory at    amaxsequence [B,KiB,MiB]:      2062842    2014.494     1.967

Dynamically allocated memory at    amaxsequence [B,KiB,MiB]:      2063766    2015.396     1.968

Dynamically allocated memory at    amaxsequence [B,KiB,MiB]:      2064706    2016.314     1.969

Dynamically allocated memory at    amaxsequence [B,KiB,MiB]:      2065438    2017.029     1.970

Dynamically allocated memory at    amaxsequence [B,KiB,MiB]:      2065714    2017.299     1.970

Dynamically allocated memory at    amaxsequence [B,KiB,MiB]:      2066006    2017.584     1.970

Dynamically allocated memory at    amaxsequence [B,KiB,MiB]:      2066946    2018.502     1.971

Dynamically allocated memory at    amaxsequence [B,KiB,MiB]:      2067818    2019.354     1.972

Dynamically allocated memory at    amaxsequence [B,KiB,MiB]:      2068670    2020.186     1.973

Dynamically allocated memory at    amaxsequence [B,KiB,MiB]:      2069386    2020.885     1.974

Dynamically allocated memory at    amaxsequence [B,KiB,MiB]:      2070110    2021.592     1.974

Dynamically allocated memory at    amaxsequence [B,KiB,MiB]:      2070438    2021.912     1.975

Dynamically allocated memory at    amaxsequence [B,KiB,MiB]:      2071258    2022.713     1.975

Dynamically allocated memory at    amaxsequence [B,KiB,MiB]:      2071934    2023.373     1.976

Dynamically allocated memory at    amaxsequence [B,KiB,MiB]:      2072846    2024.264     1.977

Dynamically allocated memory at    amaxsequence [B,KiB,MiB]:      2073898    2025.291     1.978

Dynamically allocated memory at    amaxsequence [B,KiB,MiB]:      2074962    2026.330     1.979

Dynamically allocated memory at    amaxsequence [B,KiB,MiB]:      2075722    2027.072     1.980

Dynamically allocated memory at    amaxsequence [B,KiB,MiB]:      2076678    2028.006     1.980

Dynamically allocated memory at    amaxsequence [B,KiB,MiB]:      2077666    2028.971     1.981

Dynamically allocated memory at    amaxsequence [B,KiB,MiB]:      2078486    2029.771     1.982

Dynamically allocated memory at    amaxsequence [B,KiB,MiB]:      2079530    2030.791     1.983

Dynamically allocated memory at    amaxsequence [B,KiB,MiB]:      2080534    2031.771     1.984

Dynamically allocated memory at    amaxsequence [B,KiB,MiB]:      2081562    2032.775     1.985

Dynamically allocated memory at    amaxsequence [B,KiB,MiB]:      2082578    2033.768     1.986

Dynamically allocated memory at    amaxsequence [B,KiB,MiB]:      2083302    2034.475     1.987

Dynamically allocated memory at    amaxsequence [B,KiB,MiB]:      2084230    2035.381     1.988

Dynamically allocated memory at    amaxsequence [B,KiB,MiB]:      2084982    2036.115     1.988

Dynamically allocated memory at    amaxsequence [B,KiB,MiB]:      2085782    2036.896     1.989

Dynamically allocated memory at    amaxsequence [B,KiB,MiB]:      2086462    2037.561     1.990

Dynamically allocated memory at    amaxsequence [B,KiB,MiB]:      2087334    2038.412     1.991

Dynamically allocated memory at    amaxsequence [B,KiB,MiB]:      2088138    2039.197     1.991

Dynamically allocated memory at    amaxsequence [B,KiB,MiB]:      2089066    2040.104     1.992

Dynamically allocated memory at    amaxsequence [B,KiB,MiB]:      2089858    2040.877     1.993

Dynamically allocated memory at    amaxsequence [B,KiB,MiB]:      2090946    2041.939     1.994

Dynamically allocated memory at    amaxsequence [B,KiB,MiB]:      2091970    2042.939     1.995

Dynamically allocated memory at    amaxsequence [B,KiB,MiB]:      2092834    2043.783     1.996

Dynamically allocated memory at    amaxsequence [B,KiB,MiB]:      2093810    2044.736     1.997

Dynamically allocated memory at    amaxsequence [B,KiB,MiB]:      2094090    2045.010     1.997

Dynamically allocated memory at    amaxsequence [B,KiB,MiB]:      2095190    2046.084     1.998

Dynamically allocated memory at    amaxsequence [B,KiB,MiB]:      2095910    2046.787     1.999

Dynamically allocated memory at    amaxsequence [B,KiB,MiB]:      2096734    2047.592     2.000

Dynamically allocated memory at    amaxsequence [B,KiB,MiB]:      2097506    2048.346     2.000

Dynamically allocated memory at    amaxsequence [B,KiB,MiB]:      2098206    2049.029     2.001

Dynamically allocated memory at    amaxsequence [B,KiB,MiB]:      2099222    2050.021     2.002

Dynamically allocated memory at    amaxsequence [B,KiB,MiB]:      2100218    2050.994     2.003

Dynamically allocated memory at    amaxsequence [B,KiB,MiB]:      2101190    2051.943     2.004

Dynamically allocated memory at    amaxsequence [B,KiB,MiB]:      2102018    2052.752     2.005

Dynamically allocated memory at    amaxsequence [B,KiB,MiB]:      2102710    2053.428     2.005

Dynamically allocated memory at    amaxsequence [B,KiB,MiB]:      2103262    2053.967     2.006

Dynamically allocated memory at    amaxsequence [B,KiB,MiB]:      2104202    2054.885     2.007

Dynamically allocated memory at    amaxsequence [B,KiB,MiB]:      2105246    2055.904     2.008

Dynamically allocated memory at    amaxsequence [B,KiB,MiB]:      2105858    2056.502     2.008

Dynamically allocated memory at    amaxsequence [B,KiB,MiB]:      2106982    2057.600     2.009

Dynamically allocated memory at    amaxsequence [B,KiB,MiB]:      2107462    2058.068     2.010

Dynamically allocated memory at    amaxsequence [B,KiB,MiB]:      2108454    2059.037     2.011

Dynamically allocated memory at    amaxsequence [B,KiB,MiB]:      2109182    2059.748     2.011

Dynamically allocated memory at    amaxsequence [B,KiB,MiB]:      2109914    2060.463     2.012

Dynamically allocated memory at    amaxsequence [B,KiB,MiB]:      2110178    2060.721     2.012

Dynamically allocated memory at    amaxsequence [B,KiB,MiB]:      2111122    2061.643     2.013

Dynamically allocated memory at    amaxsequence [B,KiB,MiB]:      2111742    2062.248     2.014

Dynamically allocated memory at    amaxsequence [B,KiB,MiB]:      2112554    2063.041     2.015

Dynamically allocated memory at    amaxsequence [B,KiB,MiB]:      2113250    2063.721     2.015

Dynamically allocated memory at    amaxsequence [B,KiB,MiB]:      2113510    2063.975     2.016

Dynamically allocated memory at    amaxsequence [B,KiB,MiB]:      2114422    2064.865     2.016

Dynamically allocated memory at    amaxsequence [B,KiB,MiB]:      2115414    2065.834     2.017

Dynamically allocated memory at    amaxsequence [B,KiB,MiB]:      2116394    2066.791     2.018

Dynamically allocated memory at    amaxsequence [B,KiB,MiB]:      2117190    2067.568     2.019

Dynamically allocated memory at    amaxsequence [B,KiB,MiB]:      2118146    2068.502     2.020

Dynamically allocated memory at    amaxsequence [B,KiB,MiB]:      2118978    2069.314     2.021

Dynamically allocated memory at    amaxsequence [B,KiB,MiB]:      2120006    2070.318     2.022

Dynamically allocated memory at    amaxsequence [B,KiB,MiB]:      2121038    2071.326     2.023

Dynamically allocated memory at    amaxsequence [B,KiB,MiB]:      2122122    2072.385     2.024

Dynamically allocated memory at    amaxsequence [B,KiB,MiB]:      2122902    2073.146     2.025

Dynamically allocated memory at    amaxsequence [B,KiB,MiB]:      2123258    2073.494     2.025

Dynamically allocated memory at    amaxsequence [B,KiB,MiB]:      2124158    2074.373     2.026

Dynamically allocated memory at    amaxsequence [B,KiB,MiB]:      2125166    2075.357     2.027

Dynamically allocated memory at    amaxsequence [B,KiB,MiB]:      2125958    2076.131     2.027
openf___224_> Open           build_profile.ali

Dynamically allocated memory at          finish [B,KiB,MiB]:      2074382    2025.764     1.978
Starting time                                            : 2025/06/22 16:16:01
Closing time                                             : 2025/06/22 16:16:16
Total CPU time [seconds]                                 :      15.39
