#################################################################
# If you used AutoDock Vina in your work, please cite:          #
#                                                               #
# O. Trott, A. J. Olson,                                        #
# AutoDock Vina: improving the speed and accuracy of docking    #
# with a new scoring function, efficient optimization and       #
# multithreading, Journal of Computational Chemistry 31 (2010)  #
# 455-461                                                       #
#                                                               #
# DOI 10.1002/jcc.21334                                         #
#                                                               #
# Please see http://vina.scripps.edu for more information.      #
#################################################################

Reading input ... done.
Setting up the scoring function ... done.
Analyzing the binding site ... done.
Using random seed: 1680
Performing search ... done.
Refining results ... done.

mode |   affinity | dist from best mode
     | (kcal/mol) | rmsd l.b.| rmsd u.b.
-----+------------+----------+----------
   1         -6.6      0.000      0.000
   2         -6.3      1.570      2.108
   3         -6.2      1.227      1.553
   4         -6.1      1.384      4.794
   5         -6.1      1.751      2.235
   6         -5.9      1.863      2.993
   7         -5.9      1.386      1.716
   8         -5.8      1.331      1.991
   9         -5.8      1.579      2.101
Writing output ... done.
